      Step     Time          Energy         fmax
BFGS:    0 19:55:11       16.343767       39.0021
BFGS:    1 19:55:11        3.458393       17.5070
BFGS:    2 19:55:11       -0.545426       10.0066
BFGS:    3 19:55:11       -2.677934        3.4367
BFGS:    4 19:55:11       -3.307699        1.9620
BFGS:    5 19:55:11       -3.663528        0.7068
BFGS:    6 19:55:11       -3.722497        0.3243
BFGS:    7 19:55:11       -3.733205        0.2413
BFGS:    8 19:55:11       -3.737836        0.2305
BFGS:    9 19:55:11       -3.748386        0.2712
BFGS:   10 19:55:11       -3.770063        0.4029
BFGS:   11 19:55:11       -3.822299        0.6628
BFGS:   12 19:55:11       -3.929069        0.8248
BFGS:   13 19:55:11       -4.069260        0.8076
BFGS:   14 19:55:11       -3.936484        1.0952
BFGS:   15 19:55:11       -4.101654        0.7947
BFGS:   16 19:55:11       -4.122101        0.7964
BFGS:   17 19:55:11       -4.193283        1.0773
BFGS:   18 19:55:11       -4.293909        0.7573
BFGS:   19 19:55:11       -4.361186        0.5995
BFGS:   20 19:55:11       -4.394230        0.8149
BFGS:   21 19:55:11       -4.417839        0.4040
BFGS:   22 19:55:11       -4.430931        0.4046
BFGS:   23 19:55:11       -4.460244        0.3758
BFGS:   24 19:55:11       -4.492133        0.3815
BFGS:   25 19:55:11       -4.518907        0.3919
BFGS:   26 19:55:11       -4.541536        0.3159
BFGS:   27 19:55:11       -4.552860        0.2771
BFGS:   28 19:55:11       -4.558025        0.2493
BFGS:   29 19:55:11       -4.599195        0.6436
BFGS:   30 19:55:11       -4.614356        0.7725
BFGS:   31 19:55:11       -4.698466        1.3811
BFGS:   32 19:55:11       -4.789879        1.9208
BFGS:   33 19:55:11       -4.877886        2.3794
BFGS:   34 19:55:11       -4.932382        2.3283
BFGS:   35 19:55:11       -4.958440        1.8301
BFGS:   36 19:55:11       -4.992590        1.5564
BFGS:   37 19:55:11       -5.158324        1.0111
BFGS:   38 19:55:11       -5.295136        0.8139
BFGS:   39 19:55:11       -5.329472        1.2381
BFGS:   40 19:55:11       -5.506551        0.6655
BFGS:   41 19:55:11       -5.548270        0.6020
BFGS:   42 19:55:11       -5.568220        0.5969
BFGS:   43 19:55:11       -5.590231        0.5949
BFGS:   44 19:55:11       -5.635153        0.6615
BFGS:   45 19:55:11       -5.765330        1.3593
BFGS:   46 19:55:11       -5.872485        2.3780
BFGS:   47 19:55:11       -6.020652        1.9829
BFGS:   48 19:55:11       -6.081355        0.6660
BFGS:   49 19:55:11       -6.214532        0.7636
BFGS:   50 19:55:11       -6.228799        0.9579
BFGS:   51 19:55:11       -6.256484        0.6294
BFGS:   52 19:55:11       -6.278660        0.5055
BFGS:   53 19:55:11       -6.332038        0.4246
BFGS:   54 19:55:11       -6.346760        0.4453
BFGS:   55 19:55:11       -6.357410        0.4530
BFGS:   56 19:55:11       -6.366074        0.3716
BFGS:   57 19:55:11       -6.381407        0.2963
BFGS:   58 19:55:11       -6.399813        0.3359
BFGS:   59 19:55:11       -6.427471        0.5325
BFGS:   60 19:55:11       -6.479687        0.8101
BFGS:   61 19:55:11       -6.501218        0.7553
BFGS:   62 19:55:11       -6.531243        0.8151
BFGS:   63 19:55:11       -6.568831        0.7754
BFGS:   64 19:55:11       -6.635899        1.4739
BFGS:   65 19:55:11       -6.694536        0.6381
BFGS:   66 19:55:11       -6.726676        0.5287
BFGS:   67 19:55:11       -6.755824        0.3045
BFGS:   68 19:55:11       -6.768738        0.4222
BFGS:   69 19:55:11       -6.777714        0.3447
BFGS:   70 19:55:11       -6.793616        0.2445
BFGS:   71 19:55:11       -6.798306        0.1882
BFGS:   72 19:55:11       -6.803913        0.0823
BFGS:   73 19:55:11       -6.804521        0.0851
BFGS:   74 19:55:11       -6.804976        0.0970
BFGS:   75 19:55:11       -6.805732        0.1014
BFGS:   76 19:55:11       -6.806732        0.0860
BFGS:   77 19:55:11       -6.807632        0.0986
BFGS:   78 19:55:11       -6.808314        0.1137
BFGS:   79 19:55:11       -6.809178        0.1240
BFGS:   80 19:55:11       -6.811250        0.1413
BFGS:   81 19:55:11       -6.817239        0.3068
BFGS:   82 19:55:11       -6.832883        0.6951
BFGS:   83 19:55:11       -6.841808        0.9004
BFGS:   84 19:55:11       -6.894110        0.7695
BFGS:   85 19:55:11       -6.911919        1.1790
BFGS:   86 19:55:11       -6.898161        1.2531
BFGS:   87 19:55:11       -6.966815        0.5140
BFGS:   88 19:55:11       -7.016358        0.4480
BFGS:   89 19:55:11       -7.024303        0.6334
BFGS:   90 19:55:11       -7.045178        0.3722
BFGS:   91 19:55:11       -7.053701        0.3506
BFGS:   92 19:55:11       -7.081045        0.2929
BFGS:   93 19:55:11       -7.090387        0.2479
BFGS:   94 19:55:11       -7.096515        0.2218
BFGS:   95 19:55:11       -7.121222        0.2240
BFGS:   96 19:55:11       -7.126215        0.1554
BFGS:   97 19:55:11       -7.130328        0.0633
BFGS:   98 19:55:11       -7.130595        0.0443
      Step     Time          Energy         fmax
BFGS:    0 19:55:11       16.240467       38.6059
BFGS:    1 19:55:11        3.115950       12.8289
BFGS:    2 19:55:11       -1.019207       10.8392
BFGS:    3 19:55:11       -3.140443        2.5612
BFGS:    4 19:55:11       -3.592975        1.7084
BFGS:    5 19:55:11       -3.863480        0.7805
BFGS:    6 19:55:11       -3.915301        0.3886
BFGS:    7 19:55:11       -3.923968        0.2264
BFGS:    8 19:55:11       -3.926119        0.1627
BFGS:    9 19:55:11       -3.928928        0.1099
BFGS:   10 19:55:11       -3.932099        0.1495
BFGS:   11 19:55:11       -3.934471        0.2121
BFGS:   12 19:55:11       -3.936197        0.2350
BFGS:   13 19:55:11       -3.939381        0.2463
BFGS:   14 19:55:11       -3.947023        0.2653
BFGS:   15 19:55:11       -3.968909        0.5012
BFGS:   16 19:55:11       -4.025643        0.8233
BFGS:   17 19:55:11       -4.142510        0.8951
BFGS:   18 19:55:11       -4.316717        0.8410
BFGS:   19 19:55:11       -4.476287        0.8221
BFGS:   20 19:55:11       -4.458985        1.7614
BFGS:   21 19:55:11       -4.594110        1.0357
BFGS:   22 19:55:11       -4.646041        1.0522
BFGS:   23 19:55:11       -4.703110        0.6487
BFGS:   24 19:55:11       -4.754450        0.3086
BFGS:   25 19:55:11       -4.765198        0.2472
BFGS:   26 19:55:11       -4.771053        0.2984
BFGS:   27 19:55:11       -4.779010        0.3383
BFGS:   28 19:55:11       -4.791303        0.3050
BFGS:   29 19:55:11       -4.803432        0.2431
BFGS:   30 19:55:11       -4.815546        0.2248
BFGS:   31 19:55:11       -4.820148        0.2383
BFGS:   32 19:55:11       -4.822164        0.2326
BFGS:   33 19:55:11       -4.833215        0.2138
BFGS:   34 19:55:11       -4.836205        0.2411
BFGS:   35 19:55:11       -4.844220        0.2617
BFGS:   36 19:55:11       -4.853893        0.3013
BFGS:   37 19:55:11       -4.889326        0.5820
BFGS:   38 19:55:11       -4.925415        0.7425
BFGS:   39 19:55:11       -4.950712        0.9128
BFGS:   40 19:55:11       -4.977560        0.9053
BFGS:   41 19:55:11       -5.036683        0.7051
BFGS:   42 19:55:11       -5.079133        0.6807
BFGS:   43 19:55:11       -5.125561        0.8305
BFGS:   44 19:55:11       -5.157613        0.8344
BFGS:   45 19:55:12       -5.165204        0.8378
BFGS:   46 19:55:12       -5.183736        0.7703
BFGS:   47 19:55:12       -5.215301        0.6557
BFGS:   48 19:55:12       -5.244984        0.5606
BFGS:   49 19:55:12       -5.272256        0.4395
BFGS:   50 19:55:12       -5.281822        0.3999
BFGS:   51 19:55:12       -5.295080        0.4565
BFGS:   52 19:55:12       -5.311932        0.4234
BFGS:   53 19:55:12       -5.328138        0.3988
BFGS:   54 19:55:12       -5.345451        0.4353
BFGS:   55 19:55:12       -5.372909        0.4311
BFGS:   56 19:55:12       -5.413783        0.5376
BFGS:   57 19:55:12       -5.455198        0.7064
BFGS:   58 19:55:12       -5.486170        0.8968
BFGS:   59 19:55:12       -5.528665        0.6906
BFGS:   60 19:55:12       -5.619845        0.5670
BFGS:   61 19:55:12       -5.649113        0.5469
BFGS:   62 19:55:12       -5.693577        0.5024
BFGS:   63 19:55:12       -5.717484        0.6658
BFGS:   64 19:55:12       -5.731873        0.7243
BFGS:   65 19:55:12       -5.739210        0.6141
BFGS:   66 19:55:12       -5.742258        0.6308
BFGS:   67 19:55:12       -5.749638        0.6399
BFGS:   68 19:55:12       -5.759242        0.6252
BFGS:   69 19:55:12       -5.772860        0.5839
BFGS:   70 19:55:12       -5.797212        0.5105
BFGS:   71 19:55:12       -5.846257        0.5289
BFGS:   72 19:55:12       -5.909979        0.6695
BFGS:   73 19:55:12       -5.978595        0.8234
BFGS:   74 19:55:12       -6.029166        1.0589
BFGS:   75 19:55:12       -6.052891        1.1323
BFGS:   76 19:55:12       -6.091588        0.8478
BFGS:   77 19:55:12       -6.154156        0.8030
BFGS:   78 19:55:12       -6.205359        0.7259
BFGS:   79 19:55:12       -6.241256        0.5256
BFGS:   80 19:55:12       -6.259931        0.4657
BFGS:   81 19:55:12       -6.283964        0.4728
BFGS:   82 19:55:12       -6.327778        0.5382
BFGS:   83 19:55:12       -6.342983        0.3763
BFGS:   84 19:55:12       -6.378723        0.4220
BFGS:   85 19:55:12       -6.405988        0.5524
BFGS:   86 19:55:12       -6.432542        0.5027
BFGS:   87 19:55:12       -6.451551        0.5043
BFGS:   88 19:55:12       -6.458861        0.4758
BFGS:   89 19:55:12       -6.472314        0.5148
BFGS:   90 19:55:12       -6.500740        0.6708
BFGS:   91 19:55:12       -6.558378        0.9903
BFGS:   92 19:55:12       -6.599181        0.9796
BFGS:   93 19:55:12       -6.659268        0.7252
BFGS:   94 19:55:12       -6.741524        0.8095
BFGS:   95 19:55:12       -6.775165        0.7572
BFGS:   96 19:55:12       -6.887450        0.5495
BFGS:   97 19:55:12       -6.945015        0.5018
BFGS:   98 19:55:12       -6.993974        0.3442
BFGS:   99 19:55:12       -7.014939        0.2577
BFGS:  100 19:55:12       -7.026030        0.3525
BFGS:  101 19:55:12       -7.036244        0.2674
BFGS:  102 19:55:12       -7.046347        0.2286
BFGS:  103 19:55:12       -7.070742        0.3027
BFGS:  104 19:55:12       -7.082050        0.2694
BFGS:  105 19:55:12       -7.089582        0.2672
BFGS:  106 19:55:12       -7.103841        0.2342
BFGS:  107 19:55:12       -7.108678        0.2133
BFGS:  108 19:55:12       -7.119095        0.2025
BFGS:  109 19:55:12       -7.123084        0.2133
BFGS:  110 19:55:12       -7.125654        0.1966
BFGS:  111 19:55:12       -7.126619        0.1957
BFGS:  112 19:55:12       -7.126927        0.1892
BFGS:  113 19:55:12       -7.127234        0.1788
BFGS:  114 19:55:12       -7.127805        0.1552
BFGS:  115 19:55:12       -7.128755        0.1142
BFGS:  116 19:55:12       -7.130035        0.0875
BFGS:  117 19:55:12       -7.130926        0.0410
      Step     Time          Energy         fmax
BFGS:    0 19:55:12       16.422630       34.7983
BFGS:    1 19:55:12        1.517313       12.5056
BFGS:    2 19:55:12       -1.494109        8.1809
BFGS:    3 19:55:12       -3.033306        2.3561
BFGS:    4 19:55:12       -3.429522        1.2867
BFGS:    5 19:55:12       -3.601313        0.5437
BFGS:    6 19:55:12       -3.630872        0.2727
BFGS:    7 19:55:12       -3.636945        0.2264
BFGS:    8 19:55:12       -3.641395        0.2356
BFGS:    9 19:55:12       -3.649971        0.2935
BFGS:   10 19:55:12       -3.661987        0.3847
BFGS:   11 19:55:12       -3.676550        0.4763
BFGS:   12 19:55:12       -3.692227        0.5500
BFGS:   13 19:55:12       -3.717300        0.7431
BFGS:   14 19:55:12       -3.771335        0.9877
BFGS:   15 19:55:12       -3.832346        1.4541
BFGS:   16 19:55:12       -4.017774        1.0082
BFGS:   17 19:55:12       -4.236973        0.8824
BFGS:   18 19:55:12       -4.366750        0.6869
BFGS:   19 19:55:12       -4.389867        0.5059
BFGS:   20 19:55:12       -4.426517        0.4746
BFGS:   21 19:55:12       -4.459054        0.4902
BFGS:   22 19:55:12       -4.482878        0.5668
BFGS:   23 19:55:12       -4.528367        0.6199
BFGS:   24 19:55:12       -4.594669        0.6551
BFGS:   25 19:55:12       -4.633182        0.7778
BFGS:   26 19:55:12       -4.696834        0.8169
BFGS:   27 19:55:12       -4.767307        0.7009
BFGS:   28 19:55:12       -4.802651        0.5179
BFGS:   29 19:55:12       -4.828305        0.3550
BFGS:   30 19:55:12       -4.853340        0.2529
BFGS:   31 19:55:12       -4.859654        0.2132
BFGS:   32 19:55:12       -4.862241        0.1442
BFGS:   33 19:55:12       -4.865610        0.1389
BFGS:   34 19:55:12       -4.869557        0.1467
BFGS:   35 19:55:12       -4.873282        0.1663
BFGS:   36 19:55:12       -4.876120        0.1589
BFGS:   37 19:55:12       -4.880451        0.1958
BFGS:   38 19:55:12       -4.891158        0.3055
BFGS:   39 19:55:12       -4.927434        0.4861
BFGS:   40 19:55:12       -4.990212        0.5688
BFGS:   41 19:55:12       -5.050879        0.6054
BFGS:   42 19:55:12       -5.075226        0.5997
BFGS:   43 19:55:12       -5.143289        1.2423
BFGS:   44 19:55:12       -5.241078        0.4310
BFGS:   45 19:55:12       -5.261433        0.1385
BFGS:   46 19:55:12       -5.264131        0.0978
BFGS:   47 19:55:12       -5.264735        0.0998
BFGS:   48 19:55:12       -5.265498        0.0810
BFGS:   49 19:55:12       -5.268433        0.0730
BFGS:   50 19:55:12       -5.269539        0.0615
BFGS:   51 19:55:12       -5.270165        0.0563
BFGS:   52 19:55:12       -5.270382        0.0496
      Step     Time          Energy         fmax
BFGS:    0 19:55:12       16.282354       29.2239
BFGS:    1 19:55:12        0.149625        8.4898
BFGS:    2 19:55:12       -1.855459        3.9416
BFGS:    3 19:55:12       -3.066577        1.6905
BFGS:    4 19:55:12       -3.447409        0.7407
BFGS:    5 19:55:12       -3.557112        0.4158
BFGS:    6 19:55:12       -3.580269        0.3628
BFGS:    7 19:55:12       -3.589651        0.3575
BFGS:    8 19:55:12       -3.605772        0.3639
BFGS:    9 19:55:12       -3.645570        0.4857
BFGS:   10 19:55:12       -3.721649        0.6928
BFGS:   11 19:55:12       -3.763759        0.7088
BFGS:   12 19:55:12       -3.869883        1.5884
BFGS:   13 19:55:12       -3.926192        0.6228
BFGS:   14 19:55:12       -3.972732        0.4997
BFGS:   15 19:55:12       -4.123199        0.4870
BFGS:   16 19:55:12       -4.141310        0.5277
BFGS:   17 19:55:12       -4.182008        0.7882
BFGS:   18 19:55:12       -4.229567        0.9318
BFGS:   19 19:55:12       -4.285367        1.1671
BFGS:   20 19:55:12       -4.353172        1.0486
BFGS:   21 19:55:12       -4.563054        0.7601
BFGS:   22 19:55:12       -4.624885        0.7766
BFGS:   23 19:55:12       -4.651723        0.6172
BFGS:   24 19:55:12       -4.709290        0.2880
BFGS:   25 19:55:12       -4.722141        0.2981
BFGS:   26 19:55:12       -4.730789        0.4091
BFGS:   27 19:55:12       -4.760319        0.5110
BFGS:   28 19:55:12       -4.857190        1.1658
BFGS:   29 19:55:12       -4.944316        1.6381
BFGS:   30 19:55:12       -4.920623        1.5063
BFGS:   31 19:55:12       -5.019423        1.1968
BFGS:   32 19:55:12       -5.066096        0.9840
BFGS:   33 19:55:12       -5.253145        1.0982
BFGS:   34 19:55:12       -5.328418        0.9001
BFGS:   35 19:55:12       -5.371512        1.0658
BFGS:   36 19:55:12       -5.433725        0.5721
BFGS:   37 19:55:12       -5.468939        0.4123
BFGS:   38 19:55:12       -5.507949        0.3555
BFGS:   39 19:55:12       -5.520713        0.3911
BFGS:   40 19:55:12       -5.531698        0.4161
BFGS:   41 19:55:12       -5.541321        0.3444
BFGS:   42 19:55:12       -5.557833        0.3040
BFGS:   43 19:55:12       -5.563412        0.2589
BFGS:   44 19:55:12       -5.574634        0.3301
BFGS:   45 19:55:12       -5.581676        0.3682
BFGS:   46 19:55:12       -5.604013        0.4389
BFGS:   47 19:55:12       -5.639690        0.5733
BFGS:   48 19:55:12       -5.665968        0.5278
BFGS:   49 19:55:12       -5.726383        0.5133
BFGS:   50 19:55:12       -5.745610        0.3791
BFGS:   51 19:55:12       -5.759517        0.3418
BFGS:   52 19:55:12       -5.765580        0.2822
BFGS:   53 19:55:12       -5.774372        0.2779
BFGS:   54 19:55:12       -5.797710        0.3132
BFGS:   55 19:55:12       -5.809965        0.3352
BFGS:   56 19:55:12       -5.820545        0.2586
BFGS:   57 19:55:12       -5.826884        0.2114
BFGS:   58 19:55:12       -5.829998        0.1715
BFGS:   59 19:55:12       -5.836780        0.1282
BFGS:   60 19:55:12       -5.839645        0.1180
BFGS:   61 19:55:12       -5.840733        0.0870
BFGS:   62 19:55:12       -5.841135        0.0851
BFGS:   63 19:55:12       -5.842451        0.0768
BFGS:   64 19:55:12       -5.844653        0.1327
BFGS:   65 19:55:12       -5.847981        0.1909
BFGS:   66 19:55:12       -5.851495        0.1937
BFGS:   67 19:55:12       -5.854946        0.1782
BFGS:   68 19:55:12       -5.858986        0.1991
BFGS:   69 19:55:12       -5.867532        0.2537
BFGS:   70 19:55:12       -5.890236        0.3982
BFGS:   71 19:55:12       -5.944277        0.5191
BFGS:   72 19:55:12       -6.031571        0.9604
BFGS:   73 19:55:12       -6.229166        0.8138
BFGS:   74 19:55:12       -6.399569        1.3813
BFGS:   75 19:55:12       -6.516654        1.1628
BFGS:   76 19:55:12       -6.793768        0.8104
BFGS:   77 19:55:12       -6.915033        1.0995
BFGS:   78 19:55:12       -7.052428        0.4576
BFGS:   79 19:55:12       -7.096181        0.4076
BFGS:   80 19:55:12       -7.124343        0.2237
BFGS:   81 19:55:12       -7.139246        0.3331
BFGS:   82 19:55:12       -7.148965        0.3508
BFGS:   83 19:55:12       -7.169819        0.4721
BFGS:   84 19:55:12       -7.199294        0.5608
BFGS:   85 19:55:12       -7.225512        0.5456
BFGS:   86 19:55:12       -7.283335        0.3966
BFGS:   87 19:55:12       -7.292308        0.3467
BFGS:   88 19:55:12       -7.302688        0.2505
BFGS:   89 19:55:12       -7.299505        0.3112
BFGS:   90 19:55:12       -7.313008        0.1259
BFGS:   91 19:55:12       -7.315804        0.0636
BFGS:   92 19:55:12       -7.316794        0.0452
      Step     Time          Energy         fmax
BFGS:    0 19:55:12       15.518902       34.9711
BFGS:    1 19:55:12       -0.492472       10.2338
BFGS:    2 19:55:12       -3.137198        6.9685
BFGS:    3 19:55:12       -4.580373        2.7364
BFGS:    4 19:55:12       -5.040559        1.1885
BFGS:    5 19:55:12       -5.187837        0.5230
BFGS:    6 19:55:12       -5.220088        0.4611
BFGS:    7 19:55:12       -5.235400        0.4416
BFGS:    8 19:55:12       -5.260762        0.5160
BFGS:    9 19:55:13       -5.311307        0.6154
BFGS:   10 19:55:13       -5.372935        0.6297
BFGS:   11 19:55:13       -5.410417        0.6041
BFGS:   12 19:55:13       -5.477425        1.0060
BFGS:   13 19:55:13       -5.512075        0.7745
BFGS:   14 19:55:13       -5.617074        0.4152
BFGS:   15 19:55:13       -5.687267        0.5117
BFGS:   16 19:55:13       -5.702792        0.4197
BFGS:   17 19:55:13       -5.711918        0.3883
BFGS:   18 19:55:13       -5.737576        0.4426
BFGS:   19 19:55:13       -5.761900        0.5038
BFGS:   20 19:55:13       -5.808969        0.7109
BFGS:   21 19:55:13       -5.859052        0.9354
BFGS:   22 19:55:13       -5.891604        0.8633
BFGS:   23 19:55:13       -5.930947        0.4939
BFGS:   24 19:55:13       -5.960511        0.4611
BFGS:   25 19:55:13       -6.023874        0.5076
BFGS:   26 19:55:13       -6.037018        0.3711
BFGS:   27 19:55:13       -6.056917        0.4082
BFGS:   28 19:55:13       -6.071494        0.4161
BFGS:   29 19:55:13       -6.094738        0.2799
BFGS:   30 19:55:13       -6.104811        0.2830
BFGS:   31 19:55:13       -6.108824        0.2734
BFGS:   32 19:55:13       -6.118370        0.2560
BFGS:   33 19:55:13       -6.133288        0.3462
BFGS:   34 19:55:13       -6.156504        0.4819
BFGS:   35 19:55:13       -6.182058        0.6366
BFGS:   36 19:55:13       -6.205886        0.5259
BFGS:   37 19:55:13       -6.233260        0.3606
BFGS:   38 19:55:13       -6.249270        0.3563
BFGS:   39 19:55:13       -6.269969        0.3744
BFGS:   40 19:55:13       -6.284450        0.3473
BFGS:   41 19:55:13       -6.294774        0.2588
BFGS:   42 19:55:13       -6.302040        0.2715
BFGS:   43 19:55:13       -6.322141        0.3036
BFGS:   44 19:55:13       -6.335109        0.2547
BFGS:   45 19:55:13       -6.343841        0.2547
BFGS:   46 19:55:13       -6.351431        0.2391
BFGS:   47 19:55:13       -6.359960        0.2465
BFGS:   48 19:55:13       -6.375587        0.2961
BFGS:   49 19:55:13       -6.399261        0.4323
BFGS:   50 19:55:13       -6.425890        0.7881
BFGS:   51 19:55:13       -6.464889        1.3286
BFGS:   52 19:55:13       -6.496108        1.7228
BFGS:   53 19:55:13       -6.556872        1.5717
BFGS:   54 19:55:13       -6.680363        0.9127
BFGS:   55 19:55:13       -6.788630        0.5011
BFGS:   56 19:55:13       -6.629321        2.7008
BFGS:   57 19:55:13       -6.813137        0.6743
BFGS:   58 19:55:13       -6.760164        0.5954
BFGS:   59 19:55:13       -6.865242        0.4190
BFGS:   60 19:55:13       -6.879841        0.4685
BFGS:   61 19:55:13       -6.901473        0.4332
BFGS:   62 19:55:13       -6.933362        0.3846
BFGS:   63 19:55:13       -6.973853        0.5082
BFGS:   64 19:55:13       -6.997905        0.3152
BFGS:   65 19:55:13       -7.023459        0.3368
BFGS:   66 19:55:13       -7.055471        0.3963
BFGS:   67 19:55:13       -7.074968        0.3583
BFGS:   68 19:55:13       -7.092557        0.2982
BFGS:   69 19:55:13       -7.100546        0.2892
BFGS:   70 19:55:13       -7.107747        0.2125
BFGS:   71 19:55:13       -7.113578        0.2470
BFGS:   72 19:55:13       -7.120684        0.1771
BFGS:   73 19:55:13       -7.126444        0.1252
BFGS:   74 19:55:13       -7.127272        0.1196
BFGS:   75 19:55:13       -7.128933        0.0880
BFGS:   76 19:55:13       -7.130024        0.0629
BFGS:   77 19:55:13       -7.130772        0.0344
      Step     Time          Energy         fmax
BFGS:    0 19:55:13       16.070661       33.0209
BFGS:    1 19:55:13        3.905190       22.1004
BFGS:    2 19:55:13       -0.358951        9.8845
BFGS:    3 19:55:13       -2.532992        3.1596
BFGS:    4 19:55:13       -3.232858        1.7586
BFGS:    5 19:55:13       -3.552528        0.8962
BFGS:    6 19:55:13       -3.649053        0.6047
BFGS:    7 19:55:13       -3.684162        0.5184
BFGS:    8 19:55:13       -3.715111        0.5181
BFGS:    9 19:55:13       -3.778638        0.6357
BFGS:   10 19:55:13       -3.918344        0.8283
BFGS:   11 19:55:13       -3.961958        1.3565
BFGS:   12 19:55:13       -4.170410        0.7048
BFGS:   13 19:55:13       -4.159894        1.7597
BFGS:   14 19:55:13       -4.248529        0.8017
BFGS:   15 19:55:13       -4.267177        0.8218
BFGS:   16 19:55:13       -4.351267        1.1057
BFGS:   17 19:55:13       -4.404244        0.7586
BFGS:   18 19:55:13       -4.501049        0.6915
BFGS:   19 19:55:13       -4.529445        0.5915
BFGS:   20 19:55:13       -4.565041        0.6607
BFGS:   21 19:55:13       -4.625011        0.9277
BFGS:   22 19:55:13       -4.693455        0.5111
BFGS:   23 19:55:13       -4.719893        0.4057
BFGS:   24 19:55:13       -4.729639        0.4093
BFGS:   25 19:55:13       -4.762110        0.4003
BFGS:   26 19:55:13       -4.777974        0.2991
BFGS:   27 19:55:13       -4.791579        0.3652
BFGS:   28 19:55:13       -4.803006        0.3905
BFGS:   29 19:55:13       -4.825496        0.5570
BFGS:   30 19:55:13       -4.845542        0.6245
BFGS:   31 19:55:13       -4.867237        0.5620
BFGS:   32 19:55:13       -4.895943        0.3689
BFGS:   33 19:55:13       -4.911411        0.3748
BFGS:   34 19:55:13       -4.924809        0.5199
BFGS:   35 19:55:13       -4.940661        0.3920
BFGS:   36 19:55:13       -4.963064        0.3478
BFGS:   37 19:55:13       -4.982312        0.3630
BFGS:   38 19:55:13       -4.998036        0.4087
BFGS:   39 19:55:13       -5.014943        0.5115
BFGS:   40 19:55:13       -5.045037        0.7412
BFGS:   41 19:55:13       -5.080852        0.8807
BFGS:   42 19:55:13       -5.122948        0.9408
BFGS:   43 19:55:13       -5.185602        0.5910
BFGS:   44 19:55:13       -5.214652        0.1946
BFGS:   45 19:55:13       -5.216638        0.1421
BFGS:   46 19:55:13       -5.218428        0.1018
BFGS:   47 19:55:13       -5.219284        0.0958
BFGS:   48 19:55:13       -5.221512        0.1070
BFGS:   49 19:55:13       -5.223655        0.0987
BFGS:   50 19:55:13       -5.224817        0.0620
BFGS:   51 19:55:13       -5.225068        0.0363
      Step     Time          Energy         fmax
BFGS:    0 19:55:13       18.569700       49.7531
BFGS:    1 19:55:13        6.108808       18.6707
BFGS:    2 19:55:13        0.760461       19.2765
BFGS:    3 19:55:13       -3.230283        3.8632
BFGS:    4 19:55:13       -3.850323        2.7748
BFGS:    5 19:55:13       -4.289836        1.3643
BFGS:    6 19:55:13       -4.411298        0.8150
BFGS:    7 19:55:13       -4.459581        0.7956
BFGS:    8 19:55:13       -4.499400        0.7890
BFGS:    9 19:55:13       -4.562488        0.7375
BFGS:   10 19:55:13       -4.626252        0.5758
BFGS:   11 19:55:13       -4.692617        0.5325
BFGS:   12 19:55:13       -4.736428        0.6263
BFGS:   13 19:55:13       -4.754062        0.5388
BFGS:   14 19:55:13       -4.765353        0.4587
BFGS:   15 19:55:13       -4.785567        0.2377
BFGS:   16 19:55:13       -4.788086        0.2192
BFGS:   17 19:55:13       -4.793513        0.1875
BFGS:   18 19:55:13       -4.798491        0.1596
BFGS:   19 19:55:13       -4.801881        0.2154
BFGS:   20 19:55:13       -4.804464        0.2308
BFGS:   21 19:55:13       -4.807501        0.1955
BFGS:   22 19:55:13       -4.810643        0.1718
BFGS:   23 19:55:13       -4.812758        0.1081
BFGS:   24 19:55:13       -4.813751        0.0833
BFGS:   25 19:55:13       -4.814293        0.0797
BFGS:   26 19:55:13       -4.814967        0.0904
BFGS:   27 19:55:13       -4.816042        0.0900
BFGS:   28 19:55:13       -4.816959        0.0885
BFGS:   29 19:55:13       -4.817488        0.1017
BFGS:   30 19:55:13       -4.817969        0.1084
BFGS:   31 19:55:13       -4.819072        0.1136
BFGS:   32 19:55:13       -4.821644        0.1250
BFGS:   33 19:55:13       -4.827673        0.2293
BFGS:   34 19:55:13       -4.838728        0.3554
BFGS:   35 19:55:13       -4.855360        0.4333
BFGS:   36 19:55:13       -4.885815        0.5744
BFGS:   37 19:55:13       -4.927613        0.7114
BFGS:   38 19:55:13       -4.973648        0.8327
BFGS:   39 19:55:13       -5.054969        1.0813
BFGS:   40 19:55:13       -5.106152        0.9618
BFGS:   41 19:55:13       -5.158289        0.8605
BFGS:   42 19:55:13       -5.197716        1.3939
BFGS:   43 19:55:13       -5.268971        0.7218
BFGS:   44 19:55:13       -5.308810        0.6681
BFGS:   45 19:55:13       -5.381469        1.0120
BFGS:   46 19:55:13       -5.449594        0.4887
BFGS:   47 19:55:13       -5.505229        0.4671
BFGS:   48 19:55:13       -5.516828        1.0583
BFGS:   49 19:55:13       -5.584316        0.3668
BFGS:   50 19:55:13       -5.600478        0.4772
BFGS:   51 19:55:13       -5.642461        0.8576
BFGS:   52 19:55:13       -5.685920        1.4281
BFGS:   53 19:55:13       -5.813801        1.7698
BFGS:   54 19:55:13       -5.936974        2.1321
BFGS:   55 19:55:13       -6.040619        2.2116
BFGS:   56 19:55:13       -6.170917        2.1592
BFGS:   57 19:55:13       -6.272959        1.3976
BFGS:   58 19:55:13       -6.398429        0.7575
BFGS:   59 19:55:13       -6.550520        0.7388
BFGS:   60 19:55:13       -6.584088        0.9997
BFGS:   61 19:55:13       -6.650975        0.6719
BFGS:   62 19:55:13       -6.692085        0.6577
BFGS:   63 19:55:13       -6.751959        0.6240
BFGS:   64 19:55:13       -6.780376        0.6127
BFGS:   65 19:55:13       -6.849487        0.4828
BFGS:   66 19:55:13       -6.900238        0.6088
BFGS:   67 19:55:13       -6.915003        0.4150
BFGS:   68 19:55:13       -6.933979        0.3665
BFGS:   69 19:55:13       -6.941798        0.3418
BFGS:   70 19:55:13       -6.946534        0.3312
BFGS:   71 19:55:13       -6.952459        0.3078
BFGS:   72 19:55:13       -6.959485        0.2848
BFGS:   73 19:55:13       -6.984546        0.3510
BFGS:   74 19:55:13       -6.999435        0.4734
BFGS:   75 19:55:13       -7.029502        0.3707
BFGS:   76 19:55:13       -7.053951        0.3813
BFGS:   77 19:55:13       -7.001576        1.4832
BFGS:   78 19:55:13       -7.103054        0.4238
BFGS:   79 19:55:13       -7.114760        0.2918
BFGS:   80 19:55:13       -7.124550        0.2204
BFGS:   81 19:55:13       -7.128740        0.2097
BFGS:   82 19:55:13       -7.136176        0.2344
BFGS:   83 19:55:13       -7.157224        0.3359
BFGS:   84 19:55:13       -7.187096        0.4974
BFGS:   85 19:55:13       -7.212492        0.4766
BFGS:   86 19:55:13       -7.234472        0.3783
BFGS:   87 19:55:13       -7.244520        0.3697
BFGS:   88 19:55:13       -7.254307        0.3383
BFGS:   89 19:55:13       -7.279639        0.2602
BFGS:   90 19:55:13       -7.287079        0.2668
BFGS:   91 19:55:13       -7.302007        0.2664
BFGS:   92 19:55:13       -7.307059        0.2165
BFGS:   93 19:55:13       -7.310437        0.1552
BFGS:   94 19:55:13       -7.313361        0.1183
BFGS:   95 19:55:13       -7.315367        0.0857
BFGS:   96 19:55:13       -7.316733        0.0409
      Step     Time          Energy         fmax
BFGS:    0 19:55:13       16.760770       39.7084
BFGS:    1 19:55:13        5.400255       20.8294
BFGS:    2 19:55:13        1.055041       13.1521
BFGS:    3 19:55:13       -1.590247        6.1193
BFGS:    4 19:55:13       -2.828543        1.9967
BFGS:    5 19:55:13       -3.298923        0.8277
BFGS:    6 19:55:13       -3.449792        0.3471
BFGS:    7 19:55:13       -3.477602        0.1919
BFGS:    8 19:55:13       -3.481572        0.1962
BFGS:    9 19:55:13       -3.483459        0.2027
BFGS:   10 19:55:13       -3.487258        0.1894
BFGS:   11 19:55:13       -3.491616        0.1878
BFGS:   12 19:55:13       -3.494918        0.1813
BFGS:   13 19:55:13       -3.497156        0.1761
BFGS:   14 19:55:13       -3.499832        0.1582
BFGS:   15 19:55:13       -3.502982        0.1784
BFGS:   16 19:55:13       -3.507295        0.1971
BFGS:   17 19:55:13       -3.511795        0.2552
BFGS:   18 19:55:13       -3.516385        0.2826
BFGS:   19 19:55:13       -3.523760        0.3160
BFGS:   20 19:55:13       -3.544004        0.4922
BFGS:   21 19:55:13       -3.574380        0.6776
BFGS:   22 19:55:13       -3.605055        0.7859
BFGS:   23 19:55:13       -3.615609        0.6907
BFGS:   24 19:55:13       -3.623158        0.7894
BFGS:   25 19:55:13       -3.627763        0.7782
BFGS:   26 19:55:13       -3.637924        0.7485
BFGS:   27 19:55:13       -3.647690        0.7880
BFGS:   28 19:55:13       -3.668687        0.8478
BFGS:   29 19:55:13       -3.674809        0.8591
BFGS:   30 19:55:13       -3.683758        0.8725
BFGS:   31 19:55:13       -3.699641        0.8919
BFGS:   32 19:55:13       -3.739375        0.9325
BFGS:   33 19:55:13       -3.784639        1.0869
BFGS:   34 19:55:13       -3.831323        1.2702
BFGS:   35 19:55:13       -3.870954        1.3192
BFGS:   36 19:55:13       -3.912089        1.4395
BFGS:   37 19:55:13       -3.952418        1.2005
BFGS:   38 19:55:13       -4.007254        0.8686
BFGS:   39 19:55:13       -4.027967        0.4630
BFGS:   40 19:55:13       -4.048920        0.7352
BFGS:   41 19:55:13       -4.063639        0.6724
BFGS:   42 19:55:13       -4.073427        0.5876
BFGS:   43 19:55:13       -4.077198        0.5956
BFGS:   44 19:55:13       -4.091221        0.6427
BFGS:   45 19:55:13       -4.143161        0.8320
BFGS:   46 19:55:13       -4.184992        0.8249
BFGS:   47 19:55:14       -4.214263        0.8715
BFGS:   48 19:55:14       -4.276204        0.8715
BFGS:   49 19:55:14       -4.356965        1.1284
BFGS:   50 19:55:14       -4.395281        1.3889
BFGS:   51 19:55:14       -4.339328        1.1207
BFGS:   52 19:55:14       -4.494101        0.7542
BFGS:   53 19:55:14       -4.521066        0.7087
BFGS:   54 19:55:14       -4.554141        0.6463
BFGS:   55 19:55:14       -4.612664        0.8005
BFGS:   56 19:55:14       -4.740021        1.3278
BFGS:   57 19:55:14       -4.842122        1.5059
BFGS:   58 19:55:14       -4.940935        0.7384
BFGS:   59 19:55:14       -4.984034        0.6922
BFGS:   60 19:55:14       -5.001997        0.6705
BFGS:   61 19:55:14       -5.010012        0.5905
BFGS:   62 19:55:14       -5.019829        0.5548
BFGS:   63 19:55:14       -5.035041        0.6079
BFGS:   64 19:55:14       -5.072720        0.6871
BFGS:   65 19:55:14       -5.131460        0.8884
BFGS:   66 19:55:14       -5.260277        0.9786
BFGS:   67 19:55:14       -5.453871        1.0603
BFGS:   68 19:55:14       -5.651200        1.0012
BFGS:   69 19:55:14       -5.726199        1.4246
BFGS:   70 19:55:14       -5.825721        1.3259
BFGS:   71 19:55:14       -5.963742        0.9260
BFGS:   72 19:55:14       -6.000292        0.6774
BFGS:   73 19:55:14       -6.051158        0.6462
BFGS:   74 19:55:14       -6.091570        0.6434
BFGS:   75 19:55:14       -6.204177        0.7407
BFGS:   76 19:55:14       -6.254681        0.8277
BFGS:   77 19:55:14       -6.303319        0.9156
BFGS:   78 19:55:14       -6.345991        0.9634
BFGS:   79 19:55:14       -6.417706        1.0089
BFGS:   80 19:55:14       -6.472458        0.9522
BFGS:   81 19:55:14       -6.535800        0.9256
BFGS:   82 19:55:14       -6.578038        0.9169
BFGS:   83 19:55:14       -6.620268        1.0297
BFGS:   84 19:55:14       -6.659281        0.9547
BFGS:   85 19:55:14       -6.678053        0.9138
BFGS:   86 19:55:14       -6.726569        0.8231
BFGS:   87 19:55:14       -6.752351        0.7242
BFGS:   88 19:55:14       -6.776146        0.6340
BFGS:   89 19:55:14       -6.789063        0.6288
BFGS:   90 19:55:14       -6.798134        0.6170
BFGS:   91 19:55:14       -6.824292        0.5992
BFGS:   92 19:55:14       -6.833329        0.5380
BFGS:   93 19:55:14       -6.838685        0.4986
BFGS:   94 19:55:14       -6.840520        0.5070
BFGS:   95 19:55:14       -6.843273        0.5101
BFGS:   96 19:55:14       -6.849462        0.5066
BFGS:   97 19:55:14       -6.859782        0.4940
BFGS:   98 19:55:14       -6.868563        0.4644
BFGS:   99 19:55:14       -6.873453        0.4522
BFGS:  100 19:55:14       -6.876309        0.4297
BFGS:  101 19:55:14       -6.877718        0.4341
BFGS:  102 19:55:14       -6.881967        0.4497
BFGS:  103 19:55:14       -6.892318        0.4854
BFGS:  104 19:55:14       -6.917689        0.5830
BFGS:  105 19:55:14       -6.928212        0.9477
BFGS:  106 19:55:14       -6.946508        0.7251
BFGS:  107 19:55:14       -6.976285        0.6679
BFGS:  108 19:55:14       -7.022264        0.7052
BFGS:  109 19:55:14       -7.031540        0.7037
BFGS:  110 19:55:14       -7.041258        0.7208
BFGS:  111 19:55:14       -7.045363        0.6542
BFGS:  112 19:55:14       -7.049497        0.5958
BFGS:  113 19:55:14       -7.057176        0.5030
BFGS:  114 19:55:14       -7.065580        0.4580
BFGS:  115 19:55:14       -7.076855        0.3457
BFGS:  116 19:55:14       -7.083659        0.2144
BFGS:  117 19:55:14       -7.087499        0.1752
BFGS:  118 19:55:14       -7.088194        0.1685
BFGS:  119 19:55:14       -7.088913        0.1341
BFGS:  120 19:55:14       -7.089561        0.0809
BFGS:  121 19:55:14       -7.090321        0.0411
      Step     Time          Energy         fmax
BFGS:    0 19:55:14       16.193846       23.5917
BFGS:    1 19:55:14        1.116963        9.4445
BFGS:    2 19:55:14       -1.755947        4.1259
BFGS:    3 19:55:14       -2.922773        1.8606
BFGS:    4 19:55:14       -3.355342        1.0205
BFGS:    5 19:55:14       -3.484980        0.5509
BFGS:    6 19:55:14       -3.511528        0.3564
BFGS:    7 19:55:14       -3.521089        0.3155
BFGS:    8 19:55:14       -3.534563        0.3500
BFGS:    9 19:55:14       -3.560671        0.4408
BFGS:   10 19:55:14       -3.603172        0.6057
BFGS:   11 19:55:14       -3.648682        0.7277
BFGS:   12 19:55:14       -3.703912        1.2369
BFGS:   13 19:55:14       -3.786365        1.8687
BFGS:   14 19:55:14       -3.868143        2.4809
BFGS:   15 19:55:14       -4.113741        1.3676
BFGS:   16 19:55:14       -4.183538        1.2243
BFGS:   17 19:55:14       -4.284136        0.6419
BFGS:   18 19:55:14       -4.313929        0.6028
BFGS:   19 19:55:14       -4.360008        0.7442
BFGS:   20 19:55:14       -4.391181        0.6936
BFGS:   21 19:55:14       -4.519959        0.5626
BFGS:   22 19:55:14       -4.596687        0.6018
BFGS:   23 19:55:14       -4.630971        0.6707
BFGS:   24 19:55:14       -4.689636        0.7205
BFGS:   25 19:55:14       -4.745915        0.9553
BFGS:   26 19:55:14       -4.782449        0.5683
BFGS:   27 19:55:14       -4.805752        0.4367
BFGS:   28 19:55:14       -4.868576        0.5861
BFGS:   29 19:55:14       -4.898905        0.6641
BFGS:   30 19:55:14       -4.954666        0.9163
BFGS:   31 19:55:14       -5.051401        1.6455
BFGS:   32 19:55:14       -5.155555        2.2218
BFGS:   33 19:55:14       -5.251018        2.3172
BFGS:   34 19:55:14       -5.384759        1.2210
BFGS:   35 19:55:14       -5.534141        0.7227
BFGS:   36 19:55:14       -5.576070        0.9247
BFGS:   37 19:55:14       -5.641404        0.8127
BFGS:   38 19:55:14       -5.740477        0.4914
BFGS:   39 19:55:14       -5.776315        0.3806
BFGS:   40 19:55:14       -5.802694        0.4525
BFGS:   41 19:55:14       -5.819890        0.4661
BFGS:   42 19:55:14       -5.849905        0.6094
BFGS:   43 19:55:14       -5.911716        0.6555
BFGS:   44 19:55:14       -5.936686        0.4088
BFGS:   45 19:55:14       -5.975849        0.4779
BFGS:   46 19:55:14       -6.004031        0.5983
BFGS:   47 19:55:14       -6.018457        0.4191
BFGS:   48 19:55:14       -6.030995        0.2559
BFGS:   49 19:55:14       -6.036800        0.2361
BFGS:   50 19:55:14       -6.060214        0.3874
BFGS:   51 19:55:14       -6.079996        0.5600
BFGS:   52 19:55:14       -6.098849        0.6728
BFGS:   53 19:55:14       -6.119014        0.7240
BFGS:   54 19:55:14       -6.147681        0.6948
BFGS:   55 19:55:14       -6.197000        0.5246
BFGS:   56 19:55:14       -6.234409        0.4357
BFGS:   57 19:55:14       -6.246658        0.3245
BFGS:   58 19:55:14       -6.253759        0.2957
BFGS:   59 19:55:14       -6.257961        0.2340
BFGS:   60 19:55:14       -6.266614        0.1572
BFGS:   61 19:55:14       -6.271144        0.1364
BFGS:   62 19:55:14       -6.275626        0.1386
BFGS:   63 19:55:14       -6.276760        0.1362
BFGS:   64 19:55:14       -6.278106        0.1157
BFGS:   65 19:55:14       -6.279861        0.0873
BFGS:   66 19:55:14       -6.282087        0.1113
BFGS:   67 19:55:14       -6.284321        0.1272
BFGS:   68 19:55:14       -6.286811        0.1674
BFGS:   69 19:55:14       -6.289622        0.1702
BFGS:   70 19:55:14       -6.294179        0.1680
BFGS:   71 19:55:14       -6.306363        0.2635
BFGS:   72 19:55:14       -6.323976        0.3949
BFGS:   73 19:55:14       -6.337721        0.6488
BFGS:   74 19:55:14       -6.354723        0.8894
BFGS:   75 19:55:14       -6.400005        1.0026
BFGS:   76 19:55:14       -6.445397        0.8216
BFGS:   77 19:55:14       -6.477829        0.8494
BFGS:   78 19:55:14       -6.530437        0.6616
BFGS:   79 19:55:14       -6.578589        0.5585
BFGS:   80 19:55:14       -6.611263        0.5135
BFGS:   81 19:55:14       -6.633222        0.3659
BFGS:   82 19:55:14       -6.643424        0.3369
BFGS:   83 19:55:14       -6.664068        0.2940
BFGS:   84 19:55:14       -6.678423        0.2025
BFGS:   85 19:55:14       -6.682877        0.1806
BFGS:   86 19:55:14       -6.689191        0.1614
BFGS:   87 19:55:14       -6.697274        0.1821
BFGS:   88 19:55:14       -6.705681        0.2153
BFGS:   89 19:55:14       -6.712276        0.1295
BFGS:   90 19:55:14       -6.715713        0.0485
      Step     Time          Energy         fmax
BFGS:    0 19:55:14       15.038087       37.4995
BFGS:    1 19:55:14        0.862424       15.2718
BFGS:    2 19:55:14       -2.019001        9.0610
BFGS:    3 19:55:14       -3.876065        3.0894
BFGS:    4 19:55:14       -4.401264        1.3454
BFGS:    5 19:55:14       -4.634459        0.7212
BFGS:    6 19:55:14       -4.707956        0.5899
BFGS:    7 19:55:14       -4.748365        0.6690
BFGS:    8 19:55:14       -4.800354        0.6980
BFGS:    9 19:55:14       -4.877890        0.8036
BFGS:   10 19:55:14       -4.934655        0.8337
BFGS:   11 19:55:14       -5.015869        0.8109
BFGS:   12 19:55:14       -5.061620        0.8977
BFGS:   13 19:55:14       -5.089937        0.6699
BFGS:   14 19:55:14       -5.156196        0.4574
BFGS:   15 19:55:14       -5.177865        0.3297
BFGS:   16 19:55:14       -5.184800        0.3707
BFGS:   17 19:55:14       -5.209294        0.4666
BFGS:   18 19:55:14       -5.225364        0.3089
BFGS:   19 19:55:14       -5.236925        0.3789
BFGS:   20 19:55:14       -5.247323        0.3706
BFGS:   21 19:55:14       -5.265433        0.4747
BFGS:   22 19:55:14       -5.349671        0.8739
BFGS:   23 19:55:14       -5.437674        0.9821
BFGS:   24 19:55:14       -5.595569        0.9375
BFGS:   25 19:55:14       -5.837631        0.8983
BFGS:   26 19:55:14       -5.888470        1.5175
BFGS:   27 19:55:14       -5.954385        0.8041
BFGS:   28 19:55:14       -6.070723        0.8788
BFGS:   29 19:55:14       -6.164845        0.9823
BFGS:   30 19:55:14       -6.265949        0.8724
BFGS:   31 19:55:14       -6.404041        1.2844
BFGS:   32 19:55:14       -6.470129        1.1973
BFGS:   33 19:55:14       -6.597432        0.7681
BFGS:   34 19:55:14       -6.631518        0.8244
BFGS:   35 19:55:14       -6.665991        0.6743
BFGS:   36 19:55:14       -6.728976        0.5424
BFGS:   37 19:55:14       -6.784573        0.4670
BFGS:   38 19:55:14       -6.830656        0.4889
BFGS:   39 19:55:14       -6.858567        0.3326
BFGS:   40 19:55:14       -6.883710        0.3479
BFGS:   41 19:55:14       -6.902553        0.3419
BFGS:   42 19:55:14       -6.925703        0.4824
BFGS:   43 19:55:14       -6.941420        0.5222
BFGS:   44 19:55:14       -6.973124        0.5422
BFGS:   45 19:55:14       -7.010505        0.4728
BFGS:   46 19:55:14       -7.040086        0.4872
BFGS:   47 19:55:14       -7.064937        0.3876
BFGS:   48 19:55:14       -7.078533        0.5416
BFGS:   49 19:55:14       -7.090393        0.5062
BFGS:   50 19:55:14       -7.105386        0.3204
BFGS:   51 19:55:14       -7.114221        0.3121
BFGS:   52 19:55:14       -7.120732        0.2108
BFGS:   53 19:55:14       -7.123086        0.1633
BFGS:   54 19:55:14       -7.125904        0.1280
BFGS:   55 19:55:14       -7.128421        0.0833
BFGS:   56 19:55:14       -7.129608        0.0772
BFGS:   57 19:55:14       -7.129988        0.0813
BFGS:   58 19:55:14       -7.130359        0.0776
BFGS:   59 19:55:14       -7.130782        0.0580
BFGS:   60 19:55:14       -7.131094        0.0317
      Step     Time          Energy         fmax
BFGS:    0 19:55:14       15.495506       29.0346
BFGS:    1 19:55:14        0.333516       11.5218
BFGS:    2 19:55:14       -2.431048        4.8704
BFGS:    3 19:55:14       -3.715610        2.2974
BFGS:    4 19:55:14       -4.235773        0.8799
BFGS:    5 19:55:14       -4.401455        0.7066
BFGS:    6 19:55:14       -4.467423        0.7438
BFGS:    7 19:55:14       -4.523281        0.7885
BFGS:    8 19:55:14       -4.614467        0.7983
BFGS:    9 19:55:14       -4.700475        0.8220
BFGS:   10 19:55:14       -4.805469        0.8011
BFGS:   11 19:55:14       -4.990488        1.8917
BFGS:   12 19:55:14       -5.077275        0.6227
BFGS:   13 19:55:14       -5.113066        0.5587
BFGS:   14 19:55:14       -5.150340        0.6281
BFGS:   15 19:55:14       -5.173259        0.7525
BFGS:   16 19:55:14       -5.214620        0.4209
BFGS:   17 19:55:14       -5.237714        0.3607
BFGS:   18 19:55:14       -5.250170        0.3662
BFGS:   19 19:55:14       -5.277062        0.4512
BFGS:   20 19:55:14       -5.307538        0.5907
BFGS:   21 19:55:14       -5.341957        0.6953
BFGS:   22 19:55:14       -5.403545        1.1060
BFGS:   23 19:55:14       -5.465294        1.4672
BFGS:   24 19:55:14       -5.567584        1.0920
BFGS:   25 19:55:14       -5.675354        0.6642
BFGS:   26 19:55:14       -5.711683        0.5971
BFGS:   27 19:55:14       -5.730948        0.6749
BFGS:   28 19:55:14       -5.762211        0.6374
BFGS:   29 19:55:14       -5.784248        0.3973
BFGS:   30 19:55:14       -5.797814        0.2954
BFGS:   31 19:55:14       -5.805198        0.2350
BFGS:   32 19:55:14       -5.808937        0.1868
BFGS:   33 19:55:14       -5.814992        0.1538
BFGS:   34 19:55:14       -5.817652        0.1467
BFGS:   35 19:55:14       -5.818672        0.1316
BFGS:   36 19:55:14       -5.820562        0.1255
BFGS:   37 19:55:14       -5.824187        0.1597
BFGS:   38 19:55:15       -5.830938        0.2569
BFGS:   39 19:55:15       -5.840268        0.3128
BFGS:   40 19:55:15       -5.850245        0.3404
BFGS:   41 19:55:15       -5.860848        0.3134
BFGS:   42 19:55:15       -5.874882        0.3343
BFGS:   43 19:55:15       -5.900572        0.5493
BFGS:   44 19:55:15       -5.943432        0.8664
BFGS:   45 19:55:15       -5.785355        3.0435
BFGS:   46 19:55:15       -6.161632        0.7898
BFGS:   47 19:55:15       -6.354033        0.5504
BFGS:   48 19:55:15       -6.314325        1.5428
BFGS:   49 19:55:15       -6.418840        0.5485
BFGS:   50 19:55:15       -6.445420        0.5392
BFGS:   51 19:55:15       -6.496704        0.6194
BFGS:   52 19:55:15       -6.538639        0.6602
BFGS:   53 19:55:15       -6.639579        1.7602
BFGS:   54 19:55:15       -6.715895        0.8518
BFGS:   55 19:55:15       -6.764512        0.5730
BFGS:   56 19:55:15       -6.813233        0.3364
BFGS:   57 19:55:15       -6.829136        0.4690
BFGS:   58 19:55:15       -6.838945        0.4306
BFGS:   59 19:55:15       -6.849971        0.3234
BFGS:   60 19:55:15       -6.861771        0.2778
BFGS:   61 19:55:15       -6.876107        0.2213
BFGS:   62 19:55:15       -6.884545        0.2219
BFGS:   63 19:55:15       -6.888812        0.2269
BFGS:   64 19:55:15       -6.892966        0.2031
BFGS:   65 19:55:15       -6.897106        0.1328
BFGS:   66 19:55:15       -6.899048        0.0664
BFGS:   67 19:55:15       -6.899725        0.0335
      Step     Time          Energy         fmax
BFGS:    0 19:55:15       15.423417       32.0876
BFGS:    1 19:55:15        1.485284       13.6917
BFGS:    2 19:55:15       -1.516462       10.7403
BFGS:    3 19:55:15       -3.471266        2.4649
BFGS:    4 19:55:15       -3.840714        1.6256
BFGS:    5 19:55:15       -4.082719        0.7586
BFGS:    6 19:55:15       -4.141605        0.4755
BFGS:    7 19:55:15       -4.175806        0.5269
BFGS:    8 19:55:15       -4.222542        0.6484
BFGS:    9 19:55:15       -4.318375        0.7522
BFGS:   10 19:55:15       -4.380412        0.8906
BFGS:   11 19:55:15       -4.458293        0.6695
BFGS:   12 19:55:15       -4.536904        0.5313
BFGS:   13 19:55:15       -4.568296        0.6245
BFGS:   14 19:55:15       -4.603493        0.7460
BFGS:   15 19:55:15       -4.704652        0.9677
BFGS:   16 19:55:15       -4.782994        0.8752
BFGS:   17 19:55:15       -4.859120        0.8499
BFGS:   18 19:55:15       -4.917113        1.0223
BFGS:   19 19:55:15       -5.063222        1.0401
BFGS:   20 19:55:15       -5.126206        0.7779
BFGS:   21 19:55:15       -5.182765        0.7022
BFGS:   22 19:55:15       -5.317080        0.8658
BFGS:   23 19:55:15       -5.362721        0.9169
BFGS:   24 19:55:15       -5.451155        1.1194
BFGS:   25 19:55:15       -5.571950        0.8351
BFGS:   26 19:55:15       -5.637120        0.7100
BFGS:   27 19:55:15       -5.666289        0.6292
BFGS:   28 19:55:15       -5.701206        0.8300
BFGS:   29 19:55:15       -5.762792        0.5410
BFGS:   30 19:55:15       -5.818611        0.5858
BFGS:   31 19:55:15       -5.875692        0.5288
BFGS:   32 19:55:15       -5.914928        0.4737
BFGS:   33 19:55:15       -5.928943        0.3253
BFGS:   34 19:55:15       -5.940396        0.2629
BFGS:   35 19:55:15       -5.956245        0.1751
BFGS:   36 19:55:15       -5.961756        0.1355
BFGS:   37 19:55:15       -5.963637        0.1032
BFGS:   38 19:55:15       -5.964403        0.0913
BFGS:   39 19:55:15       -5.966431        0.0950
BFGS:   40 19:55:15       -5.968813        0.1360
BFGS:   41 19:55:15       -5.971731        0.1853
BFGS:   42 19:55:15       -5.975079        0.2004
BFGS:   43 19:55:15       -5.980520        0.2520
BFGS:   44 19:55:15       -5.995317        0.3718
BFGS:   45 19:55:15       -6.030520        0.6127
BFGS:   46 19:55:15       -6.119069        0.7723
BFGS:   47 19:55:15       -6.276619        0.8422
BFGS:   48 19:55:15       -6.432686        0.8976
BFGS:   49 19:55:15       -6.483761        1.0851
BFGS:   50 19:55:15       -6.531229        1.3214
BFGS:   51 19:55:15       -6.636445        0.9411
BFGS:   52 19:55:15       -6.799110        1.2924
BFGS:   53 19:55:15       -7.016713        1.6818
BFGS:   54 19:55:15       -7.090014        1.5625
BFGS:   55 19:55:15       -7.193047        1.0273
BFGS:   56 19:55:15       -7.292153        0.8521
BFGS:   57 19:55:15       -7.414679        0.6798
BFGS:   58 19:55:15       -7.477108        0.4328
BFGS:   59 19:55:15       -7.505449        0.3987
BFGS:   60 19:55:15       -7.538926        0.3791
BFGS:   61 19:55:15       -7.547634        0.3208
BFGS:   62 19:55:15       -7.557213        0.2535
BFGS:   63 19:55:15       -7.564882        0.1698
BFGS:   64 19:55:15       -7.571500        0.1604
BFGS:   65 19:55:15       -7.575475        0.1262
BFGS:   66 19:55:15       -7.576946        0.1308
BFGS:   67 19:55:15       -7.577953        0.1147
BFGS:   68 19:55:15       -7.579009        0.0827
BFGS:   69 19:55:15       -7.580036        0.0512
BFGS:   70 19:55:15       -7.580702        0.0415
      Step     Time          Energy         fmax
BFGS:    0 19:55:15       16.039954       40.1604
BFGS:    1 19:55:15        1.036781       20.4373
BFGS:    2 19:55:15       -2.224091       10.1279
BFGS:    3 19:55:15       -3.987292        4.1359
BFGS:    4 19:55:15       -4.609256        2.1759
BFGS:    5 19:55:15       -4.917798        1.0099
BFGS:    6 19:55:15       -5.005108        0.5770
BFGS:    7 19:55:15       -5.039540        0.6137
BFGS:    8 19:55:15       -5.071402        0.6266
BFGS:    9 19:55:15       -5.122852        0.7284
BFGS:   10 19:55:15       -5.173604        0.7001
BFGS:   11 19:55:15       -5.228772        0.8899
BFGS:   12 19:55:15       -5.272446        0.7249
BFGS:   13 19:55:15       -5.289948        0.6769
BFGS:   14 19:55:15       -5.331936        0.5617
BFGS:   15 19:55:15       -5.465902        0.6191
BFGS:   16 19:55:15       -5.523994        0.9469
BFGS:   17 19:55:15       -5.559979        0.6880
BFGS:   18 19:55:15       -5.601518        0.5980
BFGS:   19 19:55:15       -5.666478        0.5990
BFGS:   20 19:55:15       -5.700376        0.7026
BFGS:   21 19:55:15       -5.814517        1.2538
BFGS:   22 19:55:15       -5.918050        1.3291
BFGS:   23 19:55:15       -5.914951        1.1349
BFGS:   24 19:55:15       -6.010089        0.8926
BFGS:   25 19:55:15       -6.069220        0.7697
BFGS:   26 19:55:15       -6.165662        0.7474
BFGS:   27 19:55:15       -6.207699        0.5071
BFGS:   28 19:55:15       -6.226595        0.4362
BFGS:   29 19:55:15       -6.264168        0.5021
BFGS:   30 19:55:15       -6.287054        0.5076
BFGS:   31 19:55:15       -6.318559        0.5425
BFGS:   32 19:55:15       -6.335847        0.4377
BFGS:   33 19:55:15       -6.354055        0.4270
BFGS:   34 19:55:15       -6.367645        0.4249
BFGS:   35 19:55:15       -6.402062        0.4810
BFGS:   36 19:55:15       -6.439536        0.6422
BFGS:   37 19:55:15       -6.455917        0.4919
BFGS:   38 19:55:15       -6.473760        0.4758
BFGS:   39 19:55:15       -6.518521        0.7376
BFGS:   40 19:55:15       -6.580789        0.9554
BFGS:   41 19:55:15       -6.628068        0.9321
BFGS:   42 19:55:15       -6.718239        0.7939
BFGS:   43 19:55:15       -6.820953        0.7059
BFGS:   44 19:55:15       -6.867052        0.5440
BFGS:   45 19:55:15       -6.902319        0.5030
BFGS:   46 19:55:15       -6.921771        0.6718
BFGS:   47 19:55:15       -6.957755        0.3906
BFGS:   48 19:55:15       -7.001623        0.3829
BFGS:   49 19:55:15       -7.050580        0.3222
BFGS:   50 19:55:15       -7.063612        0.3098
BFGS:   51 19:55:15       -7.074543        0.2751
BFGS:   52 19:55:15       -7.088420        0.2685
BFGS:   53 19:55:15       -7.099768        0.2404
BFGS:   54 19:55:15       -7.108670        0.2537
BFGS:   55 19:55:15       -7.114362        0.2296
BFGS:   56 19:55:15       -7.117428        0.1892
BFGS:   57 19:55:15       -7.122178        0.1578
BFGS:   58 19:55:15       -7.126249        0.1439
BFGS:   59 19:55:15       -7.128305        0.0795
BFGS:   60 19:55:15       -7.129004        0.0555
BFGS:   61 19:55:15       -7.129269        0.0478
      Step     Time          Energy         fmax
BFGS:    0 19:55:15       15.386769       34.2924
BFGS:    1 19:55:15       -0.383627       11.2717
BFGS:    2 19:55:15       -2.658262        4.9871
BFGS:    3 19:55:15       -3.900755        2.3444
BFGS:    4 19:55:15       -4.378957        1.0685
BFGS:    5 19:55:15       -4.532880        0.5668
BFGS:    6 19:55:15       -4.584667        0.5633
BFGS:    7 19:55:15       -4.617454        0.5584
BFGS:    8 19:55:15       -4.660875        0.6689
BFGS:    9 19:55:15       -4.716315        0.7693
BFGS:   10 19:55:15       -4.797546        1.1348
BFGS:   11 19:55:15       -4.946375        1.7727
BFGS:   12 19:55:15       -5.041617        1.3879
BFGS:   13 19:55:15       -5.321992        1.7109
BFGS:   14 19:55:15       -5.347017        2.9105
BFGS:   15 19:55:15       -5.439519        0.8441
BFGS:   16 19:55:15       -5.572173        0.6297
BFGS:   17 19:55:15       -5.613185        0.6209
BFGS:   18 19:55:15       -5.636352        0.5432
BFGS:   19 19:55:15       -5.698240        0.4536
BFGS:   20 19:55:15       -5.766679        0.6763
BFGS:   21 19:55:15       -5.813954        0.7458
BFGS:   22 19:55:15       -5.852358        0.8757
BFGS:   23 19:55:15       -5.906342        0.7407
BFGS:   24 19:55:15       -5.941523        0.5083
BFGS:   25 19:55:15       -5.978439        0.6758
BFGS:   26 19:55:15       -5.996988        0.4214
BFGS:   27 19:55:15       -6.015258        0.3888
BFGS:   28 19:55:15       -6.052166        0.5602
BFGS:   29 19:55:15       -6.076852        0.6641
BFGS:   30 19:55:15       -6.142686        0.6204
BFGS:   31 19:55:15       -6.162851        0.4052
BFGS:   32 19:55:15       -6.174336        0.3222
BFGS:   33 19:55:15       -6.188409        0.2777
BFGS:   34 19:55:15       -6.195809        0.2862
BFGS:   35 19:55:15       -6.202567        0.2762
BFGS:   36 19:55:15       -6.207704        0.2016
BFGS:   37 19:55:15       -6.211842        0.1570
BFGS:   38 19:55:15       -6.214432        0.1511
BFGS:   39 19:55:15       -6.218340        0.1261
BFGS:   40 19:55:15       -6.219812        0.0944
BFGS:   41 19:55:15       -6.220735        0.0836
BFGS:   42 19:55:15       -6.221713        0.0748
BFGS:   43 19:55:15       -6.223217        0.0896
BFGS:   44 19:55:15       -6.224473        0.0882
BFGS:   45 19:55:15       -6.225089        0.0649
BFGS:   46 19:55:15       -6.225364        0.0609
BFGS:   47 19:55:15       -6.225614        0.0534
BFGS:   48 19:55:15       -6.225973        0.0470
      Step     Time          Energy         fmax
BFGS:    0 19:55:15       15.771974       38.6138
BFGS:    1 19:55:15        0.689946       14.8708
BFGS:    2 19:55:15       -1.711077        8.9686
BFGS:    3 19:55:15       -3.215989        2.6875
BFGS:    4 19:55:15       -3.725815        1.4357
BFGS:    5 19:55:15       -3.964260        0.6839
BFGS:    6 19:55:15       -4.019780        0.4516
BFGS:    7 19:55:15       -4.038166        0.3627
BFGS:    8 19:55:15       -4.055964        0.3847
BFGS:    9 19:55:15       -4.093421        0.4936
BFGS:   10 19:55:15       -4.171178        0.6667
BFGS:   11 19:55:15       -4.297806        1.4511
BFGS:   12 19:55:15       -4.284130        2.7264
BFGS:   13 19:55:15       -4.426901        1.3699
BFGS:   14 19:55:15       -4.527722        1.0380
BFGS:   15 19:55:15       -4.694754        1.9648
BFGS:   16 19:55:15       -4.782988        0.7575
BFGS:   17 19:55:15       -4.852171        0.6925
BFGS:   18 19:55:15       -4.978881        0.7900
BFGS:   19 19:55:15       -5.000825        0.6020
BFGS:   20 19:55:15       -5.034561        0.4486
BFGS:   21 19:55:15       -5.076614        0.3696
BFGS:   22 19:55:15       -5.087003        0.3255
BFGS:   23 19:55:15       -5.096332        0.3148
BFGS:   24 19:55:15       -5.107840        0.2760
BFGS:   25 19:55:15       -5.119817        0.3245
BFGS:   26 19:55:15       -5.141467        0.4109
BFGS:   27 19:55:15       -5.179987        0.5276
BFGS:   28 19:55:15       -5.234434        0.6970
BFGS:   29 19:55:15       -5.283100        0.9049
BFGS:   30 19:55:15       -5.318909        1.0500
BFGS:   31 19:55:15       -5.375064        1.0210
BFGS:   32 19:55:15       -5.599857        0.7445
BFGS:   33 19:55:15       -5.444499        2.1192
BFGS:   34 19:55:15       -5.712954        0.5855
BFGS:   35 19:55:15       -5.767009        1.1955
BFGS:   36 19:55:15       -5.863874        0.8386
BFGS:   37 19:55:15       -5.932767        0.8901
BFGS:   38 19:55:15       -5.975703        0.5866
BFGS:   39 19:55:15       -6.003634        0.4255
BFGS:   40 19:55:15       -6.040435        0.4688
BFGS:   41 19:55:15       -6.081331        0.4982
BFGS:   42 19:55:15       -6.124202        0.6231
BFGS:   43 19:55:15       -6.150913        0.6264
BFGS:   44 19:55:15       -6.216855        0.6986
BFGS:   45 19:55:15       -6.282322        0.8742
BFGS:   46 19:55:15       -6.374171        1.5553
BFGS:   47 19:55:15       -6.440413        1.1895
BFGS:   48 19:55:15       -6.505094        0.8142
BFGS:   49 19:55:15       -6.553269        0.7129
BFGS:   50 19:55:15       -6.586392        0.5561
BFGS:   51 19:55:15       -6.609685        0.4925
BFGS:   52 19:55:15       -6.652034        0.4086
BFGS:   53 19:55:15       -6.680856        0.4725
BFGS:   54 19:55:15       -6.726616        0.5013
BFGS:   55 19:55:15       -6.750569        0.4605
BFGS:   56 19:55:16       -6.770956        0.4003
BFGS:   57 19:55:16       -6.790942        0.3522
BFGS:   58 19:55:16       -6.825175        0.4832
BFGS:   59 19:55:16       -6.836926        0.3348
BFGS:   60 19:55:16       -6.850679        0.2724
BFGS:   61 19:55:16       -6.857751        0.2692
BFGS:   62 19:55:16       -6.871010        0.2334
BFGS:   63 19:55:16       -6.885787        0.3269
BFGS:   64 19:55:16       -6.895073        0.2883
BFGS:   65 19:55:16       -6.899188        0.1445
BFGS:   66 19:55:16       -6.900426        0.0860
BFGS:   67 19:55:16       -6.901036        0.0874
BFGS:   68 19:55:16       -6.901808        0.0708
BFGS:   69 19:55:16       -6.902356        0.0651
BFGS:   70 19:55:16       -6.902673        0.0499
      Step     Time          Energy         fmax
BFGS:    0 19:55:16       16.944951       40.0176
BFGS:    1 19:55:16        1.762958       10.5421
BFGS:    2 19:55:16       -1.470515        7.0455
BFGS:    3 19:55:16       -3.484369        2.1024
BFGS:    4 19:55:16       -3.900750        1.0345
BFGS:    5 19:55:16       -4.040993        0.4202
BFGS:    6 19:55:16       -4.061634        0.2163
BFGS:    7 19:55:16       -4.065675        0.1924
BFGS:    8 19:55:16       -4.070154        0.2035
BFGS:    9 19:55:16       -4.079934        0.2599
BFGS:   10 19:55:16       -4.094307        0.3334
BFGS:   11 19:55:16       -4.109394        0.5034
BFGS:   12 19:55:16       -4.127451        0.7629
BFGS:   13 19:55:16       -4.182050        1.4051
BFGS:   14 19:55:16       -4.272283        2.2536
BFGS:   15 19:55:16       -4.306179        2.9709
BFGS:   16 19:55:16       -4.410271        1.6200
BFGS:   17 19:55:16       -4.503749        1.0860
BFGS:   18 19:55:16       -4.583948        0.7389
BFGS:   19 19:55:16       -4.603875        0.4752
BFGS:   20 19:55:16       -4.623137        0.4225
BFGS:   21 19:55:16       -4.665704        0.4162
BFGS:   22 19:55:16       -4.698033        0.5138
BFGS:   23 19:55:16       -4.722352        0.7579
BFGS:   24 19:55:16       -4.750314        0.6706
BFGS:   25 19:55:16       -4.838576        0.6293
BFGS:   26 19:55:16       -4.868080        0.5725
BFGS:   27 19:55:16       -4.887913        0.4948
BFGS:   28 19:55:16       -4.908045        0.4883
BFGS:   29 19:55:16       -4.933405        0.4292
BFGS:   30 19:55:16       -4.949250        0.3090
BFGS:   31 19:55:16       -4.954820        0.2397
BFGS:   32 19:55:16       -4.962739        0.1796
BFGS:   33 19:55:16       -4.968339        0.1735
BFGS:   34 19:55:16       -4.974337        0.1982
BFGS:   35 19:55:16       -4.983971        0.3095
BFGS:   36 19:55:16       -5.004564        0.4907
BFGS:   37 19:55:16       -5.066723        0.7827
BFGS:   38 19:55:16       -5.117986        0.9794
BFGS:   39 19:55:16       -5.276911        0.8319
BFGS:   40 19:55:16       -5.360994        1.1786
BFGS:   41 19:55:16       -5.493641        1.2835
BFGS:   42 19:55:16       -5.542777        0.5552
BFGS:   43 19:55:16       -5.578684        0.4559
BFGS:   44 19:55:16       -5.611644        0.6342
BFGS:   45 19:55:16       -5.632447        0.5521
BFGS:   46 19:55:16       -5.682886        0.3225
BFGS:   47 19:55:16       -5.698407        0.3286
BFGS:   48 19:55:16       -5.708563        0.3000
BFGS:   49 19:55:16       -5.716225        0.3072
BFGS:   50 19:55:16       -5.729688        0.2952
BFGS:   51 19:55:16       -5.741069        0.2901
BFGS:   52 19:55:16       -5.750732        0.3076
BFGS:   53 19:55:16       -5.759279        0.2544
BFGS:   54 19:55:16       -5.764053        0.2290
BFGS:   55 19:55:16       -5.775009        0.2158
BFGS:   56 19:55:16       -5.778990        0.1990
BFGS:   57 19:55:16       -5.784295        0.1526
BFGS:   58 19:55:16       -5.786527        0.1521
BFGS:   59 19:55:16       -5.788174        0.1445
BFGS:   60 19:55:16       -5.791397        0.1733
BFGS:   61 19:55:16       -5.801458        0.2916
BFGS:   62 19:55:16       -5.849597        0.5946
BFGS:   63 19:55:16       -5.953507        0.5984
BFGS:   64 19:55:16       -5.805536        2.4391
BFGS:   65 19:55:16       -6.013030        0.6745
BFGS:   66 19:55:16       -6.045871        0.4196
BFGS:   67 19:55:16       -6.085094        0.3717
BFGS:   68 19:55:16       -6.124950        0.3187
BFGS:   69 19:55:16       -6.131873        0.2248
BFGS:   70 19:55:16       -6.142308        0.1809
BFGS:   71 19:55:16       -6.146948        0.1951
BFGS:   72 19:55:16       -6.152835        0.2140
BFGS:   73 19:55:16       -6.158681        0.2002
BFGS:   74 19:55:16       -6.162492        0.1745
BFGS:   75 19:55:16       -6.164647        0.1617
BFGS:   76 19:55:16       -6.167573        0.1470
BFGS:   77 19:55:16       -6.170607        0.1228
BFGS:   78 19:55:16       -6.172693        0.0596
BFGS:   79 19:55:16       -6.173368        0.0383
      Step     Time          Energy         fmax
BFGS:    0 19:55:16       15.445814       38.7551
BFGS:    1 19:55:16       -2.110514        7.2522
BFGS:    2 19:55:16       -3.331261        4.0666
BFGS:    3 19:55:16       -4.285067        1.9824
BFGS:    4 19:55:16       -4.631214        0.8577
BFGS:    5 19:55:16       -4.733461        0.4879
BFGS:    6 19:55:16       -4.763321        0.4486
BFGS:    7 19:55:16       -4.783173        0.4114
BFGS:    8 19:55:16       -4.815525        0.5056
BFGS:    9 19:55:16       -4.857997        0.5884
BFGS:   10 19:55:16       -4.902699        0.6707
BFGS:   11 19:55:16       -4.985538        1.3457
BFGS:   12 19:55:16       -5.041681        1.2561
BFGS:   13 19:55:16       -5.152285        1.0382
BFGS:   14 19:55:16       -5.246664        0.8538
BFGS:   15 19:55:16       -5.298504        0.6329
BFGS:   16 19:55:16       -5.325973        0.6893
BFGS:   17 19:55:16       -5.359696        0.7363
BFGS:   18 19:55:16       -5.410890        0.6564
BFGS:   19 19:55:16       -5.452079        0.5334
BFGS:   20 19:55:16       -5.499106        0.7862
BFGS:   21 19:55:16       -5.535098        0.9382
BFGS:   22 19:55:16       -5.586612        0.9142
BFGS:   23 19:55:16       -5.635028        0.7343
BFGS:   24 19:55:16       -5.679565        0.6486
BFGS:   25 19:55:16       -5.744069        0.6960
BFGS:   26 19:55:16       -5.808039        0.9710
BFGS:   27 19:55:16       -5.852444        0.7740
BFGS:   28 19:55:16       -5.912313        0.6598
BFGS:   29 19:55:16       -5.978942        0.7706
BFGS:   30 19:55:16       -6.006932        0.5320
BFGS:   31 19:55:16       -6.021024        0.4292
BFGS:   32 19:55:16       -6.039542        0.4227
BFGS:   33 19:55:16       -6.063186        0.4745
BFGS:   34 19:55:16       -6.099093        0.5091
BFGS:   35 19:55:16       -6.125045        0.3975
BFGS:   36 19:55:16       -6.138661        0.3996
BFGS:   37 19:55:16       -6.153666        0.3207
BFGS:   38 19:55:16       -6.168816        0.2692
BFGS:   39 19:55:16       -6.187315        0.3497
BFGS:   40 19:55:16       -6.200235        0.3516
BFGS:   41 19:55:16       -6.207778        0.3032
BFGS:   42 19:55:16       -6.213270        0.2026
BFGS:   43 19:55:16       -6.216943        0.1735
BFGS:   44 19:55:16       -6.223424        0.1336
BFGS:   45 19:55:16       -6.226020        0.1305
BFGS:   46 19:55:16       -6.227164        0.1156
BFGS:   47 19:55:16       -6.227857        0.0893
BFGS:   48 19:55:16       -6.228658        0.0447
      Step     Time          Energy         fmax
BFGS:    0 19:55:16       15.458495       37.4880
BFGS:    1 19:55:16       -0.087683       10.5819
BFGS:    2 19:55:16       -2.826800        4.7971
BFGS:    3 19:55:16       -4.160923        2.6192
BFGS:    4 19:55:16       -4.669568        1.2669
BFGS:    5 19:55:16       -4.838056        0.9446
BFGS:    6 19:55:16       -4.896710        0.8205
BFGS:    7 19:55:16       -4.936016        0.7372
BFGS:    8 19:55:16       -4.989304        0.6537
BFGS:    9 19:55:16       -5.061088        1.1287
BFGS:   10 19:55:16       -5.160352        1.6729
BFGS:   11 19:55:16       -5.267961        1.3776
BFGS:   12 19:55:16       -5.355011        1.1193
BFGS:   13 19:55:16       -5.450857        1.1069
BFGS:   14 19:55:16       -5.527623        0.9756
BFGS:   15 19:55:16       -5.556937        0.6040
BFGS:   16 19:55:16       -5.594409        0.5245
BFGS:   17 19:55:16       -5.725441        1.1227
BFGS:   18 19:55:16       -5.796018        0.5929
BFGS:   19 19:55:16       -5.879650        0.4741
BFGS:   20 19:55:16       -5.924408        0.6900
BFGS:   21 19:55:16       -5.947852        0.5073
BFGS:   22 19:55:16       -5.981556        0.3317
BFGS:   23 19:55:16       -6.035677        0.2362
BFGS:   24 19:55:16       -6.042621        0.2493
BFGS:   25 19:55:16       -6.047767        0.2591
BFGS:   26 19:55:16       -6.066918        0.2614
BFGS:   27 19:55:16       -6.076237        0.2898
BFGS:   28 19:55:16       -6.087527        0.3816
BFGS:   29 19:55:16       -6.105964        0.4862
BFGS:   30 19:55:16       -6.164190        0.7348
BFGS:   31 19:55:16       -6.222754        0.8872
BFGS:   32 19:55:16       -6.218923        0.9759
BFGS:   33 19:55:16       -6.280043        0.8587
BFGS:   34 19:55:16       -6.322122        0.8032
BFGS:   35 19:55:16       -6.438763        0.8618
BFGS:   36 19:55:16       -6.488863        0.6750
BFGS:   37 19:55:16       -6.542803        0.6439
BFGS:   38 19:55:16       -6.584958        0.4827
BFGS:   39 19:55:16       -6.618378        0.4611
BFGS:   40 19:55:16       -6.650587        0.4772
BFGS:   41 19:55:16       -6.719271        0.6328
BFGS:   42 19:55:16       -6.756805        0.7304
BFGS:   43 19:55:16       -6.791519        0.6570
BFGS:   44 19:55:16       -6.837217        0.4221
BFGS:   45 19:55:16       -6.852646        0.2034
BFGS:   46 19:55:16       -6.859179        0.1356
BFGS:   47 19:55:16       -6.861355        0.0807
BFGS:   48 19:55:16       -6.861892        0.0801
BFGS:   49 19:55:16       -6.863360        0.0783
BFGS:   50 19:55:16       -6.865104        0.0801
BFGS:   51 19:55:16       -6.866856        0.0995
BFGS:   52 19:55:16       -6.867838        0.0988
BFGS:   53 19:55:16       -6.868653        0.0969
BFGS:   54 19:55:16       -6.870286        0.1267
BFGS:   55 19:55:16       -6.875332        0.2090
BFGS:   56 19:55:16       -6.909724        0.5100
BFGS:   57 19:55:16       -6.945360        0.5563
BFGS:   58 19:55:16       -6.947328        0.6292
BFGS:   59 19:55:16       -6.962484        0.6167
BFGS:   60 19:55:16       -6.957357        0.6544
BFGS:   61 19:55:16       -6.986356        0.5168
BFGS:   62 19:55:16       -6.999291        0.4579
BFGS:   63 19:55:16       -7.028424        0.3980
BFGS:   64 19:55:16       -7.038500        0.1975
BFGS:   65 19:55:16       -7.042534        0.1699
BFGS:   66 19:55:16       -7.047801        0.1679
BFGS:   67 19:55:16       -7.049275        0.1683
BFGS:   68 19:55:16       -7.057020        0.2157
BFGS:   69 19:55:16       -7.061159        0.2377
BFGS:   70 19:55:16       -7.070825        0.2983
BFGS:   71 19:55:16       -7.087347        0.4285
BFGS:   72 19:55:16       -7.110391        0.6462
BFGS:   73 19:55:16       -7.132650        0.5469
BFGS:   74 19:55:16       -7.160918        0.5284
BFGS:   75 19:55:16       -7.198558        0.5598
BFGS:   76 19:55:16       -7.210057        0.6313
BFGS:   77 19:55:16       -7.276934        0.3520
BFGS:   78 19:55:16       -7.305032        0.1767
BFGS:   79 19:55:16       -7.311464        0.1596
BFGS:   80 19:55:16       -7.313555        0.1282
BFGS:   81 19:55:16       -7.314528        0.0967
BFGS:   82 19:55:16       -7.316016        0.0601
BFGS:   83 19:55:16       -7.316572        0.0541
BFGS:   84 19:55:16       -7.317021        0.0319
      Step     Time          Energy         fmax
BFGS:    0 19:55:16       14.326664       33.5627
BFGS:    1 19:55:16        0.524383       10.8989
BFGS:    2 19:55:16       -2.436718        5.6286
BFGS:    3 19:55:16       -4.034320        3.1584
BFGS:    4 19:55:16       -4.492762        1.6183
BFGS:    5 19:55:16       -4.708009        0.9496
BFGS:    6 19:55:16       -4.773795        0.9213
BFGS:    7 19:55:16       -4.819004        0.9290
BFGS:    8 19:55:16       -4.877351        0.8874
BFGS:    9 19:55:16       -4.934442        0.8360
BFGS:   10 19:55:16       -5.000976        0.8781
BFGS:   11 19:55:16       -5.072393        0.8547
BFGS:   12 19:55:16       -5.121061        0.6283
BFGS:   13 19:55:16       -5.143754        0.5848
BFGS:   14 19:55:16       -5.256281        1.4286
BFGS:   15 19:55:16       -5.297223        0.6179
BFGS:   16 19:55:16       -5.332006        0.5747
BFGS:   17 19:55:16       -5.413834        0.8370
BFGS:   18 19:55:16       -5.452078        0.5674
BFGS:   19 19:55:16       -5.485401        0.5922
BFGS:   20 19:55:16       -5.536428        0.9008
BFGS:   21 19:55:16       -5.560637        0.7199
BFGS:   22 19:55:16       -5.586112        0.3938
BFGS:   23 19:55:16       -5.601938        0.3826
BFGS:   24 19:55:16       -5.619363        0.4947
BFGS:   25 19:55:16       -5.645744        0.7446
BFGS:   26 19:55:16       -5.687255        0.9236
BFGS:   27 19:55:16       -5.725775        0.7705
BFGS:   28 19:55:16       -5.766448        0.5166
BFGS:   29 19:55:16       -5.800790        0.5849
BFGS:   30 19:55:16       -5.830831        0.6661
BFGS:   31 19:55:16       -5.903513        1.2984
BFGS:   32 19:55:16       -5.978795        1.6557
BFGS:   33 19:55:16       -6.054358        0.9726
BFGS:   34 19:55:16       -6.109412        0.5822
BFGS:   35 19:55:16       -6.145450        0.6974
BFGS:   36 19:55:16       -6.190362        0.7864
BFGS:   37 19:55:16       -6.246838        0.8307
BFGS:   38 19:55:17       -6.301201        0.5475
BFGS:   39 19:55:17       -6.323101        0.5078
BFGS:   40 19:55:17       -6.335172        0.4778
BFGS:   41 19:55:17       -6.343186        0.3703
BFGS:   42 19:55:17       -6.360185        0.2470
BFGS:   43 19:55:17       -6.365259        0.2852
BFGS:   44 19:55:17       -6.372609        0.3261
BFGS:   45 19:55:17       -6.382088        0.3478
BFGS:   46 19:55:17       -6.404061        0.3730
BFGS:   47 19:55:17       -6.444162        0.4528
BFGS:   48 19:55:17       -6.503607        0.6405
BFGS:   49 19:55:17       -6.601844        0.7620
BFGS:   50 19:55:17       -6.615043        0.8559
BFGS:   51 19:55:17       -6.699414        0.6195
BFGS:   52 19:55:17       -6.742172        0.5953
BFGS:   53 19:55:17       -6.823530        0.7256
BFGS:   54 19:55:17       -6.870270        0.6960
BFGS:   55 19:55:17       -6.927926        0.6519
BFGS:   56 19:55:17       -6.968692        0.4321
BFGS:   57 19:55:17       -7.046812        0.4444
BFGS:   58 19:55:17       -7.062554        0.4031
BFGS:   59 19:55:17       -7.096335        0.3755
BFGS:   60 19:55:17       -7.109815        0.3237
BFGS:   61 19:55:17       -7.119914        0.1994
BFGS:   62 19:55:17       -7.123097        0.1281
BFGS:   63 19:55:17       -7.124376        0.1032
BFGS:   64 19:55:17       -7.125908        0.0927
BFGS:   65 19:55:17       -7.127471        0.0786
BFGS:   66 19:55:17       -7.128401        0.0547
BFGS:   67 19:55:17       -7.128707        0.0545
BFGS:   68 19:55:17       -7.128914        0.0476
      Step     Time          Energy         fmax
BFGS:    0 19:55:17       14.732467       36.7192
BFGS:    1 19:55:17        1.075467       13.8457
BFGS:    2 19:55:17       -2.216988        7.1568
BFGS:    3 19:55:17       -3.798586        3.1092
BFGS:    4 19:55:17       -4.401627        1.4472
BFGS:    5 19:55:17       -4.620666        0.6503
BFGS:    6 19:55:17       -4.686947        0.5748
BFGS:    7 19:55:17       -4.720278        0.5970
BFGS:    8 19:55:17       -4.764048        0.6692
BFGS:    9 19:55:17       -4.840362        0.7151
BFGS:   10 19:55:17       -4.916056        0.7076
BFGS:   11 19:55:17       -5.010097        0.7374
BFGS:   12 19:55:17       -5.080333        1.1641
BFGS:   13 19:55:17       -5.173852        0.6903
BFGS:   14 19:55:17       -5.206203        0.6529
BFGS:   15 19:55:17       -5.410599        1.0885
BFGS:   16 19:55:17       -5.304387        2.4549
BFGS:   17 19:55:17       -5.466683        0.8210
BFGS:   18 19:55:17       -5.528742        0.6339
BFGS:   19 19:55:17       -5.558886        0.6469
BFGS:   20 19:55:17       -5.599686        1.0341
BFGS:   21 19:55:17       -5.637521        0.8155
BFGS:   22 19:55:17       -5.824861        0.7448
BFGS:   23 19:55:17       -5.874042        1.5400
BFGS:   24 19:55:17       -5.936780        0.8379
BFGS:   25 19:55:17       -6.033746        0.8081
BFGS:   26 19:55:17       -6.139787        0.6472
BFGS:   27 19:55:17       -6.180884        0.8111
BFGS:   28 19:55:17       -6.210771        0.8892
BFGS:   29 19:55:17       -6.263042        0.9667
BFGS:   30 19:55:17       -6.323483        0.8390
BFGS:   31 19:55:17       -6.363861        0.7902
BFGS:   32 19:55:17       -6.416993        0.7228
BFGS:   33 19:55:17       -6.502274        0.7687
BFGS:   34 19:55:17       -6.606840        0.8799
BFGS:   35 19:55:17       -6.686894        0.8135
BFGS:   36 19:55:17       -6.773989        0.5481
BFGS:   37 19:55:17       -6.799261        0.5803
BFGS:   38 19:55:17       -6.823644        0.6788
BFGS:   39 19:55:17       -6.849808        0.4647
BFGS:   40 19:55:17       -6.900838        0.3815
BFGS:   41 19:55:17       -6.932579        0.4690
BFGS:   42 19:55:17       -6.948606        0.3105
BFGS:   43 19:55:17       -6.958952        0.2946
BFGS:   44 19:55:17       -6.963961        0.2785
BFGS:   45 19:55:17       -6.976813        0.3281
BFGS:   46 19:55:17       -6.993934        0.4175
BFGS:   47 19:55:17       -7.012805        0.4118
BFGS:   48 19:55:17       -7.029550        0.4501
BFGS:   49 19:55:17       -7.050083        0.6743
BFGS:   50 19:55:17       -7.090583        0.9563
BFGS:   51 19:55:17       -7.135082        1.5994
BFGS:   52 19:55:17       -7.245139        1.2273
BFGS:   53 19:55:17       -7.386138        0.9838
BFGS:   54 19:55:17       -7.474582        0.5595
BFGS:   55 19:55:17       -7.489714        0.5163
BFGS:   56 19:55:17       -7.516627        0.5198
BFGS:   57 19:55:17       -7.544290        0.3499
BFGS:   58 19:55:17       -7.563035        0.2191
BFGS:   59 19:55:17       -7.570815        0.1911
BFGS:   60 19:55:17       -7.574220        0.1498
BFGS:   61 19:55:17       -7.576213        0.1122
BFGS:   62 19:55:17       -7.578140        0.1071
BFGS:   63 19:55:17       -7.579406        0.0964
BFGS:   64 19:55:17       -7.580225        0.0655
BFGS:   65 19:55:17       -7.580513        0.0493
