       Step     Time          Energy         fmax
*Force-consistent energies used in optimization.
GPMin:    0 18:34:52       -5.105675*       0.3550
GPMin:    1 18:35:00       -5.223283*       0.1886
GPMin:    2 18:35:06       -5.299430*       0.1373
GPMin:    3 18:35:12       -5.350794*       0.1217
GPMin:    4 18:35:18       -5.386716*       0.0657
GPMin:    5 18:35:23       -5.399637*       0.0557
GPMin:    6 18:35:28       -5.408931*       0.0415
GPMin:    7 18:35:34       -5.419776*       0.0489
GPMin:    8 18:35:39       -5.436963*       0.0620
GPMin:    9 18:35:44       -5.460016*       0.0789
GPMin:   10 18:35:50       -5.490288*       0.0859
GPMin:   11 18:35:56       -5.514409*       0.0622
GPMin:   12 18:36:01       -5.528188*       0.0558
GPMin:   13 18:36:07       -5.541507*       0.0580
GPMin:   14 18:36:12       -5.556891*       0.0509
GPMin:   15 18:36:18       -5.568836*       0.0417
GPMin:   16 18:36:24       -5.578358*       0.0401
GPMin:   17 18:36:30       -5.587601*       0.0434
GPMin:   18 18:36:35       -5.598359*       0.0539
GPMin:   19 18:36:41       -5.615071*       0.0457
GPMin:   20 18:36:47       -5.634585*       0.0568
GPMin:   21 18:36:52       -5.652411*       0.0672
GPMin:   22 18:36:58       -5.672940*       0.0787
GPMin:   23 18:37:04       -5.700182*       0.0927
GPMin:   24 18:37:11       -5.735248*       0.1012
GPMin:   25 18:37:16       -5.766835*       0.0836
GPMin:   26 18:37:22       -5.788105*       0.0640
GPMin:   27 18:37:28       -5.798812*       0.0637
GPMin:   28 18:37:34       -5.810794*       0.0620
GPMin:   29 18:37:40       -5.823111*       0.0649
GPMin:   30 18:37:46       -5.839175*       0.0764
GPMin:   31 18:37:52       -5.863204*       0.0775
GPMin:   32 18:37:58       -5.883991*       0.0608
GPMin:   33 18:38:03       -5.897489*       0.0464
GPMin:   34 18:38:09       -5.902832*       0.0319
GPMin:   35 18:38:14       -5.904718*       0.0258
GPMin:   36 18:38:19       -5.906680*       0.0249
GPMin:   37 18:38:24       -5.907573*       0.0168
       Step     Time          Energy         fmax
*Force-consistent energies used in optimization.
GPMin:    0 18:38:33       -5.259573*       0.3081
GPMin:    1 18:38:40       -5.389515*       0.1455
GPMin:    2 18:38:46       -5.464148*       0.1659
GPMin:    3 18:38:53       -5.541166*       0.1920
GPMin:    4 18:38:59       -5.612957*       0.1851
GPMin:    5 18:39:06       -5.672569*       0.1488
GPMin:    6 18:39:12       -5.716177*       0.1254
GPMin:    7 18:39:18       -5.756081*       0.1318
GPMin:    8 18:39:24       -5.793084*       0.1188
GPMin:    9 18:39:30       -5.819077*       0.0838
GPMin:   10 18:39:36       -5.834661*       0.0695
GPMin:   11 18:39:41       -5.853168*       0.0742
GPMin:   12 18:39:47       -5.871933*       0.0707
GPMin:   13 18:39:53       -5.889081*       0.0490
GPMin:   14 18:39:59       -5.900539*       0.0368
GPMin:   15 18:40:04       -5.904514*       0.0272
GPMin:   16 18:40:09       -5.905855*       0.0218
GPMin:   17 18:40:15       -5.907348*       0.0203
GPMin:   18 18:40:19       -5.907912*       0.0100
       Step     Time          Energy         fmax
*Force-consistent energies used in optimization.
GPMin:    0 18:40:31       -5.078136*       0.4643
GPMin:    1 18:40:38       -5.194998*       0.1188
GPMin:    2 18:40:46       -5.241081*       0.1324
GPMin:    3 18:40:52       -5.314922*       0.1649
GPMin:    4 18:40:58       -5.383569*       0.1761
GPMin:    5 18:41:04       -5.447543*       0.1441
GPMin:    6 18:41:10       -5.491974*       0.0802
GPMin:    7 18:41:16       -5.517737*       0.0589
GPMin:    8 18:41:22       -5.532463*       0.0550
GPMin:    9 18:41:27       -5.541343*       0.0425
GPMin:   10 18:41:32       -5.547111*       0.0384
GPMin:   11 18:41:37       -5.550079*       0.0309
GPMin:   12 18:41:42       -5.553586*       0.0268
GPMin:   13 18:41:47       -5.557158*       0.0242
GPMin:   14 18:41:51       -5.559630*       0.0175
       Step     Time          Energy         fmax
*Force-consistent energies used in optimization.
GPMin:    0 18:42:02       -5.288326*       0.7146
GPMin:    1 18:42:09       -5.543274*       0.1757
GPMin:    2 18:42:15       -5.582591*       0.1426
GPMin:    3 18:42:21       -5.620758*       0.1090
GPMin:    4 18:42:27       -5.649201*       0.0930
GPMin:    5 18:42:32       -5.665609*       0.0885
GPMin:    6 18:42:37       -5.688154*       0.0764
GPMin:    7 18:42:43       -5.707200*       0.0785
GPMin:    8 18:42:49       -5.734533*       0.0956
GPMin:    9 18:42:55       -5.771394*       0.1167
GPMin:   10 18:43:01       -5.813389*       0.1393
GPMin:   11 18:43:07       -5.855016*       0.1385
GPMin:   12 18:43:12       -5.887015*       0.0949
GPMin:   13 18:43:18       -5.901666*       0.0421
GPMin:   14 18:43:24       -5.905075*       0.0267
GPMin:   15 18:43:29       -5.906718*       0.0162
       Step     Time          Energy         fmax
*Force-consistent energies used in optimization.
GPMin:    0 18:43:39       -5.066876*       0.2921
GPMin:    1 18:43:46       -5.246450*       0.2092
GPMin:    2 18:43:52       -5.359341*       0.1496
GPMin:    3 18:43:59       -5.442977*       0.1393
GPMin:    4 18:44:05       -5.491894*       0.1192
GPMin:    5 18:44:11       -5.516249*       0.0777
GPMin:    6 18:44:17       -5.527766*       0.0500
GPMin:    7 18:44:22       -5.534647*       0.0465
GPMin:    8 18:44:27       -5.543554*       0.0500
GPMin:    9 18:44:32       -5.556285*       0.0628
GPMin:   10 18:44:38       -5.576867*       0.0705
GPMin:   11 18:44:44       -5.601681*       0.0673
GPMin:   12 18:44:50       -5.622659*       0.0547
GPMin:   13 18:44:55       -5.636001*       0.0600
GPMin:   14 18:45:01       -5.647136*       0.0666
GPMin:   15 18:45:06       -5.662894*       0.0694
GPMin:   16 18:45:12       -5.685978*       0.0754
GPMin:   17 18:45:18       -5.709340*       0.0850
GPMin:   18 18:45:24       -5.734946*       0.0956
GPMin:   19 18:45:30       -5.765445*       0.1001
GPMin:   20 18:45:36       -5.792707*       0.0862
GPMin:   21 18:45:42       -5.810026*       0.0645
GPMin:   22 18:45:47       -5.821940*       0.0664
GPMin:   23 18:45:53       -5.835881*       0.0760
GPMin:   24 18:45:59       -5.855750*       0.0723
GPMin:   25 18:46:05       -5.874923*       0.0675
GPMin:   26 18:46:11       -5.890735*       0.0546
GPMin:   27 18:46:17       -5.900391*       0.0353
GPMin:   28 18:46:22       -5.903696*       0.0285
GPMin:   29 18:46:28       -5.905953*       0.0253
GPMin:   30 18:46:33       -5.907474*       0.0160
       Step     Time          Energy         fmax
*Force-consistent energies used in optimization.
GPMin:    0 18:46:43       -5.515339*       0.2468
GPMin:    1 18:46:49       -5.587508*       0.0900
GPMin:    2 18:46:56       -5.609972*       0.0766
GPMin:    3 18:47:02       -5.620550*       0.0651
GPMin:    4 18:47:08       -5.634370*       0.0621
GPMin:    5 18:47:13       -5.658194*       0.0725
GPMin:    6 18:47:19       -5.682247*       0.0735
GPMin:    7 18:47:25       -5.700039*       0.0576
GPMin:    8 18:47:30       -5.709854*       0.0545
GPMin:    9 18:47:36       -5.731379*       0.0489
GPMin:   10 18:47:41       -5.745755*       0.0325
GPMin:   11 18:47:47       -5.753602*       0.0317
GPMin:   12 18:47:52       -5.759709*       0.0235
GPMin:   13 18:47:57       -5.762968*       0.0137
       Step     Time          Energy         fmax
*Force-consistent energies used in optimization.
GPMin:    0 18:48:07       -5.515339*       0.2469
GPMin:    1 18:48:13       -5.587523*       0.0899
GPMin:    2 18:48:20       -5.609941*       0.0768
GPMin:    3 18:48:26       -5.620533*       0.0651
GPMin:    4 18:48:32       -5.634351*       0.0621
GPMin:    5 18:48:38       -5.658175*       0.0725
GPMin:    6 18:48:43       -5.682250*       0.0735
GPMin:    7 18:48:49       -5.700052*       0.0576
GPMin:    8 18:48:54       -5.709870*       0.0545
GPMin:    9 18:49:00       -5.731403*       0.0489
GPMin:   10 18:49:05       -5.745771*       0.0325
GPMin:   11 18:49:11       -5.753606*       0.0317
GPMin:   12 18:49:16       -5.759705*       0.0235
GPMin:   13 18:49:21       -5.762968*       0.0137
       Step     Time          Energy         fmax
*Force-consistent energies used in optimization.
GPMin:    0 18:49:30       -5.289552*       0.8276
GPMin:    1 18:49:37       -5.548070*       0.1936
GPMin:    2 18:49:45       -5.584938*       0.1806
GPMin:    3 18:49:51       -5.636350*       0.1505
GPMin:    4 18:49:58       -5.673516*       0.0736
GPMin:    5 18:50:03       -5.694527*       0.0868
GPMin:    6 18:50:09       -5.714396*       0.0454
GPMin:    7 18:50:15       -5.723190*       0.0349
GPMin:    8 18:50:20       -5.726242*       0.0179
       Step     Time          Energy         fmax
*Force-consistent energies used in optimization.
GPMin:    0 18:50:30       -5.137717*       0.7967
GPMin:    1 18:50:38       -5.457314*       0.2113
GPMin:    2 18:50:44       -5.518025*       0.1784
GPMin:    3 18:50:51       -5.575550*       0.1587
GPMin:    4 18:50:57       -5.618060*       0.1469
GPMin:    5 18:51:03       -5.648246*       0.1341
GPMin:    6 18:51:09       -5.691552*       0.1053
GPMin:    7 18:51:14       -5.719409*       0.0627
GPMin:    8 18:51:20       -5.731023*       0.0521
GPMin:    9 18:51:25       -5.735596*       0.0478
GPMin:   10 18:51:31       -5.741228*       0.0333
GPMin:   11 18:51:36       -5.744158*       0.0220
GPMin:   12 18:51:41       -5.745963*       0.0195
       Step     Time          Energy         fmax
*Force-consistent energies used in optimization.
GPMin:    0 18:51:51       -4.875633*       1.0637
GPMin:    1 18:51:58       -5.289808*       0.3434
GPMin:    2 18:52:04       -5.393156*       0.2208
GPMin:    3 18:52:11       -5.439855*       0.2242
GPMin:    4 18:52:17       -5.505200*       0.2158
GPMin:    5 18:52:22       -5.557982*       0.1917
GPMin:    6 18:52:28       -5.604027*       0.1854
GPMin:    7 18:52:35       -5.652184*       0.1880
GPMin:    8 18:52:41       -5.696176*       0.1453
GPMin:    9 18:52:48       -5.725380*       0.0738
GPMin:   10 18:52:54       -5.736867*       0.0503
GPMin:   11 18:52:59       -5.741254*       0.0396
GPMin:   12 18:53:05       -5.744338*       0.0377
GPMin:   13 18:53:10       -5.747440*       0.0297
GPMin:   14 18:53:15       -5.750512*       0.0214
GPMin:   15 18:53:20       -5.751805*       0.0207
GPMin:   16 18:53:26       -5.753953*       0.0197
       Step     Time          Energy         fmax
*Force-consistent energies used in optimization.
GPMin:    0 18:53:35       -5.202047*       0.2728
GPMin:    1 18:53:42       -5.352686*       0.2029
GPMin:    2 18:53:48       -5.439836*       0.1643
GPMin:    3 18:53:55       -5.514766*       0.1467
GPMin:    4 18:54:01       -5.585917*       0.1392
GPMin:    5 18:54:08       -5.647353*       0.1200
GPMin:    6 18:54:14       -5.690243*       0.0866
GPMin:    7 18:54:20       -5.712875*       0.0762
GPMin:    8 18:54:26       -5.723227*       0.0578
GPMin:    9 18:54:32       -5.729890*       0.0481
GPMin:   10 18:54:38       -5.737659*       0.0479
GPMin:   11 18:54:43       -5.745026*       0.0444
GPMin:   12 18:54:49       -5.752601*       0.0443
GPMin:   13 18:54:55       -5.762144*       0.0358
GPMin:   14 18:55:01       -5.769964*       0.0352
GPMin:   15 18:55:07       -5.778350*       0.0412
GPMin:   16 18:55:13       -5.792917*       0.0495
GPMin:   17 18:55:18       -5.813871*       0.0517
GPMin:   18 18:55:24       -5.836204*       0.0700
GPMin:   19 18:55:30       -5.858590*       0.0804
GPMin:   20 18:55:36       -5.882161*       0.0794
GPMin:   21 18:55:42       -5.898129*       0.0488
GPMin:   22 18:55:48       -5.903596*       0.0278
GPMin:   23 18:55:53       -5.904966*       0.0271
GPMin:   24 18:55:59       -5.907342*       0.0188
       Step     Time          Energy         fmax
*Force-consistent energies used in optimization.
GPMin:    0 18:56:08       -5.715626*       0.2388
GPMin:    1 18:56:15       -5.729464*       0.1595
GPMin:    2 18:56:22       -5.743552*       0.1149
GPMin:    3 18:56:29       -5.753749*       0.0768
GPMin:    4 18:56:42       -5.761466*       0.0370
GPMin:    5 18:56:48       -5.761697*       0.0522
GPMin:    6 18:56:53       -5.763051*       0.0286
GPMin:    7 18:57:04       -5.764213*       0.0063
       Step     Time          Energy         fmax
*Force-consistent energies used in optimization.
GPMin:    0 18:57:14       -5.235705*       0.8222
GPMin:    1 18:57:21       -5.588387*       0.2498
GPMin:    2 18:57:27       -5.674803*       0.2089
GPMin:    3 18:57:34       -5.720423*       0.1758
GPMin:    4 18:57:40       -5.751779*       0.0751
GPMin:    5 18:57:45       -5.757451*       0.0555
GPMin:    6 18:57:51       -5.760822*       0.0266
GPMin:    7 18:57:55       -5.761685*       0.0161
       Step     Time          Energy         fmax
*Force-consistent energies used in optimization.
GPMin:    0 18:58:04       -5.316465*       0.5634
GPMin:    1 18:58:12       -5.471100*       0.1448
GPMin:    2 18:58:18       -5.522651*       0.1124
GPMin:    3 18:58:24       -5.547127*       0.0744
GPMin:    4 18:58:30       -5.561839*       0.0535
GPMin:    5 18:58:36       -5.573583*       0.0542
GPMin:    6 18:58:41       -5.587526*       0.0566
GPMin:    7 18:58:47       -5.612888*       0.0714
GPMin:    8 18:58:53       -5.648541*       0.0828
GPMin:    9 18:58:59       -5.687991*       0.0639
GPMin:   10 18:59:05       -5.711834*       0.0483
GPMin:   11 18:59:10       -5.719559*       0.0505
GPMin:   12 18:59:16       -5.731144*       0.0706
GPMin:   13 18:59:22       -5.749318*       0.0642
GPMin:   14 18:59:27       -5.762295*       0.0616
GPMin:   15 18:59:33       -5.771397*       0.0442
GPMin:   16 18:59:39       -5.781362*       0.0494
GPMin:   17 18:59:45       -5.791381*       0.0569
GPMin:   18 18:59:51       -5.806740*       0.0538
GPMin:   19 18:59:57       -5.825724*       0.0625
GPMin:   20 19:00:03       -5.848957*       0.0746
GPMin:   21 19:00:08       -5.875615*       0.0757
GPMin:   22 19:00:14       -5.894837*       0.0518
GPMin:   23 19:00:19       -5.901848*       0.0364
GPMin:   24 19:00:25       -5.904043*       0.0286
GPMin:   25 19:00:30       -5.906634*       0.0192
       Step     Time          Energy         fmax
*Force-consistent energies used in optimization.
GPMin:    0 19:00:39       -5.565943*       0.1973
GPMin:    1 19:00:46       -5.666513*       0.1308
GPMin:    2 19:00:52       -5.711762*       0.1223
GPMin:    3 19:00:58       -5.743877*       0.0778
GPMin:    4 19:01:04       -5.760940*       0.0409
GPMin:    5 19:01:10       -5.771590*       0.0405
GPMin:    6 19:01:15       -5.783454*       0.0365
GPMin:    7 19:01:21       -5.798608*       0.0531
GPMin:    8 19:01:27       -5.819800*       0.0662
GPMin:    9 19:01:33       -5.848074*       0.0730
GPMin:   10 19:01:39       -5.879782*       0.0702
GPMin:   11 19:01:45       -5.898254*       0.0402
GPMin:   12 19:01:51       -5.903416*       0.0428
GPMin:   13 19:01:56       -5.905694*       0.0382
GPMin:   14 19:02:01       -5.907636*       0.0148
       Step     Time          Energy         fmax
*Force-consistent energies used in optimization.
GPMin:    0 19:02:11       -5.390839*       0.3450
GPMin:    1 19:02:17       -5.512795*       0.1948
GPMin:    2 19:02:24       -5.582645*       0.1129
GPMin:    3 19:02:30       -5.626102*       0.0838
GPMin:    4 19:02:36       -5.661134*       0.0905
GPMin:    5 19:02:41       -5.692147*       0.0903
GPMin:    6 19:02:47       -5.715394*       0.0461
GPMin:    7 19:02:52       -5.721449*       0.0189
       Step     Time          Energy         fmax
*Force-consistent energies used in optimization.
GPMin:    0 19:03:02       -5.582873*       0.2273
GPMin:    1 19:03:09       -5.641227*       0.1695
GPMin:    2 19:03:16       -5.670411*       0.0901
GPMin:    3 19:03:22       -5.692294*       0.0731
GPMin:    4 19:03:27       -5.716281*       0.0598
GPMin:    5 19:03:33       -5.731043*       0.0389
GPMin:    6 19:03:39       -5.740559*       0.0359
GPMin:    7 19:03:46       -5.758285*       0.0453
GPMin:    8 19:03:51       -5.773529*       0.0456
GPMin:    9 19:03:57       -5.786004*       0.0454
GPMin:   10 19:04:03       -5.802262*       0.0483
GPMin:   11 19:04:09       -5.824616*       0.0609
GPMin:   12 19:04:15       -5.853153*       0.0749
GPMin:   13 19:04:21       -5.884217*       0.0673
GPMin:   14 19:04:27       -5.902181*       0.0302
GPMin:   15 19:04:31       -5.904737*       0.0237
GPMin:   16 19:04:36       -5.907237*       0.0181
       Step     Time          Energy         fmax
*Force-consistent energies used in optimization.
GPMin:    0 19:04:47       -5.097763*       0.3713
GPMin:    1 19:04:55       -5.212904*       0.2138
GPMin:    2 19:05:02       -5.300005*       0.1581
GPMin:    3 19:05:07       -5.343951*       0.1143
GPMin:    4 19:05:13       -5.383134*       0.0847
GPMin:    5 19:05:19       -5.421264*       0.0761
GPMin:    6 19:05:25       -5.452283*       0.0609
GPMin:    7 19:05:30       -5.472803*       0.0396
GPMin:    8 19:05:36       -5.483246*       0.0338
GPMin:    9 19:05:41       -5.487750*       0.0306
GPMin:   10 19:05:46       -5.492249*       0.0257
GPMin:   11 19:05:50       -5.495732*       0.0175
       Step     Time          Energy         fmax
*Force-consistent energies used in optimization.
GPMin:    0 19:06:00       -5.615713*       0.4451
GPMin:    1 19:06:06       -5.721815*       0.1078
GPMin:    2 19:06:13       -5.746070*       0.0790
GPMin:    3 19:06:19       -5.757169*       0.0758
GPMin:    4 19:06:26       -5.769774*       0.0447
GPMin:    5 19:06:32       -5.780864*       0.0441
GPMin:    6 19:06:37       -5.795296*       0.0433
GPMin:    7 19:06:43       -5.817399*       0.0562
GPMin:    8 19:06:49       -5.844463*       0.0748
GPMin:    9 19:06:55       -5.875504*       0.0750
GPMin:   10 19:07:01       -5.896552*       0.0461
GPMin:   11 19:07:06       -5.903796*       0.0253
GPMin:   12 19:07:11       -5.906297*       0.0196
       Step     Time          Energy         fmax
*Force-consistent energies used in optimization.
GPMin:    0 19:07:21       -5.337161*       0.2539
GPMin:    1 19:07:28       -5.415622*       0.1792
GPMin:    2 19:07:35       -5.488249*       0.1246
GPMin:    3 19:07:40       -5.527554*       0.0616
GPMin:    4 19:07:46       -5.547340*       0.0363
GPMin:    5 19:07:51       -5.554424*       0.0225
GPMin:    6 19:07:56       -5.557735*       0.0263
GPMin:    7 19:08:01       -5.559941*       0.0205
GPMin:    8 19:08:06       -5.562685*       0.0172
       Step     Time          Energy         fmax
*Force-consistent energies used in optimization.
GPMin:    0 19:08:18       -4.876130*       0.3722
GPMin:    1 19:08:26       -4.982701*       0.1780
GPMin:    2 19:08:35       -5.054401*       0.1433
GPMin:    3 19:08:43       -5.114439*       0.1456
GPMin:    4 19:08:49       -5.172193*       0.1306
GPMin:    5 19:08:56       -5.225334*       0.1153
GPMin:    6 19:09:02       -5.272399*       0.1021
GPMin:    7 19:09:09       -5.310034*       0.0838
GPMin:    8 19:09:14       -5.332678*       0.0798
GPMin:    9 19:09:19       -5.352192*       0.0738
GPMin:   10 19:09:25       -5.372554*       0.0745
GPMin:   11 19:09:31       -5.394673*       0.0659
GPMin:   12 19:09:37       -5.416633*       0.0603
GPMin:   13 19:09:42       -5.438974*       0.0572
GPMin:   14 19:09:47       -5.461063*       0.0556
GPMin:   15 19:09:52       -5.477961*       0.0515
GPMin:   16 19:09:58       -5.490509*       0.0395
GPMin:   17 19:10:04       -5.499340*       0.0387
GPMin:   18 19:10:09       -5.503494*       0.0375
GPMin:   19 19:10:14       -5.506502*       0.0266
GPMin:   20 19:10:19       -5.508195*       0.0261
GPMin:   21 19:10:25       -5.510915*       0.0200
       Step     Time          Energy         fmax
*Force-consistent energies used in optimization.
GPMin:    0 19:10:35       -4.868557*       0.8296
GPMin:    1 19:10:43       -5.137749*       0.1873
GPMin:    2 19:10:50       -5.219752*       0.1896
GPMin:    3 19:10:56       -5.306781*       0.2022
GPMin:    4 19:11:03       -5.366430*       0.2138
GPMin:    5 19:11:09       -5.427695*       0.2103
GPMin:    6 19:11:16       -5.489703*       0.1660
GPMin:    7 19:11:22       -5.525763*       0.0897
GPMin:    8 19:11:27       -5.538361*       0.0648
GPMin:    9 19:11:33       -5.544176*       0.0780
GPMin:   10 19:11:38       -5.555903*       0.0740
GPMin:   11 19:11:43       -5.571303*       0.0689
GPMin:   12 19:11:48       -5.590193*       0.0702
GPMin:   13 19:11:54       -5.608708*       0.0585
GPMin:   14 19:12:00       -5.620196*       0.0566
GPMin:   15 19:12:05       -5.625200*       0.0419
GPMin:   16 19:12:10       -5.628087*       0.0282
GPMin:   17 19:12:15       -5.629793*       0.0272
GPMin:   18 19:12:21       -5.631771*       0.0247
GPMin:   19 19:12:26       -5.634104*       0.0287
GPMin:   20 19:12:31       -5.636734*       0.0258
GPMin:   21 19:12:36       -5.639323*       0.0232
GPMin:   22 19:12:41       -5.641924*       0.0236
GPMin:   23 19:12:46       -5.644899*       0.0230
GPMin:   24 19:12:51       -5.648812*       0.0265
GPMin:   25 19:12:57       -5.653128*       0.0325
GPMin:   26 19:13:02       -5.659756*       0.0418
GPMin:   27 19:13:07       -5.669152*       0.0505
GPMin:   28 19:13:12       -5.682359*       0.0604
GPMin:   29 19:13:17       -5.698583*       0.0723
GPMin:   30 19:13:23       -5.720516*       0.0792
GPMin:   31 19:13:28       -5.739050*       0.0643
GPMin:   32 19:13:34       -5.750977*       0.0355
GPMin:   33 19:13:39       -5.754228*       0.0212
GPMin:   34 19:13:44       -5.755226*       0.0258
GPMin:   35 19:13:49       -5.756434*       0.0185
       Step     Time          Energy         fmax
*Force-consistent energies used in optimization.
GPMin:    0 19:14:00       -5.281253*       0.5753
GPMin:    1 19:14:07       -5.439389*       0.1972
GPMin:    2 19:14:13       -5.495622*       0.1222
GPMin:    3 19:14:20       -5.541492*       0.1010
GPMin:    4 19:14:26       -5.577789*       0.0900
GPMin:    5 19:14:31       -5.617904*       0.1035
GPMin:    6 19:14:37       -5.663617*       0.1162
GPMin:    7 19:14:43       -5.708315*       0.0919
GPMin:    8 19:14:49       -5.732174*       0.0418
GPMin:    9 19:14:54       -5.738431*       0.0360
GPMin:   10 19:14:59       -5.741694*       0.0300
GPMin:   11 19:15:04       -5.743469*       0.0240
GPMin:   12 19:15:09       -5.745348*       0.0160
       Step     Time          Energy         fmax
*Force-consistent energies used in optimization.
GPMin:    0 19:15:19       -5.402218*       0.2481
GPMin:    1 19:15:26       -5.561063*       0.1938
GPMin:    2 19:15:33       -5.669766*       0.1696
GPMin:    3 19:15:39       -5.736826*       0.1288
GPMin:    4 19:15:45       -5.774586*       0.0913
GPMin:    5 19:15:51       -5.809280*       0.0780
GPMin:    6 19:15:57       -5.831952*       0.0665
GPMin:    7 19:16:03       -5.845624*       0.0756
GPMin:    8 19:16:09       -5.864502*       0.0759
GPMin:    9 19:16:15       -5.886967*       0.0569
GPMin:   10 19:16:20       -5.900902*       0.0408
GPMin:   11 19:16:25       -5.903748*       0.0354
GPMin:   12 19:16:30       -5.906375*       0.0269
GPMin:   13 19:16:35       -5.907321*       0.0217
GPMin:   14 19:16:40       -5.908003*       0.0098
       Step     Time          Energy         fmax
*Force-consistent energies used in optimization.
GPMin:    0 19:16:50       -5.537351*       0.2160
GPMin:    1 19:16:57       -5.630935*       0.1393
GPMin:    2 19:17:04       -5.680659*       0.1271
GPMin:    3 19:17:10       -5.715869*       0.0937
GPMin:    4 19:17:16       -5.737438*       0.0474
GPMin:    5 19:17:22       -5.747206*       0.0395
GPMin:    6 19:17:28       -5.756763*       0.0323
GPMin:    7 19:17:34       -5.764751*       0.0353
GPMin:    8 19:17:39       -5.776005*       0.0440
GPMin:    9 19:17:45       -5.790887*       0.0484
GPMin:   10 19:17:51       -5.813009*       0.0567
GPMin:   11 19:17:58       -5.843350*       0.0760
GPMin:   12 19:18:04       -5.876263*       0.0827
GPMin:   13 19:18:10       -5.898429*       0.0478
GPMin:   14 19:18:15       -5.904072*       0.0266
GPMin:   15 19:18:20       -5.906072*       0.0188
       Step     Time          Energy         fmax
*Force-consistent energies used in optimization.
GPMin:    0 19:18:30       -5.338330*       0.6573
GPMin:    1 19:18:37       -5.544792*       0.1777
GPMin:    2 19:18:43       -5.591981*       0.1610
GPMin:    3 19:18:49       -5.642471*       0.0973
GPMin:    4 19:18:56       -5.672603*       0.0853
GPMin:    5 19:19:02       -5.695709*       0.0846
GPMin:    6 19:19:07       -5.718910*       0.0870
GPMin:    7 19:19:13       -5.740461*       0.0771
GPMin:    8 19:19:19       -5.761049*       0.0615
GPMin:    9 19:19:25       -5.775117*       0.0431
GPMin:   10 19:19:31       -5.786386*       0.0430
GPMin:   11 19:19:37       -5.798258*       0.0597
GPMin:   12 19:19:43       -5.811625*       0.0595
GPMin:   13 19:19:49       -5.829951*       0.0674
GPMin:   14 19:19:54       -5.853673*       0.0764
GPMin:   15 19:20:00       -5.878480*       0.0716
GPMin:   16 19:20:05       -5.896575*       0.0483
GPMin:   17 19:20:11       -5.903260*       0.0280
GPMin:   18 19:20:15       -5.904893*       0.0253
GPMin:   19 19:20:20       -5.907258*       0.0185
       Step     Time          Energy         fmax
*Force-consistent energies used in optimization.
GPMin:    0 19:20:30       -5.427281*       0.2071
GPMin:    1 19:20:36       -5.510553*       0.1383
GPMin:    2 19:20:43       -5.571518*       0.1097
GPMin:    3 19:20:49       -5.618617*       0.0878
GPMin:    4 19:20:55       -5.648363*       0.0669
GPMin:    5 19:21:00       -5.664240*       0.0629
GPMin:    6 19:21:06       -5.687319*       0.0693
GPMin:    7 19:21:12       -5.714702*       0.0871
GPMin:    8 19:21:17       -5.744943*       0.1015
GPMin:    9 19:21:23       -5.780198*       0.1067
GPMin:   10 19:21:29       -5.817553*       0.0875
GPMin:   11 19:21:35       -5.838319*       0.0674
GPMin:   12 19:21:41       -5.855075*       0.0742
GPMin:   13 19:21:47       -5.874973*       0.0661
GPMin:   14 19:21:53       -5.890547*       0.0532
GPMin:   15 19:21:58       -5.900926*       0.0329
GPMin:   16 19:22:03       -5.904272*       0.0277
GPMin:   17 19:22:08       -5.906935*       0.0193
       Step     Time          Energy         fmax
*Force-consistent energies used in optimization.
GPMin:    0 19:22:18       -5.102319*       0.3749
GPMin:    1 19:22:25       -5.304518*       0.3480
GPMin:    2 19:22:31       -5.433812*       0.2865
GPMin:    3 19:22:38       -5.538444*       0.2049
GPMin:    4 19:22:46       -5.613159*       0.1488
GPMin:    5 19:22:54       -5.667307*       0.1228
GPMin:    6 19:23:00       -5.699047*       0.1047
GPMin:    7 19:23:07       -5.718797*       0.0871
GPMin:    8 19:23:13       -5.734114*       0.0653
GPMin:    9 19:23:19       -5.742932*       0.0538
GPMin:   10 19:23:25       -5.747641*       0.0412
GPMin:   11 19:23:30       -5.751942*       0.0360
GPMin:   12 19:23:36       -5.756509*       0.0331
GPMin:   13 19:23:42       -5.763380*       0.0301
GPMin:   14 19:23:48       -5.772638*       0.0340
GPMin:   15 19:23:54       -5.783747*       0.0432
GPMin:   16 19:23:59       -5.798768*       0.0515
GPMin:   17 19:24:05       -5.817496*       0.0623
GPMin:   18 19:24:11       -5.839222*       0.0820
GPMin:   19 19:24:17       -5.863668*       0.0833
GPMin:   20 19:24:24       -5.888049*       0.0629
GPMin:   21 19:24:30       -5.898889*       0.0444
GPMin:   22 19:24:35       -5.902812*       0.0392
GPMin:   23 19:24:40       -5.905165*       0.0251
GPMin:   24 19:24:45       -5.906577*       0.0257
GPMin:   25 19:24:50       -5.907726*       0.0143
       Step     Time          Energy         fmax
*Force-consistent energies used in optimization.
GPMin:    0 19:25:02       -5.035904*       0.3518
GPMin:    1 19:25:11       -5.167516*       0.1694
GPMin:    2 19:25:18       -5.231318*       0.1485
GPMin:    3 19:25:25       -5.283301*       0.1222
GPMin:    4 19:25:31       -5.324127*       0.0784
GPMin:    5 19:25:37       -5.348585*       0.0680
GPMin:    6 19:25:43       -5.371171*       0.0668
GPMin:    7 19:25:49       -5.393426*       0.0863
GPMin:    8 19:25:55       -5.420557*       0.0988
GPMin:    9 19:26:01       -5.453400*       0.1063
GPMin:   10 19:26:07       -5.485368*       0.0958
GPMin:   11 19:26:13       -5.513095*       0.0595
GPMin:   12 19:26:19       -5.525141*       0.0443
GPMin:   13 19:26:25       -5.530566*       0.0472
GPMin:   14 19:26:30       -5.536446*       0.0452
GPMin:   15 19:26:35       -5.543572*       0.0277
GPMin:   16 19:26:41       -5.546934*       0.0238
GPMin:   17 19:26:46       -5.549592*       0.0278
GPMin:   18 19:26:51       -5.554843*       0.0325
GPMin:   19 19:26:56       -5.561416*       0.0309
GPMin:   20 19:27:03       -5.570289*       0.0349
GPMin:   21 19:27:08       -5.581415*       0.0396
GPMin:   22 19:27:14       -5.597367*       0.0440
GPMin:   23 19:27:20       -5.620551*       0.0535
GPMin:   24 19:27:26       -5.649155*       0.0683
GPMin:   25 19:27:32       -5.683712*       0.0821
GPMin:   26 19:27:38       -5.724131*       0.0906
GPMin:   27 19:27:44       -5.766564*       0.0962
GPMin:   28 19:27:50       -5.805455*       0.1057
GPMin:   29 19:27:56       -5.833151*       0.1011
GPMin:   30 19:28:02       -5.852810*       0.0798
GPMin:   31 19:28:07       -5.867552*       0.0833
GPMin:   32 19:28:12       -5.880109*       0.0726
GPMin:   33 19:28:18       -5.892381*       0.0533
GPMin:   34 19:28:25       -5.899915*       0.0392
GPMin:   35 19:28:30       -5.903341*       0.0288
GPMin:   36 19:28:35       -5.905709*       0.0320
GPMin:   37 19:28:40       -5.907460*       0.0233
GPMin:   38 19:28:46       -5.908092*       0.0102
       Step     Time          Energy         fmax
*Force-consistent energies used in optimization.
GPMin:    0 19:28:58       -5.297505*       0.4535
GPMin:    1 19:29:05       -5.535533*       0.2697
GPMin:    2 19:29:12       -5.634936*       0.2055
GPMin:    3 19:29:19       -5.702979*       0.1231
GPMin:    4 19:29:26       -5.724245*       0.0808
GPMin:    5 19:29:31       -5.733488*       0.0480
GPMin:    6 19:29:37       -5.741208*       0.0301
GPMin:    7 19:29:42       -5.744166*       0.0321
GPMin:    8 19:29:48       -5.747551*       0.0236
GPMin:    9 19:29:53       -5.750635*       0.0215
GPMin:   10 19:29:59       -5.753124*       0.0191
       Step     Time          Energy         fmax
*Force-consistent energies used in optimization.
GPMin:    0 19:30:10       -5.060215*       0.7283
GPMin:    1 19:30:17       -5.367683*       0.2016
GPMin:    2 19:30:24       -5.460359*       0.1874
GPMin:    3 19:30:31       -5.523289*       0.2002
GPMin:    4 19:30:37       -5.600940*       0.1979
GPMin:    5 19:30:44       -5.661630*       0.1656
GPMin:    6 19:30:50       -5.701929*       0.1005
GPMin:    7 19:30:56       -5.718075*       0.0644
GPMin:    8 19:31:02       -5.722518*       0.0387
GPMin:    9 19:31:07       -5.724343*       0.0169
       Step     Time          Energy         fmax
*Force-consistent energies used in optimization.
GPMin:    0 19:31:17       -5.528256*       0.2055
GPMin:    1 19:31:24       -5.615064*       0.1351
GPMin:    2 19:31:31       -5.653876*       0.0670
GPMin:    3 19:31:37       -5.671951*       0.0624
GPMin:    4 19:31:43       -5.690714*       0.0640
GPMin:    5 19:31:48       -5.711393*       0.0435
GPMin:    6 19:31:54       -5.723039*       0.0272
GPMin:    7 19:32:00       -5.727470*       0.0259
GPMin:    8 19:32:06       -5.736037*       0.0488
GPMin:    9 19:32:12       -5.756697*       0.0666
GPMin:   10 19:32:17       -5.782387*       0.0506
GPMin:   11 19:32:24       -5.798628*       0.0515
GPMin:   12 19:32:30       -5.812478*       0.0597
GPMin:   13 19:32:36       -5.833155*       0.0755
GPMin:   14 19:32:42       -5.860377*       0.0702
GPMin:   15 19:32:48       -5.884357*       0.0644
GPMin:   16 19:32:54       -5.900103*       0.0399
GPMin:   17 19:32:59       -5.904373*       0.0283
GPMin:   18 19:33:05       -5.906602*       0.0244
GPMin:   19 19:33:10       -5.908103*       0.0095
       Step     Time          Energy         fmax
*Force-consistent energies used in optimization.
GPMin:    0 19:33:19       -5.511951*       0.1955
GPMin:    1 19:33:26       -5.624828*       0.1453
GPMin:    2 19:33:32       -5.694580*       0.1170
GPMin:    3 19:33:38       -5.753533*       0.1292
GPMin:    4 19:33:44       -5.799427*       0.1382
GPMin:    5 19:33:51       -5.835686*       0.1251
GPMin:    6 19:33:57       -5.863344*       0.0904
GPMin:    7 19:34:03       -5.880254*       0.0588
GPMin:    8 19:34:09       -5.893757*       0.0432
GPMin:    9 19:34:15       -5.901584*       0.0314
GPMin:   10 19:34:20       -5.904599*       0.0256
GPMin:   11 19:34:25       -5.907076*       0.0167
       Step     Time          Energy         fmax
*Force-consistent energies used in optimization.
GPMin:    0 19:34:35       -5.191627*       0.3430
GPMin:    1 19:34:43       -5.313902*       0.1171
GPMin:    2 19:34:49       -5.346486*       0.1255
GPMin:    3 19:34:55       -5.404476*       0.1269
GPMin:    4 19:35:01       -5.474269*       0.1529
GPMin:    5 19:35:07       -5.556135*       0.1726
GPMin:    6 19:35:14       -5.636810*       0.1652
GPMin:    7 19:35:20       -5.696655*       0.1024
GPMin:    8 19:35:26       -5.721249*       0.0680
GPMin:    9 19:35:31       -5.731603*       0.0691
GPMin:   10 19:35:37       -5.747150*       0.0591
GPMin:   11 19:35:43       -5.753054*       0.0349
GPMin:   12 19:35:49       -5.755930*       0.0322
GPMin:   13 19:35:54       -5.758944*       0.0238
GPMin:   14 19:36:00       -5.761088*       0.0212
GPMin:   15 19:36:04       -5.762248*       0.0169
       Step     Time          Energy         fmax
*Force-consistent energies used in optimization.
GPMin:    0 19:36:14       -5.019274*       0.2969
GPMin:    1 19:36:21       -5.134329*       0.1356
GPMin:    2 19:36:27       -5.196873*       0.1564
GPMin:    3 19:36:34       -5.276175*       0.1758
GPMin:    4 19:36:41       -5.350705*       0.1621
GPMin:    5 19:36:47       -5.405663*       0.1081
GPMin:    6 19:36:53       -5.430537*       0.0668
GPMin:    7 19:36:59       -5.444093*       0.0776
GPMin:    8 19:37:05       -5.464180*       0.0777
GPMin:    9 19:37:11       -5.487225*       0.0893
GPMin:   10 19:37:17       -5.511429*       0.0880
GPMin:   11 19:37:23       -5.535358*       0.0702
GPMin:   12 19:37:29       -5.551362*       0.0466
GPMin:   13 19:37:34       -5.559325*       0.0532
GPMin:   14 19:37:39       -5.573000*       0.0569
GPMin:   15 19:37:45       -5.593019*       0.0644
GPMin:   16 19:37:51       -5.617967*       0.0770
GPMin:   17 19:37:57       -5.650274*       0.0886
GPMin:   18 19:38:03       -5.693024*       0.0943
GPMin:   19 19:38:09       -5.741200*       0.1105
GPMin:   20 19:38:15       -5.787303*       0.1236
GPMin:   21 19:38:21       -5.825083*       0.1233
GPMin:   22 19:38:27       -5.854608*       0.1108
GPMin:   23 19:38:33       -5.877040*       0.0863
GPMin:   24 19:38:38       -5.891574*       0.0634
GPMin:   25 19:38:43       -5.900208*       0.0474
GPMin:   26 19:38:49       -5.903869*       0.0337
GPMin:   27 19:38:54       -5.905831*       0.0244
GPMin:   28 19:38:59       -5.907074*       0.0173
       Step     Time          Energy         fmax
*Force-consistent energies used in optimization.
GPMin:    0 19:39:10       -5.582520*       0.1687
GPMin:    1 19:39:17       -5.638880*       0.1946
GPMin:    2 19:39:24       -5.690836*       0.1074
GPMin:    3 19:39:30       -5.717005*       0.0660
GPMin:    4 19:39:37       -5.745685*       0.0829
GPMin:    5 19:39:43       -5.783299*       0.0826
GPMin:    6 19:39:50       -5.807989*       0.0634
GPMin:    7 19:39:56       -5.822995*       0.0703
GPMin:    8 19:40:02       -5.845896*       0.0689
GPMin:    9 19:40:08       -5.873299*       0.0650
GPMin:   10 19:40:14       -5.894167*       0.0486
GPMin:   11 19:40:20       -5.902827*       0.0323
GPMin:   12 19:40:25       -5.905728*       0.0228
GPMin:   13 19:40:30       -5.907685*       0.0143
       Step     Time          Energy         fmax
*Force-consistent energies used in optimization.
GPMin:    0 19:40:41       -5.517943*       0.8043
GPMin:    1 19:40:47       -5.757287*       0.1538
GPMin:    2 19:40:54       -5.793123*       0.1227
GPMin:    3 19:41:00       -5.829620*       0.0928
GPMin:    4 19:41:06       -5.851574*       0.0894
GPMin:    5 19:41:12       -5.878896*       0.0573
GPMin:    6 19:41:18       -5.893837*       0.0468
GPMin:    7 19:41:23       -5.902262*       0.0306
GPMin:    8 19:41:29       -5.905833*       0.0183
       Step     Time          Energy         fmax
*Force-consistent energies used in optimization.
GPMin:    0 19:41:39       -5.719664*       0.2336
GPMin:    1 19:41:46       -5.736623*       0.1543
GPMin:    2 19:41:53       -5.740344*       0.1340
GPMin:    3 19:42:00       -5.758774*       0.0700
GPMin:    4 19:42:06       -5.759467*       0.0569
GPMin:    5 19:42:26       -5.763853*       0.0084
       Step     Time          Energy         fmax
*Force-consistent energies used in optimization.
GPMin:    0 19:42:35       -5.436892*       0.4648
GPMin:    1 19:42:43       -5.607405*       0.1901
GPMin:    2 19:42:49       -5.698546*       0.1445
GPMin:    3 19:42:56       -5.753635*       0.1248
GPMin:    4 19:43:02       -5.781832*       0.1203
GPMin:    5 19:43:08       -5.813388*       0.1167
GPMin:    6 19:43:14       -5.840572*       0.0928
GPMin:    7 19:43:20       -5.864230*       0.0694
GPMin:    8 19:43:26       -5.883656*       0.0602
GPMin:    9 19:43:31       -5.896090*       0.0477
GPMin:   10 19:43:37       -5.901633*       0.0417
GPMin:   11 19:43:42       -5.905075*       0.0311
GPMin:   12 19:43:48       -5.907174*       0.0179
       Step     Time          Energy         fmax
*Force-consistent energies used in optimization.
GPMin:    0 19:43:57       -5.237535*       0.6970
GPMin:    1 19:44:04       -5.559791*       0.2239
GPMin:    2 19:44:11       -5.616156*       0.0897
GPMin:    3 19:44:16       -5.630912*       0.0876
GPMin:    4 19:44:22       -5.659372*       0.0790
GPMin:    5 19:44:28       -5.685281*       0.0861
GPMin:    6 19:44:35       -5.721951*       0.0809
GPMin:    7 19:44:41       -5.754310*       0.0851
GPMin:    8 19:44:47       -5.786039*       0.0802
GPMin:    9 19:44:52       -5.807107*       0.0595
GPMin:   10 19:44:58       -5.818198*       0.0573
GPMin:   11 19:45:04       -5.833872*       0.0682
GPMin:   12 19:45:10       -5.854254*       0.0814
GPMin:   13 19:45:16       -5.875141*       0.0845
GPMin:   14 19:45:22       -5.893587*       0.0550
GPMin:   15 19:45:28       -5.902004*       0.0346
GPMin:   16 19:45:33       -5.904324*       0.0324
GPMin:   17 19:45:38       -5.907046*       0.0178
       Step     Time          Energy         fmax
*Force-consistent energies used in optimization.
GPMin:    0 19:45:48       -4.941339*       0.5276
GPMin:    1 19:45:55       -5.107299*       0.2293
GPMin:    2 19:46:02       -5.207090*       0.1935
GPMin:    3 19:46:08       -5.288791*       0.1273
GPMin:    4 19:46:15       -5.328542*       0.1297
GPMin:    5 19:46:21       -5.365544*       0.1460
GPMin:    6 19:46:27       -5.404881*       0.1252
GPMin:    7 19:46:33       -5.436467*       0.0895
GPMin:    8 19:46:39       -5.454105*       0.0628
GPMin:    9 19:46:44       -5.462978*       0.0530
GPMin:   10 19:46:50       -5.470984*       0.0402
GPMin:   11 19:46:55       -5.479730*       0.0360
GPMin:   12 19:47:01       -5.487913*       0.0431
GPMin:   13 19:47:06       -5.493055*       0.0745
GPMin:   14 19:47:12       -5.504211*       0.0706
GPMin:   15 19:47:18       -5.512212*       0.0473
GPMin:   16 19:47:23       -5.514105*       0.0285
GPMin:   17 19:47:28       -5.515979*       0.0216
GPMin:   18 19:47:34       -5.517374*       0.0140
       Step     Time          Energy         fmax
*Force-consistent energies used in optimization.
GPMin:    0 19:47:44       -5.464080*       0.8295
GPMin:    1 19:47:51       -5.702558*       0.1336
GPMin:    2 19:47:58       -5.711889*       0.1516
GPMin:    3 19:48:04       -5.742819*       0.0907
GPMin:    4 19:48:10       -5.757570*       0.0664
GPMin:    5 19:48:16       -5.772250*       0.0485
GPMin:    6 19:48:22       -5.782165*       0.0429
GPMin:    7 19:48:28       -5.794804*       0.0460
GPMin:    8 19:48:34       -5.811350*       0.0563
GPMin:    9 19:48:40       -5.834714*       0.0690
GPMin:   10 19:48:46       -5.862749*       0.0776
GPMin:   11 19:48:53       -5.888902*       0.0618
GPMin:   12 19:48:59       -5.901823*       0.0348
GPMin:   13 19:49:04       -5.904148*       0.0282
GPMin:   14 19:49:09       -5.906931*       0.0192
       Step     Time          Energy         fmax
*Force-consistent energies used in optimization.
GPMin:    0 19:49:19       -5.482757*       0.2095
GPMin:    1 19:49:25       -5.619521*       0.1687
GPMin:    2 19:49:32       -5.699882*       0.1138
GPMin:    3 19:49:39       -5.742316*       0.0829
GPMin:    4 19:49:45       -5.781943*       0.1017
GPMin:    5 19:49:51       -5.823785*       0.0939
GPMin:    6 19:49:58       -5.850471*       0.0750
GPMin:    7 19:50:04       -5.868757*       0.0817
GPMin:    8 19:50:10       -5.888548*       0.0551
GPMin:    9 19:50:16       -5.899947*       0.0407
GPMin:   10 19:50:21       -5.904370*       0.0256
GPMin:   11 19:50:26       -5.906340*       0.0229
GPMin:   12 19:50:32       -5.907842*       0.0143
       Step     Time          Energy         fmax
*Force-consistent energies used in optimization.
GPMin:    0 19:50:42       -5.595625*       0.3929
GPMin:    1 19:50:48       -5.705340*       0.1376
GPMin:    2 19:50:55       -5.736504*       0.0842
GPMin:    3 19:51:02       -5.762309*       0.0756
GPMin:    4 19:51:09       -5.790784*       0.0629
GPMin:    5 19:51:15       -5.817624*       0.0611
GPMin:    6 19:51:21       -5.840198*       0.0708
GPMin:    7 19:51:27       -5.863931*       0.0776
GPMin:    8 19:51:32       -5.888740*       0.0592
GPMin:    9 19:51:37       -5.901949*       0.0303
GPMin:   10 19:51:43       -5.905279*       0.0222
GPMin:   11 19:51:48       -5.907155*       0.0170
       Step     Time          Energy         fmax
*Force-consistent energies used in optimization.
GPMin:    0 19:51:58       -5.115248*       0.2336
GPMin:    1 19:52:05       -5.210442*       0.1891
GPMin:    2 19:52:11       -5.281532*       0.1048
GPMin:    3 19:52:17       -5.315637*       0.0859
GPMin:    4 19:52:23       -5.339630*       0.0705
GPMin:    5 19:52:29       -5.366178*       0.0649
GPMin:    6 19:52:35       -5.395373*       0.0670
GPMin:    7 19:52:41       -5.419516*       0.0668
GPMin:    8 19:52:47       -5.442859*       0.0527
GPMin:    9 19:52:53       -5.460113*       0.0600
GPMin:   10 19:52:59       -5.474515*       0.0578
GPMin:   11 19:53:04       -5.483604*       0.0679
GPMin:   12 19:53:10       -5.488466*       0.0467
GPMin:   13 19:53:15       -5.491192*       0.0286
GPMin:   14 19:53:20       -5.492930*       0.0198
       Step     Time          Energy         fmax
*Force-consistent energies used in optimization.
GPMin:    0 19:53:33       -4.904840*       0.6910
GPMin:    1 19:53:41       -5.180335*       0.2629
GPMin:    2 19:53:48       -5.291938*       0.2521
GPMin:    3 19:53:55       -5.377264*       0.1929
GPMin:    4 19:54:01       -5.444300*       0.1533
GPMin:    5 19:54:08       -5.510556*       0.1557
GPMin:    6 19:54:15       -5.577609*       0.1461
GPMin:    7 19:54:21       -5.636905*       0.1364
GPMin:    8 19:54:27       -5.682148*       0.1214
GPMin:    9 19:54:33       -5.712978*       0.0927
GPMin:   10 19:54:39       -5.729292*       0.0534
GPMin:   11 19:54:44       -5.736080*       0.0435
GPMin:   12 19:54:49       -5.740235*       0.0359
GPMin:   13 19:54:55       -5.744824*       0.0324
GPMin:   14 19:55:01       -5.748260*       0.0356
GPMin:   15 19:55:06       -5.753610*       0.0361
GPMin:   16 19:55:12       -5.759110*       0.0264
GPMin:   17 19:55:18       -5.765746*       0.0363
GPMin:   18 19:55:24       -5.773959*       0.0408
GPMin:   19 19:55:29       -5.785302*       0.0567
GPMin:   20 19:55:34       -5.800731*       0.0573
GPMin:   21 19:55:40       -5.816769*       0.0588
GPMin:   22 19:55:46       -5.835356*       0.0708
GPMin:   23 19:55:52       -5.856946*       0.0790
GPMin:   24 19:55:58       -5.879405*       0.0752
GPMin:   25 19:56:03       -5.896106*       0.0570
GPMin:   26 19:56:09       -5.903047*       0.0282
GPMin:   27 19:56:14       -5.904621*       0.0270
GPMin:   28 19:56:20       -5.906815*       0.0272
GPMin:   29 19:56:24       -5.907867*       0.0139
       Step     Time          Energy         fmax
*Force-consistent energies used in optimization.
GPMin:    0 19:56:34       -5.628699*       0.1745
GPMin:    1 19:56:41       -5.718512*       0.0896
GPMin:    2 19:56:48       -5.743520*       0.0410
GPMin:    3 19:56:54       -5.747342*       0.0330
GPMin:    4 19:57:00       -5.753368*       0.0361
GPMin:    5 19:57:06       -5.761917*       0.0359
GPMin:    6 19:57:11       -5.773551*       0.0379
GPMin:    7 19:57:17       -5.788859*       0.0470
GPMin:    8 19:57:23       -5.809189*       0.0600
GPMin:    9 19:57:29       -5.835421*       0.0695
GPMin:   10 19:57:36       -5.866910*       0.0707
GPMin:   11 19:57:42       -5.894684*       0.0434
GPMin:   12 19:57:47       -5.902862*       0.0316
GPMin:   13 19:57:53       -5.905968*       0.0264
GPMin:   14 19:57:58       -5.907627*       0.0137
       Step     Time          Energy         fmax
*Force-consistent energies used in optimization.
GPMin:    0 19:58:07       -5.360609*       0.2515
GPMin:    1 19:58:14       -5.485803*       0.1734
GPMin:    2 19:58:21       -5.556263*       0.1530
GPMin:    3 19:58:27       -5.605464*       0.0802
GPMin:    4 19:58:33       -5.623170*       0.0563
GPMin:    5 19:58:39       -5.634970*       0.0639
GPMin:    6 19:58:44       -5.653467*       0.0673
GPMin:    7 19:58:50       -5.675718*       0.0760
GPMin:    8 19:58:56       -5.699952*       0.0670
GPMin:    9 19:59:01       -5.714842*       0.0418
GPMin:   10 19:59:07       -5.719512*       0.0371
GPMin:   11 19:59:13       -5.727263*       0.0404
GPMin:   12 19:59:19       -5.735545*       0.0319
GPMin:   13 19:59:25       -5.742432*       0.0291
GPMin:   14 19:59:30       -5.747345*       0.0270
GPMin:   15 19:59:35       -5.751451*       0.0247
GPMin:   16 19:59:41       -5.756767*       0.0347
GPMin:   17 19:59:47       -5.768217*       0.0380
GPMin:   18 19:59:52       -5.783980*       0.0455
GPMin:   19 19:59:57       -5.799891*       0.0575
GPMin:   20 20:00:03       -5.815702*       0.0682
GPMin:   21 20:00:08       -5.836790*       0.0742
GPMin:   22 20:00:15       -5.864301*       0.0734
GPMin:   23 20:00:22       -5.889516*       0.0537
GPMin:   24 20:00:28       -5.901037*       0.0348
GPMin:   25 20:00:33       -5.903984*       0.0290
GPMin:   26 20:00:39       -5.906223*       0.0272
GPMin:   27 20:00:44       -5.907592*       0.0155
       Step     Time          Energy         fmax
*Force-consistent energies used in optimization.
GPMin:    0 20:00:55       -4.966664*       0.3782
GPMin:    1 20:01:01       -5.107671*       0.1954
GPMin:    2 20:01:09       -5.165324*       0.1333
GPMin:    3 20:01:16       -5.185038*       0.0609
GPMin:    4 20:01:21       -5.201705*       0.0746
GPMin:    5 20:01:27       -5.219953*       0.0547
GPMin:    6 20:01:33       -5.240546*       0.0446
GPMin:    7 20:01:38       -5.258759*       0.0423
GPMin:    8 20:01:44       -5.277859*       0.0433
GPMin:    9 20:01:50       -5.298822*       0.0502
GPMin:   10 20:01:55       -5.316634*       0.0543
GPMin:   11 20:02:00       -5.337099*       0.0585
GPMin:   12 20:02:05       -5.358413*       0.0628
GPMin:   13 20:02:11       -5.382917*       0.0727
GPMin:   14 20:02:17       -5.409373*       0.0730
GPMin:   15 20:02:23       -5.431324*       0.0585
GPMin:   16 20:02:28       -5.443241*       0.0373
GPMin:   17 20:02:34       -5.446633*       0.0339
GPMin:   18 20:02:39       -5.448073*       0.0267
GPMin:   19 20:02:44       -5.450866*       0.0271
GPMin:   20 20:02:50       -5.454720*       0.0264
GPMin:   21 20:02:55       -5.460705*       0.0277
GPMin:   22 20:03:00       -5.466710*       0.0284
GPMin:   23 20:03:05       -5.474428*       0.0384
GPMin:   24 20:03:11       -5.479999*       0.0503
GPMin:   25 20:03:16       -5.488845*       0.0430
GPMin:   26 20:03:21       -5.493314*       0.0366
GPMin:   27 20:03:26       -5.500279*       0.0354
GPMin:   28 20:03:32       -5.504378*       0.0250
GPMin:   29 20:03:37       -5.507143*       0.0310
GPMin:   30 20:03:42       -5.513019*       0.0192
       Step     Time          Energy         fmax
*Force-consistent energies used in optimization.
GPMin:    0 20:03:52       -5.510469*       0.2939
GPMin:    1 20:04:00       -5.644510*       0.1369
GPMin:    2 20:04:06       -5.679850*       0.0834
GPMin:    3 20:04:12       -5.703810*       0.0789
GPMin:    4 20:04:19       -5.731653*       0.0821
GPMin:    5 20:04:25       -5.760645*       0.0704
GPMin:    6 20:04:31       -5.780832*       0.0482
GPMin:    7 20:04:37       -5.791947*       0.0495
GPMin:    8 20:04:43       -5.805038*       0.0507
GPMin:    9 20:04:49       -5.825073*       0.0674
GPMin:   10 20:04:55       -5.852432*       0.0705
GPMin:   11 20:05:01       -5.880197*       0.0652
GPMin:   12 20:05:06       -5.897968*       0.0469
GPMin:   13 20:05:12       -5.904169*       0.0256
GPMin:   14 20:05:17       -5.906163*       0.0229
GPMin:   15 20:05:22       -5.907846*       0.0150
       Step     Time          Energy         fmax
*Force-consistent energies used in optimization.
GPMin:    0 20:05:33       -5.225789*       0.2581
GPMin:    1 20:05:40       -5.325736*       0.2372
GPMin:    2 20:05:47       -5.406422*       0.1367
GPMin:    3 20:05:53       -5.444633*       0.0865
GPMin:    4 20:05:59       -5.463148*       0.0459
GPMin:    5 20:06:04       -5.470696*       0.0391
GPMin:    6 20:06:09       -5.477124*       0.0324
GPMin:    7 20:06:14       -5.482133*       0.0303
GPMin:    8 20:06:19       -5.489981*       0.0317
GPMin:    9 20:06:25       -5.500250*       0.0283
GPMin:   10 20:06:31       -5.508976*       0.0271
GPMin:   11 20:06:37       -5.514957*       0.0280
GPMin:   12 20:06:42       -5.515016*       0.0492
GPMin:   13 20:06:48       -5.517404*       0.0259
GPMin:   14 20:06:53       -5.519850*       0.0162
       Step     Time          Energy         fmax
*Force-consistent energies used in optimization.
GPMin:    0 20:07:03       -5.158827*       0.6126
GPMin:    1 20:07:10       -5.372110*       0.2891
GPMin:    2 20:07:17       -5.448741*       0.1997
GPMin:    3 20:07:23       -5.512532*       0.1221
GPMin:    4 20:07:30       -5.552216*       0.0714
GPMin:    5 20:07:36       -5.562372*       0.0597
GPMin:    6 20:07:41       -5.571091*       0.0638
GPMin:    7 20:07:46       -5.582644*       0.0706
GPMin:    8 20:07:52       -5.602596*       0.0849
GPMin:    9 20:07:57       -5.631470*       0.1095
GPMin:   10 20:08:03       -5.666690*       0.1290
GPMin:   11 20:08:09       -5.709887*       0.1388
GPMin:   12 20:08:14       -5.750223*       0.1315
GPMin:   13 20:08:21       -5.784387*       0.1213
GPMin:   14 20:08:27       -5.815972*       0.1186
GPMin:   15 20:08:33       -5.848584*       0.1067
GPMin:   16 20:08:39       -5.873868*       0.0755
GPMin:   17 20:08:45       -5.886462*       0.0693
GPMin:   18 20:08:51       -5.895207*       0.0546
GPMin:   19 20:08:56       -5.900279*       0.0399
GPMin:   20 20:09:02       -5.903693*       0.0380
GPMin:   21 20:09:07       -5.905807*       0.0254
GPMin:   22 20:09:12       -5.906901*       0.0161
       Step     Time          Energy         fmax
*Force-consistent energies used in optimization.
GPMin:    0 20:09:23       -5.477288*       0.1336
GPMin:    1 20:09:29       -5.508422*       0.1255
GPMin:    2 20:09:36       -5.531381*       0.0937
GPMin:    3 20:09:43       -5.540392*       0.1128
GPMin:    4 20:09:49       -5.555689*       0.0808
GPMin:    5 20:09:56       -5.562583*       0.0633
GPMin:    6 20:10:02       -5.568430*       0.0651
GPMin:    7 20:10:08       -5.571796*       0.0443
GPMin:    8 20:10:14       -5.575001*       0.0333
GPMin:    9 20:10:19       -5.577384*       0.0184
       Step     Time          Energy         fmax
*Force-consistent energies used in optimization.
GPMin:    0 20:10:32       -4.911456*       0.4460
GPMin:    1 20:10:40       -5.123699*       0.3085
GPMin:    2 20:10:46       -5.219552*       0.1789
GPMin:    3 20:10:53       -5.262112*       0.1108
GPMin:    4 20:10:59       -5.287591*       0.0842
GPMin:    5 20:11:05       -5.310356*       0.0893
GPMin:    6 20:11:10       -5.340731*       0.0862
GPMin:    7 20:11:15       -5.371890*       0.0924
GPMin:    8 20:11:21       -5.401690*       0.0815
GPMin:    9 20:11:28       -5.426527*       0.0538
GPMin:   10 20:11:33       -5.438719*       0.0437
GPMin:   11 20:11:39       -5.446152*       0.0481
GPMin:   12 20:11:44       -5.454636*       0.0414
GPMin:   13 20:11:49       -5.461572*       0.0309
GPMin:   14 20:11:54       -5.468562*       0.0270
GPMin:   15 20:11:59       -5.474659*       0.0237
GPMin:   16 20:12:05       -5.480946*       0.0294
GPMin:   17 20:12:10       -5.488705*       0.0307
GPMin:   18 20:12:15       -5.497760*       0.0288
GPMin:   19 20:12:21       -5.510677*       0.0430
GPMin:   20 20:12:26       -5.527588*       0.0531
GPMin:   21 20:12:32       -5.551247*       0.0658
GPMin:   22 20:12:38       -5.580806*       0.0690
GPMin:   23 20:12:44       -5.609403*       0.0607
GPMin:   24 20:12:49       -5.628133*       0.0570
GPMin:   25 20:12:54       -5.639625*       0.0627
GPMin:   26 20:13:00       -5.649307*       0.0700
GPMin:   27 20:13:06       -5.664446*       0.0822
GPMin:   28 20:13:12       -5.683763*       0.0835
GPMin:   29 20:13:18       -5.700403*       0.0658
GPMin:   30 20:13:24       -5.711253*       0.0383
GPMin:   31 20:13:29       -5.715186*       0.0395
GPMin:   32 20:13:34       -5.721812*       0.0539
GPMin:   33 20:13:40       -5.728979*       0.0434
GPMin:   34 20:13:46       -5.734308*       0.0407
GPMin:   35 20:13:51       -5.738772*       0.0319
GPMin:   36 20:13:56       -5.742690*       0.0299
GPMin:   37 20:14:01       -5.745305*       0.0234
GPMin:   38 20:14:07       -5.747102*       0.0233
GPMin:   39 20:14:11       -5.748802*       0.0273
GPMin:   40 20:14:17       -5.753128*       0.0328
GPMin:   41 20:14:23       -5.760319*       0.0467
GPMin:   42 20:14:28       -5.770336*       0.0377
GPMin:   43 20:14:35       -5.781567*       0.0507
GPMin:   44 20:14:40       -5.791714*       0.0594
GPMin:   45 20:14:45       -5.803812*       0.0632
GPMin:   46 20:14:51       -5.819724*       0.0666
GPMin:   47 20:14:57       -5.841955*       0.0721
GPMin:   48 20:15:03       -5.867137*       0.0731
GPMin:   49 20:15:09       -5.888005*       0.0601
GPMin:   50 20:15:15       -5.899026*       0.0345
GPMin:   51 20:15:21       -5.902577*       0.0287
GPMin:   52 20:15:25       -5.904633*       0.0299
GPMin:   53 20:15:31       -5.906752*       0.0212
GPMin:   54 20:15:35       -5.907462*       0.0160
       Step     Time          Energy         fmax
*Force-consistent energies used in optimization.
GPMin:    0 20:15:46       -5.307417*       0.3026
GPMin:    1 20:15:53       -5.457411*       0.2428
GPMin:    2 20:16:00       -5.552626*       0.2403
GPMin:    3 20:16:07       -5.638387*       0.1968
GPMin:    4 20:16:13       -5.697117*       0.1293
GPMin:    5 20:16:18       -5.738476*       0.0964
GPMin:    6 20:16:24       -5.769860*       0.0876
GPMin:    7 20:16:30       -5.788516*       0.0753
GPMin:    8 20:16:36       -5.803384*       0.0563
GPMin:    9 20:16:42       -5.818309*       0.0616
GPMin:   10 20:16:48       -5.834580*       0.0580
GPMin:   11 20:16:54       -5.856114*       0.0765
GPMin:   12 20:17:00       -5.877353*       0.0765
GPMin:   13 20:17:06       -5.894210*       0.0560
GPMin:   14 20:17:11       -5.902115*       0.0381
GPMin:   15 20:17:16       -5.904574*       0.0292
GPMin:   16 20:17:21       -5.906734*       0.0201
GPMin:   17 20:17:26       -5.907788*       0.0175
       Step     Time          Energy         fmax
*Force-consistent energies used in optimization.
GPMin:    0 20:17:35       -5.618347*       0.1592
GPMin:    1 20:17:42       -5.700858*       0.1408
GPMin:    2 20:17:48       -5.749940*       0.1493
GPMin:    3 20:17:54       -5.796044*       0.1410
GPMin:    4 20:18:01       -5.839420*       0.1251
GPMin:    5 20:18:07       -5.876909*       0.0892
GPMin:    6 20:18:13       -5.896582*       0.0438
GPMin:    7 20:18:19       -5.903517*       0.0273
GPMin:    8 20:18:24       -5.906159*       0.0210
GPMin:    9 20:18:29       -5.907537*       0.0159
       Step     Time          Energy         fmax
*Force-consistent energies used in optimization.
GPMin:    0 20:18:38       -5.236263*       0.4639
GPMin:    1 20:18:45       -5.402015*       0.1951
GPMin:    2 20:18:52       -5.453232*       0.1420
GPMin:    3 20:18:57       -5.496705*       0.1032
GPMin:    4 20:19:03       -5.525065*       0.0883
GPMin:    5 20:19:10       -5.554221*       0.0560
GPMin:    6 20:19:15       -5.563982*       0.0318
GPMin:    7 20:19:21       -5.567928*       0.0279
GPMin:    8 20:19:25       -5.570703*       0.0238
GPMin:    9 20:19:30       -5.572983*       0.0200
       Step     Time          Energy         fmax
*Force-consistent energies used in optimization.
GPMin:    0 20:19:39       -4.804501*       0.4338
GPMin:    1 20:19:46       -5.010065*       0.2248
GPMin:    2 20:19:53       -5.120550*       0.1990
GPMin:    3 20:19:59       -5.213127*       0.1912
GPMin:    4 20:20:05       -5.304743*       0.2018
GPMin:    5 20:20:12       -5.396323*       0.1880
GPMin:    6 20:20:18       -5.477160*       0.1676
GPMin:    7 20:20:25       -5.535449*       0.1214
GPMin:    8 20:20:31       -5.568807*       0.0800
GPMin:    9 20:20:36       -5.587084*       0.0790
GPMin:   10 20:20:41       -5.597022*       0.0514
GPMin:   11 20:20:46       -5.601238*       0.0295
GPMin:   12 20:20:51       -5.603684*       0.0295
GPMin:   13 20:20:56       -5.606792*       0.0363
GPMin:   14 20:21:01       -5.609765*       0.0318
GPMin:   15 20:21:07       -5.613847*       0.0437
GPMin:   16 20:21:12       -5.618234*       0.0428
GPMin:   17 20:21:17       -5.624523*       0.0354
GPMin:   18 20:21:22       -5.632067*       0.0335
GPMin:   19 20:21:27       -5.638815*       0.0385
GPMin:   20 20:21:33       -5.645165*       0.0402
GPMin:   21 20:21:38       -5.652763*       0.0425
GPMin:   22 20:21:43       -5.660463*       0.0398
GPMin:   23 20:21:48       -5.670047*       0.0503
GPMin:   24 20:21:54       -5.684368*       0.0607
GPMin:   25 20:22:00       -5.701935*       0.0852
GPMin:   26 20:22:06       -5.720925*       0.0894
GPMin:   27 20:22:12       -5.741224*       0.0655
GPMin:   28 20:22:18       -5.750031*       0.0433
GPMin:   29 20:22:23       -5.752886*       0.0363
GPMin:   30 20:22:28       -5.755027*       0.0263
GPMin:   31 20:22:33       -5.756062*       0.0235
GPMin:   32 20:22:39       -5.757635*       0.0205
GPMin:   33 20:22:44       -5.758862*       0.0212
GPMin:   34 20:22:49       -5.760277*       0.0197
       Step     Time          Energy         fmax
*Force-consistent energies used in optimization.
GPMin:    0 20:22:59       -5.551419*       0.1643
GPMin:    1 20:23:06       -5.562349*       0.1284
GPMin:    2 20:23:12       -5.568305*       0.1312
GPMin:    3 20:23:19       -5.585329*       0.0944
GPMin:    4 20:23:25       -5.608457*       0.0775
GPMin:    5 20:23:31       -5.634325*       0.0838
GPMin:    6 20:23:36       -5.666721*       0.1288
GPMin:    7 20:23:42       -5.713389*       0.1414
GPMin:    8 20:23:48       -5.771756*       0.1631
GPMin:    9 20:23:54       -5.830128*       0.1509
GPMin:   10 20:24:00       -5.867811*       0.1028
GPMin:   11 20:24:06       -5.886730*       0.0703
GPMin:   12 20:24:12       -5.897086*       0.0458
GPMin:   13 20:24:17       -5.903565*       0.0294
GPMin:   14 20:24:22       -5.906130*       0.0194
       Step     Time          Energy         fmax
*Force-consistent energies used in optimization.
GPMin:    0 20:24:33       -5.402039*       0.3472
GPMin:    1 20:24:39       -5.484714*       0.1767
GPMin:    2 20:24:45       -5.522546*       0.0938
GPMin:    3 20:24:51       -5.544522*       0.0785
GPMin:    4 20:24:57       -5.567451*       0.0717
GPMin:    5 20:25:03       -5.598914*       0.0829
GPMin:    6 20:25:09       -5.635926*       0.0661
GPMin:    7 20:25:16       -5.671056*       0.0708
GPMin:    8 20:25:22       -5.711981*       0.0872
GPMin:    9 20:25:29       -5.758393*       0.0933
GPMin:   10 20:25:36       -5.806226*       0.0793
GPMin:   11 20:25:42       -5.840852*       0.0748
GPMin:   12 20:25:47       -5.865922*       0.0662
GPMin:   13 20:25:53       -5.886257*       0.0623
GPMin:   14 20:25:58       -5.898403*       0.0504
GPMin:   15 20:26:04       -5.903893*       0.0273
GPMin:   16 20:26:09       -5.906223*       0.0224
GPMin:   17 20:26:14       -5.907506*       0.0149
       Step     Time          Energy         fmax
*Force-consistent energies used in optimization.
GPMin:    0 20:26:25       -5.068107*       0.3104
GPMin:    1 20:26:31       -5.180890*       0.1586
GPMin:    2 20:26:37       -5.246337*       0.1675
GPMin:    3 20:26:43       -5.324422*       0.2045
GPMin:    4 20:26:48       -5.413873*       0.2194
GPMin:    5 20:26:55       -5.501800*       0.1704
GPMin:    6 20:27:01       -5.551902*       0.1086
GPMin:    7 20:27:07       -5.572143*       0.1005
GPMin:    8 20:27:13       -5.601891*       0.0939
GPMin:    9 20:27:19       -5.634959*       0.1054
GPMin:   10 20:27:24       -5.674758*       0.1086
GPMin:   11 20:27:30       -5.712229*       0.1253
GPMin:   12 20:27:35       -5.751576*       0.1445
GPMin:   13 20:27:41       -5.795113*       0.1463
GPMin:   14 20:27:47       -5.834435*       0.1154
GPMin:   15 20:27:53       -5.852804*       0.0810
GPMin:   16 20:27:58       -5.862036*       0.0901
GPMin:   17 20:28:04       -5.878989*       0.0710
GPMin:   18 20:28:10       -5.892591*       0.0423
GPMin:   19 20:28:16       -5.900053*       0.0390
GPMin:   20 20:28:21       -5.903945*       0.0323
GPMin:   21 20:28:26       -5.906253*       0.0224
GPMin:   22 20:28:31       -5.907195*       0.0198
       Step     Time          Energy         fmax
*Force-consistent energies used in optimization.
GPMin:    0 20:28:41       -5.409944*       0.1937
GPMin:    1 20:28:48       -5.479710*       0.1641
GPMin:    2 20:28:55       -5.539039*       0.0888
GPMin:    3 20:29:00       -5.566801*       0.0525
GPMin:    4 20:29:06       -5.576409*       0.0253
GPMin:    5 20:29:11       -5.578519*       0.0174
       Step     Time          Energy         fmax
*Force-consistent energies used in optimization.
GPMin:    0 20:29:20       -5.052678*       0.5712
GPMin:    1 20:29:27       -5.241048*       0.1559
GPMin:    2 20:29:33       -5.269166*       0.1467
GPMin:    3 20:29:39       -5.325663*       0.1403
GPMin:    4 20:29:45       -5.376952*       0.1475
GPMin:    5 20:29:51       -5.435123*       0.1120
GPMin:    6 20:29:57       -5.471789*       0.1117
GPMin:    7 20:30:03       -5.500829*       0.1292
GPMin:    8 20:30:08       -5.540604*       0.1557
GPMin:    9 20:30:14       -5.596312*       0.1749
GPMin:   10 20:30:21       -5.666218*       0.1741
GPMin:   11 20:30:27       -5.723835*       0.1298
GPMin:   12 20:30:33       -5.752622*       0.0788
GPMin:   13 20:30:38       -5.765567*       0.0925
GPMin:   14 20:30:43       -5.784143*       0.0798
GPMin:   15 20:30:49       -5.799157*       0.0552
GPMin:   16 20:30:54       -5.812102*       0.0674
GPMin:   17 20:30:59       -5.822843*       0.0728
GPMin:   18 20:31:04       -5.838119*       0.0779
GPMin:   19 20:31:10       -5.860509*       0.0783
GPMin:   20 20:31:16       -5.882714*       0.0671
GPMin:   21 20:31:22       -5.896625*       0.0483
GPMin:   22 20:31:28       -5.901770*       0.0326
GPMin:   23 20:31:33       -5.903469*       0.0284
GPMin:   24 20:31:38       -5.906559*       0.0285
GPMin:   25 20:31:42       -5.907544*       0.0233
GPMin:   26 20:31:48       -5.908126*       0.0098
       Step     Time          Energy         fmax
*Force-consistent energies used in optimization.
GPMin:    0 20:31:58       -5.329397*       0.6546
GPMin:    1 20:32:05       -5.537133*       0.1241
GPMin:    2 20:32:11       -5.549496*       0.0958
GPMin:    3 20:32:17       -5.560785*       0.0632
GPMin:    4 20:32:23       -5.566314*       0.0222
GPMin:    5 20:32:28       -5.568201*       0.0189
       Step     Time          Energy         fmax
*Force-consistent energies used in optimization.
GPMin:    0 20:32:37       -5.253231*       0.5030
GPMin:    1 20:32:44       -5.491332*       0.2207
GPMin:    2 20:32:51       -5.580968*       0.1857
GPMin:    3 20:32:57       -5.653668*       0.1449
GPMin:    4 20:33:04       -5.705485*       0.1223
GPMin:    5 20:33:10       -5.736628*       0.0902
GPMin:    6 20:33:15       -5.754807*       0.0616
GPMin:    7 20:33:21       -5.762825*       0.0426
GPMin:    8 20:33:26       -5.767696*       0.0423
GPMin:    9 20:33:32       -5.774776*       0.0436
GPMin:   10 20:33:37       -5.785073*       0.0488
GPMin:   11 20:33:42       -5.802073*       0.0532
GPMin:   12 20:33:48       -5.821426*       0.0686
GPMin:   13 20:33:54       -5.843188*       0.0886
GPMin:   14 20:34:00       -5.866551*       0.0843
GPMin:   15 20:34:06       -5.886802*       0.0706
GPMin:   16 20:34:12       -5.897613*       0.0496
GPMin:   17 20:34:17       -5.902625*       0.0284
GPMin:   18 20:34:22       -5.905080*       0.0252
GPMin:   19 20:34:27       -5.906943*       0.0226
GPMin:   20 20:34:32       -5.907908*       0.0108
       Step     Time          Energy         fmax
*Force-consistent energies used in optimization.
GPMin:    0 20:34:42       -5.080636*       0.2131
GPMin:    1 20:34:49       -5.162495*       0.1240
GPMin:    2 20:34:55       -5.193653*       0.0877
GPMin:    3 20:35:01       -5.226515*       0.0863
GPMin:    4 20:35:07       -5.265887*       0.1006
GPMin:    5 20:35:13       -5.305253*       0.1086
GPMin:    6 20:35:19       -5.347935*       0.1076
GPMin:    7 20:35:25       -5.390594*       0.0855
GPMin:    8 20:35:31       -5.417461*       0.0479
GPMin:    9 20:35:36       -5.426672*       0.0513
GPMin:   10 20:35:41       -5.437866*       0.0603
GPMin:   11 20:35:47       -5.463856*       0.0806
GPMin:   12 20:35:53       -5.495077*       0.1037
GPMin:   13 20:35:59       -5.533734*       0.1232
GPMin:   14 20:36:05       -5.581632*       0.1280
GPMin:   15 20:36:10       -5.622693*       0.1113
GPMin:   16 20:36:16       -5.648679*       0.0981
GPMin:   17 20:36:22       -5.672491*       0.1064
GPMin:   18 20:36:28       -5.709874*       0.1183
GPMin:   19 20:36:34       -5.740219*       0.1155
GPMin:   20 20:36:40       -5.766956*       0.0898
GPMin:   21 20:36:45       -5.784782*       0.0475
GPMin:   22 20:36:51       -5.793133*       0.0590
GPMin:   23 20:36:56       -5.804147*       0.0593
GPMin:   24 20:37:02       -5.818468*       0.0597
GPMin:   25 20:37:08       -5.836590*       0.0714
GPMin:   26 20:37:14       -5.858117*       0.0847
GPMin:   27 20:37:20       -5.879940*       0.0778
GPMin:   28 20:37:25       -5.894072*       0.0541
GPMin:   29 20:37:31       -5.900408*       0.0392
GPMin:   30 20:37:36       -5.903687*       0.0289
GPMin:   31 20:37:41       -5.905510*       0.0227
GPMin:   32 20:37:46       -5.906897*       0.0246
GPMin:   33 20:37:51       -5.907839*       0.0117
       Step     Time          Energy         fmax
*Force-consistent energies used in optimization.
GPMin:    0 20:38:02       -5.528706*       0.4000
GPMin:    1 20:38:08       -5.612098*       0.1550
GPMin:    2 20:38:15       -5.636285*       0.0975
GPMin:    3 20:38:21       -5.650809*       0.0676
GPMin:    4 20:38:27       -5.664788*       0.0626
GPMin:    5 20:38:33       -5.686780*       0.0637
GPMin:    6 20:38:39       -5.713679*       0.0784
GPMin:    7 20:38:44       -5.741338*       0.0710
GPMin:    8 20:38:50       -5.758001*       0.0278
GPMin:    9 20:38:55       -5.760177*       0.0142
       Step     Time          Energy         fmax
*Force-consistent energies used in optimization.
GPMin:    0 20:39:05       -5.418873*       0.2348
GPMin:    1 20:39:11       -5.489248*       0.1263
GPMin:    2 20:39:17       -5.530225*       0.0685
GPMin:    3 20:39:23       -5.549577*       0.0412
GPMin:    4 20:39:28       -5.557978*       0.0316
GPMin:    5 20:39:33       -5.563278*       0.0332
GPMin:    6 20:39:38       -5.568710*       0.0213
GPMin:    7 20:39:43       -5.572756*       0.0184
       Step     Time          Energy         fmax
*Force-consistent energies used in optimization.
GPMin:    0 20:39:53       -5.475693*       0.3357
GPMin:    1 20:40:00       -5.597611*       0.1887
GPMin:    2 20:40:06       -5.667267*       0.1799
GPMin:    3 20:40:12       -5.722340*       0.1029
GPMin:    4 20:40:18       -5.740799*       0.0267
GPMin:    5 20:40:23       -5.742509*       0.0207
GPMin:    6 20:40:28       -5.743908*       0.0119
       Step     Time          Energy         fmax
*Force-consistent energies used in optimization.
GPMin:    0 20:40:38       -5.174427*       0.8070
GPMin:    1 20:40:45       -5.521554*       0.2511
GPMin:    2 20:40:51       -5.624697*       0.1795
GPMin:    3 20:40:57       -5.691792*       0.1435
GPMin:    4 20:41:03       -5.744585*       0.0843
GPMin:    5 20:41:09       -5.757420*       0.0574
GPMin:    6 20:41:14       -5.766021*       0.0581
GPMin:    7 20:41:20       -5.776202*       0.0454
GPMin:    8 20:41:26       -5.785504*       0.0462
GPMin:    9 20:41:32       -5.795467*       0.0505
GPMin:   10 20:41:38       -5.808228*       0.0584
GPMin:   11 20:41:44       -5.825715*       0.0656
GPMin:   12 20:41:50       -5.848505*       0.0715
GPMin:   13 20:41:56       -5.870718*       0.0767
GPMin:   14 20:42:01       -5.890779*       0.0642
GPMin:   15 20:42:06       -5.900158*       0.0385
GPMin:   16 20:42:12       -5.902741*       0.0282
GPMin:   17 20:42:17       -5.905295*       0.0267
GPMin:   18 20:42:22       -5.907173*       0.0246
GPMin:   19 20:42:27       -5.908009*       0.0116
       Step     Time          Energy         fmax
*Force-consistent energies used in optimization.
GPMin:    0 20:42:37       -5.438531*       0.2122
GPMin:    1 20:42:44       -5.506615*       0.1320
GPMin:    2 20:42:50       -5.544094*       0.0906
GPMin:    3 20:42:57       -5.557385*       0.0324
GPMin:    4 20:43:02       -5.561478*       0.0201
GPMin:    5 20:43:07       -5.564111*       0.0252
GPMin:    6 20:43:12       -5.566846*       0.0189
       Step     Time          Energy         fmax
*Force-consistent energies used in optimization.
GPMin:    0 20:43:22       -5.484702*       0.6039
GPMin:    1 20:43:28       -5.656142*       0.1948
GPMin:    2 20:43:35       -5.685702*       0.1371
GPMin:    3 20:43:41       -5.711190*       0.0689
GPMin:    4 20:43:46       -5.719654*       0.0389
GPMin:    5 20:43:52       -5.729591*       0.0419
GPMin:    6 20:43:58       -5.739522*       0.0352
GPMin:    7 20:44:03       -5.745254*       0.0261
GPMin:    8 20:44:08       -5.747890*       0.0185
       Step     Time          Energy         fmax
*Force-consistent energies used in optimization.
GPMin:    0 20:44:18       -5.464762*       0.3668
GPMin:    1 20:44:25       -5.606604*       0.1809
GPMin:    2 20:44:31       -5.663512*       0.1082
GPMin:    3 20:44:38       -5.699422*       0.0949
GPMin:    4 20:44:44       -5.727186*       0.0600
GPMin:    5 20:44:50       -5.738374*       0.0385
GPMin:    6 20:44:55       -5.745494*       0.0396
GPMin:    7 20:45:01       -5.754849*       0.0475
GPMin:    8 20:45:07       -5.763897*       0.0395
GPMin:    9 20:45:13       -5.773368*       0.0358
GPMin:   10 20:45:19       -5.786451*       0.0419
GPMin:   11 20:45:25       -5.804985*       0.0543
GPMin:   12 20:45:31       -5.828269*       0.0673
GPMin:   13 20:45:37       -5.857165*       0.0740
GPMin:   14 20:45:42       -5.884812*       0.0639
GPMin:   15 20:45:48       -5.900391*       0.0362
GPMin:   16 20:45:54       -5.904937*       0.0229
GPMin:   17 20:45:59       -5.906482*       0.0189
       Step     Time          Energy         fmax
*Force-consistent energies used in optimization.
GPMin:    0 20:46:08       -5.416119*       0.2964
GPMin:    1 20:46:15       -5.572033*       0.2209
GPMin:    2 20:46:21       -5.631326*       0.1335
GPMin:    3 20:46:28       -5.670009*       0.0856
GPMin:    4 20:46:34       -5.699324*       0.0732
GPMin:    5 20:46:39       -5.724337*       0.0579
GPMin:    6 20:46:45       -5.737869*       0.0445
GPMin:    7 20:46:50       -5.745884*       0.0475
GPMin:    8 20:46:56       -5.756986*       0.0379
GPMin:    9 20:47:02       -5.767256*       0.0374
GPMin:   10 20:47:08       -5.776408*       0.0449
GPMin:   11 20:47:14       -5.788243*       0.0464
GPMin:   12 20:47:20       -5.805521*       0.0542
GPMin:   13 20:47:26       -5.828861*       0.0620
GPMin:   14 20:47:31       -5.855472*       0.0762
GPMin:   15 20:47:37       -5.881454*       0.0718
GPMin:   16 20:47:43       -5.899279*       0.0450
GPMin:   17 20:47:48       -5.904262*       0.0246
GPMin:   18 20:47:53       -5.905888*       0.0217
GPMin:   19 20:47:58       -5.907593*       0.0158
       Step     Time          Energy         fmax
*Force-consistent energies used in optimization.
GPMin:    0 20:48:09       -5.433698*       0.3533
GPMin:    1 20:48:16       -5.597806*       0.1713
GPMin:    2 20:48:23       -5.669564*       0.1346
GPMin:    3 20:48:29       -5.715270*       0.0827
GPMin:    4 20:48:35       -5.737109*       0.0486
GPMin:    5 20:48:41       -5.744983*       0.0331
GPMin:    6 20:48:46       -5.747944*       0.0239
GPMin:    7 20:48:51       -5.751897*       0.0260
GPMin:    8 20:48:56       -5.757006*       0.0286
GPMin:    9 20:49:02       -5.766874*       0.0297
GPMin:   10 20:49:08       -5.781303*       0.0394
GPMin:   11 20:49:14       -5.796747*       0.0543
GPMin:   12 20:49:20       -5.817132*       0.0701
GPMin:   13 20:49:27       -5.845827*       0.0737
GPMin:   14 20:49:33       -5.872460*       0.0737
GPMin:   15 20:49:39       -5.892759*       0.0482
GPMin:   16 20:49:45       -5.901973*       0.0340
GPMin:   17 20:49:50       -5.904902*       0.0256
GPMin:   18 20:49:55       -5.906954*       0.0214
GPMin:   19 20:49:59       -5.907874*       0.0110
       Step     Time          Energy         fmax
*Force-consistent energies used in optimization.
GPMin:    0 20:50:09       -5.435093*       0.7356
GPMin:    1 20:50:16       -5.635913*       0.1770
GPMin:    2 20:50:22       -5.683974*       0.1501
GPMin:    3 20:50:28       -5.721722*       0.0764
GPMin:    4 20:50:34       -5.734227*       0.0420
GPMin:    5 20:50:39       -5.739175*       0.0270
GPMin:    6 20:50:44       -5.740829*       0.0157
       Step     Time          Energy         fmax
*Force-consistent energies used in optimization.
GPMin:    0 20:50:53       -5.315515*       0.2051
GPMin:    1 20:50:59       -5.409637*       0.1357
GPMin:    2 20:51:05       -5.447324*       0.0744
GPMin:    3 20:51:11       -5.457317*       0.0646
GPMin:    4 20:51:16       -5.467083*       0.0525
GPMin:    5 20:51:22       -5.477876*       0.0424
GPMin:    6 20:51:28       -5.486177*       0.0610
GPMin:    7 20:51:33       -5.494504*       0.0266
GPMin:    8 20:51:38       -5.500279*       0.0258
GPMin:    9 20:51:43       -5.506113*       0.0269
GPMin:   10 20:51:48       -5.512989*       0.0240
GPMin:   11 20:51:53       -5.516126*       0.0443
GPMin:   12 20:51:59       -5.519784*       0.0589
GPMin:   13 20:52:03       -5.523537*       0.0186
       Step     Time          Energy         fmax
*Force-consistent energies used in optimization.
GPMin:    0 20:52:13       -5.348034*       0.2100
GPMin:    1 20:52:19       -5.427032*       0.2069
GPMin:    2 20:52:26       -5.461063*       0.1157
GPMin:    3 20:52:32       -5.480987*       0.0718
GPMin:    4 20:52:38       -5.490475*       0.0663
GPMin:    5 20:52:43       -5.503265*       0.0344
GPMin:    6 20:52:48       -5.510596*       0.0258
GPMin:    7 20:52:53       -5.515215*       0.0191
       Step     Time          Energy         fmax
*Force-consistent energies used in optimization.
GPMin:    0 20:53:01       -5.475371*       0.2095
GPMin:    1 20:53:08       -5.563066*       0.1072
GPMin:    2 20:53:14       -5.572457*       0.0581
GPMin:    3 20:53:19       -5.573378*       0.0560
GPMin:    4 20:53:25       -5.576520*       0.0132
