      Step     Time          Energy         fmax
BFGS:    0 19:55:29       18.239498       35.0370
BFGS:    1 19:55:29       -0.658937       12.5153
BFGS:    2 19:55:29       -4.001811        8.2225
BFGS:    3 19:55:29       -5.499973        2.5491
BFGS:    4 19:55:29       -5.997297        1.5013
BFGS:    5 19:55:29       -6.196174        0.8625
BFGS:    6 19:55:29       -6.259159        0.7593
BFGS:    7 19:55:29       -6.316070        0.7748
BFGS:    8 19:55:29       -6.421177        0.8010
BFGS:    9 19:55:29       -6.545262        0.9143
BFGS:   10 19:55:29       -6.616429        0.8265
BFGS:   11 19:55:29       -6.716964        1.6169
BFGS:   12 19:55:29       -6.785712        0.6511
BFGS:   13 19:55:29       -6.821967        0.5752
BFGS:   14 19:55:29       -6.941801        1.2914
BFGS:   15 19:55:29       -6.996817        1.1377
BFGS:   16 19:55:29       -7.116070        1.4202
BFGS:   17 19:55:29       -7.268686        1.9164
BFGS:   18 19:55:29       -7.407151        1.3395
BFGS:   19 19:55:29       -7.665353        2.2889
BFGS:   20 19:55:29       -7.532409        2.3990
BFGS:   21 19:55:29       -7.838895        0.7247
BFGS:   22 19:55:29       -7.952255        1.3012
BFGS:   23 19:55:29       -8.055114        1.2016
BFGS:   24 19:55:29       -8.118551        0.4099
BFGS:   25 19:55:29       -8.136913        0.4140
BFGS:   26 19:55:29       -8.164396        0.3972
BFGS:   27 19:55:29       -8.184493        0.4130
BFGS:   28 19:55:29       -8.199816        0.3141
BFGS:   29 19:55:29       -8.214190        0.3006
BFGS:   30 19:55:29       -8.229000        0.3395
BFGS:   31 19:55:29       -8.243753        0.4273
BFGS:   32 19:55:29       -8.264289        0.5233
BFGS:   33 19:55:29       -8.309554        0.5882
BFGS:   34 19:55:29       -8.379306        0.8219
BFGS:   35 19:55:29       -8.328055        1.1670
BFGS:   36 19:55:29       -8.466599        0.9317
BFGS:   37 19:55:29       -8.509099        0.9164
BFGS:   38 19:55:29       -8.599420        0.9859
BFGS:   39 19:55:29       -8.634494        0.6415
BFGS:   40 19:55:29       -8.685932        0.5148
BFGS:   41 19:55:29       -8.719269        0.5957
BFGS:   42 19:55:29       -8.742066        0.4832
BFGS:   43 19:55:29       -8.764741        0.3508
BFGS:   44 19:55:29       -8.773853        0.2561
BFGS:   45 19:55:29       -8.782639        0.2888
BFGS:   46 19:55:29       -8.790795        0.2898
BFGS:   47 19:55:29       -8.797346        0.2139
BFGS:   48 19:55:29       -8.800757        0.1391
BFGS:   49 19:55:29       -8.802003        0.1232
BFGS:   50 19:55:29       -8.802648        0.0817
BFGS:   51 19:55:29       -8.803314        0.0607
BFGS:   52 19:55:29       -8.803945        0.0556
BFGS:   53 19:55:29       -8.804310        0.0469
      Step     Time          Energy         fmax
BFGS:    0 19:55:29       17.736014       33.5312
BFGS:    1 19:55:29        3.967612       16.6966
BFGS:    2 19:55:29       -0.585930       14.1361
BFGS:    3 19:55:29       -3.520073        4.0423
BFGS:    4 19:55:29       -4.314362        2.3485
BFGS:    5 19:55:29       -4.732302        1.0343
BFGS:    6 19:55:29       -4.857541        0.5792
BFGS:    7 19:55:29       -4.891520        0.4057
BFGS:    8 19:55:29       -4.906517        0.3224
BFGS:    9 19:55:29       -4.926187        0.3576
BFGS:   10 19:55:29       -4.958434        0.4055
BFGS:   11 19:55:29       -5.002867        0.4300
BFGS:   12 19:55:29       -5.035108        0.4428
BFGS:   13 19:55:29       -5.048045        0.4585
BFGS:   14 19:55:29       -5.082170        0.3978
BFGS:   15 19:55:29       -5.106861        0.3203
BFGS:   16 19:55:29       -5.138716        0.3511
BFGS:   17 19:55:29       -5.148188        0.3036
BFGS:   18 19:55:29       -5.154804        0.3052
BFGS:   19 19:55:29       -5.164462        0.3169
BFGS:   20 19:55:29       -5.207903        0.3674
BFGS:   21 19:55:29       -5.225681        0.4503
BFGS:   22 19:55:29       -5.261990        0.7415
BFGS:   23 19:55:29       -5.310290        1.0287
BFGS:   24 19:55:29       -5.366172        0.7949
BFGS:   25 19:55:29       -5.459175        0.4064
BFGS:   26 19:55:29       -5.433979        0.8895
BFGS:   27 19:55:29       -5.482457        0.3958
BFGS:   28 19:55:29       -5.489515        0.3934
BFGS:   29 19:55:29       -5.511578        0.3527
BFGS:   30 19:55:29       -5.526069        0.2799
BFGS:   31 19:55:29       -5.545719        0.3552
BFGS:   32 19:55:29       -5.549908        0.2297
BFGS:   33 19:55:29       -5.556160        0.1687
BFGS:   34 19:55:29       -5.561159        0.2035
BFGS:   35 19:55:29       -5.566337        0.2454
BFGS:   36 19:55:29       -5.571492        0.3211
BFGS:   37 19:55:29       -5.581577        0.4019
BFGS:   38 19:55:29       -5.614713        0.6359
BFGS:   39 19:55:29       -5.674712        0.8669
BFGS:   40 19:55:29       -5.682038        0.8732
BFGS:   41 19:55:29       -5.718507        0.8463
BFGS:   42 19:55:30       -5.747978        0.8097
BFGS:   43 19:55:30       -5.953675        0.8687
BFGS:   44 19:55:30       -5.996930        0.5375
BFGS:   45 19:55:30       -6.021500        0.5743
BFGS:   46 19:55:30       -6.036108        0.4636
BFGS:   47 19:55:30       -6.055561        0.4910
BFGS:   48 19:55:30       -6.093762        0.7064
BFGS:   49 19:55:30       -6.192818        1.2072
BFGS:   50 19:55:30       -6.193010        0.8131
BFGS:   51 19:55:30       -6.429005        0.8023
BFGS:   52 19:55:30       -6.585299        0.7530
BFGS:   53 19:55:30       -6.690142        0.7148
BFGS:   54 19:55:30       -6.752037        0.6523
BFGS:   55 19:55:30       -6.781585        0.6236
BFGS:   56 19:55:30       -6.811453        0.5169
BFGS:   57 19:55:30       -6.846206        0.4295
BFGS:   58 19:55:30       -6.885705        0.6396
BFGS:   59 19:55:30       -6.909893        0.6609
BFGS:   60 19:55:30       -6.934510        0.6947
BFGS:   61 19:55:30       -6.989184        0.7550
BFGS:   62 19:55:30       -7.058617        0.8051
BFGS:   63 19:55:30       -7.148262        0.9021
BFGS:   64 19:55:30       -7.297337        1.1873
BFGS:   65 19:55:30       -7.342339        1.3556
BFGS:   66 19:55:30       -7.423485        0.8663
BFGS:   67 19:55:30       -7.470782        0.6306
BFGS:   68 19:55:30       -7.581430        0.7712
BFGS:   69 19:55:30       -7.683426        1.4142
BFGS:   70 19:55:30       -7.755207        0.9343
BFGS:   71 19:55:30       -7.866686        0.6133
BFGS:   72 19:55:30       -8.009518        0.7278
BFGS:   73 19:55:30       -8.058659        0.8115
BFGS:   74 19:55:30       -8.126756        0.7062
BFGS:   75 19:55:30       -8.179169        0.6904
BFGS:   76 19:55:30       -8.226908        0.6060
BFGS:   77 19:55:30       -8.274846        0.5768
BFGS:   78 19:55:30       -8.309626        0.5528
BFGS:   79 19:55:30       -8.366712        0.4619
BFGS:   80 19:55:30       -8.375895        0.4923
BFGS:   81 19:55:30       -8.386860        0.2338
BFGS:   82 19:55:30       -8.390751        0.3250
BFGS:   83 19:55:30       -8.394329        0.2999
BFGS:   84 19:55:30       -8.406918        0.1822
BFGS:   85 19:55:30       -8.418331        0.2284
BFGS:   86 19:55:30       -8.459621        0.4226
BFGS:   87 19:55:30       -8.517622        0.3787
BFGS:   88 19:55:30       -8.396977        1.5829
BFGS:   89 19:55:30       -8.540596        0.4820
BFGS:   90 19:55:30       -8.554400        0.2988
BFGS:   91 19:55:30       -8.572139        0.2403
BFGS:   92 19:55:30       -8.580136        0.2177
BFGS:   93 19:55:30       -8.584737        0.1733
BFGS:   94 19:55:30       -8.586932        0.1585
BFGS:   95 19:55:30       -8.593541        0.1342
BFGS:   96 19:55:30       -8.595626        0.1532
BFGS:   97 19:55:30       -8.606383        0.2012
BFGS:   98 19:55:30       -8.619546        0.3463
BFGS:   99 19:55:30       -8.657365        0.6553
BFGS:  100 19:55:30       -8.698129        0.9247
BFGS:  101 19:55:30       -8.714319        1.3376
BFGS:  102 19:55:30       -8.752438        0.9405
BFGS:  103 19:55:30       -8.813111        0.7219
BFGS:  104 19:55:30       -8.938306        0.6808
BFGS:  105 19:55:30       -8.984393        0.4361
BFGS:  106 19:55:30       -8.998136        0.6454
BFGS:  107 19:55:30       -9.042328        0.3797
BFGS:  108 19:55:30       -9.060283        0.2803
BFGS:  109 19:55:30       -9.079396        0.1801
BFGS:  110 19:55:30       -9.085461        0.1311
BFGS:  111 19:55:30       -9.088393        0.1378
BFGS:  112 19:55:30       -9.089822        0.1387
BFGS:  113 19:55:30       -9.091948        0.1164
BFGS:  114 19:55:30       -9.093774        0.0978
BFGS:  115 19:55:30       -9.094945        0.0794
BFGS:  116 19:55:30       -9.095542        0.0602
BFGS:  117 19:55:30       -9.095881        0.0474
      Step     Time          Energy         fmax
BFGS:    0 19:55:30       17.127697       33.2445
BFGS:    1 19:55:30       -0.493709       13.5539
BFGS:    2 19:55:30       -3.407782        5.3695
BFGS:    3 19:55:30       -4.915038        2.1694
BFGS:    4 19:55:30       -5.468973        1.2700
BFGS:    5 19:55:30       -5.726713        0.9060
BFGS:    6 19:55:30       -5.813746        0.7624
BFGS:    7 19:55:30       -5.866014        0.6686
BFGS:    8 19:55:30       -5.921511        0.6217
BFGS:    9 19:55:30       -5.990170        0.6913
BFGS:   10 19:55:30       -6.093244        0.7258
BFGS:   11 19:55:30       -6.168913        0.8364
BFGS:   12 19:55:30       -6.205532        0.6536
BFGS:   13 19:55:30       -6.376497        0.6604
BFGS:   14 19:55:30       -6.628808        1.0251
BFGS:   15 19:55:30       -6.869801        1.3091
BFGS:   16 19:55:30       -7.017424        1.3622
BFGS:   17 19:55:30       -7.099680        1.2882
BFGS:   18 19:55:30       -7.488101        1.5155
BFGS:   19 19:55:30       -7.604054        0.9995
BFGS:   20 19:55:30       -7.662969        0.7155
BFGS:   21 19:55:30       -7.758089        1.0045
BFGS:   22 19:55:30       -7.826909        0.6444
BFGS:   23 19:55:30       -7.883120        0.5414
BFGS:   24 19:55:30       -7.902591        0.4451
BFGS:   25 19:55:30       -7.922977        0.3530
BFGS:   26 19:55:30       -7.951726        0.3589
BFGS:   27 19:55:30       -7.963639        0.2995
BFGS:   28 19:55:30       -7.970637        0.2689
BFGS:   29 19:55:30       -7.977019        0.2799
BFGS:   30 19:55:30       -7.991237        0.3268
BFGS:   31 19:55:30       -8.008364        0.4001
BFGS:   32 19:55:30       -8.024013        0.3657
BFGS:   33 19:55:30       -8.034372        0.3235
BFGS:   34 19:55:30       -8.049633        0.3947
BFGS:   35 19:55:30       -8.082337        0.6441
BFGS:   36 19:55:30       -8.140610        0.9360
BFGS:   37 19:55:30       -8.210265        0.9652
BFGS:   38 19:55:30       -8.279654        0.7787
BFGS:   39 19:55:30       -8.336230        0.5033
BFGS:   40 19:55:30       -8.357379        0.6131
BFGS:   41 19:55:30       -8.379814        0.5084
BFGS:   42 19:55:30       -8.406804        0.4269
BFGS:   43 19:55:30       -8.435322        0.4273
BFGS:   44 19:55:30       -8.449064        0.3759
BFGS:   45 19:55:30       -8.466925        0.3985
BFGS:   46 19:55:30       -8.494173        0.4072
BFGS:   47 19:55:30       -8.520152        0.3489
BFGS:   48 19:55:30       -8.537301        0.3402
BFGS:   49 19:55:30       -8.551643        0.3466
BFGS:   50 19:55:30       -8.561429        0.3027
BFGS:   51 19:55:30       -8.572031        0.2476
BFGS:   52 19:55:30       -8.578165        0.2284
BFGS:   53 19:55:30       -8.582635        0.1773
BFGS:   54 19:55:30       -8.585470        0.1259
BFGS:   55 19:55:30       -8.587710        0.1432
BFGS:   56 19:55:30       -8.589781        0.1705
BFGS:   57 19:55:30       -8.592193        0.1671
BFGS:   58 19:55:30       -8.595292        0.1345
BFGS:   59 19:55:30       -8.598412        0.1485
BFGS:   60 19:55:30       -8.600513        0.1324
BFGS:   61 19:55:30       -8.601738        0.1519
BFGS:   62 19:55:30       -8.602930        0.1532
BFGS:   63 19:55:30       -8.604537        0.1319
BFGS:   64 19:55:30       -8.606230        0.0977
BFGS:   65 19:55:30       -8.607549        0.0952
BFGS:   66 19:55:30       -8.608627        0.0761
BFGS:   67 19:55:30       -8.609722        0.0827
BFGS:   68 19:55:30       -8.611075        0.0824
BFGS:   69 19:55:30       -8.612431        0.0767
BFGS:   70 19:55:30       -8.613211        0.0657
BFGS:   71 19:55:30       -8.613531        0.0523
BFGS:   72 19:55:30       -8.613806        0.0419
      Step     Time          Energy         fmax
BFGS:    0 19:55:30       16.965098       35.9834
BFGS:    1 19:55:30        1.272597       22.0685
BFGS:    2 19:55:30       -3.000988        9.8183
BFGS:    3 19:55:30       -4.937994        4.2130
BFGS:    4 19:55:30       -5.843388        2.0562
BFGS:    5 19:55:30       -6.226783        1.0176
BFGS:    6 19:55:30       -6.346931        0.6887
BFGS:    7 19:55:30       -6.401638        0.7438
BFGS:    8 19:55:30       -6.458441        0.7728
BFGS:    9 19:55:30       -6.535032        0.6625
BFGS:   10 19:55:30       -6.585190        0.5666
BFGS:   11 19:55:30       -6.627300        0.5338
BFGS:   12 19:55:30       -6.662054        0.4580
BFGS:   13 19:55:30       -6.676442        0.4358
BFGS:   14 19:55:30       -6.747375        0.4422
BFGS:   15 19:55:30       -6.762356        0.3935
BFGS:   16 19:55:30       -6.798714        0.5704
BFGS:   17 19:55:30       -6.829624        0.9766
BFGS:   18 19:55:30       -6.889748        0.5960
BFGS:   19 19:55:30       -6.948410        0.5086
BFGS:   20 19:55:30       -7.026661        0.9241
BFGS:   21 19:55:30       -7.064355        0.5655
BFGS:   22 19:55:30       -7.082767        0.4024
BFGS:   23 19:55:30       -7.101798        0.4065
BFGS:   24 19:55:30       -7.120672        0.4296
BFGS:   25 19:55:30       -7.153691        0.5461
BFGS:   26 19:55:30       -7.164531        0.3768
BFGS:   27 19:55:30       -7.196226        0.3566
BFGS:   28 19:55:30       -7.235732        0.4100
BFGS:   29 19:55:30       -7.250904        0.5255
BFGS:   30 19:55:30       -7.263354        0.4811
BFGS:   31 19:55:30       -7.276669        0.3266
BFGS:   32 19:55:30       -7.285019        0.2734
BFGS:   33 19:55:30       -7.291877        0.2560
BFGS:   34 19:55:30       -7.296269        0.2007
BFGS:   35 19:55:30       -7.299785        0.2088
BFGS:   36 19:55:30       -7.304920        0.2025
BFGS:   37 19:55:30       -7.310411        0.1837
BFGS:   38 19:55:30       -7.313922        0.1513
BFGS:   39 19:55:30       -7.315510        0.1422
BFGS:   40 19:55:30       -7.316790        0.1214
BFGS:   41 19:55:30       -7.318649        0.0831
BFGS:   42 19:55:30       -7.320601        0.1557
BFGS:   43 19:55:30       -7.322439        0.1970
BFGS:   44 19:55:30       -7.324789        0.2108
BFGS:   45 19:55:30       -7.328712        0.2088
BFGS:   46 19:55:30       -7.334869        0.2295
BFGS:   47 19:55:30       -7.342520        0.3250
BFGS:   48 19:55:30       -7.350752        0.4410
BFGS:   49 19:55:30       -7.359769        0.5135
BFGS:   50 19:55:30       -7.373666        0.5427
BFGS:   51 19:55:30       -7.399691        0.7161
BFGS:   52 19:55:30       -7.427334        0.8948
BFGS:   53 19:55:30       -7.457586        1.0492
BFGS:   54 19:55:30       -7.493574        1.3664
BFGS:   55 19:55:31       -7.543007        1.6043
BFGS:   56 19:55:31       -7.623268        1.3735
BFGS:   57 19:55:31       -7.755903        0.9631
BFGS:   58 19:55:31       -7.809000        1.0001
BFGS:   59 19:55:31       -7.837595        1.1584
BFGS:   60 19:55:31       -7.869463        0.6324
BFGS:   61 19:55:31       -7.899443        0.5178
BFGS:   62 19:55:31       -7.924878        0.5945
BFGS:   63 19:55:31       -7.970207        0.5136
BFGS:   64 19:55:31       -8.013796        0.4416
BFGS:   65 19:55:31       -8.032283        0.4297
BFGS:   66 19:55:31       -8.056020        0.4373
BFGS:   67 19:55:31       -8.069460        0.4506
BFGS:   68 19:55:31       -8.097323        0.4071
BFGS:   69 19:55:31       -8.122294        0.3011
BFGS:   70 19:55:31       -8.137521        0.2773
BFGS:   71 19:55:31       -8.145148        0.2466
BFGS:   72 19:55:31       -8.152981        0.2179
BFGS:   73 19:55:31       -8.157525        0.1892
BFGS:   74 19:55:31       -8.166456        0.1901
BFGS:   75 19:55:31       -8.175439        0.2185
BFGS:   76 19:55:31       -8.181944        0.2068
BFGS:   77 19:55:31       -8.185569        0.1482
BFGS:   78 19:55:31       -8.187627        0.1437
BFGS:   79 19:55:31       -8.188473        0.1268
BFGS:   80 19:55:31       -8.189598        0.0884
BFGS:   81 19:55:31       -8.190312        0.0456
      Step     Time          Energy         fmax
BFGS:    0 19:55:31       18.852563       37.7810
BFGS:    1 19:55:31        0.899180       14.5843
BFGS:    2 19:55:31       -2.925531        8.4537
BFGS:    3 19:55:31       -4.822084        2.9372
BFGS:    4 19:55:31       -5.358998        1.6011
BFGS:    5 19:55:31       -5.584774        0.7550
BFGS:    6 19:55:31       -5.645354        0.5500
BFGS:    7 19:55:31       -5.678078        0.6398
BFGS:    8 19:55:31       -5.721574        0.7275
BFGS:    9 19:55:31       -5.785004        0.7947
BFGS:   10 19:55:31       -5.859642        1.1858
BFGS:   11 19:55:31       -5.973432        1.4874
BFGS:   12 19:55:31       -6.039304        0.9226
BFGS:   13 19:55:31       -6.086996        0.7554
BFGS:   14 19:55:31       -6.157251        0.4750
BFGS:   15 19:55:31       -6.169876        0.5204
BFGS:   16 19:55:31       -6.186818        0.5171
BFGS:   17 19:55:31       -6.266240        0.4115
BFGS:   18 19:55:31       -6.286971        0.3592
BFGS:   19 19:55:31       -6.299824        0.3248
BFGS:   20 19:55:31       -6.306917        0.2784
BFGS:   21 19:55:31       -6.325539        0.3279
BFGS:   22 19:55:31       -6.338670        0.2461
BFGS:   23 19:55:31       -6.348195        0.3151
BFGS:   24 19:55:31       -6.357427        0.3586
BFGS:   25 19:55:31       -6.371324        0.3798
BFGS:   26 19:55:31       -6.385764        0.3958
BFGS:   27 19:55:31       -6.399476        0.3687
BFGS:   28 19:55:31       -6.413212        0.2986
BFGS:   29 19:55:31       -6.421219        0.2653
BFGS:   30 19:55:31       -6.430095        0.2708
BFGS:   31 19:55:31       -6.446493        0.3012
BFGS:   32 19:55:31       -6.470751        0.4452
BFGS:   33 19:55:31       -6.497904        0.6194
BFGS:   34 19:55:31       -6.521271        0.6137
BFGS:   35 19:55:31       -6.570296        0.6338
BFGS:   36 19:55:31       -6.627826        0.7645
BFGS:   37 19:55:31       -6.647613        0.6588
BFGS:   38 19:55:31       -6.694570        0.4112
BFGS:   39 19:55:31       -6.749261        0.4198
BFGS:   40 19:55:31       -6.775035        0.3871
BFGS:   41 19:55:31       -6.790658        0.3660
BFGS:   42 19:55:31       -6.797640        0.3110
BFGS:   43 19:55:31       -6.805838        0.2401
BFGS:   44 19:55:31       -6.812086        0.1548
BFGS:   45 19:55:31       -6.815305        0.1969
BFGS:   46 19:55:31       -6.817553        0.1929
BFGS:   47 19:55:31       -6.819405        0.1620
BFGS:   48 19:55:31       -6.823109        0.1393
BFGS:   49 19:55:31       -6.826712        0.1282
BFGS:   50 19:55:31       -6.829585        0.1775
BFGS:   51 19:55:31       -6.832294        0.2074
BFGS:   52 19:55:31       -6.838383        0.2547
BFGS:   53 19:55:31       -6.855996        0.3465
BFGS:   54 19:55:31       -6.889708        0.7288
BFGS:   55 19:55:31       -6.916784        1.2010
BFGS:   56 19:55:31       -6.922543        1.4029
BFGS:   57 19:55:31       -6.947173        1.1798
BFGS:   58 19:55:31       -6.984212        1.0890
BFGS:   59 19:55:31       -6.978284        1.4853
BFGS:   60 19:55:31       -7.060793        1.0578
BFGS:   61 19:55:31       -7.091077        1.1067
BFGS:   62 19:55:31       -7.134731        1.1078
BFGS:   63 19:55:31       -7.158928        1.1282
BFGS:   64 19:55:31       -7.196223        1.0389
BFGS:   65 19:55:31       -7.296241        0.6848
BFGS:   66 19:55:31       -7.376854        0.5433
BFGS:   67 19:55:31       -7.401248        0.4447
BFGS:   68 19:55:31       -7.428738        0.3914
BFGS:   69 19:55:31       -7.451858        0.4244
BFGS:   70 19:55:31       -7.475222        0.3411
BFGS:   71 19:55:31       -7.508796        0.2551
BFGS:   72 19:55:31       -7.520597        0.2228
BFGS:   73 19:55:31       -7.532680        0.3054
BFGS:   74 19:55:31       -7.536839        0.3171
BFGS:   75 19:55:31       -7.550445        0.3867
BFGS:   76 19:55:31       -7.574442        0.4753
BFGS:   77 19:55:31       -7.652108        0.6586
BFGS:   78 19:55:31       -7.801088        0.8068
BFGS:   79 19:55:31       -7.919100        0.6133
BFGS:   80 19:55:31       -7.929002        0.7288
BFGS:   81 19:55:31       -7.964957        0.5175
BFGS:   82 19:55:31       -7.997257        0.3904
BFGS:   83 19:55:31       -8.051027        0.4444
BFGS:   84 19:55:31       -8.096359        1.2323
BFGS:   85 19:55:31       -8.154425        0.3052
BFGS:   86 19:55:31       -8.172131        0.2907
BFGS:   87 19:55:31       -8.183392        0.3196
BFGS:   88 19:55:31       -8.188463        0.2063
BFGS:   89 19:55:31       -8.191550        0.1527
BFGS:   90 19:55:31       -8.195209        0.0786
BFGS:   91 19:55:31       -8.196394        0.0745
BFGS:   92 19:55:31       -8.197018        0.0644
BFGS:   93 19:55:31       -8.197449        0.0641
BFGS:   94 19:55:31       -8.198109        0.0630
BFGS:   95 19:55:31       -8.198703        0.0573
BFGS:   96 19:55:31       -8.199207        0.0711
BFGS:   97 19:55:31       -8.199856        0.0881
BFGS:   98 19:55:31       -8.201390        0.1129
BFGS:   99 19:55:31       -8.205919        0.1714
BFGS:  100 19:55:31       -8.220505        0.3372
BFGS:  101 19:55:31       -8.228980        0.5303
BFGS:  102 19:55:31       -8.233345        0.5541
BFGS:  103 19:55:31       -8.262482        0.7891
BFGS:  104 19:55:31       -8.308392        0.9040
BFGS:  105 19:55:31       -8.343684        0.9068
BFGS:  106 19:55:31       -8.316956        1.2953
BFGS:  107 19:55:31       -8.488912        0.6596
BFGS:  108 19:55:31       -8.536042        0.4479
BFGS:  109 19:55:31       -8.488101        0.9035
BFGS:  110 19:55:31       -8.573201        0.3129
BFGS:  111 19:55:31       -8.578898        0.2606
BFGS:  112 19:55:31       -8.584347        0.2298
BFGS:  113 19:55:31       -8.590927        0.2677
BFGS:  114 19:55:31       -8.597279        0.2726
BFGS:  115 19:55:31       -8.604172        0.1621
BFGS:  116 19:55:31       -8.607591        0.1011
BFGS:  117 19:55:31       -8.609040        0.1014
BFGS:  118 19:55:31       -8.609978        0.1014
BFGS:  119 19:55:31       -8.610977        0.0824
BFGS:  120 19:55:31       -8.611815        0.0624
BFGS:  121 19:55:31       -8.612530        0.0559
BFGS:  122 19:55:31       -8.613207        0.0599
BFGS:  123 19:55:31       -8.613845        0.0507
BFGS:  124 19:55:31       -8.614266        0.0332
      Step     Time          Energy         fmax
BFGS:    0 19:55:31       22.821981       49.5233
BFGS:    1 19:55:31        1.345455       15.3449
BFGS:    2 19:55:31       -3.175072        9.4487
BFGS:    3 19:55:31       -5.738682        3.6451
BFGS:    4 19:55:31       -6.191694        2.4757
BFGS:    5 19:55:31       -6.543511        1.1422
BFGS:    6 19:55:31       -6.634794        0.6152
BFGS:    7 19:55:31       -6.686190        0.6586
BFGS:    8 19:55:31       -6.746826        0.6998
BFGS:    9 19:55:31       -6.851517        0.7568
BFGS:   10 19:55:31       -6.963616        0.9724
BFGS:   11 19:55:31       -7.044446        0.9310
BFGS:   12 19:55:31       -7.115273        0.6373
BFGS:   13 19:55:31       -7.144787        0.5855
BFGS:   14 19:55:31       -7.247758        0.7992
BFGS:   15 19:55:31       -7.272044        0.5488
BFGS:   16 19:55:31       -7.302581        0.4870
BFGS:   17 19:55:31       -7.359494        0.7688
BFGS:   18 19:55:31       -7.402227        0.4796
BFGS:   19 19:55:31       -7.427247        0.3819
BFGS:   20 19:55:31       -7.442743        0.3783
BFGS:   21 19:55:31       -7.451772        0.3042
BFGS:   22 19:55:31       -7.466158        0.1784
BFGS:   23 19:55:31       -7.469512        0.1522
BFGS:   24 19:55:31       -7.472478        0.1910
BFGS:   25 19:55:31       -7.477407        0.2156
BFGS:   26 19:55:31       -7.483885        0.2159
BFGS:   27 19:55:31       -7.490474        0.2164
BFGS:   28 19:55:31       -7.496345        0.2594
BFGS:   29 19:55:31       -7.503308        0.2935
BFGS:   30 19:55:31       -7.514410        0.3428
BFGS:   31 19:55:31       -7.529498        0.3838
BFGS:   32 19:55:31       -7.546757        0.3855
BFGS:   33 19:55:31       -7.569484        0.4545
BFGS:   34 19:55:31       -7.610850        0.6406
BFGS:   35 19:55:31       -7.681873        0.8453
BFGS:   36 19:55:31       -7.773269        0.9877
BFGS:   37 19:55:31       -7.886200        1.0571
BFGS:   38 19:55:31       -7.945752        1.9675
BFGS:   39 19:55:31       -7.885391        2.7510
BFGS:   40 19:55:31       -8.090718        0.9736
BFGS:   41 19:55:31       -8.217786        0.8306
BFGS:   42 19:55:31       -8.273402        0.7504
BFGS:   43 19:55:31       -8.336817        0.6175
BFGS:   44 19:55:31       -8.434366        0.6640
BFGS:   45 19:55:31       -8.467703        0.5140
BFGS:   46 19:55:31       -8.493809        0.4378
BFGS:   47 19:55:31       -8.506933        0.3854
BFGS:   48 19:55:31       -8.529431        0.5350
BFGS:   49 19:55:31       -8.586110        0.7302
BFGS:   50 19:55:31       -8.614134        0.9419
BFGS:   51 19:55:31       -8.648817        0.6810
BFGS:   52 19:55:31       -8.680287        0.6481
BFGS:   53 19:55:31       -8.728952        0.8859
BFGS:   54 19:55:31       -8.774604        0.5432
BFGS:   55 19:55:31       -8.802719        0.4761
BFGS:   56 19:55:31       -8.863536        0.5049
BFGS:   57 19:55:31       -8.878821        0.3439
BFGS:   58 19:55:31       -8.889972        0.3107
BFGS:   59 19:55:31       -8.903020        0.3284
BFGS:   60 19:55:31       -8.920304        0.4479
BFGS:   61 19:55:31       -8.937335        0.4862
BFGS:   62 19:55:31       -8.948411        0.4258
BFGS:   63 19:55:31       -8.966193        0.4492
BFGS:   64 19:55:31       -8.991241        0.3971
BFGS:   65 19:55:31       -9.014817        0.4857
BFGS:   66 19:55:31       -9.033751        0.3929
BFGS:   67 19:55:31       -9.054240        0.3310
BFGS:   68 19:55:31       -9.062823        0.3383
BFGS:   69 19:55:31       -9.072159        0.2358
BFGS:   70 19:55:32       -9.080265        0.2648
BFGS:   71 19:55:32       -9.086571        0.2223
BFGS:   72 19:55:32       -9.091297        0.2304
BFGS:   73 19:55:32       -9.094333        0.1433
BFGS:   74 19:55:32       -9.095686        0.0750
BFGS:   75 19:55:32       -9.096460        0.0539
BFGS:   76 19:55:32       -9.096620        0.0501
BFGS:   77 19:55:32       -9.096819        0.0327
      Step     Time          Energy         fmax
BFGS:    0 19:55:32       16.983367       37.6143
BFGS:    1 19:55:32       -0.015549       13.3461
BFGS:    2 19:55:32       -3.338745        9.9530
BFGS:    3 19:55:32       -5.158589        3.7099
BFGS:    4 19:55:32       -5.717198        1.9283
BFGS:    5 19:55:32       -5.999096        0.8218
BFGS:    6 19:55:32       -6.085261        0.5415
BFGS:    7 19:55:32       -6.135234        0.6067
BFGS:    8 19:55:32       -6.193034        0.6996
BFGS:    9 19:55:32       -6.275574        0.7836
BFGS:   10 19:55:32       -6.348579        0.8164
BFGS:   11 19:55:32       -6.437478        0.9083
BFGS:   12 19:55:32       -6.526011        0.7837
BFGS:   13 19:55:32       -6.560884        0.5099
BFGS:   14 19:55:32       -6.589564        0.3786
BFGS:   15 19:55:32       -6.626320        0.4236
BFGS:   16 19:55:32       -6.635710        0.3982
BFGS:   17 19:55:32       -6.649495        0.3596
BFGS:   18 19:55:32       -6.661499        0.3251
BFGS:   19 19:55:32       -6.675841        0.4792
BFGS:   20 19:55:32       -6.698054        0.8481
BFGS:   21 19:55:32       -6.744871        1.3686
BFGS:   22 19:55:32       -6.869029        2.1107
BFGS:   23 19:55:32       -6.991221        2.7161
BFGS:   24 19:55:32       -7.117759        2.7824
BFGS:   25 19:55:32       -7.289323        2.5848
BFGS:   26 19:55:32       -7.398402        1.3568
BFGS:   27 19:55:32       -7.635535        1.5239
BFGS:   28 19:55:32       -7.724052        1.3523
BFGS:   29 19:55:32       -7.788430        0.9129
BFGS:   30 19:55:32       -7.832839        0.7892
BFGS:   31 19:55:32       -7.898019        0.5263
BFGS:   32 19:55:32       -7.923053        0.5605
BFGS:   33 19:55:32       -7.977455        0.6054
BFGS:   34 19:55:32       -8.049598        0.6696
BFGS:   35 19:55:32       -8.187236        0.9251
BFGS:   36 19:55:32       -8.207248        1.3109
BFGS:   37 19:55:32       -8.299020        0.6938
BFGS:   38 19:55:32       -8.337129        0.6292
BFGS:   39 19:55:32       -8.409762        0.8642
BFGS:   40 19:55:32       -8.461043        0.6507
BFGS:   41 19:55:32       -8.545903        0.6010
BFGS:   42 19:55:32       -8.590450        0.5453
BFGS:   43 19:55:32       -8.646241        0.7675
BFGS:   44 19:55:32       -8.714212        0.8799
BFGS:   45 19:55:32       -8.782591        0.9066
BFGS:   46 19:55:32       -8.853685        0.7322
BFGS:   47 19:55:32       -8.897338        0.6251
BFGS:   48 19:55:32       -8.933212        0.6221
BFGS:   49 19:55:32       -8.971827        0.5836
BFGS:   50 19:55:32       -9.012468        0.7326
BFGS:   51 19:55:32       -9.050344        0.5853
BFGS:   52 19:55:32       -9.074508        0.2496
BFGS:   53 19:55:32       -9.081887        0.2413
BFGS:   54 19:55:32       -9.085629        0.1858
BFGS:   55 19:55:32       -9.088894        0.1722
BFGS:   56 19:55:32       -9.091194        0.1515
BFGS:   57 19:55:32       -9.093066        0.0942
BFGS:   58 19:55:32       -9.094275        0.0625
BFGS:   59 19:55:32       -9.094782        0.0691
BFGS:   60 19:55:32       -9.095119        0.0603
BFGS:   61 19:55:32       -9.095541        0.0511
BFGS:   62 19:55:32       -9.095987        0.0437
      Step     Time          Energy         fmax
BFGS:    0 19:55:32       20.071537       38.4015
BFGS:    1 19:55:32        0.813064       11.6528
BFGS:    2 19:55:32       -3.586890        5.7618
BFGS:    3 19:55:32       -4.916922        3.4471
BFGS:    4 19:55:32       -5.730241        1.4859
BFGS:    5 19:55:32       -5.934958        0.8246
BFGS:    6 19:55:32       -6.007133        0.6214
BFGS:    7 19:55:32       -6.046823        0.6521
BFGS:    8 19:55:32       -6.111810        0.6818
BFGS:    9 19:55:32       -6.235192        0.8293
BFGS:   10 19:55:32       -6.298636        1.4580
BFGS:   11 19:55:32       -6.389846        1.0064
BFGS:   12 19:55:32       -6.522691        0.7481
BFGS:   13 19:55:32       -6.608511        0.7162
BFGS:   14 19:55:32       -6.650546        0.7676
BFGS:   15 19:55:32       -6.720342        0.6121
BFGS:   16 19:55:32       -6.792614        0.6824
BFGS:   17 19:55:32       -6.874123        0.9176
BFGS:   18 19:55:32       -7.023666        1.2810
BFGS:   19 19:55:32       -6.964670        2.2260
BFGS:   20 19:55:32       -7.141632        1.1426
BFGS:   21 19:55:32       -7.225129        1.1183
BFGS:   22 19:55:32       -7.651110        2.0701
BFGS:   23 19:55:32       -7.759309        1.2790
BFGS:   24 19:55:32       -7.873064        1.0557
BFGS:   25 19:55:32       -7.950359        0.8930
BFGS:   26 19:55:32       -8.049552        0.7918
BFGS:   27 19:55:32       -8.098565        1.1925
BFGS:   28 19:55:32       -8.142613        0.8184
BFGS:   29 19:55:32       -8.178951        0.5643
BFGS:   30 19:55:32       -8.229270        0.2826
BFGS:   31 19:55:32       -8.246320        0.3159
BFGS:   32 19:55:32       -8.259788        0.3694
BFGS:   33 19:55:32       -8.270360        0.3334
BFGS:   34 19:55:32       -8.286065        0.2531
BFGS:   35 19:55:32       -8.298185        0.3385
BFGS:   36 19:55:32       -8.310083        0.3815
BFGS:   37 19:55:32       -8.324829        0.4471
BFGS:   38 19:55:32       -8.359451        0.4753
BFGS:   39 19:55:32       -8.403939        0.6245
BFGS:   40 19:55:32       -8.431843        0.5542
BFGS:   41 19:55:32       -8.491548        0.4874
BFGS:   42 19:55:32       -8.518136        0.5059
BFGS:   43 19:55:32       -8.542223        0.4601
BFGS:   44 19:55:32       -8.561152        0.3663
BFGS:   45 19:55:32       -8.583343        0.2817
BFGS:   46 19:55:32       -8.594026        0.2853
BFGS:   47 19:55:32       -8.604774        0.2596
BFGS:   48 19:55:32       -8.613587        0.2489
BFGS:   49 19:55:32       -8.622715        0.2351
BFGS:   50 19:55:32       -8.630401        0.1834
BFGS:   51 19:55:32       -8.633781        0.1135
BFGS:   52 19:55:32       -8.634731        0.1000
BFGS:   53 19:55:32       -8.635537        0.0727
BFGS:   54 19:55:32       -8.636298        0.0479
      Step     Time          Energy         fmax
BFGS:    0 19:55:32       19.704805       40.1708
BFGS:    1 19:55:32        1.422210       10.9779
BFGS:    2 19:55:32       -2.423284        6.4635
BFGS:    3 19:55:32       -4.005667        2.9817
BFGS:    4 19:55:32       -4.587250        1.5555
BFGS:    5 19:55:32       -4.800225        0.6846
BFGS:    6 19:55:32       -4.847518        0.4469
BFGS:    7 19:55:32       -4.864567        0.4786
BFGS:    8 19:55:32       -4.885513        0.4993
BFGS:    9 19:55:32       -4.925786        0.5118
BFGS:   10 19:55:32       -4.979186        0.8271
BFGS:   11 19:55:32       -5.031908        1.0879
BFGS:   12 19:55:32       -5.113704        1.0392
BFGS:   13 19:55:32       -5.168058        0.9609
BFGS:   14 19:55:32       -5.244218        0.5602
BFGS:   15 19:55:32       -5.272731        0.2705
BFGS:   16 19:55:32       -5.282809        0.3633
BFGS:   17 19:55:32       -5.289480        0.2720
BFGS:   18 19:55:32       -5.313029        0.3159
BFGS:   19 19:55:32       -5.333503        0.3584
BFGS:   20 19:55:32       -5.355701        0.6170
BFGS:   21 19:55:32       -5.400351        0.9797
BFGS:   22 19:55:32       -5.472342        1.5006
BFGS:   23 19:55:32       -5.551868        2.0117
BFGS:   24 19:55:32       -5.632412        2.4734
BFGS:   25 19:55:32       -5.712908        2.8131
BFGS:   26 19:55:32       -5.845332        2.8103
BFGS:   27 19:55:32       -6.100206        2.0628
BFGS:   28 19:55:32       -6.294334        1.0461
BFGS:   29 19:55:32       -6.346843        0.7211
BFGS:   30 19:55:32       -6.383117        0.4847
BFGS:   31 19:55:32       -6.411526        0.4324
BFGS:   32 19:55:32       -6.435643        0.4476
BFGS:   33 19:55:32       -6.445453        0.3903
BFGS:   34 19:55:32       -6.456953        0.2607
BFGS:   35 19:55:32       -6.467949        0.2859
BFGS:   36 19:55:32       -6.482031        0.2454
BFGS:   37 19:55:32       -6.488732        0.2015
BFGS:   38 19:55:32       -6.496444        0.2130
BFGS:   39 19:55:32       -6.500722        0.2395
BFGS:   40 19:55:32       -6.510306        0.2815
BFGS:   41 19:55:32       -6.526366        0.3706
BFGS:   42 19:55:32       -6.567428        0.5612
BFGS:   43 19:55:32       -6.612554        0.7226
BFGS:   44 19:55:32       -6.613221        0.8534
BFGS:   45 19:55:32       -6.639370        0.8697
BFGS:   46 19:55:32       -6.651797        0.7797
BFGS:   47 19:55:32       -6.688601        0.8025
BFGS:   48 19:55:32       -6.724868        0.8139
BFGS:   49 19:55:32       -6.813664        0.8756
BFGS:   50 19:55:32       -6.853967        0.8724
BFGS:   51 19:55:32       -6.934947        0.8190
BFGS:   52 19:55:32       -6.983688        0.7693
BFGS:   53 19:55:32       -7.120589        0.8558
BFGS:   54 19:55:32       -7.194464        0.8908
BFGS:   55 19:55:32       -7.239690        0.6526
BFGS:   56 19:55:32       -7.282572        0.5579
BFGS:   57 19:55:32       -7.308849        0.5219
BFGS:   58 19:55:32       -7.337495        0.3950
BFGS:   59 19:55:32       -7.359807        0.4134
BFGS:   60 19:55:32       -7.379577        0.4010
BFGS:   61 19:55:32       -7.396555        0.3340
BFGS:   62 19:55:32       -7.412504        0.4277
BFGS:   63 19:55:32       -7.441086        0.6112
BFGS:   64 19:55:32       -7.487655        0.7040
BFGS:   65 19:55:32       -7.562806        0.7981
BFGS:   66 19:55:32       -7.611526        0.9833
BFGS:   67 19:55:32       -7.677505        0.7298
BFGS:   68 19:55:32       -7.747619        0.6599
BFGS:   69 19:55:32       -7.839602        0.9731
BFGS:   70 19:55:32       -7.889745        0.6298
BFGS:   71 19:55:32       -7.934927        0.5051
BFGS:   72 19:55:32       -7.949688        0.3809
BFGS:   73 19:55:32       -7.964465        0.4838
BFGS:   74 19:55:32       -7.977270        0.4270
BFGS:   75 19:55:32       -8.011802        0.5564
BFGS:   76 19:55:32       -8.057753        0.5741
BFGS:   77 19:55:32       -8.120752        0.7474
BFGS:   78 19:55:32       -8.202585        1.3292
BFGS:   79 19:55:32       -8.194051        2.0437
BFGS:   80 19:55:32       -8.273012        1.3682
BFGS:   81 19:55:32       -8.319890        1.2016
BFGS:   82 19:55:32       -8.476939        0.7623
BFGS:   83 19:55:32       -8.551858        0.6874
BFGS:   84 19:55:32       -8.626725        0.6186
BFGS:   85 19:55:32       -8.696508        0.5833
BFGS:   86 19:55:32       -8.757180        0.5836
BFGS:   87 19:55:32       -8.785219        0.4799
BFGS:   88 19:55:32       -8.798844        0.4176
BFGS:   89 19:55:32       -8.835001        0.4774
BFGS:   90 19:55:32       -8.872222        0.5083
BFGS:   91 19:55:32       -8.899665        0.5667
BFGS:   92 19:55:33       -8.913281        0.3122
BFGS:   93 19:55:33       -8.921577        0.2868
BFGS:   94 19:55:33       -8.929285        0.3036
BFGS:   95 19:55:33       -8.952054        0.3783
BFGS:   96 19:55:33       -8.971199        0.4255
BFGS:   97 19:55:33       -9.009605        0.4154
BFGS:   98 19:55:33       -9.039451        0.4078
BFGS:   99 19:55:33       -9.067451        0.3901
BFGS:  100 19:55:33       -9.075645        0.3681
BFGS:  101 19:55:33       -9.086070        0.2879
BFGS:  102 19:55:33       -9.091390        0.1688
BFGS:  103 19:55:33       -9.095024        0.0840
BFGS:  104 19:55:33       -9.096233        0.0451
      Step     Time          Energy         fmax
BFGS:    0 19:55:33       18.603261       33.2981
BFGS:    1 19:55:33       -0.285332       10.1649
BFGS:    2 19:55:33       -2.746622        4.7222
BFGS:    3 19:55:33       -4.130849        2.3142
BFGS:    4 19:55:33       -4.598762        1.1964
BFGS:    5 19:55:33       -4.728071        0.7057
BFGS:    6 19:55:33       -4.763618        0.5328
BFGS:    7 19:55:33       -4.787571        0.5598
BFGS:    8 19:55:33       -4.832197        0.5889
BFGS:    9 19:55:33       -4.928389        0.7065
BFGS:   10 19:55:33       -5.022678        0.7633
BFGS:   11 19:55:33       -5.087199        0.7743
BFGS:   12 19:55:33       -5.192286        1.7442
BFGS:   13 19:55:33       -5.299534        0.8506
BFGS:   14 19:55:33       -5.351784        0.8361
BFGS:   15 19:55:33       -5.596233        1.2271
BFGS:   16 19:55:33       -5.660971        1.4874
BFGS:   17 19:55:33       -5.729443        0.5631
BFGS:   18 19:55:33       -5.784120        0.7960
BFGS:   19 19:55:33       -5.875540        1.2491
BFGS:   20 19:55:33       -6.023910        1.6410
BFGS:   21 19:55:33       -6.155141        0.8683
BFGS:   22 19:55:33       -6.257914        0.4507
BFGS:   23 19:55:33       -6.283110        0.5604
BFGS:   24 19:55:33       -6.301828        0.5224
BFGS:   25 19:55:33       -6.347500        0.5151
BFGS:   26 19:55:33       -6.366393        0.5998
BFGS:   27 19:55:33       -6.413601        0.8491
BFGS:   28 19:55:33       -6.438403        0.6469
BFGS:   29 19:55:33       -6.461248        0.3353
BFGS:   30 19:55:33       -6.475467        0.2472
BFGS:   31 19:55:33       -6.481196        0.2003
BFGS:   32 19:55:33       -6.484214        0.1782
BFGS:   33 19:55:33       -6.491486        0.1940
BFGS:   34 19:55:33       -6.495573        0.2551
BFGS:   35 19:55:33       -6.498885        0.2332
BFGS:   36 19:55:33       -6.501914        0.1760
BFGS:   37 19:55:33       -6.505196        0.1247
BFGS:   38 19:55:33       -6.509115        0.1315
BFGS:   39 19:55:33       -6.513935        0.1948
BFGS:   40 19:55:33       -6.519153        0.2490
BFGS:   41 19:55:33       -6.526850        0.3218
BFGS:   42 19:55:33       -6.555694        0.7279
BFGS:   43 19:55:33       -6.579988        1.1644
BFGS:   44 19:55:33       -6.613968        1.6225
BFGS:   45 19:55:33       -6.756175        1.8757
BFGS:   46 19:55:33       -6.955708        1.7449
BFGS:   47 19:55:33       -7.037168        2.4972
BFGS:   48 19:55:33       -7.284914        0.8858
BFGS:   49 19:55:33       -7.287610        0.9411
BFGS:   50 19:55:33       -7.502618        0.7652
BFGS:   51 19:55:33       -7.572516        1.2880
BFGS:   52 19:55:33       -7.651746        0.6605
BFGS:   53 19:55:33       -7.682742        0.5622
BFGS:   54 19:55:33       -7.706920        0.4857
BFGS:   55 19:55:33       -7.738286        0.4475
BFGS:   56 19:55:33       -7.751419        0.3213
BFGS:   57 19:55:33       -7.759871        0.2073
BFGS:   58 19:55:33       -7.763748        0.1605
BFGS:   59 19:55:33       -7.767082        0.1499
BFGS:   60 19:55:33       -7.771178        0.1622
BFGS:   61 19:55:33       -7.776110        0.2189
BFGS:   62 19:55:33       -7.781094        0.2511
BFGS:   63 19:55:33       -7.786449        0.2598
BFGS:   64 19:55:33       -7.794377        0.2240
BFGS:   65 19:55:33       -7.810339        0.3416
BFGS:   66 19:55:33       -7.848454        0.5504
BFGS:   67 19:55:33       -7.885757        0.8819
BFGS:   68 19:55:33       -7.912964        1.2363
BFGS:   69 19:55:33       -7.935933        1.4445
BFGS:   70 19:55:33       -7.990755        1.3149
BFGS:   71 19:55:33       -8.025276        1.2668
BFGS:   72 19:55:33       -8.071699        1.1785
BFGS:   73 19:55:33       -8.126919        0.9169
BFGS:   74 19:55:33       -8.168225        0.8054
BFGS:   75 19:55:33       -8.153733        1.8798
BFGS:   76 19:55:33       -8.295973        0.9273
BFGS:   77 19:55:33       -8.373843        0.7572
BFGS:   78 19:55:33       -8.498247        1.0443
BFGS:   79 19:55:33       -8.559293        1.1135
BFGS:   80 19:55:33       -8.620113        0.7150
BFGS:   81 19:55:33       -8.657950        0.8526
BFGS:   82 19:55:33       -8.725414        0.7725
BFGS:   83 19:55:33       -8.801898        0.6467
BFGS:   84 19:55:33       -8.899063        0.9445
BFGS:   85 19:55:33       -8.916443        1.1789
BFGS:   86 19:55:33       -8.989081        0.5006
BFGS:   87 19:55:33       -9.012370        0.3375
BFGS:   88 19:55:33       -9.031107        0.2977
BFGS:   89 19:55:33       -9.038146        0.2164
BFGS:   90 19:55:33       -9.045113        0.2161
BFGS:   91 19:55:33       -9.049574        0.2412
BFGS:   92 19:55:33       -9.055168        0.2489
BFGS:   93 19:55:33       -9.059311        0.2083
BFGS:   94 19:55:33       -9.061892        0.1634
BFGS:   95 19:55:33       -9.063747        0.1232
BFGS:   96 19:55:33       -9.065768        0.1248
BFGS:   97 19:55:33       -9.067660        0.0868
BFGS:   98 19:55:33       -9.068797        0.0802
BFGS:   99 19:55:33       -9.069374        0.0727
BFGS:  100 19:55:33       -9.069851        0.0559
BFGS:  101 19:55:33       -9.070313        0.0319
      Step     Time          Energy         fmax
BFGS:    0 19:55:33       19.816042       37.2376
BFGS:    1 19:55:33        2.542194       15.4811
BFGS:    2 19:55:33       -1.693278       11.9757
BFGS:    3 19:55:33       -4.259527        3.0578
BFGS:    4 19:55:33       -4.833731        1.7298
BFGS:    5 19:55:33       -5.159798        0.7257
BFGS:    6 19:55:33       -5.237142        0.5906
BFGS:    7 19:55:33       -5.275912        0.6125
BFGS:    8 19:55:33       -5.327966        0.6675
BFGS:    9 19:55:33       -5.440973        0.7647
BFGS:   10 19:55:33       -5.478782        1.0014
BFGS:   11 19:55:33       -5.600549        0.8140
BFGS:   12 19:55:33       -5.701005        0.7150
BFGS:   13 19:55:33       -5.785039        1.0120
BFGS:   14 19:55:33       -5.819764        0.6516
BFGS:   15 19:55:33       -5.878659        0.7156
BFGS:   16 19:55:33       -6.070170        0.8188
BFGS:   17 19:55:33       -6.326838        0.9801
BFGS:   18 19:55:33       -6.541225        1.1291
BFGS:   19 19:55:33       -6.540862        2.1083
BFGS:   20 19:55:33       -6.677789        1.2861
BFGS:   21 19:55:33       -6.755086        0.8084
BFGS:   22 19:55:33       -6.885548        0.8494
BFGS:   23 19:55:33       -6.932021        0.7466
BFGS:   24 19:55:33       -7.005661        0.6633
BFGS:   25 19:55:33       -7.063525        0.6869
BFGS:   26 19:55:33       -7.136455        0.7691
BFGS:   27 19:55:33       -7.183391        0.6909
BFGS:   28 19:55:33       -7.249561        0.5745
BFGS:   29 19:55:33       -7.276910        0.7117
BFGS:   30 19:55:33       -7.294900        0.6027
BFGS:   31 19:55:33       -7.315948        0.4190
BFGS:   32 19:55:33       -7.337655        0.4851
BFGS:   33 19:55:33       -7.358924        0.4483
BFGS:   34 19:55:33       -7.378805        0.4711
BFGS:   35 19:55:33       -7.400449        0.4108
BFGS:   36 19:55:33       -7.417837        0.3639
BFGS:   37 19:55:33       -7.434208        0.2842
BFGS:   38 19:55:33       -7.452386        0.3557
BFGS:   39 19:55:33       -7.468069        0.4101
BFGS:   40 19:55:33       -7.489374        0.5310
BFGS:   41 19:55:33       -7.533172        0.7059
BFGS:   42 19:55:33       -7.591768        1.0239
BFGS:   43 19:55:33       -7.649223        1.1585
BFGS:   44 19:55:33       -7.690092        1.0497
BFGS:   45 19:55:33       -7.781615        0.8423
BFGS:   46 19:55:33       -7.906131        0.7747
BFGS:   47 19:55:33       -7.985118        0.7878
BFGS:   48 19:55:33       -8.023664        0.5420
BFGS:   49 19:55:33       -8.047984        0.2924
BFGS:   50 19:55:33       -8.064615        0.3092
BFGS:   51 19:55:33       -8.072031        0.2802
BFGS:   52 19:55:33       -8.081573        0.2654
BFGS:   53 19:55:33       -8.118014        0.3016
BFGS:   54 19:55:33       -8.132144        0.3540
BFGS:   55 19:55:33       -8.140713        0.3489
BFGS:   56 19:55:33       -8.149290        0.2492
BFGS:   57 19:55:33       -8.160929        0.1813
BFGS:   58 19:55:33       -8.170448        0.1767
BFGS:   59 19:55:33       -8.177252        0.1953
BFGS:   60 19:55:33       -8.181190        0.2045
BFGS:   61 19:55:33       -8.184984        0.1706
BFGS:   62 19:55:33       -8.188562        0.1421
BFGS:   63 19:55:33       -8.191358        0.1008
BFGS:   64 19:55:33       -8.192755        0.0970
BFGS:   65 19:55:33       -8.193318        0.1026
BFGS:   66 19:55:33       -8.193820        0.0941
BFGS:   67 19:55:33       -8.194431        0.0695
BFGS:   68 19:55:33       -8.195023        0.0523
BFGS:   69 19:55:33       -8.195422        0.0539
BFGS:   70 19:55:33       -8.195691        0.0528
BFGS:   71 19:55:33       -8.196025        0.0619
BFGS:   72 19:55:33       -8.196731        0.0845
BFGS:   73 19:55:33       -8.198281        0.1122
BFGS:   74 19:55:33       -8.201465        0.1704
BFGS:   75 19:55:33       -8.207000        0.2766
BFGS:   76 19:55:33       -8.215647        0.3908
BFGS:   77 19:55:33       -8.231116        0.5262
BFGS:   78 19:55:33       -8.254930        0.7129
BFGS:   79 19:55:33       -8.284667        0.9299
BFGS:   80 19:55:33       -8.317653        1.1447
BFGS:   81 19:55:33       -8.349573        1.2580
BFGS:   82 19:55:33       -8.398290        1.7697
BFGS:   83 19:55:33       -8.495561        1.6535
BFGS:   84 19:55:33       -8.599852        1.9260
BFGS:   85 19:55:33       -8.692546        1.5263
BFGS:   86 19:55:33       -8.859796        0.9118
BFGS:   87 19:55:33       -8.975663        0.8573
BFGS:   88 19:55:33       -9.007545        0.7368
BFGS:   89 19:55:33       -9.041726        0.4892
BFGS:   90 19:55:33       -9.052847        0.3294
BFGS:   91 19:55:33       -9.063235        0.2808
BFGS:   92 19:55:33       -9.080968        0.2385
BFGS:   93 19:55:33       -9.088537        0.1722
BFGS:   94 19:55:33       -9.094372        0.0948
BFGS:   95 19:55:33       -9.095916        0.0671
BFGS:   96 19:55:33       -9.096365        0.0347
      Step     Time          Energy         fmax
BFGS:    0 19:55:33       20.209980       41.0633
BFGS:    1 19:55:33        1.368393       20.5779
BFGS:    2 19:55:33       -2.926513        9.2954
BFGS:    3 19:55:33       -4.910072        4.6146
BFGS:    4 19:55:33       -5.790762        2.4313
BFGS:    5 19:55:33       -6.147209        1.2007
BFGS:    6 19:55:33       -6.258601        0.7727
BFGS:    7 19:55:34       -6.314312        0.7793
BFGS:    8 19:55:34       -6.388603        0.8238
BFGS:    9 19:55:34       -6.526664        0.8308
BFGS:   10 19:55:34       -6.603168        0.9301
BFGS:   11 19:55:34       -6.723044        0.8144
BFGS:   12 19:55:34       -6.825038        1.1134
BFGS:   13 19:55:34       -6.875236        0.6193
BFGS:   14 19:55:34       -6.904490        0.5945
BFGS:   15 19:55:34       -6.907629        1.3098
BFGS:   16 19:55:34       -7.015566        0.3420
BFGS:   17 19:55:34       -7.038702        0.2845
BFGS:   18 19:55:34       -7.047508        0.2747
BFGS:   19 19:55:34       -7.051047        0.2607
BFGS:   20 19:55:34       -7.074446        0.1990
BFGS:   21 19:55:34       -7.085411        0.2508
BFGS:   22 19:55:34       -7.094026        0.3211
BFGS:   23 19:55:34       -7.104533        0.3953
BFGS:   24 19:55:34       -7.125578        0.4866
BFGS:   25 19:55:34       -7.165466        0.7385
BFGS:   26 19:55:34       -7.220082        1.0715
BFGS:   27 19:55:34       -7.277256        1.3832
BFGS:   28 19:55:34       -7.318933        1.5987
BFGS:   29 19:55:34       -7.363418        1.4868
BFGS:   30 19:55:34       -7.439524        1.2927
BFGS:   31 19:55:34       -7.521397        1.2095
BFGS:   32 19:55:34       -7.623049        1.0018
BFGS:   33 19:55:34       -7.743737        1.0887
BFGS:   34 19:55:34       -7.829809        1.0572
BFGS:   35 19:55:34       -7.935783        0.8912
BFGS:   36 19:55:34       -7.979635        0.7959
BFGS:   37 19:55:34       -8.010477        0.5706
BFGS:   38 19:55:34       -8.117457        0.6847
BFGS:   39 19:55:34       -8.222746        1.1362
BFGS:   40 19:55:34       -8.299622        1.0108
BFGS:   41 19:55:34       -8.425912        0.7688
BFGS:   42 19:55:34       -8.529259        0.8880
BFGS:   43 19:55:34       -8.598531        1.0961
BFGS:   44 19:55:34       -8.665783        1.0286
BFGS:   45 19:55:34       -8.747192        0.8428
BFGS:   46 19:55:34       -8.777053        0.7042
BFGS:   47 19:55:34       -8.800625        0.5190
BFGS:   48 19:55:34       -8.827254        0.4684
BFGS:   49 19:55:34       -8.847655        0.4194
BFGS:   50 19:55:34       -8.881206        0.4777
BFGS:   51 19:55:34       -8.892670        0.3875
BFGS:   52 19:55:34       -8.909089        0.3101
BFGS:   53 19:55:34       -8.935965        0.4718
BFGS:   54 19:55:34       -8.965704        0.5978
BFGS:   55 19:55:34       -9.006731        0.6075
BFGS:   56 19:55:34       -9.039902        0.4176
BFGS:   57 19:55:34       -9.046535        0.5594
BFGS:   58 19:55:34       -9.063651        0.2651
BFGS:   59 19:55:34       -9.068819        0.2860
BFGS:   60 19:55:34       -9.077658        0.2544
BFGS:   61 19:55:34       -9.087665        0.1865
BFGS:   62 19:55:34       -9.092745        0.1026
BFGS:   63 19:55:34       -9.094647        0.0895
BFGS:   64 19:55:34       -9.095384        0.0654
BFGS:   65 19:55:34       -9.095965        0.0551
BFGS:   66 19:55:34       -9.096388        0.0370
      Step     Time          Energy         fmax
BFGS:    0 19:55:34       21.728901       50.3683
BFGS:    1 19:55:34        2.539825       21.6445
BFGS:    2 19:55:34       -1.977559       15.2187
BFGS:    3 19:55:34       -4.740515        7.6971
BFGS:    4 19:55:34       -6.032465        3.0085
BFGS:    5 19:55:34       -6.507336        1.3509
BFGS:    6 19:55:34       -6.681970        0.7454
BFGS:    7 19:55:34       -6.745266        0.6748
BFGS:    8 19:55:34       -6.794054        0.6075
BFGS:    9 19:55:34       -6.852521        0.6837
BFGS:   10 19:55:34       -6.900344        0.6413
BFGS:   11 19:55:34       -6.953036        0.5766
BFGS:   12 19:55:34       -6.995097        0.5526
BFGS:   13 19:55:34       -7.014457        0.4526
BFGS:   14 19:55:34       -7.170907        1.1080
BFGS:   15 19:55:34       -7.232379        1.1142
BFGS:   16 19:55:34       -7.346774        0.9604
BFGS:   17 19:55:34       -7.411891        0.8367
BFGS:   18 19:55:34       -7.511373        0.7501
BFGS:   19 19:55:34       -7.612262        0.9001
BFGS:   20 19:55:34       -7.655147        0.7687
BFGS:   21 19:55:34       -7.767473        0.8152
BFGS:   22 19:55:34       -7.811179        0.3815
BFGS:   23 19:55:34       -7.824297        0.3115
BFGS:   24 19:55:34       -7.836267        0.3230
BFGS:   25 19:55:34       -7.866100        0.5035
BFGS:   26 19:55:34       -7.941280        0.8610
BFGS:   27 19:55:34       -8.025843        1.5104
BFGS:   28 19:55:34       -8.111498        1.0763
BFGS:   29 19:55:34       -8.250691        0.6202
BFGS:   30 19:55:34       -8.224611        1.4902
BFGS:   31 19:55:34       -8.310071        0.5151
BFGS:   32 19:55:34       -8.339085        0.4343
BFGS:   33 19:55:34       -8.431288        0.4879
BFGS:   34 19:55:34       -8.444516        0.4650
BFGS:   35 19:55:34       -8.475337        0.3769
BFGS:   36 19:55:34       -8.494642        0.2418
BFGS:   37 19:55:34       -8.512402        0.2770
BFGS:   38 19:55:34       -8.521173        0.2795
BFGS:   39 19:55:34       -8.534679        0.3774
BFGS:   40 19:55:34       -8.546709        0.3760
BFGS:   41 19:55:34       -8.560753        0.3249
BFGS:   42 19:55:34       -8.574309        0.4031
BFGS:   43 19:55:34       -8.585484        0.4320
BFGS:   44 19:55:34       -8.598798        0.3226
BFGS:   45 19:55:34       -8.621254        0.3513
BFGS:   46 19:55:34       -8.640744        0.3808
BFGS:   47 19:55:34       -8.662435        0.3961
BFGS:   48 19:55:34       -8.678541        0.4192
BFGS:   49 19:55:34       -8.699503        0.3981
BFGS:   50 19:55:34       -8.727170        0.5262
BFGS:   51 19:55:34       -8.762350        0.5681
BFGS:   52 19:55:34       -8.824759        0.9180
BFGS:   53 19:55:34       -8.876345        1.0427
BFGS:   54 19:55:34       -8.942600        0.8901
BFGS:   55 19:55:34       -8.977650        0.7936
BFGS:   56 19:55:34       -9.002341        0.6934
BFGS:   57 19:55:34       -9.035356        0.5740
BFGS:   58 19:55:34       -9.064855        0.4401
BFGS:   59 19:55:34       -9.087687        0.1950
BFGS:   60 19:55:34       -9.091047        0.1952
BFGS:   61 19:55:34       -9.092445        0.1775
BFGS:   62 19:55:34       -9.093746        0.1394
BFGS:   63 19:55:34       -9.094981        0.0749
BFGS:   64 19:55:34       -9.095694        0.0551
BFGS:   65 19:55:34       -9.096019        0.0422
      Step     Time          Energy         fmax
BFGS:    0 19:55:34       20.881448       38.4182
BFGS:    1 19:55:34        1.957947       12.2493
BFGS:    2 19:55:34       -2.208021        7.5994
BFGS:    3 19:55:34       -4.465495        2.8669
BFGS:    4 19:55:34       -5.204212        1.3913
BFGS:    5 19:55:34       -5.479236        1.0058
BFGS:    6 19:55:34       -5.564806        0.9364
BFGS:    7 19:55:34       -5.612943        0.9368
BFGS:    8 19:55:34       -5.681150        0.9378
BFGS:    9 19:55:34       -5.781010        0.6549
BFGS:   10 19:55:34       -5.835143        0.6478
BFGS:   11 19:55:34       -5.937800        0.8168
BFGS:   12 19:55:34       -5.954220        0.5479
BFGS:   13 19:55:34       -5.979808        0.4153
BFGS:   14 19:55:34       -6.059031        0.6578
BFGS:   15 19:55:34       -6.077309        0.6283
BFGS:   16 19:55:34       -6.091274        0.4517
BFGS:   17 19:55:34       -6.106690        0.3685
BFGS:   18 19:55:34       -6.115290        0.3197
BFGS:   19 19:55:34       -6.124312        0.4215
BFGS:   20 19:55:34       -6.143908        0.6042
BFGS:   21 19:55:34       -6.192257        0.8314
BFGS:   22 19:55:34       -6.291433        1.0491
BFGS:   23 19:55:34       -6.393024        1.1309
BFGS:   24 19:55:34       -6.481567        1.1373
BFGS:   25 19:55:34       -6.532998        1.0971
BFGS:   26 19:55:34       -6.594273        0.9500
BFGS:   27 19:55:34       -6.665397        1.2837
BFGS:   28 19:55:34       -6.758066        1.4171
BFGS:   29 19:55:34       -6.850341        1.7714
BFGS:   30 19:55:34       -7.021772        0.9539
BFGS:   31 19:55:34       -7.089610        0.7629
BFGS:   32 19:55:34       -7.155465        0.8884
BFGS:   33 19:55:34       -7.189183        0.6640
BFGS:   34 19:55:34       -7.222911        0.6008
BFGS:   35 19:55:34       -7.258317        0.5150
BFGS:   36 19:55:34       -7.279547        0.6748
BFGS:   37 19:55:34       -7.354874        1.1989
BFGS:   38 19:55:34       -7.425329        1.1166
BFGS:   39 19:55:34       -7.514141        0.6466
BFGS:   40 19:55:34       -7.566586        0.5487
BFGS:   41 19:55:34       -7.628657        0.5211
BFGS:   42 19:55:34       -7.643973        0.4975
BFGS:   43 19:55:34       -7.665535        0.4780
BFGS:   44 19:55:34       -7.711034        0.4481
BFGS:   45 19:55:34       -7.756189        0.5756
BFGS:   46 19:55:34       -7.790295        0.7109
BFGS:   47 19:55:34       -7.824898        0.8252
BFGS:   48 19:55:34       -7.860280        0.6634
BFGS:   49 19:55:34       -7.974282        0.8550
BFGS:   50 19:55:34       -8.050295        0.8476
BFGS:   51 19:55:34       -8.126235        0.7441
BFGS:   52 19:55:34       -8.158053        0.5990
BFGS:   53 19:55:34       -8.167414        1.1662
BFGS:   54 19:55:34       -8.221615        0.4291
BFGS:   55 19:55:34       -8.252013        0.4582
BFGS:   56 19:55:34       -8.311776        0.5890
BFGS:   57 19:55:34       -8.351620        0.7309
BFGS:   58 19:55:34       -8.376020        0.6447
BFGS:   59 19:55:34       -8.417952        0.5810
BFGS:   60 19:55:34       -8.437040        0.3664
BFGS:   61 19:55:34       -8.455141        0.2711
BFGS:   62 19:55:34       -8.462554        0.1955
BFGS:   63 19:55:34       -8.465092        0.1819
BFGS:   64 19:55:34       -8.467834        0.1779
BFGS:   65 19:55:34       -8.476385        0.1924
BFGS:   66 19:55:34       -8.482438        0.1812
BFGS:   67 19:55:34       -8.485054        0.0907
BFGS:   68 19:55:34       -8.485528        0.0553
BFGS:   69 19:55:34       -8.485634        0.0501
BFGS:   70 19:55:34       -8.485892        0.0490
      Step     Time          Energy         fmax
BFGS:    0 19:55:34       18.801571       46.2891
BFGS:    1 19:55:34       -0.725018       10.5943
BFGS:    2 19:55:34       -3.704108        6.6854
BFGS:    3 19:55:34       -5.889226        2.6236
BFGS:    4 19:55:34       -6.326253        1.4045
BFGS:    5 19:55:34       -6.528358        0.6594
BFGS:    6 19:55:34       -6.578838        0.4906
BFGS:    7 19:55:34       -6.621000        0.5503
BFGS:    8 19:55:34       -6.698510        0.7236
BFGS:    9 19:55:34       -6.836600        0.9812
BFGS:   10 19:55:34       -6.963661        1.2089
BFGS:   11 19:55:34       -7.109400        1.2511
BFGS:   12 19:55:34       -7.204839        1.0974
BFGS:   13 19:55:34       -7.282893        0.7303
BFGS:   14 19:55:34       -7.332706        0.6394
BFGS:   15 19:55:34       -7.466651        0.6782
BFGS:   16 19:55:34       -7.492394        0.6975
BFGS:   17 19:55:34       -7.566406        0.8869
BFGS:   18 19:55:34       -7.628546        0.9554
BFGS:   19 19:55:34       -7.657335        1.6584
BFGS:   20 19:55:34       -7.740500        0.6336
BFGS:   21 19:55:34       -7.776774        0.5986
BFGS:   22 19:55:34       -7.838321        0.9755
BFGS:   23 19:55:35       -7.886172        0.6259
BFGS:   24 19:55:35       -7.933192        0.6126
BFGS:   25 19:55:35       -8.001659        0.7659
BFGS:   26 19:55:35       -8.133512        1.0371
BFGS:   27 19:55:35       -8.225529        0.9759
BFGS:   28 19:55:35       -8.293356        0.8294
BFGS:   29 19:55:35       -8.387100        0.7692
BFGS:   30 19:55:35       -8.448600        0.8245
BFGS:   31 19:55:35       -8.518527        0.8600
BFGS:   32 19:55:35       -8.557260        0.5716
BFGS:   33 19:55:35       -8.590914        0.4761
BFGS:   34 19:55:35       -8.637263        0.5272
BFGS:   35 19:55:35       -8.663944        0.6526
BFGS:   36 19:55:35       -8.695923        0.5266
BFGS:   37 19:55:35       -8.717536        0.3856
BFGS:   38 19:55:35       -8.736687        0.3288
BFGS:   39 19:55:35       -8.748538        0.3444
BFGS:   40 19:55:35       -8.758814        0.3280
BFGS:   41 19:55:35       -8.771377        0.3062
BFGS:   42 19:55:35       -8.783849        0.3304
BFGS:   43 19:55:35       -8.798307        0.3870
BFGS:   44 19:55:35       -8.818359        0.4730
BFGS:   45 19:55:35       -8.842922        0.5625
BFGS:   46 19:55:35       -8.884273        0.7270
BFGS:   47 19:55:35       -8.922900        0.7859
BFGS:   48 19:55:35       -8.999748        0.6716
BFGS:   49 19:55:35       -9.030157        0.4544
BFGS:   50 19:55:35       -9.042456        0.3303
BFGS:   51 19:55:35       -9.054481        0.2653
BFGS:   52 19:55:35       -9.062641        0.2176
BFGS:   53 19:55:35       -9.069194        0.2877
BFGS:   54 19:55:35       -9.077108        0.2727
BFGS:   55 19:55:35       -9.084654        0.2801
BFGS:   56 19:55:35       -9.089580        0.1982
BFGS:   57 19:55:35       -9.093352        0.1230
BFGS:   58 19:55:35       -9.095950        0.0634
BFGS:   59 19:55:35       -9.096410        0.0499
      Step     Time          Energy         fmax
BFGS:    0 19:55:35       18.753610       46.3764
BFGS:    1 19:55:35        2.001669       13.6655
BFGS:    2 19:55:35       -2.362979        9.2967
BFGS:    3 19:55:35       -4.545540        3.6567
BFGS:    4 19:55:35       -5.142468        2.0740
BFGS:    5 19:55:35       -5.432665        1.0141
BFGS:    6 19:55:35       -5.521680        0.6883
BFGS:    7 19:55:35       -5.581964        0.7440
BFGS:    8 19:55:35       -5.664857        0.7741
BFGS:    9 19:55:35       -5.771878        0.7977
BFGS:   10 19:55:35       -5.860063        0.9249
BFGS:   11 19:55:35       -6.037338        1.3103
BFGS:   12 19:55:35       -6.108138        0.9197
BFGS:   13 19:55:35       -6.204871        0.8709
BFGS:   14 19:55:35       -6.465875        1.1763
BFGS:   15 19:55:35       -6.507117        1.1193
BFGS:   16 19:55:35       -6.561730        0.8444
BFGS:   17 19:55:35       -6.637228        0.7475
BFGS:   18 19:55:35       -6.833576        0.9011
BFGS:   19 19:55:35       -7.026998        1.5259
BFGS:   20 19:55:35       -7.083021        1.7965
BFGS:   21 19:55:35       -7.226224        1.0746
BFGS:   22 19:55:35       -7.340831        0.8611
BFGS:   23 19:55:35       -7.510774        1.1684
BFGS:   24 19:55:35       -7.579300        0.7054
BFGS:   25 19:55:35       -7.618908        0.6189
BFGS:   26 19:55:35       -7.669736        0.6615
BFGS:   27 19:55:35       -7.688507        0.5280
BFGS:   28 19:55:35       -7.733225        0.3994
BFGS:   29 19:55:35       -7.751998        0.3041
BFGS:   30 19:55:35       -7.767700        0.3455
BFGS:   31 19:55:35       -7.784060        0.4389
BFGS:   32 19:55:35       -7.821791        0.6788
BFGS:   33 19:55:35       -7.871425        0.7480
BFGS:   34 19:55:35       -7.940916        0.6508
BFGS:   35 19:55:35       -8.010190        0.7077
BFGS:   36 19:55:35       -8.072261        0.8341
BFGS:   37 19:55:35       -8.136588        0.9393
BFGS:   38 19:55:35       -8.185586        0.8959
BFGS:   39 19:55:35       -8.271442        0.8014
BFGS:   40 19:55:35       -8.375736        0.9498
BFGS:   41 19:55:35       -8.397488        0.5353
BFGS:   42 19:55:35       -8.422530        0.5233
BFGS:   43 19:55:35       -8.445803        0.4270
BFGS:   44 19:55:35       -8.468012        0.3919
BFGS:   45 19:55:35       -8.503072        0.4848
BFGS:   46 19:55:35       -8.534722        0.4437
BFGS:   47 19:55:35       -8.558438        0.4102
BFGS:   48 19:55:35       -8.580110        0.4940
BFGS:   49 19:55:35       -8.620273        0.6566
BFGS:   50 19:55:35       -8.690669        0.7809
BFGS:   51 19:55:35       -8.738471        0.6504
BFGS:   52 19:55:35       -8.798886        0.5696
BFGS:   53 19:55:35       -8.831744        0.5368
BFGS:   54 19:55:35       -8.859158        0.4532
BFGS:   55 19:55:35       -8.874720        0.4273
BFGS:   56 19:55:35       -8.891560        0.2204
BFGS:   57 19:55:35       -8.898774        0.1453
BFGS:   58 19:55:35       -8.902816        0.1529
BFGS:   59 19:55:35       -8.904704        0.1441
BFGS:   60 19:55:35       -8.905992        0.1203
BFGS:   61 19:55:35       -8.907551        0.1065
BFGS:   62 19:55:35       -8.909094        0.0983
BFGS:   63 19:55:35       -8.910365        0.0896
BFGS:   64 19:55:35       -8.911454        0.1134
BFGS:   65 19:55:35       -8.912989        0.1283
BFGS:   66 19:55:35       -8.915554        0.1349
BFGS:   67 19:55:35       -8.919628        0.1407
BFGS:   68 19:55:35       -8.926771        0.1741
BFGS:   69 19:55:35       -8.946587        0.3265
BFGS:   70 19:55:35       -8.950885        0.6105
BFGS:   71 19:55:35       -8.973336        0.2551
BFGS:   72 19:55:35       -8.979029        0.2436
BFGS:   73 19:55:35       -8.986785        0.2220
BFGS:   74 19:55:35       -8.998245        0.2185
BFGS:   75 19:55:35       -9.012035        0.2263
BFGS:   76 19:55:35       -9.028340        0.2343
BFGS:   77 19:55:35       -9.042643        0.1950
BFGS:   78 19:55:35       -9.049067        0.1987
BFGS:   79 19:55:35       -9.054416        0.1797
BFGS:   80 19:55:35       -9.057728        0.1834
BFGS:   81 19:55:35       -9.063663        0.1439
BFGS:   82 19:55:35       -9.068063        0.1269
BFGS:   83 19:55:35       -9.070166        0.0670
BFGS:   84 19:55:35       -9.070525        0.0403
      Step     Time          Energy         fmax
BFGS:    0 19:55:35       19.386843       25.5412
BFGS:    1 19:55:35        2.785525       13.1968
BFGS:    2 19:55:35       -1.090866        7.2411
BFGS:    3 19:55:35       -2.935157        2.3093
BFGS:    4 19:55:35       -3.524498        1.1804
BFGS:    5 19:55:35       -3.742480        0.5493
BFGS:    6 19:55:35       -3.787164        0.3390
BFGS:    7 19:55:35       -3.797912        0.2775
BFGS:    8 19:55:35       -3.806076        0.2741
BFGS:    9 19:55:35       -3.820864        0.2521
BFGS:   10 19:55:35       -3.840343        0.3068
BFGS:   11 19:55:35       -3.857594        0.4987
BFGS:   12 19:55:35       -3.881083        0.8467
BFGS:   13 19:55:35       -3.967849        1.9214
BFGS:   14 19:55:35       -3.974909        2.6896
BFGS:   15 19:55:35       -4.116669        1.7739
BFGS:   16 19:55:35       -4.263384        1.0690
BFGS:   17 19:55:35       -4.424073        1.0111
BFGS:   18 19:55:35       -4.465469        0.8049
BFGS:   19 19:55:35       -4.530030        0.6705
BFGS:   20 19:55:35       -4.570894        0.8284
BFGS:   21 19:55:35       -4.694253        1.1801
BFGS:   22 19:55:35       -4.833739        1.6338
BFGS:   23 19:55:35       -4.890379        2.6068
BFGS:   24 19:55:35       -5.023739        1.5548
BFGS:   25 19:55:35       -5.221109        1.1769
BFGS:   26 19:55:35       -5.476274        0.9060
BFGS:   27 19:55:35       -5.555396        0.8577
BFGS:   28 19:55:35       -5.632168        0.9584
BFGS:   29 19:55:35       -5.690022        0.5996
BFGS:   30 19:55:35       -5.725190        0.4968
BFGS:   31 19:55:35       -5.835236        0.4401
BFGS:   32 19:55:35       -5.856073        0.3837
BFGS:   33 19:55:35       -5.874176        0.3922
BFGS:   34 19:55:35       -5.903651        0.4152
BFGS:   35 19:55:35       -5.938078        0.3844
BFGS:   36 19:55:35       -5.959391        0.3113
BFGS:   37 19:55:35       -5.975577        0.3414
BFGS:   38 19:55:35       -5.983877        0.3639
BFGS:   39 19:55:35       -5.998018        0.3896
BFGS:   40 19:55:35       -6.017545        0.3970
BFGS:   41 19:55:35       -6.057905        0.6210
BFGS:   42 19:55:35       -6.101237        0.8971
BFGS:   43 19:55:35       -6.138259        0.8022
BFGS:   44 19:55:35       -6.221308        0.5656
BFGS:   45 19:55:35       -6.231739        0.7892
BFGS:   46 19:55:35       -6.283819        0.4597
BFGS:   47 19:55:35       -6.301950        0.3624
BFGS:   48 19:55:35       -6.314607        0.2513
BFGS:   49 19:55:35       -6.320508        0.1740
BFGS:   50 19:55:35       -6.322532        0.1556
BFGS:   51 19:55:35       -6.326400        0.1482
BFGS:   52 19:55:35       -6.328327        0.1211
BFGS:   53 19:55:35       -6.331965        0.1123
BFGS:   54 19:55:35       -6.333179        0.1020
BFGS:   55 19:55:35       -6.334364        0.1158
BFGS:   56 19:55:35       -6.335517        0.1193
BFGS:   57 19:55:35       -6.337888        0.1272
BFGS:   58 19:55:35       -6.342578        0.1679
BFGS:   59 19:55:35       -6.351457        0.2569
BFGS:   60 19:55:35       -6.365846        0.4650
BFGS:   61 19:55:35       -6.390965        0.7514
BFGS:   62 19:55:35       -6.416547        1.0433
BFGS:   63 19:55:35       -6.440183        1.3025
BFGS:   64 19:55:35       -6.463592        1.4983
BFGS:   65 19:55:35       -6.488251        1.6072
BFGS:   66 19:55:35       -6.506795        1.5649
BFGS:   67 19:55:35       -6.522641        1.4828
BFGS:   68 19:55:35       -6.579478        1.3447
BFGS:   69 19:55:35       -6.632987        1.1423
BFGS:   70 19:55:35       -6.693229        1.0748
BFGS:   71 19:55:35       -6.739905        1.0358
BFGS:   72 19:55:35       -6.658285        1.7170
BFGS:   73 19:55:35       -6.786239        1.2130
BFGS:   74 19:55:35       -6.812740        1.0700
BFGS:   75 19:55:35       -6.836874        1.0705
BFGS:   76 19:55:35       -6.899656        1.0265
BFGS:   77 19:55:35       -6.953666        0.9846
BFGS:   78 19:55:35       -7.095245        0.7565
BFGS:   79 19:55:35       -7.133385        0.7296
BFGS:   80 19:55:35       -7.153899        0.6814
BFGS:   81 19:55:35       -7.184375        0.7414
BFGS:   82 19:55:35       -7.247806        0.8979
BFGS:   83 19:55:35       -7.278910        1.0062
BFGS:   84 19:55:35       -7.351019        0.9042
BFGS:   85 19:55:35       -7.410519        0.8183
BFGS:   86 19:55:35       -7.456252        0.9754
BFGS:   87 19:55:35       -7.497108        1.2325
BFGS:   88 19:55:35       -7.547746        0.9469
BFGS:   89 19:55:35       -7.644642        0.9703
BFGS:   90 19:55:35       -7.702339        1.0413
BFGS:   91 19:55:35       -7.745014        0.7045
BFGS:   92 19:55:35       -7.784081        0.4103
BFGS:   93 19:55:35       -7.819679        0.3809
BFGS:   94 19:55:35       -7.830333        0.2830
BFGS:   95 19:55:35       -7.839100        0.2677
BFGS:   96 19:55:35       -7.844439        0.2508
BFGS:   97 19:55:35       -7.851193        0.2404
BFGS:   98 19:55:35       -7.856560        0.2478
BFGS:   99 19:55:35       -7.862244        0.2134
BFGS:  100 19:55:35       -7.866944        0.1730
BFGS:  101 19:55:35       -7.870497        0.1594
BFGS:  102 19:55:35       -7.872042        0.1211
BFGS:  103 19:55:36       -7.872674        0.1131
BFGS:  104 19:55:36       -7.873357        0.0913
BFGS:  105 19:55:36       -7.874486        0.0913
BFGS:  106 19:55:36       -7.876122        0.1011
BFGS:  107 19:55:36       -7.877509        0.1004
BFGS:  108 19:55:36       -7.878257        0.1023
BFGS:  109 19:55:36       -7.878719        0.1119
BFGS:  110 19:55:36       -7.879848        0.1354
BFGS:  111 19:55:36       -7.883011        0.2012
BFGS:  112 19:55:36       -7.894930        0.3978
BFGS:  113 19:55:36       -7.910328        0.6124
BFGS:  114 19:55:36       -7.923560        0.8595
BFGS:  115 19:55:36       -7.931995        1.1173
BFGS:  116 19:55:36       -7.940091        1.2606
BFGS:  117 19:55:36       -7.953623        1.3884
BFGS:  118 19:55:36       -7.969377        1.2682
BFGS:  119 19:55:36       -7.995071        0.9201
BFGS:  120 19:55:36       -8.034444        0.9856
BFGS:  121 19:55:36       -8.126976        1.2106
BFGS:  122 19:55:36       -8.204718        0.7789
BFGS:  123 19:55:36       -8.324488        0.5927
BFGS:  124 19:55:36       -8.288217        1.1870
BFGS:  125 19:55:36       -8.380930        0.4067
BFGS:  126 19:55:36       -8.413748        0.1823
BFGS:  127 19:55:36       -8.421693        0.1155
BFGS:  128 19:55:36       -8.422642        0.1113
BFGS:  129 19:55:36       -8.423373        0.1195
BFGS:  130 19:55:36       -8.425109        0.1307
BFGS:  131 19:55:36       -8.428405        0.1923
BFGS:  132 19:55:36       -8.436782        0.3787
BFGS:  133 19:55:36       -8.456847        0.6947
BFGS:  134 19:55:36       -8.475124        0.9558
BFGS:  135 19:55:36       -8.493035        1.1334
BFGS:  136 19:55:36       -8.525972        1.1103
BFGS:  137 19:55:36       -8.582689        1.0274
BFGS:  138 19:55:36       -8.669056        1.0192
BFGS:  139 19:55:36       -8.684240        0.9292
BFGS:  140 19:55:36       -8.728451        1.0387
BFGS:  141 19:55:36       -8.755973        0.7636
BFGS:  142 19:55:36       -8.787961        0.6897
BFGS:  143 19:55:36       -8.822404        0.6396
BFGS:  144 19:55:36       -8.840994        0.5888
BFGS:  145 19:55:36       -8.859222        0.5118
BFGS:  146 19:55:36       -8.877280        0.4200
BFGS:  147 19:55:36       -8.889262        0.3148
BFGS:  148 19:55:36       -8.893860        0.2667
BFGS:  149 19:55:36       -8.900912        0.1912
BFGS:  150 19:55:36       -8.905156        0.1631
BFGS:  151 19:55:36       -8.910187        0.1373
BFGS:  152 19:55:36       -8.912944        0.1067
BFGS:  153 19:55:36       -8.914922        0.1353
BFGS:  154 19:55:36       -8.918722        0.1866
BFGS:  155 19:55:36       -8.930509        0.2564
BFGS:  156 19:55:36       -8.918661        0.3593
BFGS:  157 19:55:36       -8.982056        0.3624
BFGS:  158 19:55:36       -8.936895        0.9210
BFGS:  159 19:55:36       -9.009541        0.2551
BFGS:  160 19:55:36       -9.020175        0.1501
BFGS:  161 19:55:36       -9.038456        0.1698
BFGS:  162 19:55:36       -9.047387        0.1844
BFGS:  163 19:55:36       -9.056778        0.1802
BFGS:  164 19:55:36       -9.062852        0.2018
BFGS:  165 19:55:36       -9.066592        0.1624
BFGS:  166 19:55:36       -9.070093        0.0784
BFGS:  167 19:55:36       -9.070756        0.0348
      Step     Time          Energy         fmax
BFGS:    0 19:55:36       19.495757       23.7809
BFGS:    1 19:55:36        9.508685       35.3833
BFGS:    2 19:55:36        1.216796       17.0851
BFGS:    3 19:55:36       -1.975914        3.8986
BFGS:    4 19:55:36       -2.971979        1.7039
BFGS:    5 19:55:36       -3.430900        0.6783
BFGS:    6 19:55:36       -3.554021        0.4698
BFGS:    7 19:55:36       -3.579600        0.3754
BFGS:    8 19:55:36       -3.587158        0.3279
BFGS:    9 19:55:36       -3.596386        0.2729
BFGS:   10 19:55:36       -3.611315        0.2606
BFGS:   11 19:55:36       -3.623534        0.3031
BFGS:   12 19:55:36       -3.629395        0.2993
BFGS:   13 19:55:36       -3.642952        0.4340
BFGS:   14 19:55:36       -3.664774        0.5976
BFGS:   15 19:55:36       -3.740712        1.1479
BFGS:   16 19:55:36       -3.727460        1.7005
BFGS:   17 19:55:36       -3.842989        0.8356
BFGS:   18 19:55:36       -3.911300        0.6085
BFGS:   19 19:55:36       -3.963325        0.5161
BFGS:   20 19:55:36       -3.978350        0.2353
BFGS:   21 19:55:36       -3.981378        0.2298
BFGS:   22 19:55:36       -3.988120        0.2141
BFGS:   23 19:55:36       -3.996177        0.2593
BFGS:   24 19:55:36       -4.017216        0.4568
BFGS:   25 19:55:36       -4.034986        0.6197
BFGS:   26 19:55:36       -4.063129        0.8189
BFGS:   27 19:55:36       -4.142631        1.3006
BFGS:   28 19:55:36       -4.221507        1.9801
BFGS:   29 19:55:36       -4.211477        2.5390
BFGS:   30 19:55:36       -4.318916        1.3820
BFGS:   31 19:55:36       -4.381463        1.4623
BFGS:   32 19:55:36       -4.541828        1.4074
BFGS:   33 19:55:36       -4.598969        1.1595
BFGS:   34 19:55:36       -4.677082        0.6180
BFGS:   35 19:55:36       -4.696978        0.4147
BFGS:   36 19:55:36       -4.716477        0.2758
BFGS:   37 19:55:36       -4.721847        0.2275
BFGS:   38 19:55:36       -4.727389        0.2536
BFGS:   39 19:55:36       -4.738246        0.2773
BFGS:   40 19:55:36       -4.748881        0.2343
BFGS:   41 19:55:36       -4.755154        0.1865
BFGS:   42 19:55:36       -4.757120        0.1926
BFGS:   43 19:55:36       -4.758396        0.1522
BFGS:   44 19:55:36       -4.759559        0.0904
BFGS:   45 19:55:36       -4.760893        0.0747
BFGS:   46 19:55:36       -4.761547        0.0749
BFGS:   47 19:55:36       -4.762201        0.1057
BFGS:   48 19:55:36       -4.763141        0.1307
BFGS:   49 19:55:36       -4.764379        0.1464
BFGS:   50 19:55:36       -4.765680        0.1511
BFGS:   51 19:55:36       -4.767025        0.1608
BFGS:   52 19:55:36       -4.768996        0.2142
BFGS:   53 19:55:36       -4.774921        0.3447
BFGS:   54 19:55:36       -4.788824        0.6166
BFGS:   55 19:55:36       -4.819628        0.9814
BFGS:   56 19:55:36       -4.803095        1.4523
BFGS:   57 19:55:36       -4.907807        1.3408
BFGS:   58 19:55:36       -4.924066        1.3059
BFGS:   59 19:55:36       -4.965842        1.8095
BFGS:   60 19:55:36       -5.005972        1.3228
BFGS:   61 19:55:36       -5.036174        1.1521
BFGS:   62 19:55:36       -5.076811        0.9827
BFGS:   63 19:55:36       -5.113104        0.8187
BFGS:   64 19:55:36       -5.155524        0.7986
BFGS:   65 19:55:36       -5.273337        0.5715
BFGS:   66 19:55:36       -5.295519        0.5259
BFGS:   67 19:55:36       -5.311465        0.3355
BFGS:   68 19:55:36       -5.319154        0.2202
BFGS:   69 19:55:36       -5.321996        0.1999
BFGS:   70 19:55:36       -5.328043        0.1426
BFGS:   71 19:55:36       -5.334582        0.1947
BFGS:   72 19:55:36       -5.348516        0.3478
BFGS:   73 19:55:36       -5.366814        0.4777
BFGS:   74 19:55:36       -5.389829        0.5669
BFGS:   75 19:55:36       -5.412874        0.6317
BFGS:   76 19:55:36       -5.434386        0.7750
BFGS:   77 19:55:36       -5.450962        0.8744
BFGS:   78 19:55:36       -5.474521        0.9013
BFGS:   79 19:55:36       -5.542598        0.8311
BFGS:   80 19:55:36       -5.609150        0.7555
BFGS:   81 19:55:36       -5.701708        0.7060
BFGS:   82 19:55:36       -5.722229        0.8207
BFGS:   83 19:55:36       -5.764872        0.8058
BFGS:   84 19:55:36       -5.778940        0.6693
BFGS:   85 19:55:36       -5.804734        0.6579
BFGS:   86 19:55:36       -5.825471        0.6559
BFGS:   87 19:55:36       -5.848821        0.6028
BFGS:   88 19:55:36       -5.904994        0.5229
BFGS:   89 19:55:36       -5.959700        0.6848
BFGS:   90 19:55:36       -5.948809        1.0614
BFGS:   91 19:55:36       -6.010016        0.5390
BFGS:   92 19:55:36       -6.024723        0.3990
BFGS:   93 19:55:36       -6.034528        0.2605
BFGS:   94 19:55:36       -6.038292        0.2448
BFGS:   95 19:55:36       -6.041569        0.2392
BFGS:   96 19:55:36       -6.048408        0.2572
BFGS:   97 19:55:36       -6.052323        0.2651
BFGS:   98 19:55:36       -6.056372        0.2300
BFGS:   99 19:55:36       -6.058794        0.2647
BFGS:  100 19:55:36       -6.061295        0.2910
BFGS:  101 19:55:36       -6.065174        0.3265
BFGS:  102 19:55:36       -6.074888        0.4142
BFGS:  103 19:55:36       -6.109987        0.6696
BFGS:  104 19:55:36       -6.120689        0.5912
BFGS:  105 19:55:36       -6.148961        0.7125
BFGS:  106 19:55:36       -6.182332        0.6880
BFGS:  107 19:55:36       -6.261899        0.5021
BFGS:  108 19:55:36       -6.293383        0.4346
BFGS:  109 19:55:36       -6.326712        0.5077
BFGS:  110 19:55:36       -6.342470        0.4805
BFGS:  111 19:55:36       -6.367366        0.3200
BFGS:  112 19:55:36       -6.442136        0.4048
BFGS:  113 19:55:36       -6.513149        0.4996
BFGS:  114 19:55:36       -6.568298        0.8186
BFGS:  115 19:55:36       -6.607399        0.8219
BFGS:  116 19:55:36       -6.672647        0.7714
BFGS:  117 19:55:36       -6.701003        0.5920
BFGS:  118 19:55:36       -6.712951        0.5624
BFGS:  119 19:55:36       -6.727021        0.5855
BFGS:  120 19:55:36       -6.810353        0.6987
BFGS:  121 19:55:36       -6.861650        0.8269
BFGS:  122 19:55:36       -6.940080        0.6627
BFGS:  123 19:55:36       -7.075819        0.6655
BFGS:  124 19:55:36       -7.003885        0.9525
BFGS:  125 19:55:36       -7.160560        0.4072
BFGS:  126 19:55:36       -7.178827        0.3354
BFGS:  127 19:55:36       -7.193196        0.3095
BFGS:  128 19:55:36       -7.199578        0.3221
BFGS:  129 19:55:36       -7.205310        0.3870
BFGS:  130 19:55:36       -7.216787        0.4288
BFGS:  131 19:55:36       -7.231165        0.5637
BFGS:  132 19:55:36       -7.242808        0.5361
BFGS:  133 19:55:36       -7.254600        0.5186
BFGS:  134 19:55:36       -7.276524        0.4992
BFGS:  135 19:55:36       -7.306851        0.4885
BFGS:  136 19:55:36       -7.354223        0.5610
BFGS:  137 19:55:36       -7.407550        0.7785
BFGS:  138 19:55:36       -7.443208        1.0280
BFGS:  139 19:55:36       -7.466816        1.3190
BFGS:  140 19:55:36       -7.620201        0.5568
BFGS:  141 19:55:36       -7.691992        0.6170
BFGS:  142 19:55:36       -7.784886        0.4544
BFGS:  143 19:55:36       -7.843319        1.3691
BFGS:  144 19:55:36       -8.008698        1.1116
BFGS:  145 19:55:36       -8.160622        0.9928
BFGS:  146 19:55:36       -8.227376        1.1626
BFGS:  147 19:55:36       -8.222475        0.9173
BFGS:  148 19:55:36       -8.338021        0.5093
BFGS:  149 19:55:36       -8.374752        0.7763
BFGS:  150 19:55:36       -8.433472        0.6817
BFGS:  151 19:55:36       -8.478764        0.5402
BFGS:  152 19:55:36       -8.533627        0.5236
BFGS:  153 19:55:36       -8.586877        0.4697
BFGS:  154 19:55:36       -8.646677        0.4167
BFGS:  155 19:55:37       -8.684161        0.4397
BFGS:  156 19:55:37       -8.771339        0.6952
BFGS:  157 19:55:37       -8.808529        0.6072
BFGS:  158 19:55:37       -8.814196        0.6324
BFGS:  159 19:55:37       -8.840803        0.5002
BFGS:  160 19:55:37       -8.849033        0.4882
BFGS:  161 19:55:37       -8.859569        0.4443
BFGS:  162 19:55:37       -8.871061        0.4071
BFGS:  163 19:55:37       -8.879828        0.4139
BFGS:  164 19:55:37       -8.907461        0.4533
BFGS:  165 19:55:37       -8.932296        0.4227
BFGS:  166 19:55:37       -8.936929        0.4209
BFGS:  167 19:55:37       -8.943249        0.5491
BFGS:  168 19:55:37       -8.961942        0.2708
BFGS:  169 19:55:37       -8.978725        0.2310
BFGS:  170 19:55:37       -9.001575        0.3018
BFGS:  171 19:55:37       -9.016550        0.3110
BFGS:  172 19:55:37       -9.025758        0.2268
BFGS:  173 19:55:37       -9.035825        0.1750
BFGS:  174 19:55:37       -9.042431        0.1590
BFGS:  175 19:55:37       -9.048508        0.1747
BFGS:  176 19:55:37       -9.055407        0.1887
BFGS:  177 19:55:37       -9.059526        0.1842
BFGS:  178 19:55:37       -9.061921        0.1622
BFGS:  179 19:55:37       -9.063404        0.1476
BFGS:  180 19:55:37       -9.064952        0.1353
BFGS:  181 19:55:37       -9.066674        0.1117
BFGS:  182 19:55:37       -9.068250        0.0988
BFGS:  183 19:55:37       -9.069531        0.0791
BFGS:  184 19:55:37       -9.070455        0.0511
BFGS:  185 19:55:37       -9.070860        0.0338
      Step     Time          Energy         fmax
BFGS:    0 19:55:37       20.139005       40.8424
BFGS:    1 19:55:37        2.934588       15.1495
BFGS:    2 19:55:37       -1.395503       14.6186
BFGS:    3 19:55:37       -4.344650        4.0386
BFGS:    4 19:55:37       -5.223095        1.9209
BFGS:    5 19:55:37       -5.603389        0.7155
BFGS:    6 19:55:37       -5.689798        0.4650
BFGS:    7 19:55:37       -5.713902        0.4855
BFGS:    8 19:55:37       -5.734852        0.4924
BFGS:    9 19:55:37       -5.780410        0.5039
BFGS:   10 19:55:37       -5.840646        0.6774
BFGS:   11 19:55:37       -5.885135        0.6159
BFGS:   12 19:55:37       -5.954311        0.7387
BFGS:   13 19:55:37       -5.985908        0.6335
BFGS:   14 19:55:37       -6.008233        0.3956
BFGS:   15 19:55:37       -6.055134        0.3774
BFGS:   16 19:55:37       -6.115939        0.7164
BFGS:   17 19:55:37       -6.147876        0.7242
BFGS:   18 19:55:37       -6.227815        1.0698
BFGS:   19 19:55:37       -6.323124        1.1430
BFGS:   20 19:55:37       -6.461319        1.2750
BFGS:   21 19:55:37       -6.552352        1.1609
BFGS:   22 19:55:37       -6.630294        1.1525
BFGS:   23 19:55:37       -6.716872        0.9558
BFGS:   24 19:55:37       -6.814619        0.5134
BFGS:   25 19:55:37       -6.839742        0.4293
BFGS:   26 19:55:37       -6.860394        0.3537
BFGS:   27 19:55:37       -6.868968        0.3209
BFGS:   28 19:55:37       -6.895602        0.3134
BFGS:   29 19:55:37       -6.913982        0.3345
BFGS:   30 19:55:37       -6.924221        0.2790
BFGS:   31 19:55:37       -6.931968        0.2716
BFGS:   32 19:55:37       -6.943689        0.2959
BFGS:   33 19:55:37       -6.964814        0.3641
BFGS:   34 19:55:37       -7.001066        0.4742
BFGS:   35 19:55:37       -7.028238        0.7507
BFGS:   36 19:55:37       -7.067763        0.5422
BFGS:   37 19:55:37       -7.105497        0.4851
BFGS:   38 19:55:37       -7.124083        0.4559
BFGS:   39 19:55:37       -7.154307        0.4028
BFGS:   40 19:55:37       -7.172276        0.3173
BFGS:   41 19:55:37       -7.192180        0.2614
BFGS:   42 19:55:37       -7.197491        0.3031
BFGS:   43 19:55:37       -7.203412        0.2377
BFGS:   44 19:55:37       -7.209196        0.1983
BFGS:   45 19:55:37       -7.217133        0.1726
BFGS:   46 19:55:37       -7.223143        0.2236
BFGS:   47 19:55:37       -7.225683        0.2187
BFGS:   48 19:55:37       -7.228389        0.1857
BFGS:   49 19:55:37       -7.231785        0.1346
BFGS:   50 19:55:37       -7.234542        0.1354
BFGS:   51 19:55:37       -7.236188        0.1453
BFGS:   52 19:55:37       -7.237346        0.1193
BFGS:   53 19:55:37       -7.239035        0.1229
BFGS:   54 19:55:37       -7.242382        0.1496
BFGS:   55 19:55:37       -7.248833        0.2427
BFGS:   56 19:55:37       -7.267054        0.4519
BFGS:   57 19:55:37       -6.964324        2.0636
BFGS:   58 19:55:37       -7.318265        0.3906
BFGS:   59 19:55:37       -7.422306        0.4335
BFGS:   60 19:55:37       -7.513434        0.4068
BFGS:   61 19:55:37       -7.530921        0.2669
BFGS:   62 19:55:37       -7.540230        0.2443
BFGS:   63 19:55:37       -7.545033        0.1990
BFGS:   64 19:55:37       -7.550572        0.2419
BFGS:   65 19:55:37       -7.558025        0.3229
BFGS:   66 19:55:37       -7.569729        0.3317
BFGS:   67 19:55:37       -7.583050        0.3436
BFGS:   68 19:55:37       -7.590601        0.3561
BFGS:   69 19:55:37       -7.600902        0.2985
BFGS:   70 19:55:37       -7.610365        0.2096
BFGS:   71 19:55:37       -7.622881        0.2292
BFGS:   72 19:55:37       -7.631648        0.2659
BFGS:   73 19:55:37       -7.638758        0.2948
BFGS:   74 19:55:37       -7.645968        0.3489
BFGS:   75 19:55:37       -7.656085        0.3416
BFGS:   76 19:55:37       -7.665818        0.1989
BFGS:   77 19:55:37       -7.672538        0.0792
BFGS:   78 19:55:37       -7.675289        0.0688
BFGS:   79 19:55:37       -7.676265        0.0720
BFGS:   80 19:55:37       -7.676756        0.0686
BFGS:   81 19:55:37       -7.677758        0.0557
BFGS:   82 19:55:37       -7.678301        0.0364
      Step     Time          Energy         fmax
BFGS:    0 19:55:37       17.714786       23.7148
BFGS:    1 19:55:37        5.092578       34.2243
BFGS:    2 19:55:37       -2.119827        8.7881
BFGS:    3 19:55:37       -3.617676        2.4285
BFGS:    4 19:55:37       -4.353534        1.3695
BFGS:    5 19:55:37       -4.681920        0.6937
BFGS:    6 19:55:37       -4.766942        0.5537
BFGS:    7 19:55:37       -4.796389        0.5792
BFGS:    8 19:55:37       -4.821650        0.5932
BFGS:    9 19:55:37       -4.863296        0.5692
BFGS:   10 19:55:37       -4.904715        0.4930
BFGS:   11 19:55:37       -4.950380        0.4496
BFGS:   12 19:55:37       -4.987494        0.4664
BFGS:   13 19:55:37       -5.001415        0.3684
BFGS:   14 19:55:37       -5.040942        0.4601
BFGS:   15 19:55:37       -5.124914        0.7293
BFGS:   16 19:55:37       -5.182460        0.8954
BFGS:   17 19:55:37       -5.217255        0.7864
BFGS:   18 19:55:37       -5.294404        0.4988
BFGS:   19 19:55:37       -5.310747        0.5680
BFGS:   20 19:55:37       -5.336442        0.4143
BFGS:   21 19:55:37       -5.371277        0.4868
BFGS:   22 19:55:37       -5.408290        0.5047
BFGS:   23 19:55:37       -5.442897        0.4980
BFGS:   24 19:55:37       -5.466846        0.3940
BFGS:   25 19:55:37       -5.483583        0.3642
BFGS:   26 19:55:37       -5.508503        0.3904
BFGS:   27 19:55:37       -5.526118        0.4473
BFGS:   28 19:55:37       -5.609179        0.8142
BFGS:   29 19:55:37       -5.651718        0.8795
BFGS:   30 19:55:37       -5.693257        0.8908
BFGS:   31 19:55:37       -5.729390        0.6679
BFGS:   32 19:55:37       -5.768322        0.5547
BFGS:   33 19:55:37       -5.792559        0.5159
BFGS:   34 19:55:37       -5.805051        0.4210
BFGS:   35 19:55:37       -5.814729        0.3738
BFGS:   36 19:55:37       -5.827931        0.2828
BFGS:   37 19:55:37       -5.832391        0.3050
BFGS:   38 19:55:37       -5.836525        0.2868
BFGS:   39 19:55:37       -5.841551        0.2208
BFGS:   40 19:55:37       -5.847921        0.1471
BFGS:   41 19:55:37       -5.852984        0.1546
BFGS:   42 19:55:37       -5.855784        0.1955
BFGS:   43 19:55:37       -5.858304        0.2386
BFGS:   44 19:55:37       -5.862916        0.2641
BFGS:   45 19:55:37       -5.869510        0.2340
BFGS:   46 19:55:37       -5.876556        0.2149
BFGS:   47 19:55:37       -5.881177        0.2651
BFGS:   48 19:55:37       -5.885677        0.2984
BFGS:   49 19:55:37       -5.892853        0.2780
BFGS:   50 19:55:37       -5.903786        0.3296
BFGS:   51 19:55:37       -5.917122        0.4161
BFGS:   52 19:55:37       -5.939973        0.5429
BFGS:   53 19:55:37       -5.967666        0.6924
BFGS:   54 19:55:37       -5.989493        0.7441
BFGS:   55 19:55:37       -6.014898        0.7223
BFGS:   56 19:55:37       -6.030086        1.1985
BFGS:   57 19:55:37       -6.082569        0.4381
BFGS:   58 19:55:37       -6.100397        0.4404
BFGS:   59 19:55:37       -6.126936        0.6012
BFGS:   60 19:55:37       -6.166228        0.6971
BFGS:   61 19:55:37       -6.239593        0.6391
BFGS:   62 19:55:37       -6.265000        0.3038
BFGS:   63 19:55:37       -6.277886        0.2609
BFGS:   64 19:55:37       -6.286251        0.3106
BFGS:   65 19:55:37       -6.294612        0.3642
BFGS:   66 19:55:37       -6.300884        0.2730
BFGS:   67 19:55:37       -6.306957        0.1331
BFGS:   68 19:55:37       -6.308621        0.0827
BFGS:   69 19:55:37       -6.309329        0.0745
BFGS:   70 19:55:37       -6.309656        0.0767
BFGS:   71 19:55:37       -6.310510        0.0847
BFGS:   72 19:55:37       -6.312245        0.0991
BFGS:   73 19:55:37       -6.317925        0.1969
BFGS:   74 19:55:37       -6.339225        0.4541
BFGS:   75 19:55:37       -6.350995        0.7186
BFGS:   76 19:55:37       -6.367910        0.2767
BFGS:   77 19:55:37       -6.387042        0.3627
BFGS:   78 19:55:37       -6.439117        0.6518
BFGS:   79 19:55:37       -6.488853        0.9256
BFGS:   80 19:55:37       -6.528045        1.0568
BFGS:   81 19:55:37       -6.564213        1.0409
BFGS:   82 19:55:37       -6.619206        1.0240
BFGS:   83 19:55:37       -6.696299        0.9534
BFGS:   84 19:55:37       -6.641108        1.5427
BFGS:   85 19:55:37       -6.819597        0.8004
BFGS:   86 19:55:37       -6.894983        0.5850
BFGS:   87 19:55:37       -7.057169        0.6395
BFGS:   88 19:55:37       -7.175135        1.1638
BFGS:   89 19:55:37       -7.259551        0.7534
BFGS:   90 19:55:37       -7.301636        0.5990
BFGS:   91 19:55:37       -7.338682        0.4351
BFGS:   92 19:55:37       -7.363297        0.4060
BFGS:   93 19:55:37       -7.384140        0.4697
BFGS:   94 19:55:37       -7.406278        0.4152
BFGS:   95 19:55:37       -7.439168        0.5035
BFGS:   96 19:55:37       -7.477068        0.4842
BFGS:   97 19:55:37       -7.506097        0.4095
BFGS:   98 19:55:37       -7.520485        0.3438
BFGS:   99 19:55:37       -7.533290        0.3902
BFGS:  100 19:55:37       -7.548440        0.3955
BFGS:  101 19:55:37       -7.616064        0.7001
BFGS:  102 19:55:37       -7.663681        0.6710
BFGS:  103 19:55:38       -7.710047        0.4019
BFGS:  104 19:55:38       -7.750317        0.4264
BFGS:  105 19:55:38       -7.762814        0.3050
BFGS:  106 19:55:38       -7.770260        0.2658
BFGS:  107 19:55:38       -7.784043        0.2094
BFGS:  108 19:55:38       -7.805519        0.2632
BFGS:  109 19:55:38       -7.834009        0.3609
BFGS:  110 19:55:38       -7.875182        0.5851
BFGS:  111 19:55:38       -7.902228        0.7080
BFGS:  112 19:55:38       -7.955564        0.4821
BFGS:  113 19:55:38       -8.001678        0.3710
BFGS:  114 19:55:38       -8.024028        0.4037
BFGS:  115 19:55:38       -8.039379        0.2513
BFGS:  116 19:55:38       -8.049423        0.2431
BFGS:  117 19:55:38       -8.054152        0.1463
BFGS:  118 19:55:38       -8.056928        0.1082
BFGS:  119 19:55:38       -8.058143        0.0625
BFGS:  120 19:55:38       -8.058899        0.0338
