       Step     Time          Energy         fmax
*Force-consistent energies used in optimization.
GPMin:    0 14:33:06       -6.916023*       0.6497
GPMin:    1 14:33:14       -7.134839*       0.2618
GPMin:    2 14:33:23       -7.191399*       0.1643
GPMin:    3 14:33:30       -7.232044*       0.0859
GPMin:    4 14:33:38       -7.247383*       0.0678
GPMin:    5 14:33:46       -7.259527*       0.0402
GPMin:    6 14:33:54       -7.266428*       0.0418
GPMin:    7 14:34:01       -7.272510*       0.0313
GPMin:    8 14:34:08       -7.276805*       0.0230
GPMin:    9 14:34:15       -7.279308*       0.0175
       Step     Time          Energy         fmax
*Force-consistent energies used in optimization.
GPMin:    0 14:34:27       -6.526610*       0.2885
GPMin:    1 14:34:36       -6.729773*       0.2364
GPMin:    2 14:34:45       -6.856661*       0.2138
GPMin:    3 14:34:53       -6.945839*       0.1676
GPMin:    4 14:35:02       -7.000298*       0.1071
GPMin:    5 14:35:09       -7.030708*       0.0885
GPMin:    6 14:35:17       -7.052279*       0.0663
GPMin:    7 14:35:24       -7.061604*       0.0279
GPMin:    8 14:35:30       -7.063839*       0.0242
GPMin:    9 14:35:37       -7.065316*       0.0192
       Step     Time          Energy         fmax
*Force-consistent energies used in optimization.
GPMin:    0 14:35:49       -6.847575*       0.3815
GPMin:    1 14:35:58       -7.015900*       0.2415
GPMin:    2 14:36:06       -7.082871*       0.1065
GPMin:    3 14:36:14       -7.112523*       0.0733
GPMin:    4 14:36:21       -7.131895*       0.0709
GPMin:    5 14:36:28       -7.155535*       0.0853
GPMin:    6 14:36:36       -7.188750*       0.0923
GPMin:    7 14:36:43       -7.222003*       0.0735
GPMin:    8 14:36:51       -7.238179*       0.0327
GPMin:    9 14:36:57       -7.242261*       0.0303
GPMin:   10 14:37:04       -7.245637*       0.0341
GPMin:   11 14:37:11       -7.249612*       0.0357
GPMin:   12 14:37:18       -7.256039*       0.0396
GPMin:   13 14:37:26       -7.265188*       0.0281
GPMin:   14 14:37:33       -7.273618*       0.0297
GPMin:   15 14:37:40       -7.277807*       0.0204
GPMin:   16 14:37:47       -7.279574*       0.0137
       Step     Time          Energy         fmax
*Force-consistent energies used in optimization.
GPMin:    0 14:38:00       -6.396803*       0.8542
GPMin:    1 14:38:09       -6.706247*       0.3027
GPMin:    2 14:38:18       -6.817014*       0.2051
GPMin:    3 14:38:26       -6.897339*       0.1691
GPMin:    4 14:38:34       -6.955324*       0.1715
GPMin:    5 14:38:43       -7.015720*       0.1645
GPMin:    6 14:38:50       -7.078331*       0.1387
GPMin:    7 14:38:58       -7.126497*       0.0980
GPMin:    8 14:39:05       -7.155629*       0.0881
GPMin:    9 14:39:12       -7.174909*       0.0825
GPMin:   10 14:39:19       -7.194510*       0.0863
GPMin:   11 14:39:27       -7.215006*       0.0899
GPMin:   12 14:39:35       -7.236824*       0.0820
GPMin:   13 14:39:42       -7.256532*       0.0699
GPMin:   14 14:39:50       -7.271271*       0.0568
GPMin:   15 14:39:57       -7.277403*       0.0349
GPMin:   16 14:40:04       -7.279319*       0.0260
GPMin:   17 14:40:10       -7.280663*       0.0194
       Step     Time          Energy         fmax
*Force-consistent energies used in optimization.
GPMin:    0 14:40:23       -6.880897*       0.3248
GPMin:    1 14:40:32       -7.082836*       0.2306
GPMin:    2 14:40:41       -7.168698*       0.1563
GPMin:    3 14:40:49       -7.204835*       0.1002
GPMin:    4 14:40:56       -7.236602*       0.0646
GPMin:    5 14:41:04       -7.251661*       0.0461
GPMin:    6 14:41:10       -7.259690*       0.0420
GPMin:    7 14:41:17       -7.265379*       0.0348
GPMin:    8 14:41:24       -7.271696*       0.0364
GPMin:    9 14:41:30       -7.276616*       0.0254
GPMin:   10 14:41:37       -7.278727*       0.0166
       Step     Time          Energy         fmax
*Force-consistent energies used in optimization.
GPMin:    0 14:41:49       -6.686840*       0.3878
GPMin:    1 14:41:59       -6.816145*       0.1612
GPMin:    2 14:42:06       -6.889137*       0.1290
GPMin:    3 14:42:14       -6.936672*       0.0966
GPMin:    4 14:42:21       -6.966587*       0.0969
GPMin:    5 14:42:30       -7.000309*       0.1011
GPMin:    6 14:42:37       -7.033455*       0.0936
GPMin:    7 14:42:45       -7.058401*       0.0596
GPMin:    8 14:42:52       -7.070894*       0.0386
GPMin:    9 14:43:00       -7.079454*       0.0417
GPMin:   10 14:43:07       -7.086355*       0.0365
GPMin:   11 14:43:14       -7.090661*       0.0287
GPMin:   12 14:43:21       -7.094340*       0.0239
GPMin:   13 14:43:29       -7.097676*       0.0262
GPMin:   14 14:43:37       -7.100705*       0.0273
GPMin:   15 14:43:44       -7.103567*       0.0275
GPMin:   16 14:43:51       -7.106796*       0.0265
GPMin:   17 14:43:58       -7.109498*       0.0170
       Step     Time          Energy         fmax
*Force-consistent energies used in optimization.
GPMin:    0 14:44:10       -6.668281*       0.2788
GPMin:    1 14:44:19       -6.872051*       0.2208
GPMin:    2 14:44:27       -7.000491*       0.1551
GPMin:    3 14:44:36       -7.089780*       0.1362
GPMin:    4 14:44:44       -7.152008*       0.0978
GPMin:    5 14:44:53       -7.191028*       0.0658
GPMin:    6 14:45:01       -7.214048*       0.0568
GPMin:    7 14:45:07       -7.228215*       0.0441
GPMin:    8 14:45:14       -7.235341*       0.0338
GPMin:    9 14:45:21       -7.241125*       0.0371
GPMin:   10 14:45:28       -7.244151*       0.0264
GPMin:   11 14:45:35       -7.246369*       0.0298
GPMin:   12 14:45:42       -7.249760*       0.0357
GPMin:   13 14:45:50       -7.256389*       0.0357
GPMin:   14 14:45:57       -7.266024*       0.0375
GPMin:   15 14:46:05       -7.274346*       0.0273
GPMin:   16 14:46:12       -7.278044*       0.0214
GPMin:   17 14:46:19       -7.278989*       0.0147
       Step     Time          Energy         fmax
*Force-consistent energies used in optimization.
GPMin:    0 14:46:35       -6.013832*       0.5673
GPMin:    1 14:46:45       -6.325396*       0.3319
GPMin:    2 14:46:55       -6.525883*       0.2855
GPMin:    3 14:47:03       -6.679258*       0.2465
GPMin:    4 14:47:12       -6.787882*       0.1891
GPMin:    5 14:47:20       -6.865197*       0.1844
GPMin:    6 14:47:27       -6.933948*       0.1641
GPMin:    7 14:47:35       -7.006634*       0.1475
GPMin:    8 14:47:43       -7.074599*       0.1456
GPMin:    9 14:47:51       -7.133607*       0.1361
GPMin:   10 14:47:58       -7.182627*       0.1159
GPMin:   11 14:48:06       -7.216067*       0.0836
GPMin:   12 14:48:14       -7.232966*       0.0690
GPMin:   13 14:48:21       -7.241991*       0.0732
GPMin:   14 14:48:28       -7.250777*       0.0586
GPMin:   15 14:48:35       -7.258936*       0.0547
GPMin:   16 14:48:42       -7.263873*       0.0482
GPMin:   17 14:48:48       -7.268570*       0.0358
GPMin:   18 14:48:55       -7.272499*       0.0352
GPMin:   19 14:49:02       -7.275894*       0.0297
GPMin:   20 14:49:09       -7.277556*       0.0251
GPMin:   21 14:49:16       -7.278842*       0.0188
       Step     Time          Energy         fmax
*Force-consistent energies used in optimization.
GPMin:    0 14:49:30       -6.800321*       0.6009
GPMin:    1 14:49:39       -7.036284*       0.2482
GPMin:    2 14:49:47       -7.143899*       0.1794
GPMin:    3 14:49:55       -7.205042*       0.0859
GPMin:    4 14:50:03       -7.225683*       0.0660
GPMin:    5 14:50:09       -7.239176*       0.0473
GPMin:    6 14:50:16       -7.246209*       0.0356
GPMin:    7 14:50:23       -7.250833*       0.0351
GPMin:    8 14:50:30       -7.258022*       0.0359
GPMin:    9 14:50:38       -7.267230*       0.0377
GPMin:   10 14:50:45       -7.275579*       0.0265
GPMin:   11 14:50:52       -7.279120*       0.0217
GPMin:   12 14:50:59       -7.279918*       0.0155
       Step     Time          Energy         fmax
*Force-consistent energies used in optimization.
GPMin:    0 14:51:13       -6.417155*       0.5738
GPMin:    1 14:51:22       -6.694120*       0.2416
GPMin:    2 14:51:31       -6.791416*       0.1901
GPMin:    3 14:51:38       -6.865514*       0.1821
GPMin:    4 14:51:47       -6.937440*       0.1595
GPMin:    5 14:51:56       -6.998244*       0.1322
GPMin:    6 14:52:03       -7.053910*       0.1203
GPMin:    7 14:52:11       -7.110343*       0.1213
GPMin:    8 14:52:19       -7.162656*       0.1214
GPMin:    9 14:52:27       -7.207206*       0.1188
GPMin:   10 14:52:34       -7.238902*       0.0935
GPMin:   11 14:52:42       -7.254937*       0.0500
GPMin:   12 14:52:49       -7.261086*       0.0536
GPMin:   13 14:52:56       -7.265117*       0.0551
GPMin:   14 14:53:03       -7.269300*       0.0371
GPMin:   15 14:53:10       -7.273419*       0.0361
GPMin:   16 14:53:16       -7.277395*       0.0241
GPMin:   17 14:53:23       -7.279330*       0.0193
       Step     Time          Energy         fmax
*Force-consistent energies used in optimization.
GPMin:    0 14:53:36       -6.970561*       0.2955
GPMin:    1 14:53:45       -7.125590*       0.1968
GPMin:    2 14:53:52       -7.204967*       0.1162
GPMin:    3 14:54:00       -7.244713*       0.0796
GPMin:    4 14:54:08       -7.262739*       0.0446
GPMin:    5 14:54:15       -7.272669*       0.0340
GPMin:    6 14:54:22       -7.276950*       0.0241
GPMin:    7 14:54:29       -7.278871*       0.0136
       Step     Time          Energy         fmax
*Force-consistent energies used in optimization.
GPMin:    0 14:54:44       -6.396260*       0.3058
GPMin:    1 14:54:54       -6.660055*       0.2735
GPMin:    2 14:55:02       -6.842646*       0.2457
GPMin:    3 14:55:11       -6.976934*       0.1924
GPMin:    4 14:55:19       -7.052829*       0.1284
GPMin:    5 14:55:28       -7.087759*       0.1022
GPMin:    6 14:55:35       -7.112290*       0.0984
GPMin:    7 14:55:42       -7.132304*       0.0788
GPMin:    8 14:55:50       -7.149258*       0.0817
GPMin:    9 14:55:58       -7.166285*       0.0935
GPMin:   10 14:56:05       -7.186503*       0.1019
GPMin:   11 14:56:13       -7.215461*       0.0973
GPMin:   12 14:56:21       -7.241435*       0.0721
GPMin:   13 14:56:28       -7.260358*       0.0648
GPMin:   14 14:56:35       -7.272675*       0.0565
GPMin:   15 14:56:42       -7.277390*       0.0398
GPMin:   16 14:56:49       -7.279111*       0.0256
GPMin:   17 14:56:55       -7.280203*       0.0141
       Step     Time          Energy         fmax
*Force-consistent energies used in optimization.
GPMin:    0 14:57:10       -6.651829*       0.2148
GPMin:    1 14:57:19       -6.789026*       0.1492
GPMin:    2 14:57:27       -6.864497*       0.1261
GPMin:    3 14:57:35       -6.928903*       0.1069
GPMin:    4 14:57:42       -6.981255*       0.1044
GPMin:    5 14:57:50       -7.026726*       0.0901
GPMin:    6 14:57:57       -7.065640*       0.0744
GPMin:    7 14:58:05       -7.090854*       0.0654
GPMin:    8 14:58:13       -7.108034*       0.0714
GPMin:    9 14:58:20       -7.126292*       0.0910
GPMin:   10 14:58:28       -7.150913*       0.1025
GPMin:   11 14:58:36       -7.176705*       0.0894
GPMin:   12 14:58:43       -7.193673*       0.0654
GPMin:   13 14:58:50       -7.205970*       0.0734
GPMin:   14 14:58:57       -7.220849*       0.0653
GPMin:   15 14:59:04       -7.232657*       0.0367
GPMin:   16 14:59:11       -7.237822*       0.0277
GPMin:   17 14:59:17       -7.239107*       0.0154
       Step     Time          Energy         fmax
*Force-consistent energies used in optimization.
GPMin:    0 14:59:30       -6.684551*       0.9166
GPMin:    1 14:59:39       -7.021817*       0.2639
GPMin:    2 14:59:48       -7.095837*       0.1086
GPMin:    3 14:59:55       -7.111237*       0.0797
GPMin:    4 15:00:03       -7.125783*       0.0491
GPMin:    5 15:00:11       -7.129977*       0.0256
GPMin:    6 15:00:18       -7.131237*       0.0215
GPMin:    7 15:00:24       -7.133460*       0.0246
GPMin:    8 15:00:31       -7.135604*       0.0233
GPMin:    9 15:00:38       -7.138450*       0.0167
       Step     Time          Energy         fmax
*Force-consistent energies used in optimization.
GPMin:    0 15:00:50       -6.963444*       0.2982
GPMin:    1 15:00:59       -7.108726*       0.2227
GPMin:    2 15:01:07       -7.174636*       0.1195
GPMin:    3 15:01:14       -7.199521*       0.0691
GPMin:    4 15:01:21       -7.212617*       0.0350
GPMin:    5 15:01:28       -7.221664*       0.0274
GPMin:    6 15:01:34       -7.226415*       0.0262
GPMin:    7 15:01:42       -7.236999*       0.0398
GPMin:    8 15:01:49       -7.252368*       0.0354
GPMin:    9 15:01:57       -7.264828*       0.0312
GPMin:   10 15:02:04       -7.273511*       0.0246
GPMin:   11 15:02:11       -7.277641*       0.0215
GPMin:   12 15:02:16       -7.279989*       0.0153
       Step     Time          Energy         fmax
*Force-consistent energies used in optimization.
GPMin:    0 15:02:30       -6.346715*       0.4233
GPMin:    1 15:02:39       -6.564187*       0.2846
GPMin:    2 15:02:48       -6.711301*       0.2526
GPMin:    3 15:02:56       -6.830849*       0.2356
GPMin:    4 15:03:05       -6.910854*       0.2453
GPMin:    5 15:03:12       -6.978233*       0.2564
GPMin:    6 15:03:20       -7.062923*       0.2482
GPMin:    7 15:03:27       -7.137362*       0.1974
GPMin:    8 15:03:35       -7.182826*       0.1021
GPMin:    9 15:03:41       -7.199378*       0.0957
GPMin:   10 15:03:47       -7.211668*       0.0746
GPMin:   11 15:03:55       -7.225877*       0.0613
GPMin:   12 15:04:01       -7.233900*       0.0646
GPMin:   13 15:04:08       -7.238539*       0.0447
GPMin:   14 15:04:15       -7.240895*       0.0303
GPMin:   15 15:04:21       -7.242067*       0.0239
GPMin:   16 15:04:27       -7.243311*       0.0198
       Step     Time          Energy         fmax
*Force-consistent energies used in optimization.
GPMin:    0 15:04:38       -6.691909*       0.6020
GPMin:    1 15:04:47       -6.952609*       0.2018
GPMin:    2 15:04:55       -7.039552*       0.1934
GPMin:    3 15:05:03       -7.117399*       0.1799
GPMin:    4 15:05:12       -7.184627*       0.1242
GPMin:    5 15:05:19       -7.219106*       0.0699
GPMin:    6 15:05:27       -7.236445*       0.0531
GPMin:    7 15:05:34       -7.245929*       0.0400
GPMin:    8 15:05:40       -7.250834*       0.0325
GPMin:    9 15:05:47       -7.254279*       0.0367
GPMin:   10 15:05:54       -7.260721*       0.0402
GPMin:   11 15:06:02       -7.269058*       0.0320
GPMin:   12 15:06:08       -7.275573*       0.0241
GPMin:   13 15:06:15       -7.278767*       0.0209
GPMin:   14 15:06:21       -7.279686*       0.0139
       Step     Time          Energy         fmax
*Force-consistent energies used in optimization.
GPMin:    0 15:06:36       -6.530270*       0.2795
GPMin:    1 15:06:46       -6.770166*       0.2945
GPMin:    2 15:06:55       -6.961667*       0.2937
GPMin:    3 15:07:02       -7.122643*       0.2580
GPMin:    4 15:07:10       -7.222161*       0.1753
GPMin:    5 15:07:18       -7.255249*       0.0771
GPMin:    6 15:07:25       -7.261181*       0.0622
GPMin:    7 15:07:32       -7.272046*       0.0428
GPMin:    8 15:07:39       -7.276811*       0.0252
GPMin:    9 15:07:45       -7.278872*       0.0195
       Step     Time          Energy         fmax
*Force-consistent energies used in optimization.
GPMin:    0 15:08:01       -6.217899*       0.6996
GPMin:    1 15:08:09       -6.638704*       0.2690
GPMin:    2 15:08:16       -6.774391*       0.1475
GPMin:    3 15:08:24       -6.824029*       0.0950
GPMin:    4 15:08:31       -6.839794*       0.0518
GPMin:    5 15:08:38       -6.845037*       0.0275
GPMin:    6 15:08:44       -6.845912*       0.0130
       Step     Time          Energy         fmax
*Force-consistent energies used in optimization.
GPMin:    0 15:08:57       -6.700775*       0.2920
GPMin:    1 15:09:06       -6.891813*       0.2478
GPMin:    2 15:09:15       -7.011253*       0.1996
GPMin:    3 15:09:24       -7.089091*       0.1041
GPMin:    4 15:09:32       -7.121499*       0.0745
GPMin:    5 15:09:39       -7.141884*       0.0727
GPMin:    6 15:09:46       -7.158974*       0.0734
GPMin:    7 15:09:53       -7.180723*       0.0646
GPMin:    8 15:10:01       -7.202197*       0.0868
GPMin:    9 15:10:08       -7.229198*       0.0923
GPMin:   10 15:10:16       -7.256266*       0.0684
GPMin:   11 15:10:23       -7.272544*       0.0440
GPMin:   12 15:10:30       -7.277195*       0.0282
GPMin:   13 15:10:35       -7.278713*       0.0262
GPMin:   14 15:10:41       -7.279589*       0.0173
       Step     Time          Energy         fmax
*Force-consistent energies used in optimization.
GPMin:    0 15:10:53       -6.853723*       0.2531
GPMin:    1 15:11:02       -7.005062*       0.2072
GPMin:    2 15:11:10       -7.099821*       0.1844
GPMin:    3 15:11:19       -7.173670*       0.1236
GPMin:    4 15:11:27       -7.213809*       0.0621
GPMin:    5 15:11:34       -7.230990*       0.0432
GPMin:    6 15:11:41       -7.238136*       0.0259
GPMin:    7 15:11:47       -7.240391*       0.0182
       Step     Time          Energy         fmax
*Force-consistent energies used in optimization.
GPMin:    0 15:11:59       -6.686840*       0.3876
GPMin:    1 15:12:08       -6.816180*       0.1610
GPMin:    2 15:12:16       -6.889153*       0.1290
GPMin:    3 15:12:24       -6.936681*       0.0966
GPMin:    4 15:12:31       -6.966607*       0.0969
GPMin:    5 15:12:40       -7.000335*       0.1011
GPMin:    6 15:12:47       -7.033487*       0.0936
GPMin:    7 15:12:55       -7.058426*       0.0595
GPMin:    8 15:13:03       -7.070902*       0.0386
GPMin:    9 15:13:10       -7.079461*       0.0417
GPMin:   10 15:13:17       -7.086358*       0.0365
GPMin:   11 15:13:24       -7.090665*       0.0287
GPMin:   12 15:13:31       -7.094343*       0.0239
GPMin:   13 15:13:39       -7.097683*       0.0263
GPMin:   14 15:13:47       -7.100708*       0.0273
GPMin:   15 15:13:54       -7.103570*       0.0275
GPMin:   16 15:14:01       -7.106797*       0.0264
GPMin:   17 15:14:08       -7.109498*       0.0170
       Step     Time          Energy         fmax
*Force-consistent energies used in optimization.
GPMin:    0 15:14:20       -6.396803*       0.8542
GPMin:    1 15:14:30       -6.706253*       0.3027
GPMin:    2 15:14:38       -6.817014*       0.2051
GPMin:    3 15:14:47       -6.897337*       0.1691
GPMin:    4 15:14:56       -6.955324*       0.1715
GPMin:    5 15:15:04       -7.015717*       0.1645
GPMin:    6 15:15:12       -7.078328*       0.1387
GPMin:    7 15:15:20       -7.126491*       0.0980
GPMin:    8 15:15:28       -7.155620*       0.0881
GPMin:    9 15:15:35       -7.174899*       0.0825
GPMin:   10 15:15:42       -7.194498*       0.0863
GPMin:   11 15:15:50       -7.214993*       0.0899
GPMin:   12 15:15:57       -7.236812*       0.0820
GPMin:   13 15:16:05       -7.256524*       0.0699
GPMin:   14 15:16:13       -7.271268*       0.0568
GPMin:   15 15:16:19       -7.277401*       0.0349
GPMin:   16 15:16:26       -7.279318*       0.0260
GPMin:   17 15:16:33       -7.280662*       0.0194
       Step     Time          Energy         fmax
*Force-consistent energies used in optimization.
GPMin:    0 15:16:46       -6.670464*       0.4186
GPMin:    1 15:16:54       -6.886934*       0.2985
GPMin:    2 15:17:03       -7.005490*       0.2451
GPMin:    3 15:17:12       -7.099058*       0.1727
GPMin:    4 15:17:21       -7.163794*       0.1122
GPMin:    5 15:17:29       -7.206698*       0.1020
GPMin:    6 15:17:37       -7.233944*       0.0647
GPMin:    7 15:17:45       -7.246839*       0.0462
GPMin:    8 15:17:53       -7.252049*       0.0397
GPMin:    9 15:18:00       -7.257845*       0.0342
GPMin:   10 15:18:08       -7.264255*       0.0426
GPMin:   11 15:18:16       -7.271540*       0.0417
GPMin:   12 15:18:23       -7.277464*       0.0213
GPMin:   13 15:18:30       -7.279555*       0.0202
GPMin:   14 15:18:37       -7.280425*       0.0132
       Step     Time          Energy         fmax
*Force-consistent energies used in optimization.
GPMin:    0 15:18:50       -6.390557*       0.8472
GPMin:    1 15:19:01       -6.751262*       0.2957
GPMin:    2 15:19:10       -6.843207*       0.1590
GPMin:    3 15:19:19       -6.895656*       0.1707
GPMin:    4 15:19:29       -6.951212*       0.0973
GPMin:    5 15:19:37       -6.978346*       0.0881
GPMin:    6 15:19:46       -7.001759*       0.0890
GPMin:    7 15:19:54       -7.027553*       0.0797
GPMin:    8 15:20:02       -7.055048*       0.0754
GPMin:    9 15:20:11       -7.081155*       0.0673
GPMin:   10 15:20:19       -7.103124*       0.0493
GPMin:   11 15:20:28       -7.117206*       0.0478
GPMin:   12 15:20:36       -7.124249*       0.0292
GPMin:   13 15:20:44       -7.128317*       0.0331
GPMin:   14 15:20:51       -7.133166*       0.0358
GPMin:   15 15:20:59       -7.138598*       0.0390
GPMin:   16 15:21:06       -7.143917*       0.0318
GPMin:   17 15:21:14       -7.148017*       0.0333
GPMin:   18 15:21:21       -7.151122*       0.0360
GPMin:   19 15:21:29       -7.157671*       0.0403
GPMin:   20 15:21:37       -7.168372*       0.0449
GPMin:   21 15:21:46       -7.185169*       0.0603
GPMin:   22 15:21:54       -7.205401*       0.0745
GPMin:   23 15:22:03       -7.233700*       0.0818
GPMin:   24 15:22:11       -7.255621*       0.0652
GPMin:   25 15:22:20       -7.269477*       0.0395
GPMin:   26 15:22:27       -7.273534*       0.0329
GPMin:   27 15:22:35       -7.275862*       0.0281
GPMin:   28 15:22:42       -7.277795*       0.0229
GPMin:   29 15:22:49       -7.279052*       0.0208
GPMin:   30 15:22:56       -7.280269*       0.0159
       Step     Time          Energy         fmax
*Force-consistent energies used in optimization.
GPMin:    0 15:23:13       -6.497948*       0.3085
GPMin:    1 15:23:23       -6.699006*       0.2829
GPMin:    2 15:23:32       -6.832366*       0.2439
GPMin:    3 15:23:42       -6.944343*       0.1671
GPMin:    4 15:23:51       -7.027696*       0.1315
GPMin:    5 15:24:00       -7.092358*       0.1017
GPMin:    6 15:24:09       -7.139885*       0.0827
GPMin:    7 15:24:17       -7.165544*       0.0741
GPMin:    8 15:24:26       -7.185061*       0.0719
GPMin:    9 15:24:34       -7.207783*       0.0829
GPMin:   10 15:24:42       -7.230075*       0.0828
GPMin:   11 15:24:49       -7.253631*       0.0582
GPMin:   12 15:24:57       -7.270542*       0.0400
GPMin:   13 15:25:05       -7.276781*       0.0350
GPMin:   14 15:25:12       -7.279161*       0.0272
GPMin:   15 15:25:19       -7.280741*       0.0146
       Step     Time          Energy         fmax
*Force-consistent energies used in optimization.
GPMin:    0 15:25:34       -6.748064*       0.6178
GPMin:    1 15:25:44       -6.976943*       0.1836
GPMin:    2 15:25:53       -7.038667*       0.1785
GPMin:    3 15:26:03       -7.107886*       0.1499
GPMin:    4 15:26:11       -7.152277*       0.1052
GPMin:    5 15:26:20       -7.184359*       0.0718
GPMin:    6 15:26:29       -7.209334*       0.0593
GPMin:    7 15:26:37       -7.226101*       0.0556
GPMin:    8 15:26:45       -7.236833*       0.0428
GPMin:    9 15:26:52       -7.242160*       0.0329
GPMin:   10 15:27:00       -7.245183*       0.0263
GPMin:   11 15:27:07       -7.248682*       0.0261
GPMin:   12 15:27:15       -7.253905*       0.0389
GPMin:   13 15:27:23       -7.262100*       0.0434
GPMin:   14 15:27:32       -7.272163*       0.0335
GPMin:   15 15:27:41       -7.277655*       0.0234
GPMin:   16 15:27:49       -7.278907*       0.0180
       Step     Time          Energy         fmax
*Force-consistent energies used in optimization.
GPMin:    0 15:28:04       -6.818337*       0.4493
GPMin:    1 15:28:15       -7.024549*       0.1602
GPMin:    2 15:28:25       -7.063357*       0.1311
GPMin:    3 15:28:34       -7.097784*       0.0750
GPMin:    4 15:28:42       -7.111376*       0.0370
GPMin:    5 15:28:50       -7.116983*       0.0338
GPMin:    6 15:28:58       -7.121817*       0.0279
GPMin:    7 15:29:06       -7.127841*       0.0290
GPMin:    8 15:29:14       -7.134522*       0.0247
GPMin:    9 15:29:23       -7.140327*       0.0235
GPMin:   10 15:29:31       -7.142322*       0.0169
       Step     Time          Energy         fmax
*Force-consistent energies used in optimization.
GPMin:    0 15:29:47       -6.497948*       0.3084
GPMin:    1 15:29:58       -6.698986*       0.2829
GPMin:    2 15:30:07       -6.832348*       0.2439
GPMin:    3 15:30:17       -6.944342*       0.1672
GPMin:    4 15:30:27       -7.027697*       0.1315
GPMin:    5 15:30:37       -7.092357*       0.1017
GPMin:    6 15:30:45       -7.139883*       0.0827
GPMin:    7 15:30:54       -7.165540*       0.0741
GPMin:    8 15:31:02       -7.185056*       0.0719
GPMin:    9 15:31:11       -7.207778*       0.0829
GPMin:   10 15:31:19       -7.230070*       0.0828
GPMin:   11 15:31:26       -7.253626*       0.0582
GPMin:   12 15:31:34       -7.270538*       0.0400
GPMin:   13 15:31:42       -7.276780*       0.0350
GPMin:   14 15:31:49       -7.279161*       0.0272
GPMin:   15 15:31:56       -7.280740*       0.0146
       Step     Time          Energy         fmax
*Force-consistent energies used in optimization.
GPMin:    0 15:32:16       -6.351312*       0.3431
GPMin:    1 15:32:29       -6.528536*       0.2967
GPMin:    2 15:32:41       -6.631911*       0.2381
GPMin:    3 15:32:52       -6.720294*       0.2125
GPMin:    4 15:33:02       -6.809775*       0.1799
GPMin:    5 15:33:12       -6.883337*       0.1447
GPMin:    6 15:33:20       -6.945613*       0.1182
GPMin:    7 15:33:29       -7.004141*       0.1174
GPMin:    8 15:33:38       -7.055797*       0.1103
GPMin:    9 15:33:48       -7.101425*       0.0941
GPMin:   10 15:33:56       -7.139915*       0.0849
GPMin:   11 15:34:05       -7.166813*       0.0916
GPMin:   12 15:34:13       -7.188233*       0.0955
GPMin:   13 15:34:22       -7.210267*       0.0911
GPMin:   14 15:34:30       -7.233481*       0.0808
GPMin:   15 15:34:39       -7.257226*       0.0704
GPMin:   16 15:34:48       -7.272453*       0.0424
GPMin:   17 15:34:56       -7.276887*       0.0342
GPMin:   18 15:35:02       -7.278210*       0.0259
GPMin:   19 15:35:10       -7.279577*       0.0167
       Step     Time          Energy         fmax
*Force-consistent energies used in optimization.
GPMin:    0 15:35:24       -6.657179*       0.3347
GPMin:    1 15:35:34       -6.784319*       0.0969
GPMin:    2 15:35:42       -6.811513*       0.0674
GPMin:    3 15:35:52       -6.828360*       0.0439
GPMin:    4 15:36:01       -6.839981*       0.0226
GPMin:    5 15:36:09       -6.845481*       0.0148
       Step     Time          Energy         fmax
*Force-consistent energies used in optimization.
GPMin:    0 15:36:24       -6.556497*       0.7001
GPMin:    1 15:36:35       -6.818453*       0.3042
GPMin:    2 15:36:45       -6.930398*       0.2312
GPMin:    3 15:36:54       -7.015796*       0.1572
GPMin:    4 15:37:03       -7.058861*       0.1355
GPMin:    5 15:37:12       -7.104396*       0.1250
GPMin:    6 15:37:21       -7.155797*       0.1117
GPMin:    7 15:37:30       -7.198154*       0.0899
GPMin:    8 15:37:39       -7.227336*       0.0650
GPMin:    9 15:37:47       -7.242906*       0.0480
GPMin:   10 15:37:55       -7.249419*       0.0421
GPMin:   11 15:38:03       -7.253359*       0.0424
GPMin:   12 15:38:11       -7.258025*       0.0369
GPMin:   13 15:38:19       -7.264488*       0.0415
GPMin:   14 15:38:26       -7.271396*       0.0324
GPMin:   15 15:38:34       -7.275852*       0.0237
GPMin:   16 15:38:42       -7.277936*       0.0192
       Step     Time          Energy         fmax
*Force-consistent energies used in optimization.
GPMin:    0 15:38:58       -6.748064*       0.6176
GPMin:    1 15:39:09       -6.976929*       0.1836
GPMin:    2 15:39:18       -7.038706*       0.1785
GPMin:    3 15:39:28       -7.107895*       0.1499
GPMin:    4 15:39:37       -7.152282*       0.1052
GPMin:    5 15:39:46       -7.184391*       0.0718
GPMin:    6 15:39:54       -7.209352*       0.0593
GPMin:    7 15:40:03       -7.226119*       0.0556
GPMin:    8 15:40:11       -7.236840*       0.0428
GPMin:    9 15:40:19       -7.242164*       0.0329
GPMin:   10 15:40:26       -7.245188*       0.0263
GPMin:   11 15:40:34       -7.248688*       0.0262
GPMin:   12 15:40:42       -7.253913*       0.0389
GPMin:   13 15:40:50       -7.262111*       0.0434
GPMin:   14 15:40:59       -7.272172*       0.0335
GPMin:   15 15:41:07       -7.277656*       0.0234
GPMin:   16 15:41:15       -7.278908*       0.0180
       Step     Time          Energy         fmax
*Force-consistent energies used in optimization.
GPMin:    0 15:41:29       -6.281653*       0.6547
GPMin:    1 15:41:39       -6.513838*       0.2819
GPMin:    2 15:41:49       -6.636065*       0.2579
GPMin:    3 15:41:59       -6.760721*       0.2686
GPMin:    4 15:42:09       -6.881413*       0.2490
GPMin:    5 15:42:19       -6.990655*       0.1906
GPMin:    6 15:42:29       -7.065399*       0.1483
GPMin:    7 15:42:38       -7.099100*       0.1017
GPMin:    8 15:42:46       -7.113335*       0.0912
GPMin:    9 15:42:55       -7.121011*       0.0696
GPMin:   10 15:43:04       -7.131386*       0.0498
GPMin:   11 15:43:12       -7.139413*       0.0486
GPMin:   12 15:43:20       -7.146306*       0.0353
GPMin:   13 15:43:28       -7.152941*       0.0417
GPMin:   14 15:43:36       -7.158138*       0.0369
GPMin:   15 15:43:46       -7.163321*       0.0367
GPMin:   16 15:43:54       -7.172694*       0.0513
GPMin:   17 15:44:03       -7.187520*       0.0611
GPMin:   18 15:44:11       -7.209184*       0.0653
GPMin:   19 15:44:20       -7.231720*       0.0563
GPMin:   20 15:44:29       -7.250374*       0.0464
GPMin:   21 15:44:38       -7.261216*       0.0415
GPMin:   22 15:44:45       -7.266348*       0.0482
GPMin:   23 15:44:53       -7.270402*       0.0423
GPMin:   24 15:45:01       -7.274330*       0.0334
GPMin:   25 15:45:09       -7.277313*       0.0309
GPMin:   26 15:45:17       -7.279061*       0.0186
       Step     Time          Energy         fmax
*Force-consistent energies used in optimization.
GPMin:    0 15:45:35       -6.265419*       0.4595
GPMin:    1 15:45:45       -6.521498*       0.2114
GPMin:    2 15:45:53       -6.629096*       0.1942
GPMin:    3 15:46:02       -6.726217*       0.1691
GPMin:    4 15:46:11       -6.809953*       0.1108
GPMin:    5 15:46:20       -6.845800*       0.0373
GPMin:    6 15:46:28       -6.849545*       0.0177
       Step     Time          Energy         fmax
*Force-consistent energies used in optimization.
GPMin:    0 15:46:41       -6.670464*       0.4186
GPMin:    1 15:46:51       -6.886938*       0.2985
GPMin:    2 15:47:01       -7.005491*       0.2451
GPMin:    3 15:47:11       -7.099052*       0.1727
GPMin:    4 15:47:21       -7.163788*       0.1122
GPMin:    5 15:47:30       -7.206696*       0.1020
GPMin:    6 15:47:39       -7.233943*       0.0647
GPMin:    7 15:47:48       -7.246840*       0.0462
GPMin:    8 15:47:56       -7.252049*       0.0397
GPMin:    9 15:48:04       -7.257845*       0.0342
GPMin:   10 15:48:13       -7.264255*       0.0426
GPMin:   11 15:48:21       -7.271540*       0.0417
GPMin:   12 15:48:29       -7.277464*       0.0212
GPMin:   13 15:48:37       -7.279555*       0.0202
GPMin:   14 15:48:44       -7.280425*       0.0132
       Step     Time          Energy         fmax
*Force-consistent energies used in optimization.
GPMin:    0 15:49:03       -5.911180*       0.6955
GPMin:    1 15:49:15       -6.271295*       0.2805
GPMin:    2 15:49:26       -6.447652*       0.2739
GPMin:    3 15:49:37       -6.597263*       0.2659
GPMin:    4 15:49:46       -6.737719*       0.2594
GPMin:    5 15:49:56       -6.856282*       0.2187
GPMin:    6 15:50:06       -6.941176*       0.1671
GPMin:    7 15:50:14       -6.991619*       0.1532
GPMin:    8 15:50:23       -7.027639*       0.1229
GPMin:    9 15:50:32       -7.057675*       0.0984
GPMin:   10 15:50:40       -7.080361*       0.0840
GPMin:   11 15:50:47       -7.095088*       0.0628
GPMin:   12 15:50:55       -7.107100*       0.0705
GPMin:   13 15:51:03       -7.121094*       0.0721
GPMin:   14 15:51:11       -7.139544*       0.0757
GPMin:   15 15:51:20       -7.162746*       0.0886
GPMin:   16 15:51:28       -7.189751*       0.1005
GPMin:   17 15:51:37       -7.214658*       0.0956
GPMin:   18 15:51:46       -7.230945*       0.0696
GPMin:   19 15:51:54       -7.238323*       0.0527
GPMin:   20 15:52:02       -7.240683*       0.0437
GPMin:   21 15:52:10       -7.243620*       0.0460
GPMin:   22 15:52:18       -7.245710*       0.0302
GPMin:   23 15:52:26       -7.247858*       0.0318
GPMin:   24 15:52:34       -7.250808*       0.0412
GPMin:   25 15:52:42       -7.255138*       0.0395
GPMin:   26 15:52:51       -7.260628*       0.0396
GPMin:   27 15:53:00       -7.266424*       0.0400
GPMin:   28 15:53:08       -7.271459*       0.0333
GPMin:   29 15:53:16       -7.275844*       0.0322
GPMin:   30 15:53:24       -7.277880*       0.0256
GPMin:   31 15:53:32       -7.279031*       0.0184
       Step     Time          Energy         fmax
*Force-consistent energies used in optimization.
GPMin:    0 15:53:47       -6.959766*       0.2008
GPMin:    1 15:53:56       -7.042925*       0.1329
GPMin:    2 15:54:06       -7.086159*       0.0702
GPMin:    3 15:54:15       -7.102395*       0.0685
GPMin:    4 15:54:23       -7.123390*       0.0790
GPMin:    5 15:54:31       -7.153962*       0.0839
GPMin:    6 15:54:40       -7.191612*       0.0816
GPMin:    7 15:54:49       -7.227778*       0.0843
GPMin:    8 15:54:58       -7.256618*       0.0631
GPMin:    9 15:55:06       -7.273451*       0.0396
GPMin:   10 15:55:14       -7.278746*       0.0271
GPMin:   11 15:55:22       -7.280203*       0.0167
       Step     Time          Energy         fmax
*Force-consistent energies used in optimization.
GPMin:    0 15:55:36       -6.889974*       0.3142
GPMin:    1 15:55:46       -7.007250*       0.1470
GPMin:    2 15:55:56       -7.057825*       0.0876
GPMin:    3 15:56:05       -7.078986*       0.0516
GPMin:    4 15:56:14       -7.089118*       0.0476
GPMin:    5 15:56:23       -7.104149*       0.0568
GPMin:    6 15:56:32       -7.120545*       0.0589
GPMin:    7 15:56:41       -7.135805*       0.0397
GPMin:    8 15:56:50       -7.141977*       0.0125
       Step     Time          Energy         fmax
*Force-consistent energies used in optimization.
GPMin:    0 15:57:06       -6.549518*       0.9430
GPMin:    1 15:57:17       -6.875282*       0.2176
GPMin:    2 15:57:28       -6.938458*       0.1577
GPMin:    3 15:57:36       -6.981993*       0.1576
GPMin:    4 15:57:46       -7.032286*       0.1200
GPMin:    5 15:57:56       -7.065932*       0.0698
GPMin:    6 15:58:04       -7.078149*       0.0489
GPMin:    7 15:58:13       -7.083226*       0.0298
GPMin:    8 15:58:21       -7.086556*       0.0277
GPMin:    9 15:58:29       -7.089420*       0.0329
GPMin:   10 15:58:38       -7.094947*       0.0415
GPMin:   11 15:58:46       -7.104135*       0.0500
GPMin:   12 15:58:55       -7.117057*       0.0390
GPMin:   13 15:59:03       -7.128771*       0.0351
GPMin:   14 15:59:12       -7.134615*       0.0276
GPMin:   15 15:59:19       -7.136564*       0.0230
GPMin:   16 15:59:27       -7.137777*       0.0186
       Step     Time          Energy         fmax
*Force-consistent energies used in optimization.
GPMin:    0 15:59:43       -6.810781*       0.7125
GPMin:    1 15:59:54       -7.004295*       0.1347
GPMin:    2 16:00:03       -7.041441*       0.1156
GPMin:    3 16:00:12       -7.064678*       0.0755
GPMin:    4 16:00:21       -7.071922*       0.0322
GPMin:    5 16:00:30       -7.074789*       0.0295
GPMin:    6 16:00:39       -7.081284*       0.0359
GPMin:    7 16:00:47       -7.089101*       0.0409
GPMin:    8 16:00:56       -7.099197*       0.0353
GPMin:    9 16:01:05       -7.106050*       0.0225
GPMin:   10 16:01:13       -7.109452*       0.0127
       Step     Time          Energy         fmax
*Force-consistent energies used in optimization.
GPMin:    0 16:01:27       -6.915405*       0.5990
GPMin:    1 16:01:38       -7.093615*       0.1620
GPMin:    2 16:01:48       -7.119785*       0.1167
GPMin:    3 16:01:56       -7.143971*       0.0545
GPMin:    4 16:02:05       -7.151333*       0.0326
GPMin:    5 16:02:13       -7.158292*       0.0366
GPMin:    6 16:02:21       -7.168232*       0.0454
GPMin:    7 16:02:30       -7.190211*       0.0655
GPMin:    8 16:02:39       -7.222096*       0.0757
GPMin:    9 16:02:49       -7.253980*       0.0610
GPMin:   10 16:02:57       -7.271461*       0.0411
GPMin:   11 16:03:05       -7.276031*       0.0313
GPMin:   12 16:03:13       -7.278546*       0.0194
       Step     Time          Energy         fmax
*Force-consistent energies used in optimization.
GPMin:    0 16:03:26       -6.522014*       0.5121
GPMin:    1 16:03:37       -6.785197*       0.2853
GPMin:    2 16:03:48       -6.940695*       0.2604
GPMin:    3 16:03:58       -7.047817*       0.2143
GPMin:    4 16:04:09       -7.116515*       0.1295
GPMin:    5 16:04:18       -7.157776*       0.0983
GPMin:    6 16:04:26       -7.180899*       0.0876
GPMin:    7 16:04:35       -7.207389*       0.0876
GPMin:    8 16:04:44       -7.234176*       0.0799
GPMin:    9 16:04:52       -7.255864*       0.0598
GPMin:   10 16:05:02       -7.268209*       0.0505
GPMin:   11 16:05:11       -7.274297*       0.0460
GPMin:   12 16:05:19       -7.277053*       0.0296
GPMin:   13 16:05:27       -7.279002*       0.0182
       Step     Time          Energy         fmax
*Force-consistent energies used in optimization.
GPMin:    0 16:05:43       -6.915405*       0.5990
GPMin:    1 16:05:54       -7.093619*       0.1620
GPMin:    2 16:06:04       -7.119763*       0.1167
GPMin:    3 16:06:13       -7.143969*       0.0545
GPMin:    4 16:06:23       -7.151333*       0.0326
GPMin:    5 16:06:31       -7.158292*       0.0366
GPMin:    6 16:06:40       -7.168232*       0.0454
GPMin:    7 16:06:49       -7.190210*       0.0655
GPMin:    8 16:06:58       -7.222092*       0.0757
GPMin:    9 16:07:08       -7.253977*       0.0610
GPMin:   10 16:07:18       -7.271460*       0.0411
GPMin:   11 16:07:26       -7.276030*       0.0313
GPMin:   12 16:07:34       -7.278546*       0.0194
       Step     Time          Energy         fmax
*Force-consistent energies used in optimization.
GPMin:    0 16:07:51       -6.670464*       0.4186
GPMin:    1 16:08:01       -6.886935*       0.2985
GPMin:    2 16:08:11       -7.005491*       0.2451
GPMin:    3 16:08:21       -7.099053*       0.1727
GPMin:    4 16:08:31       -7.163788*       0.1122
GPMin:    5 16:08:40       -7.206697*       0.1020
GPMin:    6 16:08:49       -7.233942*       0.0647
GPMin:    7 16:08:58       -7.246839*       0.0462
GPMin:    8 16:09:07       -7.252049*       0.0397
GPMin:    9 16:09:15       -7.257845*       0.0342
GPMin:   10 16:09:24       -7.264256*       0.0426
GPMin:   11 16:09:32       -7.271540*       0.0417
GPMin:   12 16:09:40       -7.277465*       0.0212
GPMin:   13 16:09:48       -7.279555*       0.0202
GPMin:   14 16:09:55       -7.280425*       0.0132
       Step     Time          Energy         fmax
*Force-consistent energies used in optimization.
GPMin:    0 16:10:09       -6.644933*       0.3429
GPMin:    1 16:10:19       -6.860846*       0.2727
GPMin:    2 16:10:29       -6.988144*       0.1993
GPMin:    3 16:10:39       -7.075362*       0.1214
GPMin:    4 16:10:49       -7.127160*       0.0898
GPMin:    5 16:10:59       -7.161759*       0.0739
GPMin:    6 16:11:07       -7.186803*       0.0632
GPMin:    7 16:11:15       -7.207236*       0.0680
GPMin:    8 16:11:23       -7.224433*       0.0552
GPMin:    9 16:11:31       -7.234566*       0.0391
GPMin:   10 16:11:39       -7.239200*       0.0370
GPMin:   11 16:11:48       -7.244890*       0.0340
GPMin:   12 16:11:56       -7.253214*       0.0388
GPMin:   13 16:12:05       -7.263437*       0.0377
GPMin:   14 16:12:14       -7.271488*       0.0279
GPMin:   15 16:12:22       -7.276078*       0.0233
GPMin:   16 16:12:30       -7.278837*       0.0174
       Step     Time          Energy         fmax
*Force-consistent energies used in optimization.
GPMin:    0 16:12:45       -6.650548*       0.3717
GPMin:    1 16:12:55       -6.786278*       0.0922
GPMin:    2 16:13:04       -6.809214*       0.0693
GPMin:    3 16:13:15       -6.828990*       0.0423
GPMin:    4 16:13:24       -6.840018*       0.0211
GPMin:    5 16:13:32       -6.845427*       0.0153
       Step     Time          Energy         fmax
*Force-consistent energies used in optimization.
GPMin:    0 16:13:52       -6.237762*       0.3432
GPMin:    1 16:14:06       -6.424431*       0.2460
GPMin:    2 16:14:20       -6.567488*       0.2512
GPMin:    3 16:14:32       -6.704864*       0.2523
GPMin:    4 16:14:43       -6.833681*       0.2428
GPMin:    5 16:14:53       -6.938177*       0.2094
GPMin:    6 16:15:03       -7.009848*       0.1471
GPMin:    7 16:15:12       -7.048364*       0.0777
GPMin:    8 16:15:21       -7.070377*       0.0741
GPMin:    9 16:15:30       -7.088793*       0.0635
GPMin:   10 16:15:39       -7.100581*       0.0429
GPMin:   11 16:15:47       -7.105437*       0.0316
GPMin:   12 16:15:55       -7.107587*       0.0230
GPMin:   13 16:16:03       -7.108452*       0.0212
GPMin:   14 16:16:10       -7.109300*       0.0190
       Step     Time          Energy         fmax
*Force-consistent energies used in optimization.
GPMin:    0 16:16:27       -6.439734*       0.7153
GPMin:    1 16:16:39       -6.743600*       0.3488
GPMin:    2 16:16:50       -6.883045*       0.1954
GPMin:    3 16:17:00       -6.974811*       0.1838
GPMin:    4 16:17:11       -7.048992*       0.1875
GPMin:    5 16:17:20       -7.124697*       0.1658
GPMin:    6 16:17:29       -7.179590*       0.1305
GPMin:    7 16:17:38       -7.216961*       0.1073
GPMin:    8 16:17:47       -7.239614*       0.0640
GPMin:    9 16:17:56       -7.248777*       0.0371
GPMin:   10 16:18:04       -7.252133*       0.0315
GPMin:   11 16:18:12       -7.255680*       0.0351
GPMin:   12 16:18:20       -7.260676*       0.0443
GPMin:   13 16:18:28       -7.267015*       0.0443
GPMin:   14 16:18:36       -7.273390*       0.0307
GPMin:   15 16:18:44       -7.276962*       0.0316
GPMin:   16 16:18:52       -7.279152*       0.0186
       Step     Time          Energy         fmax
*Force-consistent energies used in optimization.
GPMin:    0 16:19:07       -6.842157*       0.3095
GPMin:    1 16:19:17       -6.979678*       0.2686
GPMin:    2 16:19:26       -7.078948*       0.2599
GPMin:    3 16:19:35       -7.164796*       0.1930
GPMin:    4 16:19:43       -7.206285*       0.0727
GPMin:    5 16:19:51       -7.214936*       0.0457
GPMin:    6 16:19:59       -7.220989*       0.0278
GPMin:    7 16:20:07       -7.224390*       0.0253
GPMin:    8 16:20:15       -7.230493*       0.0347
GPMin:    9 16:20:24       -7.241093*       0.0327
GPMin:   10 16:20:33       -7.255190*       0.0289
GPMin:   11 16:20:42       -7.265825*       0.0325
GPMin:   12 16:20:50       -7.274074*       0.0251
GPMin:   13 16:20:57       -7.278675*       0.0208
GPMin:   14 16:21:05       -7.279931*       0.0152
       Step     Time          Energy         fmax
*Force-consistent energies used in optimization.
GPMin:    0 16:21:19       -6.582816*       0.8017
GPMin:    1 16:21:30       -6.890909*       0.2326
GPMin:    2 16:21:39       -6.974717*       0.2067
GPMin:    3 16:21:49       -7.034330*       0.1341
GPMin:    4 16:21:58       -7.077340*       0.0975
GPMin:    5 16:22:07       -7.109081*       0.1191
GPMin:    6 16:22:15       -7.147312*       0.0974
GPMin:    7 16:22:24       -7.181288*       0.0730
GPMin:    8 16:22:33       -7.210451*       0.0613
GPMin:    9 16:22:41       -7.228076*       0.0443
GPMin:   10 16:22:49       -7.234541*       0.0353
GPMin:   11 16:22:57       -7.237680*       0.0251
GPMin:   12 16:23:05       -7.239973*       0.0209
GPMin:   13 16:23:13       -7.241307*       0.0174
       Step     Time          Energy         fmax
*Force-consistent energies used in optimization.
GPMin:    0 16:23:27       -6.817510*       0.4496
GPMin:    1 16:23:37       -7.032872*       0.1644
GPMin:    2 16:23:47       -7.071714*       0.1371
GPMin:    3 16:23:56       -7.100941*       0.0799
GPMin:    4 16:24:04       -7.113902*       0.0365
GPMin:    5 16:24:12       -7.118798*       0.0311
GPMin:    6 16:24:20       -7.123193*       0.0273
GPMin:    7 16:24:27       -7.129348*       0.0276
GPMin:    8 16:24:35       -7.135342*       0.0214
GPMin:    9 16:24:43       -7.139962*       0.0220
GPMin:   10 16:24:51       -7.142164*       0.0156
       Step     Time          Energy         fmax
*Force-consistent energies used in optimization.
GPMin:    0 16:25:05       -6.633058*       0.6915
GPMin:    1 16:25:16       -6.871572*       0.2033
GPMin:    2 16:25:25       -6.957549*       0.1945
GPMin:    3 16:25:35       -7.033766*       0.1652
GPMin:    4 16:25:44       -7.090242*       0.1471
GPMin:    5 16:25:53       -7.147378*       0.1229
GPMin:    6 16:26:02       -7.198107*       0.1029
GPMin:    7 16:26:11       -7.232116*       0.0859
GPMin:    8 16:26:18       -7.250504*       0.0545
GPMin:    9 16:26:26       -7.259566*       0.0389
GPMin:   10 16:26:35       -7.265139*       0.0380
GPMin:   11 16:26:42       -7.269806*       0.0347
GPMin:   12 16:26:50       -7.275330*       0.0285
GPMin:   13 16:26:58       -7.278221*       0.0182
       Step     Time          Energy         fmax
*Force-consistent energies used in optimization.
GPMin:    0 16:27:13       -6.697864*       0.4102
GPMin:    1 16:27:22       -6.865663*       0.2308
GPMin:    2 16:27:31       -6.970416*       0.1773
GPMin:    3 16:27:39       -7.031862*       0.0825
GPMin:    4 16:27:48       -7.049429*       0.0495
GPMin:    5 16:27:56       -7.059044*       0.0467
GPMin:    6 16:28:03       -7.069310*       0.0420
GPMin:    7 16:28:11       -7.077599*       0.0401
GPMin:    8 16:28:19       -7.083526*       0.0242
GPMin:    9 16:28:26       -7.086085*       0.0243
GPMin:   10 16:28:34       -7.091782*       0.0330
GPMin:   11 16:28:41       -7.098881*       0.0447
GPMin:   12 16:28:50       -7.111450*       0.0494
GPMin:   13 16:28:58       -7.124444*       0.0402
GPMin:   14 16:29:07       -7.133174*       0.0338
GPMin:   15 16:29:16       -7.137321*       0.0276
GPMin:   16 16:29:23       -7.138831*       0.0155
       Step     Time          Energy         fmax
*Force-consistent energies used in optimization.
GPMin:    0 16:29:38       -6.229058*       0.6424
GPMin:    1 16:29:48       -6.449841*       0.2525
GPMin:    2 16:29:58       -6.568749*       0.1900
GPMin:    3 16:30:07       -6.672911*       0.1791
GPMin:    4 16:30:16       -6.759510*       0.1766
GPMin:    5 16:30:26       -6.841657*       0.1686
GPMin:    6 16:30:35       -6.912316*       0.1475
GPMin:    7 16:30:44       -6.966812*       0.1193
GPMin:    8 16:30:53       -7.002948*       0.0857
GPMin:    9 16:31:02       -7.026423*       0.0781
GPMin:   10 16:31:09       -7.043260*       0.0649
GPMin:   11 16:31:17       -7.056371*       0.0482
GPMin:   12 16:31:25       -7.061690*       0.0286
GPMin:   13 16:31:33       -7.062863*       0.0212
GPMin:   14 16:31:40       -7.064240*       0.0204
GPMin:   15 16:31:48       -7.065780*       0.0200
GPMin:   16 16:31:56       -7.067907*       0.0250
GPMin:   17 16:32:03       -7.070493*       0.0237
GPMin:   18 16:32:11       -7.073456*       0.0213
GPMin:   19 16:32:19       -7.076627*       0.0194
       Step     Time          Energy         fmax
*Force-consistent energies used in optimization.
GPMin:    0 16:32:35       -6.530270*       0.2797
GPMin:    1 16:32:47       -6.770164*       0.2945
GPMin:    2 16:32:56       -6.961674*       0.2936
GPMin:    3 16:33:05       -7.122659*       0.2580
GPMin:    4 16:33:14       -7.222173*       0.1753
GPMin:    5 16:33:22       -7.255252*       0.0771
GPMin:    6 16:33:30       -7.261182*       0.0622
GPMin:    7 16:33:39       -7.272045*       0.0428
GPMin:    8 16:33:47       -7.276811*       0.0251
GPMin:    9 16:33:54       -7.278871*       0.0195
       Step     Time          Energy         fmax
*Force-consistent energies used in optimization.
GPMin:    0 16:34:09       -6.719548*       0.3509
GPMin:    1 16:34:20       -6.899810*       0.3015
GPMin:    2 16:34:29       -7.021871*       0.3042
GPMin:    3 16:34:38       -7.128632*       0.2652
GPMin:    4 16:34:46       -7.199444*       0.1724
GPMin:    5 16:34:55       -7.229692*       0.0723
GPMin:    6 16:35:02       -7.239849*       0.0463
GPMin:    7 16:35:10       -7.248548*       0.0358
GPMin:    8 16:35:19       -7.253950*       0.0371
GPMin:    9 16:35:26       -7.259970*       0.0329
GPMin:   10 16:35:34       -7.265944*       0.0321
GPMin:   11 16:35:43       -7.272528*       0.0285
GPMin:   12 16:35:50       -7.276546*       0.0200
       Step     Time          Energy         fmax
*Force-consistent energies used in optimization.
GPMin:    0 16:36:03       -6.521335*       0.7806
GPMin:    1 16:36:14       -6.826562*       0.2996
GPMin:    2 16:36:23       -6.956218*       0.3073
GPMin:    3 16:36:32       -7.072592*       0.2691
GPMin:    4 16:36:42       -7.161749*       0.1721
GPMin:    5 16:36:51       -7.202950*       0.0836
GPMin:    6 16:36:59       -7.219674*       0.1052
GPMin:    7 16:37:07       -7.232264*       0.0684
GPMin:    8 16:37:15       -7.237316*       0.0277
GPMin:    9 16:37:23       -7.238561*       0.0168
       Step     Time          Energy         fmax
*Force-consistent energies used in optimization.
GPMin:    0 16:37:36       -6.847325*       0.6780
GPMin:    1 16:37:46       -7.060679*       0.1855
GPMin:    2 16:37:55       -7.101670*       0.1452
GPMin:    3 16:38:04       -7.124881*       0.0943
GPMin:    4 16:38:13       -7.136756*       0.0427
GPMin:    5 16:38:21       -7.140387*       0.0251
GPMin:    6 16:38:29       -7.142461*       0.0156
       Step     Time          Energy         fmax
*Force-consistent energies used in optimization.
GPMin:    0 16:38:42       -6.576243*       0.7303
GPMin:    1 16:38:52       -6.799802*       0.2033
GPMin:    2 16:39:02       -6.894014*       0.1967
GPMin:    3 16:39:12       -6.979857*       0.1686
GPMin:    4 16:39:22       -7.041613*       0.1154
GPMin:    5 16:39:31       -7.078063*       0.0752
GPMin:    6 16:39:40       -7.090988*       0.0641
GPMin:    7 16:39:49       -7.098629*       0.0483
GPMin:    8 16:39:57       -7.103413*       0.0402
GPMin:    9 16:40:06       -7.108003*       0.0311
GPMin:   10 16:40:14       -7.111309*       0.0278
GPMin:   11 16:40:23       -7.113715*       0.0226
GPMin:   12 16:40:30       -7.116234*       0.0262
GPMin:   13 16:40:38       -7.118286*       0.0188
       Step     Time          Energy         fmax
*Force-consistent energies used in optimization.
GPMin:    0 16:40:56       -6.509998*       0.3380
GPMin:    1 16:41:08       -6.663286*       0.2489
GPMin:    2 16:41:17       -6.769305*       0.2316
GPMin:    3 16:41:26       -6.844289*       0.1205
GPMin:    4 16:41:34       -6.878088*       0.1015
GPMin:    5 16:41:43       -6.905676*       0.0998
GPMin:    6 16:41:52       -6.938801*       0.0991
GPMin:    7 16:42:00       -6.980045*       0.0973
GPMin:    8 16:42:09       -7.025454*       0.1081
GPMin:    9 16:42:17       -7.075835*       0.1112
GPMin:   10 16:42:26       -7.131366*       0.1032
GPMin:   11 16:42:34       -7.181788*       0.0930
GPMin:   12 16:42:42       -7.220198*       0.0866
GPMin:   13 16:42:51       -7.248135*       0.0755
GPMin:   14 16:42:59       -7.263765*       0.0424
GPMin:   15 16:43:07       -7.268186*       0.0376
GPMin:   16 16:43:15       -7.271675*       0.0348
GPMin:   17 16:43:22       -7.275984*       0.0238
GPMin:   18 16:43:29       -7.277969*       0.0277
GPMin:   19 16:43:36       -7.279603*       0.0185
       Step     Time          Energy         fmax
*Force-consistent energies used in optimization.
GPMin:    0 16:43:54       -6.158774*       0.5509
GPMin:    1 16:44:07       -6.419028*       0.2311
GPMin:    2 16:44:19       -6.513270*       0.1459
GPMin:    3 16:44:30       -6.590835*       0.1407
GPMin:    4 16:44:40       -6.665108*       0.1314
GPMin:    5 16:44:50       -6.734351*       0.1317
GPMin:    6 16:44:59       -6.801483*       0.1139
GPMin:    7 16:45:08       -6.855798*       0.0912
GPMin:    8 16:45:16       -6.894147*       0.0920
GPMin:    9 16:45:25       -6.922237*       0.0929
GPMin:   10 16:45:33       -6.949686*       0.0958
GPMin:   11 16:45:42       -6.981233*       0.0916
GPMin:   12 16:45:50       -7.013153*       0.0977
GPMin:   13 16:45:59       -7.037913*       0.0839
GPMin:   14 16:46:08       -7.049640*       0.0566
GPMin:   15 16:46:15       -7.054625*       0.0446
GPMin:   16 16:46:23       -7.059204*       0.0303
GPMin:   17 16:46:30       -7.062321*       0.0355
GPMin:   18 16:46:37       -7.065891*       0.0286
GPMin:   19 16:46:45       -7.067753*       0.0300
GPMin:   20 16:46:53       -7.069183*       0.0234
GPMin:   21 16:47:01       -7.071347*       0.0235
GPMin:   22 16:47:08       -7.072608*       0.0259
GPMin:   23 16:47:17       -7.075551*       0.0249
GPMin:   24 16:47:25       -7.076274*       0.0190
       Step     Time          Energy         fmax
*Force-consistent energies used in optimization.
GPMin:    0 16:47:40       -6.779347*       0.3079
GPMin:    1 16:47:50       -6.936302*       0.1939
GPMin:    2 16:47:59       -7.008626*       0.1559
GPMin:    3 16:48:09       -7.045827*       0.1194
GPMin:    4 16:48:19       -7.073666*       0.0749
GPMin:    5 16:48:28       -7.093260*       0.0438
GPMin:    6 16:48:36       -7.102721*       0.0316
GPMin:    7 16:48:44       -7.107415*       0.0214
GPMin:    8 16:48:52       -7.109495*       0.0174
       Step     Time          Energy         fmax
*Force-consistent energies used in optimization.
GPMin:    0 16:49:06       -6.692876*       0.7071
GPMin:    1 16:49:17       -6.943513*       0.2185
GPMin:    2 16:49:27       -7.025770*       0.1460
GPMin:    3 16:49:35       -7.064438*       0.0997
GPMin:    4 16:49:44       -7.078989*       0.0460
GPMin:    5 16:49:52       -7.082522*       0.0209
GPMin:    6 16:50:00       -7.083921*       0.0158
       Step     Time          Energy         fmax
*Force-consistent energies used in optimization.
GPMin:    0 16:50:15       -6.594579*       0.4219
GPMin:    1 16:50:27       -6.778680*       0.1516
GPMin:    2 16:50:36       -6.832308*       0.1200
GPMin:    3 16:50:44       -6.887283*       0.1066
GPMin:    4 16:50:53       -6.935017*       0.1116
GPMin:    5 16:51:03       -6.986330*       0.0817
GPMin:    6 16:51:11       -7.021242*       0.0706
GPMin:    7 16:51:20       -7.047393*       0.0629
GPMin:    8 16:51:28       -7.067096*       0.0516
GPMin:    9 16:51:37       -7.075926*       0.0366
GPMin:   10 16:51:44       -7.079151*       0.0325
GPMin:   11 16:51:52       -7.082618*       0.0328
GPMin:   12 16:51:59       -7.087812*       0.0303
GPMin:   13 16:52:08       -7.096132*       0.0331
GPMin:   14 16:52:17       -7.106218*       0.0290
GPMin:   15 16:52:25       -7.112947*       0.0245
GPMin:   16 16:52:33       -7.114979*       0.0166
       Step     Time          Energy         fmax
*Force-consistent energies used in optimization.
GPMin:    0 16:52:48       -6.718933*       0.3812
GPMin:    1 16:52:58       -6.935790*       0.3178
GPMin:    2 16:53:08       -7.038086*       0.2172
GPMin:    3 16:53:18       -7.082575*       0.0960
GPMin:    4 16:53:27       -7.101086*       0.0671
GPMin:    5 16:53:36       -7.115429*       0.0538
GPMin:    6 16:53:45       -7.126289*       0.0533
GPMin:    7 16:53:54       -7.140230*       0.0479
GPMin:    8 16:54:03       -7.148390*       0.0423
GPMin:    9 16:54:11       -7.154027*       0.0320
GPMin:   10 16:54:19       -7.158596*       0.0493
GPMin:   11 16:54:28       -7.171280*       0.0520
GPMin:   12 16:54:37       -7.191150*       0.0694
GPMin:   13 16:54:46       -7.217180*       0.0817
GPMin:   14 16:54:55       -7.247390*       0.0820
GPMin:   15 16:55:04       -7.268902*       0.0448
GPMin:   16 16:55:13       -7.275525*       0.0297
GPMin:   17 16:55:21       -7.277596*       0.0209
GPMin:   18 16:55:29       -7.279170*       0.0163
       Step     Time          Energy         fmax
*Force-consistent energies used in optimization.
GPMin:    0 16:55:45       -6.765650*       0.4928
GPMin:    1 16:55:56       -6.968834*       0.2527
GPMin:    2 16:56:05       -7.053364*       0.1682
GPMin:    3 16:56:15       -7.094662*       0.0704
GPMin:    4 16:56:24       -7.107484*       0.0615
GPMin:    5 16:56:32       -7.119925*       0.0483
GPMin:    6 16:56:41       -7.131762*       0.0476
GPMin:    7 16:56:50       -7.141745*       0.0503
GPMin:    8 16:56:59       -7.147998*       0.0357
GPMin:    9 16:57:08       -7.151874*       0.0385
GPMin:   10 16:57:15       -7.158068*       0.0489
GPMin:   11 16:57:24       -7.171668*       0.0506
GPMin:   12 16:57:33       -7.191426*       0.0706
GPMin:   13 16:57:42       -7.218677*       0.0902
GPMin:   14 16:57:51       -7.249220*       0.0750
GPMin:   15 16:57:59       -7.269286*       0.0404
GPMin:   16 16:58:08       -7.275474*       0.0330
GPMin:   17 16:58:16       -7.278298*       0.0196
       Step     Time          Energy         fmax
*Force-consistent energies used in optimization.
GPMin:    0 16:58:32       -6.867088*       0.3346
GPMin:    1 16:58:42       -7.028433*       0.1658
GPMin:    2 16:58:53       -7.095455*       0.1095
GPMin:    3 16:59:03       -7.122800*       0.0839
GPMin:    4 16:59:12       -7.136375*       0.0825
GPMin:    5 16:59:21       -7.164770*       0.1011
GPMin:    6 16:59:30       -7.202877*       0.1155
GPMin:    7 16:59:40       -7.244306*       0.1075
GPMin:    8 16:59:50       -7.274134*       0.0406
GPMin:    9 16:59:58       -7.279333*       0.0298
GPMin:   10 17:00:05       -7.281044*       0.0139
       Step     Time          Energy         fmax
*Force-consistent energies used in optimization.
GPMin:    0 17:00:20       -6.748064*       0.6175
GPMin:    1 17:00:31       -6.976944*       0.1836
GPMin:    2 17:00:41       -7.038727*       0.1785
GPMin:    3 17:00:51       -7.107902*       0.1499
GPMin:    4 17:00:59       -7.152287*       0.1051
GPMin:    5 17:01:08       -7.184399*       0.0718
GPMin:    6 17:01:17       -7.209358*       0.0593
GPMin:    7 17:01:26       -7.226122*       0.0556
GPMin:    8 17:01:34       -7.236841*       0.0428
GPMin:    9 17:01:42       -7.242162*       0.0329
GPMin:   10 17:01:49       -7.245186*       0.0262
GPMin:   11 17:01:57       -7.248684*       0.0262
GPMin:   12 17:02:05       -7.253908*       0.0389
GPMin:   13 17:02:13       -7.262106*       0.0434
GPMin:   14 17:02:22       -7.272169*       0.0335
GPMin:   15 17:02:31       -7.277655*       0.0234
GPMin:   16 17:02:38       -7.278907*       0.0180
       Step     Time          Energy         fmax
*Force-consistent energies used in optimization.
GPMin:    0 17:02:53       -6.676858*       0.2910
GPMin:    1 17:03:03       -6.825900*       0.1748
GPMin:    2 17:03:13       -6.914199*       0.1265
GPMin:    3 17:03:22       -6.975834*       0.1024
GPMin:    4 17:03:31       -7.016912*       0.1038
GPMin:    5 17:03:41       -7.054468*       0.0859
GPMin:    6 17:03:50       -7.080980*       0.0635
GPMin:    7 17:03:59       -7.097467*       0.0409
GPMin:    8 17:04:07       -7.103025*       0.0313
GPMin:    9 17:04:15       -7.104949*       0.0241
GPMin:   10 17:04:22       -7.107137*       0.0205
GPMin:   11 17:04:30       -7.109339*       0.0191
       Step     Time          Energy         fmax
*Force-consistent energies used in optimization.
GPMin:    0 17:04:45       -6.677400*       0.2890
GPMin:    1 17:04:56       -6.849745*       0.1856
GPMin:    2 17:05:06       -6.939838*       0.1331
GPMin:    3 17:05:14       -7.007452*       0.1144
GPMin:    4 17:05:23       -7.047885*       0.0744
GPMin:    5 17:05:32       -7.066205*       0.0436
GPMin:    6 17:05:39       -7.071090*       0.0311
GPMin:    7 17:05:47       -7.073841*       0.0208
GPMin:    8 17:05:54       -7.074701*       0.0126
       Step     Time          Energy         fmax
*Force-consistent energies used in optimization.
GPMin:    0 17:06:08       -6.310694*       0.7044
GPMin:    1 17:06:18       -6.594768*       0.1889
GPMin:    2 17:06:28       -6.676938*       0.1903
GPMin:    3 17:06:37       -6.742290*       0.1716
GPMin:    4 17:06:47       -6.801709*       0.0984
GPMin:    5 17:06:55       -6.821613*       0.0452
GPMin:    6 17:07:03       -6.828207*       0.0487
GPMin:    7 17:07:10       -6.836656*       0.0299
GPMin:    8 17:07:18       -6.841945*       0.0318
GPMin:    9 17:07:26       -6.846309*       0.0166
       Step     Time          Energy         fmax
*Force-consistent energies used in optimization.
GPMin:    0 17:07:46       -6.151162*       0.8786
GPMin:    1 17:08:00       -6.470818*       0.2782
GPMin:    2 17:08:13       -6.614731*       0.2590
GPMin:    3 17:08:25       -6.743701*       0.2600
GPMin:    4 17:08:37       -6.848699*       0.2642
GPMin:    5 17:08:47       -6.940888*       0.2578
GPMin:    6 17:08:56       -7.035095*       0.2311
GPMin:    7 17:09:05       -7.115207*       0.1758
GPMin:    8 17:09:14       -7.168633*       0.1223
GPMin:    9 17:09:23       -7.201767*       0.1097
GPMin:   10 17:09:32       -7.224842*       0.1033
GPMin:   11 17:09:41       -7.243674*       0.0990
GPMin:   12 17:09:50       -7.259715*       0.0832
GPMin:   13 17:09:59       -7.270556*       0.0523
GPMin:   14 17:10:08       -7.275891*       0.0476
GPMin:   15 17:10:16       -7.278703*       0.0284
GPMin:   16 17:10:23       -7.280013*       0.0183
       Step     Time          Energy         fmax
*Force-consistent energies used in optimization.
GPMin:    0 17:10:39       -6.234400*       0.9019
GPMin:    1 17:10:49       -6.672601*       0.4343
GPMin:    2 17:10:59       -6.833121*       0.2702
GPMin:    3 17:11:08       -6.918200*       0.1710
GPMin:    4 17:11:18       -6.974773*       0.1528
GPMin:    5 17:11:27       -7.018796*       0.1394
GPMin:    6 17:11:35       -7.053312*       0.0785
GPMin:    7 17:11:44       -7.072616*       0.0785
GPMin:    8 17:11:52       -7.088547*       0.0766
GPMin:    9 17:12:00       -7.099133*       0.0359
GPMin:   10 17:12:08       -7.102941*       0.0326
GPMin:   11 17:12:16       -7.106011*       0.0264
GPMin:   12 17:12:24       -7.107751*       0.0230
GPMin:   13 17:12:30       -7.109163*       0.0188
