      Step     Time          Energy         fmax
BFGS:    0 19:54:43       13.234178       39.0951
BFGS:    1 19:54:43        0.654669       14.5200
BFGS:    2 19:54:43       -1.732211        7.8634
BFGS:    3 19:54:43       -2.879979        3.2231
BFGS:    4 19:54:43       -3.340353        1.7128
BFGS:    5 19:54:43       -3.550762        0.7342
BFGS:    6 19:54:43       -3.593786        0.4387
BFGS:    7 19:54:43       -3.604859        0.3793
BFGS:    8 19:54:43       -3.613159        0.3844
BFGS:    9 19:54:43       -3.629562        0.4502
BFGS:   10 19:54:43       -3.655769        0.5678
BFGS:   11 19:54:43       -3.694895        1.0027
BFGS:   12 19:54:43       -3.761649        1.5473
BFGS:   13 19:54:43       -3.790876        1.6762
BFGS:   14 19:54:43       -3.899987        0.7450
BFGS:   15 19:54:43       -3.951699        0.5709
BFGS:   16 19:54:43       -4.002261        0.5740
BFGS:   17 19:54:43       -4.017479        0.4104
BFGS:   18 19:54:43       -4.035003        0.4117
BFGS:   19 19:54:43       -4.077953        0.5512
BFGS:   20 19:54:43       -4.118189        0.6580
BFGS:   21 19:54:43       -4.171928        0.8890
BFGS:   22 19:54:43       -4.216059        1.0259
BFGS:   23 19:54:43       -4.260548        0.8635
BFGS:   24 19:54:43       -4.292428        0.5538
BFGS:   25 19:54:43       -4.312224        0.3877
BFGS:   26 19:54:43       -4.325316        0.1841
BFGS:   27 19:54:43       -4.327024        0.1861
BFGS:   28 19:54:43       -4.330499        0.1625
BFGS:   29 19:54:43       -4.333796        0.1265
BFGS:   30 19:54:43       -4.335792        0.1162
BFGS:   31 19:54:43       -4.336491        0.0988
BFGS:   32 19:54:43       -4.337163        0.0882
BFGS:   33 19:54:43       -4.338345        0.0935
BFGS:   34 19:54:43       -4.340248        0.1176
BFGS:   35 19:54:43       -4.342463        0.1761
BFGS:   36 19:54:43       -4.344591        0.2123
BFGS:   37 19:54:43       -4.347570        0.2351
BFGS:   38 19:54:43       -4.354038        0.2622
BFGS:   39 19:54:43       -4.368900        0.4116
BFGS:   40 19:54:43       -4.390771        0.5389
BFGS:   41 19:54:43       -4.428381        0.7853
BFGS:   42 19:54:43       -4.484294        0.9925
BFGS:   43 19:54:43       -4.545722        1.1508
BFGS:   44 19:54:43       -4.625035        1.2283
BFGS:   45 19:54:43       -4.612456        1.2042
BFGS:   46 19:54:43       -4.739258        1.2166
BFGS:   47 19:54:43       -4.818485        1.2156
BFGS:   48 19:54:43       -5.145965        0.9053
BFGS:   49 19:54:43       -5.190788        1.0563
BFGS:   50 19:54:43       -5.260963        0.8512
BFGS:   51 19:54:43       -5.319696        0.8567
BFGS:   52 19:54:43       -5.346604        0.8993
BFGS:   53 19:54:43       -5.377982        0.8345
BFGS:   54 19:54:43       -5.444708        0.7213
BFGS:   55 19:54:43       -5.477335        0.3645
BFGS:   56 19:54:43       -5.494372        0.3438
BFGS:   57 19:54:43       -5.509209        0.4331
BFGS:   58 19:54:43       -5.517838        0.4173
BFGS:   59 19:54:43       -5.539208        0.4369
BFGS:   60 19:54:43       -5.562378        0.4315
BFGS:   61 19:54:43       -5.585302        0.3338
BFGS:   62 19:54:43       -5.606343        0.3226
BFGS:   63 19:54:43       -5.623693        0.3416
BFGS:   64 19:54:43       -5.628067        0.2555
BFGS:   65 19:54:43       -5.632771        0.1924
BFGS:   66 19:54:43       -5.639267        0.1414
BFGS:   67 19:54:43       -5.647437        0.1300
BFGS:   68 19:54:43       -5.650855        0.0774
BFGS:   69 19:54:43       -5.651978        0.0446
      Step     Time          Energy         fmax
BFGS:    0 19:54:43       12.189437       39.0622
BFGS:    1 19:54:43       -0.249654       10.2852
BFGS:    2 19:54:43       -2.461717        5.4062
BFGS:    3 19:54:43       -3.521212        2.4753
BFGS:    4 19:54:43       -3.934997        1.1903
BFGS:    5 19:54:43       -4.059362        0.5614
BFGS:    6 19:54:43       -4.096332        0.5613
BFGS:    7 19:54:43       -4.124571        0.6281
BFGS:    8 19:54:43       -4.180609        0.7544
BFGS:    9 19:54:43       -4.292902        0.9515
BFGS:   10 19:54:43       -4.393711        1.2693
BFGS:   11 19:54:43       -4.493736        1.1095
BFGS:   12 19:54:43       -4.555579        2.7127
BFGS:   13 19:54:43       -4.716034        0.9695
BFGS:   14 19:54:43       -4.795888        0.8757
BFGS:   15 19:54:43       -4.716086        3.5110
BFGS:   16 19:54:43       -4.937191        0.5071
BFGS:   17 19:54:43       -4.974414        0.5241
BFGS:   18 19:54:43       -4.999999        0.7076
BFGS:   19 19:54:43       -5.011291        0.4982
BFGS:   20 19:54:43       -5.040720        0.3236
BFGS:   21 19:54:43       -5.061622        0.3988
BFGS:   22 19:54:43       -5.071721        0.4582
BFGS:   23 19:54:43       -5.116409        0.8202
BFGS:   24 19:54:43       -5.148727        1.2591
BFGS:   25 19:54:43       -5.190218        0.7300
BFGS:   26 19:54:43       -5.237554        0.5018
BFGS:   27 19:54:43       -5.287655        0.3632
BFGS:   28 19:54:43       -5.299693        0.3579
BFGS:   29 19:54:43       -5.312943        0.3901
BFGS:   30 19:54:43       -5.333352        0.3691
BFGS:   31 19:54:43       -5.344425        0.3720
BFGS:   32 19:54:43       -5.357772        0.3151
BFGS:   33 19:54:43       -5.364659        0.2768
BFGS:   34 19:54:43       -5.372589        0.2353
BFGS:   35 19:54:43       -5.380093        0.1725
BFGS:   36 19:54:43       -5.383044        0.1232
BFGS:   37 19:54:43       -5.384088        0.1226
BFGS:   38 19:54:43       -5.385083        0.1261
BFGS:   39 19:54:43       -5.386696        0.1285
BFGS:   40 19:54:43       -5.389325        0.1346
BFGS:   41 19:54:43       -5.393154        0.1664
BFGS:   42 19:54:43       -5.400565        0.2789
BFGS:   43 19:54:43       -5.441146        0.5441
BFGS:   44 19:54:43       -5.403128        1.1090
BFGS:   45 19:54:43       -5.461173        0.5522
BFGS:   46 19:54:43       -5.474990        0.5669
BFGS:   47 19:54:43       -5.320883        2.2460
BFGS:   48 19:54:43       -5.503662        0.5441
BFGS:   49 19:54:43       -5.520759        0.5128
BFGS:   50 19:54:43       -5.534907        0.6447
BFGS:   51 19:54:43       -5.560906        0.3418
BFGS:   52 19:54:43       -5.567268        0.2803
BFGS:   53 19:54:43       -5.575029        0.2593
BFGS:   54 19:54:43       -5.577473        0.2717
BFGS:   55 19:54:43       -5.587263        0.2694
BFGS:   56 19:54:43       -5.596431        0.3243
BFGS:   57 19:54:43       -5.621384        0.5282
BFGS:   58 19:54:43       -5.646610        0.7351
BFGS:   59 19:54:43       -5.684015        0.5976
BFGS:   60 19:54:43       -5.746625        0.5422
BFGS:   61 19:54:43       -5.760070        0.5593
BFGS:   62 19:54:43       -5.785384        0.4183
BFGS:   63 19:54:43       -5.802924        0.3055
BFGS:   64 19:54:43       -5.818240        0.2740
BFGS:   65 19:54:43       -5.833284        0.2471
BFGS:   66 19:54:43       -5.839477        0.1200
BFGS:   67 19:54:43       -5.841048        0.0553
BFGS:   68 19:54:43       -5.841242        0.0403
      Step     Time          Energy         fmax
BFGS:    0 19:54:43       15.527605       44.5776
BFGS:    1 19:54:43        0.386999       13.7801
BFGS:    2 19:54:43       -2.512159        9.1834
BFGS:    3 19:54:43       -3.522129        4.3257
BFGS:    4 19:54:43       -4.037518        1.8191
BFGS:    5 19:54:43       -4.232843        0.6354
BFGS:    6 19:54:43       -4.301645        0.6369
BFGS:    7 19:54:43       -4.342021        0.6595
BFGS:    8 19:54:43       -4.389524        0.6684
BFGS:    9 19:54:43       -4.442880        0.6468
BFGS:   10 19:54:43       -4.487582        0.6171
BFGS:   11 19:54:43       -4.555993        0.9121
BFGS:   12 19:54:43       -4.586492        0.8092
BFGS:   13 19:54:43       -4.645519        0.5631
BFGS:   14 19:54:43       -4.685895        0.4323
BFGS:   15 19:54:44       -4.706737        0.4046
BFGS:   16 19:54:44       -4.715603        0.4123
BFGS:   17 19:54:44       -4.770096        0.5403
BFGS:   18 19:54:44       -4.872178        0.6564
BFGS:   19 19:54:44       -4.767523        1.2165
BFGS:   20 19:54:44       -4.910047        0.7039
BFGS:   21 19:54:44       -4.943721        0.6544
BFGS:   22 19:54:44       -4.999405        0.5984
BFGS:   23 19:54:44       -5.068146        1.1388
BFGS:   24 19:54:44       -5.122055        0.3917
BFGS:   25 19:54:44       -5.134812        0.3488
BFGS:   26 19:54:44       -5.153508        0.4059
BFGS:   27 19:54:44       -5.167349        0.3378
BFGS:   28 19:54:44       -5.202560        0.3314
BFGS:   29 19:54:44       -5.213777        0.3276
BFGS:   30 19:54:44       -5.220612        0.2847
BFGS:   31 19:54:44       -5.224955        0.2237
BFGS:   32 19:54:44       -5.230762        0.1241
BFGS:   33 19:54:44       -5.232888        0.0748
BFGS:   34 19:54:44       -5.233531        0.0653
BFGS:   35 19:54:44       -5.233803        0.0671
BFGS:   36 19:54:44       -5.234500        0.0689
BFGS:   37 19:54:44       -5.235923        0.1053
BFGS:   38 19:54:44       -5.238789        0.1635
BFGS:   39 19:54:44       -5.244203        0.2420
BFGS:   40 19:54:44       -5.260507        0.4730
BFGS:   41 19:54:44       -5.276554        0.7547
BFGS:   42 19:54:44       -5.284356        1.0060
BFGS:   43 19:54:44       -5.306867        1.0091
BFGS:   44 19:54:44       -5.372439        1.1407
BFGS:   45 19:54:44       -5.380722        1.0751
BFGS:   46 19:54:44       -5.436800        1.0114
BFGS:   47 19:54:44       -5.447888        0.8191
BFGS:   48 19:54:44       -5.494294        0.7967
BFGS:   49 19:54:44       -5.529728        0.6476
BFGS:   50 19:54:44       -5.558641        0.5551
BFGS:   51 19:54:44       -5.590012        0.4809
BFGS:   52 19:54:44       -5.602729        0.4233
BFGS:   53 19:54:44       -5.619861        0.4750
BFGS:   54 19:54:44       -5.631517        0.4091
BFGS:   55 19:54:44       -5.645399        0.1972
BFGS:   56 19:54:44       -5.648837        0.1882
BFGS:   57 19:54:44       -5.650125        0.1379
BFGS:   58 19:54:44       -5.651287        0.0912
BFGS:   59 19:54:44       -5.651940        0.0676
BFGS:   60 19:54:44       -5.652303        0.0275
      Step     Time          Energy         fmax
BFGS:    0 19:54:44       14.012639       23.7619
BFGS:    1 19:54:44        4.640980       21.6004
BFGS:    2 19:54:44       -0.048263        6.5602
BFGS:    3 19:54:44       -1.505117        3.0770
BFGS:    4 19:54:44       -2.096643        1.3715
BFGS:    5 19:54:44       -2.390938        0.5426
BFGS:    6 19:54:44       -2.459325        0.2758
BFGS:    7 19:54:44       -2.470289        0.1667
BFGS:    8 19:54:44       -2.471405        0.1276
BFGS:    9 19:54:44       -2.471943        0.0961
BFGS:   10 19:54:44       -2.472758        0.0553
BFGS:   11 19:54:44       -2.473404        0.0753
BFGS:   12 19:54:44       -2.473795        0.0814
BFGS:   13 19:54:44       -2.474273        0.0955
BFGS:   14 19:54:44       -2.475127        0.1125
BFGS:   15 19:54:44       -2.477856        0.1379
BFGS:   16 19:54:44       -2.484546        0.2193
BFGS:   17 19:54:44       -2.500217        0.6248
BFGS:   18 19:54:44       -2.517277        1.2188
BFGS:   19 19:54:44       -2.539434        1.8879
BFGS:   20 19:54:44       -2.614489        2.2592
BFGS:   21 19:54:44       -2.766978        2.3266
BFGS:   22 19:54:44       -2.894984        2.1592
BFGS:   23 19:54:44       -2.924641        1.9383
BFGS:   24 19:54:44       -3.035123        1.0588
BFGS:   25 19:54:44       -3.071396        0.6886
BFGS:   26 19:54:44       -3.153321        0.6577
BFGS:   27 19:54:44       -3.190164        1.0846
BFGS:   28 19:54:44       -3.234070        0.4131
BFGS:   29 19:54:44       -3.256447        0.3534
BFGS:   30 19:54:44       -3.296199        0.6236
BFGS:   31 19:54:44       -3.317252        0.4915
BFGS:   32 19:54:44       -3.351830        0.6931
BFGS:   33 19:54:44       -3.375714        0.4391
BFGS:   34 19:54:44       -3.388621        0.4213
BFGS:   35 19:54:44       -3.410376        0.4915
BFGS:   36 19:54:44       -3.433423        0.3631
BFGS:   37 19:54:44       -3.454110        0.2708
BFGS:   38 19:54:44       -3.458971        0.1687
BFGS:   39 19:54:44       -3.461741        0.1761
BFGS:   40 19:54:44       -3.465035        0.2376
BFGS:   41 19:54:44       -3.467968        0.2555
BFGS:   42 19:54:44       -3.472507        0.3043
BFGS:   43 19:54:44       -3.476377        0.3621
BFGS:   44 19:54:44       -3.482023        0.4022
BFGS:   45 19:54:44       -3.493185        0.4403
BFGS:   46 19:54:44       -3.535780        0.5703
BFGS:   47 19:54:44       -3.652277        0.4946
BFGS:   48 19:54:44       -3.899840        0.4472
BFGS:   49 19:54:44       -4.119992        1.0107
BFGS:   50 19:54:44       -3.946397        3.4235
BFGS:   51 19:54:44       -4.168703        1.3423
BFGS:   52 19:54:44       -4.134810        0.8250
BFGS:   53 19:54:44       -4.305206        0.5506
BFGS:   54 19:54:44       -4.375877        0.7178
BFGS:   55 19:54:44       -4.417809        0.7809
BFGS:   56 19:54:44       -4.507868        1.1298
BFGS:   57 19:54:44       -4.563924        1.3020
BFGS:   58 19:54:44       -4.612966        1.5255
BFGS:   59 19:54:44       -4.703516        0.6672
BFGS:   60 19:54:44       -4.761019        0.6447
BFGS:   61 19:54:44       -4.925839        0.6726
BFGS:   62 19:54:44       -4.974594        0.3868
BFGS:   63 19:54:44       -4.997693        0.4041
BFGS:   64 19:54:44       -5.011970        0.3757
BFGS:   65 19:54:44       -5.033477        0.3183
BFGS:   66 19:54:44       -5.049631        0.3838
BFGS:   67 19:54:44       -5.060995        0.4356
BFGS:   68 19:54:44       -5.074762        0.4217
BFGS:   69 19:54:44       -5.086995        0.3180
BFGS:   70 19:54:44       -5.097641        0.3046
BFGS:   71 19:54:44       -5.106577        0.3365
BFGS:   72 19:54:44       -5.117550        0.4039
BFGS:   73 19:54:44       -5.136049        0.4024
BFGS:   74 19:54:44       -5.165296        0.4571
BFGS:   75 19:54:44       -5.199169        0.5444
BFGS:   76 19:54:44       -5.225660        0.3807
BFGS:   77 19:54:44       -5.230349        0.6827
BFGS:   78 19:54:44       -5.259024        0.1913
BFGS:   79 19:54:44       -5.263547        0.1580
BFGS:   80 19:54:44       -5.267732        0.1580
BFGS:   81 19:54:44       -5.269619        0.1490
BFGS:   82 19:54:44       -5.276529        0.1818
BFGS:   83 19:54:44       -5.284444        0.2014
BFGS:   84 19:54:44       -5.295313        0.2579
BFGS:   85 19:54:44       -5.306067        0.3176
BFGS:   86 19:54:44       -5.311547        0.3189
BFGS:   87 19:54:44       -5.318785        0.3220
BFGS:   88 19:54:44       -5.359467        0.6576
BFGS:   89 19:54:44       -5.379081        1.0479
BFGS:   90 19:54:44       -5.426503        0.4759
BFGS:   91 19:54:44       -5.466552        0.5901
BFGS:   92 19:54:44       -5.517535        1.0876
BFGS:   93 19:54:44       -5.570559        0.7106
BFGS:   94 19:54:44       -5.602403        0.4875
BFGS:   95 19:54:44       -5.610877        0.3588
BFGS:   96 19:54:44       -5.615710        0.3572
BFGS:   97 19:54:44       -5.625033        0.3347
BFGS:   98 19:54:44       -5.639706        0.2551
BFGS:   99 19:54:44       -5.647180        0.1878
BFGS:  100 19:54:44       -5.651696        0.0621
BFGS:  101 19:54:44       -5.652256        0.0274
      Step     Time          Energy         fmax
BFGS:    0 19:54:44       12.793256       24.1109
BFGS:    1 19:54:44        0.572587       12.6467
BFGS:    2 19:54:44       -1.702548        7.3561
BFGS:    3 19:54:44       -3.068094        1.9252
BFGS:    4 19:54:44       -3.288463        1.1764
BFGS:    5 19:54:44       -3.431943        0.5422
BFGS:    6 19:54:44       -3.462156        0.3431
BFGS:    7 19:54:44       -3.472482        0.3218
BFGS:    8 19:54:44       -3.482912        0.3457
BFGS:    9 19:54:44       -3.505361        0.4271
BFGS:   10 19:54:44       -3.543714        0.5117
BFGS:   11 19:54:44       -3.587869        0.7411
BFGS:   12 19:54:44       -3.638404        0.6681
BFGS:   13 19:54:44       -3.674989        0.7486
BFGS:   14 19:54:44       -3.698409        0.6596
BFGS:   15 19:54:44       -3.735635        0.5860
BFGS:   16 19:54:44       -3.802727        0.7494
BFGS:   17 19:54:44       -3.874706        0.9934
BFGS:   18 19:54:44       -3.906816        1.0043
BFGS:   19 19:54:44       -3.942420        0.9916
BFGS:   20 19:54:44       -3.991376        0.9394
BFGS:   21 19:54:44       -4.164385        0.9914
BFGS:   22 19:54:44       -4.234138        1.0095
BFGS:   23 19:54:44       -4.258939        0.5297
BFGS:   24 19:54:44       -4.287045        0.4426
BFGS:   25 19:54:44       -4.309371        0.5421
BFGS:   26 19:54:44       -4.339101        0.4881
BFGS:   27 19:54:44       -4.375517        0.2924
BFGS:   28 19:54:44       -4.385494        0.2576
BFGS:   29 19:54:44       -4.388489        0.2055
BFGS:   30 19:54:44       -4.392080        0.1952
BFGS:   31 19:54:44       -4.397373        0.2113
BFGS:   32 19:54:44       -4.404034        0.2691
BFGS:   33 19:54:44       -4.414677        0.4761
BFGS:   34 19:54:44       -4.429892        0.6327
BFGS:   35 19:54:44       -4.464076        0.7780
BFGS:   36 19:54:44       -4.519191        1.4580
BFGS:   37 19:54:44       -4.467590        3.0810
BFGS:   38 19:54:44       -4.449763        2.9396
BFGS:   39 19:54:44       -4.498527        2.6323
BFGS:   40 19:54:44       -4.639646        1.2761
BFGS:   41 19:54:44       -4.679704        1.3644
BFGS:   42 19:54:44       -4.731619        1.6362
BFGS:   43 19:54:44       -4.784801        1.7945
BFGS:   44 19:54:44       -4.859226        1.7683
BFGS:   45 19:54:44       -4.921649        1.2285
BFGS:   46 19:54:44       -4.969861        0.8448
BFGS:   47 19:54:44       -5.004550        0.7068
BFGS:   48 19:54:44       -5.035426        0.5349
BFGS:   49 19:54:44       -5.082869        0.4850
BFGS:   50 19:54:44       -5.125473        0.4119
BFGS:   51 19:54:44       -5.137500        0.4194
BFGS:   52 19:54:44       -5.150004        0.4820
BFGS:   53 19:54:44       -5.161769        0.5549
BFGS:   54 19:54:44       -5.176075        0.4779
BFGS:   55 19:54:44       -5.188344        0.4118
BFGS:   56 19:54:44       -5.195385        0.2622
BFGS:   57 19:54:44       -5.197674        0.2087
BFGS:   58 19:54:44       -5.200826        0.1299
BFGS:   59 19:54:44       -5.204130        0.1432
BFGS:   60 19:54:44       -5.207218        0.1251
BFGS:   61 19:54:44       -5.209152        0.0693
BFGS:   62 19:54:44       -5.209936        0.0378
      Step     Time          Energy         fmax
BFGS:    0 19:54:44       13.169193       38.4110
BFGS:    1 19:54:44       -1.809153        8.5854
BFGS:    2 19:54:44       -3.184118        4.8986
BFGS:    3 19:54:44       -4.125560        2.2831
BFGS:    4 19:54:44       -4.481065        0.9237
BFGS:    5 19:54:44       -4.596442        0.6219
BFGS:    6 19:54:44       -4.638619        0.5290
BFGS:    7 19:54:44       -4.666200        0.5520
BFGS:    8 19:54:44       -4.694295        0.6200
BFGS:    9 19:54:44       -4.721915        0.6167
BFGS:   10 19:54:44       -4.755812        0.5709
BFGS:   11 19:54:44       -4.777978        0.5636
BFGS:   12 19:54:44       -4.811710        0.6184
BFGS:   13 19:54:44       -4.961234        1.1874
BFGS:   14 19:54:44       -5.100516        1.8675
BFGS:   15 19:54:44       -5.090555        2.8518
BFGS:   16 19:54:44       -5.214652        1.7851
BFGS:   17 19:54:44       -5.269553        1.5704
BFGS:   18 19:54:44       -5.445480        1.1047
BFGS:   19 19:54:44       -5.510642        0.5998
BFGS:   20 19:54:44       -5.528412        0.4243
BFGS:   21 19:54:44       -5.539067        0.2160
BFGS:   22 19:54:44       -5.543758        0.1500
BFGS:   23 19:54:44       -5.547251        0.0803
BFGS:   24 19:54:44       -5.548082        0.0784
BFGS:   25 19:54:44       -5.548443        0.0774
BFGS:   26 19:54:44       -5.548885        0.0606
BFGS:   27 19:54:44       -5.549218        0.0326
      Step     Time          Energy         fmax
BFGS:    0 19:54:44       14.573783       31.4714
BFGS:    1 19:54:44        3.284945       17.4228
BFGS:    2 19:54:44       -0.926751        7.3912
BFGS:    3 19:54:44       -2.228137        3.6063
BFGS:    4 19:54:44       -3.012475        1.5619
BFGS:    5 19:54:44       -3.264526        0.6589
BFGS:    6 19:54:44       -3.329427        0.3250
BFGS:    7 19:54:44       -3.341528        0.2376
BFGS:    8 19:54:44       -3.346222        0.2590
BFGS:    9 19:54:44       -3.354118        0.2962
BFGS:   10 19:54:44       -3.366299        0.3210
BFGS:   11 19:54:44       -3.376913        0.2770
BFGS:   12 19:54:44       -3.382301        0.1995
BFGS:   13 19:54:44       -3.385026        0.1642
BFGS:   14 19:54:44       -3.385959        0.1333
BFGS:   15 19:54:44       -3.387915        0.0829
BFGS:   16 19:54:44       -3.388847        0.1048
BFGS:   17 19:54:44       -3.389461        0.1155
BFGS:   18 19:54:44       -3.389967        0.1060
BFGS:   19 19:54:44       -3.390751        0.0803
BFGS:   20 19:54:44       -3.391433        0.0814
BFGS:   21 19:54:44       -3.391979        0.1123
BFGS:   22 19:54:44       -3.392669        0.1492
BFGS:   23 19:54:44       -3.394418        0.2132
BFGS:   24 19:54:44       -3.400015        0.3414
BFGS:   25 19:54:44       -3.421821        0.5353
BFGS:   26 19:54:44       -3.468739        0.6027
BFGS:   27 19:54:44       -3.569659        0.8145
BFGS:   28 19:54:44       -3.755293        0.9179
BFGS:   29 19:54:44       -4.004602        1.0000
BFGS:   30 19:54:44       -4.136231        0.9818
BFGS:   31 19:54:44       -4.183403        1.1011
BFGS:   32 19:54:44       -4.231854        0.7794
BFGS:   33 19:54:44       -4.282145        1.0844
BFGS:   34 19:54:45       -4.345593        0.6720
BFGS:   35 19:54:45       -4.430857        0.7108
BFGS:   36 19:54:45       -4.576952        0.7341
BFGS:   37 19:54:45       -4.617513        0.6040
BFGS:   38 19:54:45       -4.641954        0.6597
BFGS:   39 19:54:45       -4.676114        0.6150
BFGS:   40 19:54:45       -4.726347        0.5236
BFGS:   41 19:54:45       -4.769750        0.7702
BFGS:   42 19:54:45       -4.813671        0.8153
BFGS:   43 19:54:45       -4.877660        1.0693
BFGS:   44 19:54:45       -4.916618        1.1374
BFGS:   45 19:54:45       -4.988538        0.6450
BFGS:   46 19:54:45       -5.050819        0.5083
BFGS:   47 19:54:45       -5.075483        0.6163
BFGS:   48 19:54:45       -5.097518        0.7582
BFGS:   49 19:54:45       -5.154175        0.7899
BFGS:   50 19:54:45       -5.228600        0.9321
BFGS:   51 19:54:45       -5.314214        1.1092
BFGS:   52 19:54:45       -5.384451        0.6897
BFGS:   53 19:54:45       -5.420764        0.5974
BFGS:   54 19:54:45       -5.453782        0.5644
BFGS:   55 19:54:45       -5.486354        0.4832
BFGS:   56 19:54:45       -5.520920        0.4635
BFGS:   57 19:54:45       -5.551040        0.6206
BFGS:   58 19:54:45       -5.574113        0.5869
BFGS:   59 19:54:45       -5.597370        0.3950
BFGS:   60 19:54:45       -5.613211        0.3934
BFGS:   61 19:54:45       -5.627733        0.3410
BFGS:   62 19:54:45       -5.636212        0.2861
BFGS:   63 19:54:45       -5.643464        0.1939
BFGS:   64 19:54:45       -5.648015        0.1320
BFGS:   65 19:54:45       -5.650456        0.1121
BFGS:   66 19:54:45       -5.651068        0.1034
BFGS:   67 19:54:45       -5.651558        0.0823
BFGS:   68 19:54:45       -5.651895        0.0556
BFGS:   69 19:54:45       -5.652155        0.0234
      Step     Time          Energy         fmax
BFGS:    0 19:54:45       17.232483       39.4591
BFGS:    1 19:54:45        2.666047       14.6617
BFGS:    2 19:54:45       -0.466185       12.2085
BFGS:    3 19:54:45       -2.715093        5.1482
BFGS:    4 19:54:45       -3.343744        2.4800
BFGS:    5 19:54:45       -3.662438        0.9482
BFGS:    6 19:54:45       -3.739224        0.3928
BFGS:    7 19:54:45       -3.756454        0.3391
BFGS:    8 19:54:45       -3.763726        0.3692
BFGS:    9 19:54:45       -3.776845        0.4051
BFGS:   10 19:54:45       -3.802872        0.4475
BFGS:   11 19:54:45       -3.844951        0.5922
BFGS:   12 19:54:45       -3.866292        0.6090
BFGS:   13 19:54:45       -3.898388        0.5845
BFGS:   14 19:54:45       -3.938395        0.6691
BFGS:   15 19:54:45       -3.959867        0.5233
BFGS:   16 19:54:45       -4.005887        0.3841
BFGS:   17 19:54:45       -4.010601        0.2767
BFGS:   18 19:54:45       -4.014640        0.2314
BFGS:   19 19:54:45       -4.020892        0.2848
BFGS:   20 19:54:45       -4.031151        0.3369
BFGS:   21 19:54:45       -4.043922        0.3579
BFGS:   22 19:54:45       -4.053515        0.5347
BFGS:   23 19:54:45       -4.068708        0.6893
BFGS:   24 19:54:45       -4.102447        0.9166
BFGS:   25 19:54:45       -4.126425        1.1959
BFGS:   26 19:54:45       -4.174098        0.5686
BFGS:   27 19:54:45       -4.206636        0.4128
BFGS:   28 19:54:45       -4.227639        0.4867
BFGS:   29 19:54:45       -4.241117        0.2812
BFGS:   30 19:54:45       -4.248636        0.2822
BFGS:   31 19:54:45       -4.271203        0.2999
BFGS:   32 19:54:45       -4.281551        0.2482
BFGS:   33 19:54:45       -4.288384        0.1301
BFGS:   34 19:54:45       -4.289468        0.1093
BFGS:   35 19:54:45       -4.290737        0.0735
BFGS:   36 19:54:45       -4.291511        0.0588
BFGS:   37 19:54:45       -4.292081        0.0552
BFGS:   38 19:54:45       -4.292336        0.0613
BFGS:   39 19:54:45       -4.292635        0.0643
BFGS:   40 19:54:45       -4.293315        0.0726
BFGS:   41 19:54:45       -4.294671        0.1037
BFGS:   42 19:54:45       -4.297128        0.1941
BFGS:   43 19:54:45       -4.301054        0.3143
BFGS:   44 19:54:45       -4.308439        0.4768
BFGS:   45 19:54:45       -4.325932        0.6857
BFGS:   46 19:54:45       -4.362957        0.8907
BFGS:   47 19:54:45       -4.448961        1.0602
BFGS:   48 19:54:45       -4.672374        0.8229
BFGS:   49 19:54:45       -4.855662        0.8268
BFGS:   50 19:54:45       -4.959967        0.8656
BFGS:   51 19:54:45       -5.059073        0.8797
BFGS:   52 19:54:45       -5.151129        1.1035
BFGS:   53 19:54:45       -5.187212        0.8201
BFGS:   54 19:54:45       -5.216760        0.6621
BFGS:   55 19:54:45       -5.270940        0.6297
BFGS:   56 19:54:45       -5.348312        0.8593
BFGS:   57 19:54:45       -5.463167        0.6702
BFGS:   58 19:54:45       -5.551665        0.4237
BFGS:   59 19:54:45       -5.555169        0.5484
BFGS:   60 19:54:45       -5.584656        0.3634
BFGS:   61 19:54:45       -5.594310        0.1906
BFGS:   62 19:54:45       -5.599634        0.1868
BFGS:   63 19:54:45       -5.604978        0.2261
BFGS:   64 19:54:45       -5.607412        0.2443
BFGS:   65 19:54:45       -5.619940        0.2937
BFGS:   66 19:54:45       -5.627057        0.2883
BFGS:   67 19:54:45       -5.639916        0.1507
BFGS:   68 19:54:45       -5.642153        0.1387
BFGS:   69 19:54:45       -5.643459        0.1423
BFGS:   70 19:54:45       -5.644619        0.1224
BFGS:   71 19:54:45       -5.647283        0.1195
BFGS:   72 19:54:45       -5.649515        0.1020
BFGS:   73 19:54:45       -5.650730        0.1022
BFGS:   74 19:54:45       -5.651218        0.0769
BFGS:   75 19:54:45       -5.651485        0.0796
BFGS:   76 19:54:45       -5.651798        0.0716
BFGS:   77 19:54:45       -5.652189        0.0457
      Step     Time          Energy         fmax
BFGS:    0 19:54:45       14.444620       41.4666
BFGS:    1 19:54:45       -1.259719       10.3804
BFGS:    2 19:54:45       -2.911855        5.0698
BFGS:    3 19:54:45       -3.848710        2.5118
BFGS:    4 19:54:45       -4.266125        1.2865
BFGS:    5 19:54:45       -4.394846        0.8095
BFGS:    6 19:54:45       -4.444519        0.7329
BFGS:    7 19:54:45       -4.481559        0.7894
BFGS:    8 19:54:45       -4.531359        0.7836
BFGS:    9 19:54:45       -4.570966        0.6420
BFGS:   10 19:54:45       -4.605925        0.7523
BFGS:   11 19:54:45       -4.658535        0.8381
BFGS:   12 19:54:45       -4.685213        0.7404
BFGS:   13 19:54:45       -4.711528        0.5556
BFGS:   14 19:54:45       -4.749294        0.3285
BFGS:   15 19:54:45       -4.753889        0.3356
BFGS:   16 19:54:45       -4.758489        0.3200
BFGS:   17 19:54:45       -4.770461        0.2111
BFGS:   18 19:54:45       -4.774901        0.1562
BFGS:   19 19:54:45       -4.777066        0.1037
BFGS:   20 19:54:45       -4.777718        0.0988
BFGS:   21 19:54:45       -4.778845        0.0922
BFGS:   22 19:54:45       -4.779683        0.0666
BFGS:   23 19:54:45       -4.780158        0.0547
BFGS:   24 19:54:45       -4.780429        0.0582
BFGS:   25 19:54:45       -4.780844        0.0629
BFGS:   26 19:54:45       -4.781508        0.0682
BFGS:   27 19:54:45       -4.782428        0.0895
BFGS:   28 19:54:45       -4.783415        0.0974
BFGS:   29 19:54:45       -4.784486        0.1072
BFGS:   30 19:54:45       -4.786071        0.1247
BFGS:   31 19:54:45       -4.789130        0.1592
BFGS:   32 19:54:45       -4.794475        0.2368
BFGS:   33 19:54:45       -4.803259        0.3336
BFGS:   34 19:54:45       -4.819920        0.4546
BFGS:   35 19:54:45       -4.844729        0.6715
BFGS:   36 19:54:45       -4.876613        0.9005
BFGS:   37 19:54:45       -4.912925        1.1208
BFGS:   38 19:54:45       -4.951514        1.3135
BFGS:   39 19:54:45       -4.988750        1.4503
BFGS:   40 19:54:45       -5.040747        1.8712
BFGS:   41 19:54:45       -5.088677        2.1508
BFGS:   42 19:54:45       -5.209361        1.1447
BFGS:   43 19:54:45       -5.329115        0.7172
BFGS:   44 19:54:45       -5.373900        0.7512
BFGS:   45 19:54:45       -5.416839        0.7369
BFGS:   46 19:54:45       -5.437339        0.5806
BFGS:   47 19:54:45       -5.460165        0.6048
BFGS:   48 19:54:45       -5.478532        0.6342
BFGS:   49 19:54:45       -5.515742        0.5708
BFGS:   50 19:54:45       -5.538751        0.4127
BFGS:   51 19:54:45       -5.561025        0.2894
BFGS:   52 19:54:45       -5.567044        0.2665
BFGS:   53 19:54:45       -5.575077        0.2342
BFGS:   54 19:54:45       -5.582186        0.2404
BFGS:   55 19:54:45       -5.590605        0.2949
BFGS:   56 19:54:45       -5.605168        0.3803
BFGS:   57 19:54:45       -5.618135        0.3461
BFGS:   58 19:54:45       -5.627517        0.2372
BFGS:   59 19:54:45       -5.631125        0.2089
BFGS:   60 19:54:45       -5.635740        0.2329
BFGS:   61 19:54:45       -5.641141        0.2321
BFGS:   62 19:54:45       -5.646650        0.1938
BFGS:   63 19:54:45       -5.650252        0.0942
BFGS:   64 19:54:45       -5.651249        0.0839
BFGS:   65 19:54:45       -5.651483        0.0841
BFGS:   66 19:54:45       -5.651912        0.0574
BFGS:   67 19:54:45       -5.652229        0.0308
      Step     Time          Energy         fmax
BFGS:    0 19:54:45       12.941138       37.8156
BFGS:    1 19:54:45        1.399541       12.0796
BFGS:    2 19:54:45       -1.322946        8.6117
BFGS:    3 19:54:45       -2.981558        2.4430
BFGS:    4 19:54:45       -3.395026        1.2036
BFGS:    5 19:54:45       -3.565209        0.4210
BFGS:    6 19:54:45       -3.600422        0.2634
BFGS:    7 19:54:45       -3.608626        0.2707
BFGS:    8 19:54:45       -3.614066        0.2815
BFGS:    9 19:54:45       -3.623522        0.3346
BFGS:   10 19:54:45       -3.635864        0.3900
BFGS:   11 19:54:45       -3.651641        0.6130
BFGS:   12 19:54:45       -3.685436        1.1689
BFGS:   13 19:54:45       -3.763425        2.1449
BFGS:   14 19:54:45       -3.714927        2.7849
BFGS:   15 19:54:45       -3.836866        1.8369
BFGS:   16 19:54:45       -3.885852        1.5335
BFGS:   17 19:54:45       -4.001357        1.1837
BFGS:   18 19:54:45       -4.047230        0.3156
BFGS:   19 19:54:45       -4.058753        0.3521
BFGS:   20 19:54:45       -4.075616        0.4606
BFGS:   21 19:54:45       -4.089155        0.5041
BFGS:   22 19:54:45       -4.127200        0.5505
BFGS:   23 19:54:45       -4.174144        0.6477
BFGS:   24 19:54:45       -4.195479        0.5172
BFGS:   25 19:54:45       -4.254235        0.3598
BFGS:   26 19:54:45       -4.278987        0.6360
BFGS:   27 19:54:45       -4.295513        0.6752
BFGS:   28 19:54:45       -4.327288        0.4589
BFGS:   29 19:54:45       -4.344021        0.4075
BFGS:   30 19:54:45       -4.359930        0.3465
BFGS:   31 19:54:45       -4.365838        0.2874
BFGS:   32 19:54:45       -4.374020        0.2119
BFGS:   33 19:54:45       -4.379175        0.1665
BFGS:   34 19:54:45       -4.381711        0.1477
BFGS:   35 19:54:45       -4.383778        0.1659
BFGS:   36 19:54:45       -4.386608        0.1605
BFGS:   37 19:54:45       -4.389673        0.1582
BFGS:   38 19:54:45       -4.393079        0.1462
BFGS:   39 19:54:45       -4.395221        0.1416
BFGS:   40 19:54:45       -4.397051        0.1583
BFGS:   41 19:54:45       -4.399862        0.1764
BFGS:   42 19:54:45       -4.404034        0.1683
BFGS:   43 19:54:45       -4.409268        0.1971
BFGS:   44 19:54:45       -4.415504        0.2499
BFGS:   45 19:54:45       -4.425129        0.4616
BFGS:   46 19:54:45       -4.445094        0.7900
BFGS:   47 19:54:45       -4.477475        1.1085
BFGS:   48 19:54:45       -4.508500        1.3815
BFGS:   49 19:54:45       -4.521725        1.5336
BFGS:   50 19:54:45       -4.562422        1.2805
BFGS:   51 19:54:45       -4.634588        0.9095
BFGS:   52 19:54:45       -4.743746        1.0019
BFGS:   53 19:54:45       -4.806972        0.6359
BFGS:   54 19:54:45       -4.853593        0.3222
BFGS:   55 19:54:45       -4.855563        0.6687
BFGS:   56 19:54:45       -4.873773        0.2669
BFGS:   57 19:54:45       -4.883038        0.2115
BFGS:   58 19:54:45       -4.886447        0.1766
BFGS:   59 19:54:45       -4.890211        0.1703
BFGS:   60 19:54:45       -4.894792        0.1820
BFGS:   61 19:54:45       -4.903784        0.2716
BFGS:   62 19:54:45       -4.915625        0.3504
BFGS:   63 19:54:45       -4.931567        0.4732
BFGS:   64 19:54:45       -4.956329        0.6109
BFGS:   65 19:54:45       -4.985026        0.6758
BFGS:   66 19:54:45       -4.978723        0.5407
BFGS:   67 19:54:45       -5.031697        0.6961
BFGS:   68 19:54:45       -5.063823        0.5849
BFGS:   69 19:54:45       -5.113486        0.7091
BFGS:   70 19:54:45       -5.154699        0.3982
BFGS:   71 19:54:45       -5.178514        0.3076
BFGS:   72 19:54:45       -5.207503        0.1892
BFGS:   73 19:54:45       -5.215786        0.1419
BFGS:   74 19:54:45       -5.217335        0.0737
BFGS:   75 19:54:45       -5.217971        0.0395
      Step     Time          Energy         fmax
BFGS:    0 19:54:45       12.883070       31.7579
BFGS:    1 19:54:45        2.130104       14.1227
BFGS:    2 19:54:45       -0.880977        9.2045
BFGS:    3 19:54:45       -2.736743        2.8975
BFGS:    4 19:54:45       -3.050915        1.8358
BFGS:    5 19:54:45       -3.284789        0.8374
BFGS:    6 19:54:45       -3.338419        0.4538
BFGS:    7 19:54:45       -3.358362        0.4087
BFGS:    8 19:54:45       -3.374173        0.4300
BFGS:    9 19:54:45       -3.402739        0.4645
BFGS:   10 19:54:45       -3.443525        0.5455
BFGS:   11 19:54:45       -3.487626        0.8959
BFGS:   12 19:54:45       -3.555448        1.1820
BFGS:   13 19:54:45       -3.607609        0.7064
BFGS:   14 19:54:45       -3.636122        0.5727
BFGS:   15 19:54:45       -3.697809        0.6949
BFGS:   16 19:54:45       -3.711280        0.4435
BFGS:   17 19:54:45       -3.721636        0.4583
BFGS:   18 19:54:45       -3.744759        0.7405
BFGS:   19 19:54:45       -3.782069        1.0625
BFGS:   20 19:54:45       -3.922929        1.9762
BFGS:   21 19:54:45       -3.931589        2.0810
BFGS:   22 19:54:45       -4.013536        1.7460
BFGS:   23 19:54:45       -4.057395        1.4324
BFGS:   24 19:54:45       -4.083834        1.3410
BFGS:   25 19:54:45       -4.165201        0.6497
BFGS:   26 19:54:45       -4.188193        0.5166
BFGS:   27 19:54:45       -4.230594        0.4286
BFGS:   28 19:54:45       -4.243849        0.4405
BFGS:   29 19:54:45       -4.270224        0.5204
BFGS:   30 19:54:45       -4.285922        0.5020
BFGS:   31 19:54:45       -4.295634        0.3929
BFGS:   32 19:54:45       -4.306948        0.2667
BFGS:   33 19:54:45       -4.316348        0.2333
BFGS:   34 19:54:45       -4.319740        0.1961
BFGS:   35 19:54:45       -4.322744        0.1623
BFGS:   36 19:54:45       -4.324083        0.1698
BFGS:   37 19:54:45       -4.326102        0.1804
BFGS:   38 19:54:45       -4.328637        0.1545
BFGS:   39 19:54:45       -4.331168        0.0966
BFGS:   40 19:54:45       -4.333017        0.1179
BFGS:   41 19:54:45       -4.333643        0.1032
BFGS:   42 19:54:45       -4.334136        0.0867
BFGS:   43 19:54:45       -4.334957        0.0674
BFGS:   44 19:54:45       -4.336013        0.0854
BFGS:   45 19:54:45       -4.336974        0.0993
BFGS:   46 19:54:45       -4.337833        0.1093
BFGS:   47 19:54:45       -4.339399        0.1482
BFGS:   48 19:54:45       -4.342989        0.2201
BFGS:   49 19:54:45       -4.350381        0.3414
BFGS:   50 19:54:45       -4.362303        0.4648
BFGS:   51 19:54:45       -4.388027        0.5907
BFGS:   52 19:54:45       -4.433907        0.8298
BFGS:   53 19:54:45       -4.494435        1.0405
BFGS:   54 19:54:46       -4.561904        1.2465
BFGS:   55 19:54:46       -4.631669        1.4582
BFGS:   56 19:54:46       -4.697489        1.6513
BFGS:   57 19:54:46       -4.743471        1.6720
BFGS:   58 19:54:46       -4.815726        1.3189
BFGS:   59 19:54:46       -4.958317        0.7878
BFGS:   60 19:54:46       -5.046218        0.5514
BFGS:   61 19:54:46       -5.069105        0.4276
BFGS:   62 19:54:46       -5.099219        0.4621
BFGS:   63 19:54:46       -5.120560        0.3738
BFGS:   64 19:54:46       -5.140659        0.3774
BFGS:   65 19:54:46       -5.164144        0.4327
BFGS:   66 19:54:46       -5.185877        0.3303
BFGS:   67 19:54:46       -5.198449        0.1919
BFGS:   68 19:54:46       -5.203749        0.1020
BFGS:   69 19:54:46       -5.205191        0.0407
      Step     Time          Energy         fmax
BFGS:    0 19:54:46       15.967857       40.5770
BFGS:    1 19:54:46        0.448887       10.7974
BFGS:    2 19:54:46       -2.315534        5.0539
BFGS:    3 19:54:46       -3.201545        3.3445
BFGS:    4 19:54:46       -3.752908        1.4568
BFGS:    5 19:54:46       -3.892919        0.6858
BFGS:    6 19:54:46       -3.931672        0.4426
BFGS:    7 19:54:46       -3.949333        0.4757
BFGS:    8 19:54:46       -3.976619        0.5411
BFGS:    9 19:54:46       -4.035621        0.6922
BFGS:   10 19:54:46       -4.166967        0.9337
BFGS:   11 19:54:46       -4.236475        0.9777
BFGS:   12 19:54:46       -4.278407        0.9852
BFGS:   13 19:54:46       -4.460868        0.8247
BFGS:   14 19:54:46       -4.568927        1.0259
BFGS:   15 19:54:46       -4.571502        1.9000
BFGS:   16 19:54:46       -4.691100        0.6366
BFGS:   17 19:54:46       -4.730230        0.5766
BFGS:   18 19:54:46       -4.788519        0.4554
BFGS:   19 19:54:46       -4.803795        0.4215
BFGS:   20 19:54:46       -4.833547        0.3809
BFGS:   21 19:54:46       -4.853450        0.3008
BFGS:   22 19:54:46       -4.862984        0.1709
BFGS:   23 19:54:46       -4.865690        0.1604
BFGS:   24 19:54:46       -4.867182        0.1468
BFGS:   25 19:54:46       -4.868522        0.1063
BFGS:   26 19:54:46       -4.869939        0.0889
BFGS:   27 19:54:46       -4.870662        0.0875
BFGS:   28 19:54:46       -4.871338        0.0967
BFGS:   29 19:54:46       -4.872714        0.1193
BFGS:   30 19:54:46       -4.875216        0.1625
BFGS:   31 19:54:46       -4.879129        0.2280
BFGS:   32 19:54:46       -4.885178        0.3024
BFGS:   33 19:54:46       -4.906937        0.4776
BFGS:   34 19:54:46       -4.973684        0.5948
BFGS:   35 19:54:46       -5.103716        0.6418
BFGS:   36 19:54:46       -5.237821        0.6628
BFGS:   37 19:54:46       -5.226998        0.8480
BFGS:   38 19:54:46       -5.277926        0.5179
BFGS:   39 19:54:46       -5.290820        0.4724
BFGS:   40 19:54:46       -5.319293        0.5629
BFGS:   41 19:54:46       -5.342788        0.4303
BFGS:   42 19:54:46       -5.357732        0.1548
BFGS:   43 19:54:46       -5.359848        0.1128
BFGS:   44 19:54:46       -5.360662        0.1019
BFGS:   45 19:54:46       -5.362239        0.1076
BFGS:   46 19:54:46       -5.365146        0.1478
BFGS:   47 19:54:46       -5.369122        0.1498
BFGS:   48 19:54:46       -5.373355        0.1645
BFGS:   49 19:54:46       -5.378857        0.2365
BFGS:   50 19:54:46       -5.389459        0.3276
BFGS:   51 19:54:46       -5.422273        0.5978
BFGS:   52 19:54:46       -5.266832        1.8364
BFGS:   53 19:54:46       -5.437741        0.4649
BFGS:   54 19:54:46       -5.447922        0.4461
BFGS:   55 19:54:46       -5.506793        0.5489
BFGS:   56 19:54:46       -5.521466        0.4260
BFGS:   57 19:54:46       -5.550416        0.4273
BFGS:   58 19:54:46       -5.564064        0.4762
BFGS:   59 19:54:46       -5.592746        0.4658
BFGS:   60 19:54:46       -5.618615        0.4772
BFGS:   61 19:54:46       -5.635558        0.3466
BFGS:   62 19:54:46       -5.643896        0.1760
BFGS:   63 19:54:46       -5.647790        0.1532
BFGS:   64 19:54:46       -5.649841        0.1006
BFGS:   65 19:54:46       -5.650883        0.0925
BFGS:   66 19:54:46       -5.651473        0.0630
BFGS:   67 19:54:46       -5.651990        0.0374
      Step     Time          Energy         fmax
BFGS:    0 19:54:46       13.570576       34.5272
BFGS:    1 19:54:46        2.495879       11.6933
BFGS:    2 19:54:46       -0.849828        9.3343
BFGS:    3 19:54:46       -2.422468        2.6129
BFGS:    4 19:54:46       -2.747481        1.5612
BFGS:    5 19:54:46       -2.940868        0.6427
BFGS:    6 19:54:46       -2.979188        0.3966
BFGS:    7 19:54:46       -2.990505        0.3849
BFGS:    8 19:54:46       -3.000023        0.3940
BFGS:    9 19:54:46       -3.019373        0.4098
BFGS:   10 19:54:46       -3.045441        0.4029
BFGS:   11 19:54:46       -3.066388        0.3967
BFGS:   12 19:54:46       -3.086138        0.3050
BFGS:   13 19:54:46       -3.090064        0.2721
BFGS:   14 19:54:46       -3.096480        0.2528
BFGS:   15 19:54:46       -3.132936        0.4679
BFGS:   16 19:54:46       -3.202934        0.9274
BFGS:   17 19:54:46       -3.216580        1.2089
BFGS:   18 19:54:46       -3.293692        0.7665
BFGS:   19 19:54:46       -3.366905        0.4980
BFGS:   20 19:54:46       -3.406132        0.3503
BFGS:   21 19:54:46       -3.414590        0.1839
BFGS:   22 19:54:46       -3.416477        0.1539
BFGS:   23 19:54:46       -3.422080        0.1272
BFGS:   24 19:54:46       -3.425368        0.1277
BFGS:   25 19:54:46       -3.427299        0.1408
BFGS:   26 19:54:46       -3.428149        0.1296
BFGS:   27 19:54:46       -3.430359        0.1059
BFGS:   28 19:54:46       -3.433038        0.1120
BFGS:   29 19:54:46       -3.437245        0.1942
BFGS:   30 19:54:46       -3.443200        0.3218
BFGS:   31 19:54:46       -3.453587        0.4546
BFGS:   32 19:54:46       -3.480995        0.7238
BFGS:   33 19:54:46       -3.513803        0.8698
BFGS:   34 19:54:46       -3.577100        0.8804
BFGS:   35 19:54:46       -3.621910        0.6387
BFGS:   36 19:54:46       -3.657843        0.7288
BFGS:   37 19:54:46       -3.721765        0.8349
BFGS:   38 19:54:46       -3.802713        0.7965
BFGS:   39 19:54:46       -3.855621        0.7610
BFGS:   40 19:54:46       -3.916961        0.5459
BFGS:   41 19:54:46       -3.945695        0.5844
BFGS:   42 19:54:46       -3.968276        0.4430
BFGS:   43 19:54:46       -3.982274        0.4487
BFGS:   44 19:54:46       -3.997510        0.2509
BFGS:   45 19:54:46       -4.009726        0.1960
BFGS:   46 19:54:46       -4.015189        0.1720
BFGS:   47 19:54:46       -4.018944        0.1972
BFGS:   48 19:54:46       -4.024080        0.2377
BFGS:   49 19:54:46       -4.037732        0.3556
BFGS:   50 19:54:46       -4.089339        0.6552
BFGS:   51 19:54:46       -4.199182        0.7375
BFGS:   52 19:54:46       -4.380586        0.7939
BFGS:   53 19:54:46       -4.525863        0.8290
BFGS:   54 19:54:46       -4.628908        1.1853
BFGS:   55 19:54:46       -4.802314        0.9577
BFGS:   56 19:54:46       -4.842164        1.1280
BFGS:   57 19:54:46       -4.939740        0.9462
BFGS:   58 19:54:46       -5.011931        0.9186
BFGS:   59 19:54:46       -5.104416        1.4020
BFGS:   60 19:54:46       -5.185072        0.6482
BFGS:   61 19:54:46       -5.226250        0.6418
BFGS:   62 19:54:46       -5.257687        0.6558
BFGS:   63 19:54:46       -5.272003        0.5020
BFGS:   64 19:54:46       -5.297601        0.2700
BFGS:   65 19:54:46       -5.303984        0.2469
BFGS:   66 19:54:46       -5.307361        0.2267
BFGS:   67 19:54:46       -5.312724        0.1891
BFGS:   68 19:54:46       -5.321558        0.1899
BFGS:   69 19:54:46       -5.332683        0.3041
BFGS:   70 19:54:46       -5.351640        0.4513
BFGS:   71 19:54:46       -5.386061        0.7531
BFGS:   72 19:54:46       -5.393221        0.6512
BFGS:   73 19:54:46       -5.424932        0.4596
BFGS:   74 19:54:46       -5.455984        0.3111
BFGS:   75 19:54:46       -5.488648        0.3802
BFGS:   76 19:54:46       -5.501014        0.3018
BFGS:   77 19:54:46       -5.542818        0.5135
BFGS:   78 19:54:46       -5.571934        0.5376
BFGS:   79 19:54:46       -5.599081        0.5574
BFGS:   80 19:54:46       -5.627181        0.3076
BFGS:   81 19:54:46       -5.642127        0.1924
BFGS:   82 19:54:46       -5.646234        0.1521
BFGS:   83 19:54:46       -5.649081        0.1234
BFGS:   84 19:54:46       -5.650859        0.0770
BFGS:   85 19:54:46       -5.652010        0.0370
      Step     Time          Energy         fmax
BFGS:    0 19:54:46       14.626430       38.8761
BFGS:    1 19:54:46       -0.307064        9.9652
BFGS:    2 19:54:46       -2.318520        6.3829
BFGS:    3 19:54:46       -3.575817        2.2386
BFGS:    4 19:54:46       -3.940142        1.0416
BFGS:    5 19:54:46       -4.062958        0.5018
BFGS:    6 19:54:46       -4.087451        0.3790
BFGS:    7 19:54:46       -4.096047        0.3554
BFGS:    8 19:54:46       -4.107302        0.3448
BFGS:    9 19:54:46       -4.124528        0.3410
BFGS:   10 19:54:46       -4.139305        0.3938
BFGS:   11 19:54:46       -4.150614        0.3957
BFGS:   12 19:54:46       -4.165613        0.5330
BFGS:   13 19:54:46       -4.178438        0.5366
BFGS:   14 19:54:46       -4.218151        0.6395
BFGS:   15 19:54:46       -4.292175        0.9513
BFGS:   16 19:54:46       -4.396335        1.3815
BFGS:   17 19:54:46       -4.484503        1.4606
BFGS:   18 19:54:46       -4.501129        1.1357
BFGS:   19 19:54:46       -4.548892        1.0676
BFGS:   20 19:54:46       -4.583319        1.0316
BFGS:   21 19:54:46       -4.675691        1.1470
BFGS:   22 19:54:46       -4.776785        1.1728
BFGS:   23 19:54:46       -4.867359        1.3355
BFGS:   24 19:54:46       -4.912103        0.7355
BFGS:   25 19:54:46       -4.943659        0.7099
BFGS:   26 19:54:46       -5.110449        0.6697
BFGS:   27 19:54:46       -5.134287        1.0125
BFGS:   28 19:54:46       -5.178601        0.4804
BFGS:   29 19:54:46       -5.195975        0.4460
BFGS:   30 19:54:46       -5.240179        0.9607
BFGS:   31 19:54:46       -5.272485        0.7800
BFGS:   32 19:54:46       -5.317593        0.4720
BFGS:   33 19:54:46       -5.326895        0.2259
BFGS:   34 19:54:46       -5.334022        0.1862
BFGS:   35 19:54:46       -5.336054        0.1680
BFGS:   36 19:54:46       -5.337583        0.1483
BFGS:   37 19:54:46       -5.340101        0.0917
BFGS:   38 19:54:46       -5.340875        0.0695
BFGS:   39 19:54:46       -5.341463        0.0558
BFGS:   40 19:54:46       -5.341737        0.0505
BFGS:   41 19:54:46       -5.342116        0.0500
BFGS:   42 19:54:46       -5.342526        0.0478
      Step     Time          Energy         fmax
BFGS:    0 19:54:46       12.430024       38.7531
BFGS:    1 19:54:46       -0.809775       13.6369
BFGS:    2 19:54:46       -2.728715        7.0135
BFGS:    3 19:54:46       -3.759239        2.8404
BFGS:    4 19:54:46       -4.086328        1.5373
BFGS:    5 19:54:46       -4.271531        0.6786
BFGS:    6 19:54:46       -4.331997        0.5501
BFGS:    7 19:54:46       -4.369256        0.5291
BFGS:    8 19:54:46       -4.403084        0.5169
BFGS:    9 19:54:46       -4.432121        0.4982
BFGS:   10 19:54:46       -4.455805        0.4137
BFGS:   11 19:54:46       -4.472393        0.3061
BFGS:   12 19:54:46       -4.477142        0.2440
BFGS:   13 19:54:46       -4.491557        0.2111
BFGS:   14 19:54:46       -4.501650        0.3107
BFGS:   15 19:54:46       -4.510728        0.3847
BFGS:   16 19:54:46       -4.525538        0.4649
BFGS:   17 19:54:46       -4.593730        0.8079
BFGS:   18 19:54:46       -4.766818        1.7020
BFGS:   19 19:54:46       -4.847857        1.3015
BFGS:   20 19:54:46       -4.932136        0.5874
BFGS:   21 19:54:46       -4.984909        0.6525
BFGS:   22 19:54:46       -5.019813        0.8125
BFGS:   23 19:54:46       -5.046855        0.6083
BFGS:   24 19:54:46       -5.119125        0.4540
BFGS:   25 19:54:46       -5.202627        0.6966
BFGS:   26 19:54:46       -5.251750        0.6922
BFGS:   27 19:54:46       -5.305277        0.9067
BFGS:   28 19:54:46       -5.345093        0.6109
BFGS:   29 19:54:46       -5.386183        0.4784
BFGS:   30 19:54:46       -5.441787        0.6178
BFGS:   31 19:54:46       -5.477561        0.5421
BFGS:   32 19:54:46       -5.557495        0.5295
BFGS:   33 19:54:46       -5.568726        0.5252
BFGS:   34 19:54:46       -5.584469        0.4370
BFGS:   35 19:54:46       -5.606823        0.2947
BFGS:   36 19:54:46       -5.614485        0.2056
BFGS:   37 19:54:46       -5.618222        0.1700
BFGS:   38 19:54:46       -5.619952        0.1446
BFGS:   39 19:54:46       -5.624043        0.1732
BFGS:   40 19:54:46       -5.629757        0.2113
BFGS:   41 19:54:46       -5.636029        0.2108
BFGS:   42 19:54:46       -5.640260        0.2136
BFGS:   43 19:54:46       -5.643205        0.1776
BFGS:   44 19:54:46       -5.645275        0.1621
BFGS:   45 19:54:46       -5.648374        0.1659
BFGS:   46 19:54:46       -5.651036        0.1124
BFGS:   47 19:54:46       -5.652152        0.0585
BFGS:   48 19:54:46       -5.652349        0.0189
      Step     Time          Energy         fmax
BFGS:    0 19:54:46       13.301113       32.5361
BFGS:    1 19:54:46        0.894692       12.8254
BFGS:    2 19:54:46       -1.266440        8.8471
BFGS:    3 19:54:46       -2.591565        2.8787
BFGS:    4 19:54:46       -2.991070        1.4484
BFGS:    5 19:54:46       -3.171306        0.7290
BFGS:    6 19:54:46       -3.219897        0.5352
BFGS:    7 19:54:46       -3.243742        0.4891
BFGS:    8 19:54:46       -3.274768        0.5586
BFGS:    9 19:54:46       -3.342491        0.6522
BFGS:   10 19:54:46       -3.430714        0.9639
BFGS:   11 19:54:46       -3.466219        0.9742
BFGS:   12 19:54:46       -3.552611        0.8291
BFGS:   13 19:54:46       -3.585519        0.5182
BFGS:   14 19:54:46       -3.603609        0.5203
BFGS:   15 19:54:46       -3.688549        0.8404
BFGS:   16 19:54:46       -3.731241        0.7575
BFGS:   17 19:54:46       -3.792813        0.7123
BFGS:   18 19:54:46       -3.837052        0.6754
BFGS:   19 19:54:46       -3.868773        0.5660
BFGS:   20 19:54:46       -3.946107        0.4129
BFGS:   21 19:54:46       -3.957271        0.4735
BFGS:   22 19:54:46       -3.971416        0.2753
BFGS:   23 19:54:46       -3.974927        0.2438
BFGS:   24 19:54:46       -3.982926        0.1755
BFGS:   25 19:54:46       -3.987525        0.2112
BFGS:   26 19:54:46       -3.994313        0.2278
BFGS:   27 19:54:46       -3.998373        0.2945
BFGS:   28 19:54:46       -4.008401        0.4220
BFGS:   29 19:54:46       -4.034041        0.6113
BFGS:   30 19:54:46       -4.084147        0.8209
BFGS:   31 19:54:46       -4.114586        1.0218
BFGS:   32 19:54:46       -4.145148        0.9671
BFGS:   33 19:54:46       -4.286226        0.7691
BFGS:   34 19:54:46       -4.381361        1.1416
BFGS:   35 19:54:46       -4.362759        1.2783
BFGS:   36 19:54:46       -4.435536        0.6105
BFGS:   37 19:54:46       -4.481138        0.5603
BFGS:   38 19:54:46       -4.514922        0.6174
BFGS:   39 19:54:46       -4.558240        0.6750
BFGS:   40 19:54:46       -4.588926        0.5527
BFGS:   41 19:54:46       -4.633519        0.4962
BFGS:   42 19:54:46       -4.667955        0.6300
BFGS:   43 19:54:46       -4.731139        0.5059
BFGS:   44 19:54:46       -4.752548        0.5463
BFGS:   45 19:54:46       -4.776070        0.4363
BFGS:   46 19:54:46       -4.789103        0.4314
BFGS:   47 19:54:46       -4.799755        0.2421
BFGS:   48 19:54:46       -4.807345        0.1282
BFGS:   49 19:54:46       -4.810184        0.0976
BFGS:   50 19:54:46       -4.811179        0.0901
BFGS:   51 19:54:46       -4.812101        0.0845
BFGS:   52 19:54:46       -4.812991        0.0669
BFGS:   53 19:54:46       -4.813805        0.0550
BFGS:   54 19:54:46       -4.814276        0.0474
      Step     Time          Energy         fmax
BFGS:    0 19:54:46       13.367063       36.9228
BFGS:    1 19:54:46        0.587962       14.6693
BFGS:    2 19:54:46       -1.779948        8.6001
BFGS:    3 19:54:46       -2.878377        3.7261
BFGS:    4 19:54:46       -3.393502        1.7258
BFGS:    5 19:54:46       -3.589529        0.7979
BFGS:    6 19:54:46       -3.640368        0.5042
BFGS:    7 19:54:46       -3.656533        0.3813
BFGS:    8 19:54:46       -3.669545        0.3502
BFGS:    9 19:54:46       -3.688633        0.3440
BFGS:   10 19:54:46       -3.708504        0.4615
BFGS:   11 19:54:46       -3.726070        0.6620
BFGS:   12 19:54:47       -3.753202        0.8075
BFGS:   13 19:54:47       -3.802275        0.8957
BFGS:   14 19:54:47       -3.891828        1.8070
BFGS:   15 19:54:47       -4.008916        1.3721
BFGS:   16 19:54:47       -4.109856        1.0379
BFGS:   17 19:54:47       -4.006814        0.6547
BFGS:   18 19:54:47       -4.152507        0.4119
BFGS:   19 19:54:47       -4.154836        0.9220
BFGS:   20 19:54:47       -4.188167        0.4175
BFGS:   21 19:54:47       -4.199165        0.3940
BFGS:   22 19:54:47       -4.323258        0.8110
BFGS:   23 19:54:47       -4.418935        1.2965
BFGS:   24 19:54:47       -4.431398        2.2870
BFGS:   25 19:54:47       -4.584890        0.6921
BFGS:   26 19:54:47       -4.613231        0.5679
BFGS:   27 19:54:47       -4.677285        0.5651
BFGS:   28 19:54:47       -4.719463        0.4517
BFGS:   29 19:54:47       -4.750091        0.5135
BFGS:   30 19:54:47       -4.764172        0.4440
BFGS:   31 19:54:47       -4.817344        0.4290
BFGS:   32 19:54:47       -4.838920        0.3604
BFGS:   33 19:54:47       -4.847931        0.2641
BFGS:   34 19:54:47       -4.851577        0.1492
BFGS:   35 19:54:47       -4.852842        0.1318
BFGS:   36 19:54:47       -4.855895        0.1099
BFGS:   37 19:54:47       -4.858434        0.1120
BFGS:   38 19:54:47       -4.860760        0.1238
BFGS:   39 19:54:47       -4.862431        0.1280
BFGS:   40 19:54:47       -4.864406        0.1429
BFGS:   41 19:54:47       -4.869498        0.1953
BFGS:   42 19:54:47       -4.886220        0.3377
BFGS:   43 19:54:47       -4.915832        0.4976
BFGS:   44 19:54:47       -4.986097        0.5838
BFGS:   45 19:54:47       -5.083439        0.6983
BFGS:   46 19:54:47       -5.047820        1.5490
BFGS:   47 19:54:47       -5.135736        0.6498
BFGS:   48 19:54:47       -5.164355        0.6449
BFGS:   49 19:54:47       -5.326079        0.7822
BFGS:   50 19:54:47       -5.356704        0.6221
BFGS:   51 19:54:47       -5.378915        0.5965
BFGS:   52 19:54:47       -5.428437        0.5351
BFGS:   53 19:54:47       -5.500982        0.6139
BFGS:   54 19:54:47       -5.554712        0.6956
BFGS:   55 19:54:47       -5.588931        0.4148
BFGS:   56 19:54:47       -5.615790        0.2806
BFGS:   57 19:54:47       -5.629404        0.2191
BFGS:   58 19:54:47       -5.633380        0.1541
BFGS:   59 19:54:47       -5.636082        0.1560
BFGS:   60 19:54:47       -5.637839        0.1494
BFGS:   61 19:54:47       -5.640768        0.0984
BFGS:   62 19:54:47       -5.642734        0.1207
BFGS:   63 19:54:47       -5.644419        0.1552
BFGS:   64 19:54:47       -5.645948        0.1665
BFGS:   65 19:54:47       -5.647606        0.1519
BFGS:   66 19:54:47       -5.649666        0.1059
BFGS:   67 19:54:47       -5.651506        0.0685
BFGS:   68 19:54:47       -5.652283        0.0328
      Step     Time          Energy         fmax
BFGS:    0 19:54:47       13.105002       35.0995
BFGS:    1 19:54:47        0.828466       10.0089
BFGS:    2 19:54:47       -1.635124        4.6980
BFGS:    3 19:54:47       -2.859189        2.2685
BFGS:    4 19:54:47       -3.253356        1.2418
BFGS:    5 19:54:47       -3.386762        0.6228
BFGS:    6 19:54:47       -3.419942        0.4007
BFGS:    7 19:54:47       -3.435492        0.4383
BFGS:    8 19:54:47       -3.459424        0.4885
BFGS:    9 19:54:47       -3.506383        0.5181
BFGS:   10 19:54:47       -3.562406        0.6151
BFGS:   11 19:54:47       -3.603221        0.5805
BFGS:   12 19:54:47       -3.674896        1.1165
BFGS:   13 19:54:47       -3.705649        0.8672
BFGS:   14 19:54:47       -3.949801        0.6182
BFGS:   15 19:54:47       -4.006442        0.8340
BFGS:   16 19:54:47       -4.034981        0.5183
BFGS:   17 19:54:47       -4.048470        0.4844
BFGS:   18 19:54:47       -4.113056        0.7779
BFGS:   19 19:54:47       -4.148088        0.6676
BFGS:   20 19:54:47       -4.175623        0.7292
BFGS:   21 19:54:47       -4.217872        0.7957
BFGS:   22 19:54:47       -4.259591        0.6494
BFGS:   23 19:54:47       -4.314661        0.5179
BFGS:   24 19:54:47       -4.374328        0.3985
BFGS:   25 19:54:47       -4.388711        0.2361
BFGS:   26 19:54:47       -4.395030        0.1983
BFGS:   27 19:54:47       -4.398987        0.1644
BFGS:   28 19:54:47       -4.402249        0.1695
BFGS:   29 19:54:47       -4.410791        0.1900
BFGS:   30 19:54:47       -4.420407        0.2527
BFGS:   31 19:54:47       -4.433460        0.3458
BFGS:   32 19:54:47       -4.447401        0.4193
BFGS:   33 19:54:47       -4.462557        0.5622
BFGS:   34 19:54:47       -4.520001        0.9777
BFGS:   35 19:54:47       -4.544320        1.4124
BFGS:   36 19:54:47       -4.598844        0.9090
BFGS:   37 19:54:47       -4.674852        0.4440
BFGS:   38 19:54:47       -4.717794        0.4848
BFGS:   39 19:54:47       -4.736936        0.4861
BFGS:   40 19:54:47       -4.745422        0.4000
BFGS:   41 19:54:47       -4.754497        0.2563
BFGS:   42 19:54:47       -4.764350        0.1541
BFGS:   43 19:54:47       -4.767044        0.1546
BFGS:   44 19:54:47       -4.769475        0.1663
BFGS:   45 19:54:47       -4.771776        0.1619
BFGS:   46 19:54:47       -4.773668        0.1207
BFGS:   47 19:54:47       -4.775298        0.0618
BFGS:   48 19:54:47       -4.776011        0.0451
      Step     Time          Energy         fmax
BFGS:    0 19:54:47       12.065476       23.0449
BFGS:    1 19:54:47       -0.247872       10.5195
BFGS:    2 19:54:47       -1.856541        6.0152
BFGS:    3 19:54:47       -2.663791        2.9011
BFGS:    4 19:54:47       -3.097453        1.2052
BFGS:    5 19:54:47       -3.213974        0.5438
BFGS:    6 19:54:47       -3.239891        0.2588
BFGS:    7 19:54:47       -3.246094        0.2984
BFGS:    8 19:54:47       -3.253076        0.3571
BFGS:    9 19:54:47       -3.271394        0.4621
BFGS:   10 19:54:47       -3.316048        0.6432
BFGS:   11 19:54:47       -3.394382        1.5078
BFGS:   12 19:54:47       -3.430728        2.0608
BFGS:   13 19:54:47       -3.574325        1.3335
BFGS:   14 19:54:47       -3.625209        1.8218
BFGS:   15 19:54:47       -3.724192        0.5699
BFGS:   16 19:54:47       -3.745523        0.4877
BFGS:   17 19:54:47       -3.783573        0.6478
BFGS:   18 19:54:47       -3.802272        0.5990
BFGS:   19 19:54:47       -3.827948        0.3497
BFGS:   20 19:54:47       -3.835784        0.3386
BFGS:   21 19:54:47       -3.848265        0.4036
BFGS:   22 19:54:47       -3.878304        0.5388
BFGS:   23 19:54:47       -3.961923        0.6655
BFGS:   24 19:54:47       -3.856461        1.8714
BFGS:   25 19:54:47       -3.991130        0.6618
BFGS:   26 19:54:47       -4.009220        0.6688
BFGS:   27 19:54:47       -4.067698        1.2817
BFGS:   28 19:54:47       -4.135056        0.7842
BFGS:   29 19:54:47       -4.189921        0.7913
BFGS:   30 19:54:47       -4.299035        0.7493
BFGS:   31 19:54:47       -4.346049        0.3743
BFGS:   32 19:54:47       -4.372509        0.3414
BFGS:   33 19:54:47       -4.380779        0.2836
BFGS:   34 19:54:47       -4.388223        0.2318
BFGS:   35 19:54:47       -4.392514        0.1808
BFGS:   36 19:54:47       -4.398053        0.1252
BFGS:   37 19:54:47       -4.401376        0.1401
BFGS:   38 19:54:47       -4.402747        0.1580
BFGS:   39 19:54:47       -4.404509        0.1683
BFGS:   40 19:54:47       -4.409223        0.1870
BFGS:   41 19:54:47       -4.418336        0.2475
BFGS:   42 19:54:47       -4.437133        0.4114
BFGS:   43 19:54:47       -4.464688        0.5202
BFGS:   44 19:54:47       -4.482267        0.6995
BFGS:   45 19:54:47       -4.523992        0.6685
BFGS:   46 19:54:47       -4.562779        1.1342
BFGS:   47 19:54:47       -4.589246        0.7936
BFGS:   48 19:54:47       -4.621434        0.4787
BFGS:   49 19:54:47       -4.673424        0.3681
BFGS:   50 19:54:47       -4.710533        0.4747
BFGS:   51 19:54:47       -4.720630        0.2302
BFGS:   52 19:54:47       -4.722951        0.1910
BFGS:   53 19:54:47       -4.727497        0.1154
BFGS:   54 19:54:47       -4.729280        0.0822
BFGS:   55 19:54:47       -4.730354        0.0761
BFGS:   56 19:54:47       -4.730640        0.0764
BFGS:   57 19:54:47       -4.730940        0.0663
BFGS:   58 19:54:47       -4.731630        0.0335
      Step     Time          Energy         fmax
BFGS:    0 19:54:47       12.576879       39.3400
BFGS:    1 19:54:47       -1.604364        7.5453
BFGS:    2 19:54:47       -2.954836        4.1428
BFGS:    3 19:54:47       -3.937250        1.8290
BFGS:    4 19:54:47       -4.259636        1.0289
BFGS:    5 19:54:47       -4.363885        0.7303
BFGS:    6 19:54:47       -4.400089        0.6808
BFGS:    7 19:54:47       -4.431757        0.6891
BFGS:    8 19:54:47       -4.481079        0.6919
BFGS:    9 19:54:47       -4.529951        0.6547
BFGS:   10 19:54:47       -4.579179        0.6327
BFGS:   11 19:54:47       -4.638954        1.0607
BFGS:   12 19:54:47       -4.670461        0.7674
BFGS:   13 19:54:47       -4.800569        0.8434
BFGS:   14 19:54:47       -4.893997        1.2595
BFGS:   15 19:54:47       -4.989008        1.2802
BFGS:   16 19:54:47       -5.039469        1.0422
BFGS:   17 19:54:47       -5.162684        0.5651
BFGS:   18 19:54:47       -5.187920        0.5833
BFGS:   19 19:54:47       -5.203975        0.5070
BFGS:   20 19:54:47       -5.215651        0.3358
BFGS:   21 19:54:47       -5.232299        0.1973
BFGS:   22 19:54:47       -5.241351        0.1803
BFGS:   23 19:54:47       -5.243406        0.1593
BFGS:   24 19:54:47       -5.245171        0.1512
BFGS:   25 19:54:47       -5.246893        0.1279
BFGS:   26 19:54:47       -5.249440        0.1117
BFGS:   27 19:54:47       -5.251522        0.1285
BFGS:   28 19:54:47       -5.253198        0.1380
BFGS:   29 19:54:47       -5.254957        0.1300
BFGS:   30 19:54:47       -5.258904        0.1524
BFGS:   31 19:54:47       -5.267884        0.2075
BFGS:   32 19:54:47       -5.295391        0.3838
BFGS:   33 19:54:47       -5.328853        0.5019
BFGS:   34 19:54:47       -5.401341        0.5369
BFGS:   35 19:54:47       -5.499658        0.6125
BFGS:   36 19:54:47       -5.492855        0.6903
BFGS:   37 19:54:47       -5.537445        0.5227
BFGS:   38 19:54:47       -5.551206        0.4845
BFGS:   39 19:54:47       -5.579404        0.3126
BFGS:   40 19:54:47       -5.595753        0.2883
BFGS:   41 19:54:47       -5.620435        0.2233
BFGS:   42 19:54:47       -5.623946        0.2190
BFGS:   43 19:54:47       -5.629965        0.2004
BFGS:   44 19:54:47       -5.634512        0.1988
BFGS:   45 19:54:47       -5.642459        0.1847
BFGS:   46 19:54:47       -5.646827        0.1320
BFGS:   47 19:54:47       -5.648371        0.1154
BFGS:   48 19:54:47       -5.649201        0.1035
BFGS:   49 19:54:47       -5.650189        0.0835
BFGS:   50 19:54:47       -5.651108        0.0860
BFGS:   51 19:54:47       -5.651882        0.0527
BFGS:   52 19:54:47       -5.652232        0.0273
