       Step     Time          Energy         fmax
*Force-consistent energies used in optimization.
GPMin:    0 18:48:32       -4.001846*       0.3972
GPMin:    1 18:48:38       -4.228498*       0.2956
GPMin:    2 18:48:44       -4.360655*       0.2390
GPMin:    3 18:48:51       -4.455736*       0.1540
GPMin:    4 18:48:58       -4.508556*       0.1197
GPMin:    5 18:49:04       -4.528714*       0.0882
GPMin:    6 18:49:10       -4.552598*       0.1028
GPMin:    7 18:49:16       -4.575474*       0.1142
GPMin:    8 18:49:22       -4.606874*       0.1116
GPMin:    9 18:49:28       -4.645384*       0.1101
GPMin:   10 18:49:33       -4.685199*       0.1099
GPMin:   11 18:49:39       -4.722727*       0.1092
GPMin:   12 18:49:44       -4.755445*       0.1082
GPMin:   13 18:49:49       -4.786509*       0.1031
GPMin:   14 18:49:55       -4.818692*       0.0904
GPMin:   15 18:49:59       -4.845115*       0.0736
GPMin:   16 18:50:04       -4.868192*       0.0686
GPMin:   17 18:50:09       -4.887368*       0.0647
GPMin:   18 18:50:14       -4.903239*       0.0501
GPMin:   19 18:50:18       -4.915409*       0.0392
GPMin:   20 18:50:23       -4.923912*       0.0361
GPMin:   21 18:50:28       -4.928805*       0.0331
GPMin:   22 18:50:33       -4.931484*       0.0235
GPMin:   23 18:50:37       -4.932798*       0.0225
GPMin:   24 18:50:41       -4.933413*       0.0140
       Step     Time          Energy         fmax
*Force-consistent energies used in optimization.
GPMin:    0 18:50:54       -3.934374*       0.4702
GPMin:    1 18:51:01       -4.085318*       0.1519
GPMin:    2 18:51:08       -4.146797*       0.1239
GPMin:    3 18:51:15       -4.194454*       0.0792
GPMin:    4 18:51:22       -4.224418*       0.0879
GPMin:    5 18:51:30       -4.275214*       0.1062
GPMin:    6 18:51:36       -4.328512*       0.0802
GPMin:    7 18:51:42       -4.369920*       0.0701
GPMin:    8 18:51:47       -4.400298*       0.0605
GPMin:    9 18:51:52       -4.421246*       0.0436
GPMin:   10 18:51:57       -4.433721*       0.0359
GPMin:   11 18:52:02       -4.444034*       0.0292
GPMin:   12 18:52:07       -4.450385*       0.0216
GPMin:   13 18:52:11       -4.454357*       0.0221
GPMin:   14 18:52:16       -4.457523*       0.0173
       Step     Time          Energy         fmax
*Force-consistent energies used in optimization.
GPMin:    0 18:52:28       -3.653834*       0.3169
GPMin:    1 18:52:35       -3.871848*       0.3512
GPMin:    2 18:52:41       -4.062967*       0.3629
GPMin:    3 18:52:48       -4.246479*       0.3516
GPMin:    4 18:52:54       -4.403746*       0.3175
GPMin:    5 18:53:00       -4.528726*       0.2877
GPMin:    6 18:53:05       -4.634469*       0.2941
GPMin:    7 18:53:11       -4.732377*       0.2741
GPMin:    8 18:53:17       -4.812246*       0.1904
GPMin:    9 18:53:23       -4.856229*       0.0985
GPMin:   10 18:53:28       -4.870222*       0.0959
GPMin:   11 18:53:33       -4.879083*       0.0901
GPMin:   12 18:53:38       -4.889169*       0.0649
GPMin:   13 18:53:42       -4.897543*       0.0597
GPMin:   14 18:53:47       -4.907719*       0.0477
GPMin:   15 18:53:52       -4.914369*       0.0402
GPMin:   16 18:53:56       -4.920394*       0.0428
GPMin:   17 18:54:01       -4.926359*       0.0317
GPMin:   18 18:54:06       -4.929082*       0.0249
GPMin:   19 18:54:10       -4.931639*       0.0224
GPMin:   20 18:54:14       -4.933049*       0.0136
       Step     Time          Energy         fmax
*Force-consistent energies used in optimization.
GPMin:    0 18:54:23       -4.138646*       0.3905
GPMin:    1 18:54:30       -4.332805*       0.3638
GPMin:    2 18:54:36       -4.466196*       0.3090
GPMin:    3 18:54:42       -4.562312*       0.3046
GPMin:    4 18:54:48       -4.665666*       0.3082
GPMin:    5 18:54:54       -4.761940*       0.2444
GPMin:    6 18:55:00       -4.830092*       0.1616
GPMin:    7 18:55:06       -4.873014*       0.1145
GPMin:    8 18:55:11       -4.899671*       0.1003
GPMin:    9 18:55:17       -4.914142*       0.0835
GPMin:   10 18:55:21       -4.922136*       0.0556
GPMin:   11 18:55:26       -4.926744*       0.0392
GPMin:   12 18:55:31       -4.928760*       0.0283
GPMin:   13 18:55:35       -4.930898*       0.0200
       Step     Time          Energy         fmax
*Force-consistent energies used in optimization.
GPMin:    0 18:55:45       -4.463731*       0.3019
GPMin:    1 18:55:51       -4.622583*       0.2090
GPMin:    2 18:55:56       -4.721314*       0.2089
GPMin:    3 18:56:01       -4.799794*       0.1767
GPMin:    4 18:56:07       -4.854679*       0.1009
GPMin:    5 18:56:12       -4.879555*       0.0973
GPMin:    6 18:56:18       -4.903647*       0.0612
GPMin:    7 18:56:23       -4.917996*       0.0521
GPMin:    8 18:56:28       -4.925940*       0.0300
GPMin:    9 18:56:32       -4.928649*       0.0253
GPMin:   10 18:56:37       -4.930444*       0.0209
GPMin:   11 18:56:41       -4.931711*       0.0167
       Step     Time          Energy         fmax
*Force-consistent energies used in optimization.
GPMin:    0 18:56:51       -4.241464*       0.2228
GPMin:    1 18:56:58       -4.356677*       0.1852
GPMin:    2 18:57:04       -4.449931*       0.1418
GPMin:    3 18:57:10       -4.517184*       0.1149
GPMin:    4 18:57:16       -4.566234*       0.1050
GPMin:    5 18:57:22       -4.612912*       0.1110
GPMin:    6 18:57:27       -4.660897*       0.1323
GPMin:    7 18:57:33       -4.716523*       0.1247
GPMin:    8 18:57:38       -4.772298*       0.1046
GPMin:    9 18:57:43       -4.816787*       0.1017
GPMin:   10 18:57:49       -4.845618*       0.0871
GPMin:   11 18:57:54       -4.861768*       0.0625
GPMin:   12 18:58:00       -4.871813*       0.0463
GPMin:   13 18:58:04       -4.878869*       0.0372
GPMin:   14 18:58:09       -4.884910*       0.0248
GPMin:   15 18:58:14       -4.888121*       0.0233
GPMin:   16 18:58:19       -4.889786*       0.0163
       Step     Time          Energy         fmax
*Force-consistent energies used in optimization.
GPMin:    0 18:58:29       -4.147721*       0.7488
GPMin:    1 18:58:37       -4.375519*       0.1800
GPMin:    2 18:58:43       -4.431403*       0.1301
GPMin:    3 18:58:49       -4.476480*       0.1410
GPMin:    4 18:58:55       -4.529257*       0.1611
GPMin:    5 18:59:00       -4.598438*       0.1695
GPMin:    6 18:59:06       -4.678160*       0.1885
GPMin:    7 18:59:12       -4.758620*       0.1987
GPMin:    8 18:59:18       -4.830156*       0.1785
GPMin:    9 18:59:23       -4.882943*       0.1150
GPMin:   10 18:59:28       -4.904105*       0.0551
GPMin:   11 18:59:33       -4.912618*       0.0637
GPMin:   12 18:59:38       -4.918842*       0.0394
GPMin:   13 18:59:42       -4.922065*       0.0410
GPMin:   14 18:59:47       -4.926421*       0.0284
GPMin:   15 18:59:52       -4.929118*       0.0320
GPMin:   16 18:59:56       -4.931612*       0.0183
       Step     Time          Energy         fmax
*Force-consistent energies used in optimization.
GPMin:    0 19:00:06       -3.910173*       0.6718
GPMin:    1 19:00:13       -4.215736*       0.1791
GPMin:    2 19:00:20       -4.277329*       0.1469
GPMin:    3 19:00:26       -4.314898*       0.1299
GPMin:    4 19:00:32       -4.363247*       0.0850
GPMin:    5 19:00:37       -4.387722*       0.0624
GPMin:    6 19:00:42       -4.403386*       0.0686
GPMin:    7 19:00:46       -4.420230*       0.0554
GPMin:    8 19:00:52       -4.430589*       0.0407
GPMin:    9 19:00:57       -4.438380*       0.0362
GPMin:   10 19:01:01       -4.446798*       0.0271
GPMin:   11 19:01:06       -4.451748*       0.0234
GPMin:   12 19:01:10       -4.455751*       0.0218
GPMin:   13 19:01:15       -4.459077*       0.0170
       Step     Time          Energy         fmax
*Force-consistent energies used in optimization.
GPMin:    0 19:01:26       -4.034335*       0.6742
GPMin:    1 19:01:33       -4.273955*       0.2704
GPMin:    2 19:01:39       -4.405198*       0.2289
GPMin:    3 19:01:46       -4.484536*       0.1522
GPMin:    4 19:01:52       -4.520338*       0.1450
GPMin:    5 19:01:58       -4.554846*       0.1207
GPMin:    6 19:02:04       -4.579658*       0.1129
GPMin:    7 19:02:10       -4.614856*       0.1112
GPMin:    8 19:02:16       -4.651079*       0.1084
GPMin:    9 19:02:22       -4.683516*       0.1082
GPMin:   10 19:02:27       -4.709144*       0.0966
GPMin:   11 19:02:33       -4.736781*       0.0841
GPMin:   12 19:02:38       -4.763264*       0.0837
GPMin:   13 19:02:43       -4.793765*       0.0886
GPMin:   14 19:02:49       -4.823839*       0.0862
GPMin:   15 19:02:54       -4.853115*       0.0674
GPMin:   16 19:03:00       -4.875172*       0.0790
GPMin:   17 19:03:04       -4.893077*       0.0745
GPMin:   18 19:03:09       -4.907050*       0.0623
GPMin:   19 19:03:14       -4.914177*       0.0585
GPMin:   20 19:03:18       -4.921446*       0.0508
GPMin:   21 19:03:23       -4.926683*       0.0357
GPMin:   22 19:03:28       -4.929764*       0.0384
GPMin:   23 19:03:33       -4.932680*       0.0180
       Step     Time          Energy         fmax
*Force-consistent energies used in optimization.
GPMin:    0 19:03:42       -4.475509*       0.5374
GPMin:    1 19:03:48       -4.638783*       0.1728
GPMin:    2 19:03:54       -4.689303*       0.1533
GPMin:    3 19:03:59       -4.740085*       0.1302
GPMin:    4 19:04:04       -4.788353*       0.1230
GPMin:    5 19:04:10       -4.827165*       0.0953
GPMin:    6 19:04:15       -4.854722*       0.0679
GPMin:    7 19:04:21       -4.870753*       0.0509
GPMin:    8 19:04:25       -4.880066*       0.0341
GPMin:    9 19:04:30       -4.885960*       0.0253
GPMin:   10 19:04:35       -4.889238*       0.0131
       Step     Time          Energy         fmax
*Force-consistent energies used in optimization.
GPMin:    0 19:04:45       -4.073763*       0.3335
GPMin:    1 19:04:52       -4.221362*       0.2462
GPMin:    2 19:04:58       -4.318907*       0.2358
GPMin:    3 19:05:04       -4.404933*       0.1866
GPMin:    4 19:05:10       -4.451808*       0.0713
GPMin:    5 19:05:14       -4.461860*       0.0634
GPMin:    6 19:05:20       -4.481670*       0.0655
GPMin:    7 19:05:25       -4.505119*       0.0780
GPMin:    8 19:05:31       -4.541255*       0.1258
GPMin:    9 19:05:37       -4.591537*       0.1741
GPMin:   10 19:05:43       -4.655683*       0.2054
GPMin:   11 19:05:49       -4.726540*       0.2077
GPMin:   12 19:05:55       -4.787763*       0.1692
GPMin:   13 19:06:00       -4.829875*       0.0990
GPMin:   14 19:06:05       -4.859750*       0.0758
GPMin:   15 19:06:11       -4.877491*       0.0541
GPMin:   16 19:06:16       -4.882257*       0.0362
GPMin:   17 19:06:20       -4.883925*       0.0350
GPMin:   18 19:06:25       -4.886754*       0.0233
GPMin:   19 19:06:29       -4.888067*       0.0186
       Step     Time          Energy         fmax
*Force-consistent energies used in optimization.
GPMin:    0 19:06:38       -4.556623*       0.2252
GPMin:    1 19:06:44       -4.672781*       0.1621
GPMin:    2 19:06:50       -4.736164*       0.1219
GPMin:    3 19:06:56       -4.788078*       0.0827
GPMin:    4 19:07:01       -4.818916*       0.0818
GPMin:    5 19:07:06       -4.844176*       0.0924
GPMin:    6 19:07:12       -4.873382*       0.0744
GPMin:    7 19:07:16       -4.895075*       0.0602
GPMin:    8 19:07:21       -4.912968*       0.0493
GPMin:    9 19:07:26       -4.925198*       0.0403
GPMin:   10 19:07:31       -4.927957*       0.0491
GPMin:   11 19:07:37       -4.928954*       0.0624
GPMin:   12 19:07:42       -4.931917*       0.0164
       Step     Time          Energy         fmax
*Force-consistent energies used in optimization.
GPMin:    0 19:07:52       -4.392890*       0.2634
GPMin:    1 19:07:59       -4.517283*       0.1908
GPMin:    2 19:08:05       -4.579382*       0.1706
GPMin:    3 19:08:11       -4.632616*       0.1379
GPMin:    4 19:08:16       -4.681610*       0.1193
GPMin:    5 19:08:22       -4.727890*       0.1098
GPMin:    6 19:08:28       -4.766363*       0.1010
GPMin:    7 19:08:33       -4.804437*       0.0866
GPMin:    8 19:08:38       -4.839403*       0.0774
GPMin:    9 19:08:43       -4.870483*       0.0731
GPMin:   10 19:08:48       -4.892823*       0.0605
GPMin:   11 19:08:53       -4.913386*       0.0515
GPMin:   12 19:08:58       -4.920345*       0.0569
GPMin:   13 19:09:03       -4.927523*       0.0447
GPMin:   14 19:09:08       -4.931275*       0.0232
GPMin:   15 19:09:12       -4.932528*       0.0175
       Step     Time          Energy         fmax
*Force-consistent energies used in optimization.
GPMin:    0 19:09:21       -4.504946*       0.2956
GPMin:    1 19:09:27       -4.647551*       0.2331
GPMin:    2 19:09:33       -4.735257*       0.0998
GPMin:    3 19:09:39       -4.770298*       0.0690
GPMin:    4 19:09:44       -4.784016*       0.0536
GPMin:    5 19:09:49       -4.795272*       0.0454
GPMin:    6 19:09:54       -4.805819*       0.0501
GPMin:    7 19:09:58       -4.816759*       0.0475
GPMin:    8 19:10:04       -4.827590*       0.0467
GPMin:    9 19:10:10       -4.842085*       0.0532
GPMin:   10 19:10:16       -4.860683*       0.0570
GPMin:   11 19:10:22       -4.876256*       0.0401
GPMin:   12 19:10:27       -4.882712*       0.0347
GPMin:   13 19:10:32       -4.885445*       0.0308
GPMin:   14 19:10:36       -4.888755*       0.0182
       Step     Time          Energy         fmax
*Force-consistent energies used in optimization.
GPMin:    0 19:10:46       -3.903413*       0.6173
GPMin:    1 19:10:54       -4.141592*       0.2024
GPMin:    2 19:11:01       -4.226898*       0.1661
GPMin:    3 19:11:08       -4.309457*       0.1603
GPMin:    4 19:11:14       -4.386025*       0.1824
GPMin:    5 19:11:20       -4.460007*       0.1815
GPMin:    6 19:11:26       -4.532282*       0.1779
GPMin:    7 19:11:32       -4.605550*       0.1810
GPMin:    8 19:11:37       -4.669280*       0.1700
GPMin:    9 19:11:42       -4.720723*       0.1319
GPMin:   10 19:11:48       -4.756279*       0.0828
GPMin:   11 19:11:53       -4.771234*       0.0730
GPMin:   12 19:11:58       -4.782119*       0.0550
GPMin:   13 19:12:04       -4.790476*       0.0602
GPMin:   14 19:12:08       -4.803163*       0.0645
GPMin:   15 19:12:14       -4.816195*       0.0751
GPMin:   16 19:12:19       -4.833802*       0.0912
GPMin:   17 19:12:24       -4.856504*       0.0797
GPMin:   18 19:12:30       -4.882793*       0.0863
GPMin:   19 19:12:35       -4.907450*       0.0794
GPMin:   20 19:12:40       -4.924795*       0.0466
GPMin:   21 19:12:46       -4.931518*       0.0260
GPMin:   22 19:12:50       -4.932612*       0.0201
GPMin:   23 19:12:55       -4.933125*       0.0103
       Step     Time          Energy         fmax
*Force-consistent energies used in optimization.
GPMin:    0 19:13:06       -4.034335*       0.6743
GPMin:    1 19:13:13       -4.273954*       0.2704
GPMin:    2 19:13:20       -4.405201*       0.2290
GPMin:    3 19:13:27       -4.484538*       0.1522
GPMin:    4 19:13:33       -4.520331*       0.1450
GPMin:    5 19:13:39       -4.554834*       0.1207
GPMin:    6 19:13:45       -4.579642*       0.1129
GPMin:    7 19:13:51       -4.614843*       0.1112
GPMin:    8 19:13:57       -4.651073*       0.1084
GPMin:    9 19:14:03       -4.683511*       0.1082
GPMin:   10 19:14:08       -4.709138*       0.0966
GPMin:   11 19:14:13       -4.736774*       0.0841
GPMin:   12 19:14:19       -4.763260*       0.0837
GPMin:   13 19:14:24       -4.793761*       0.0887
GPMin:   14 19:14:29       -4.823837*       0.0862
GPMin:   15 19:14:35       -4.853112*       0.0673
GPMin:   16 19:14:40       -4.875163*       0.0791
GPMin:   17 19:14:45       -4.893072*       0.0745
GPMin:   18 19:14:50       -4.907040*       0.0623
GPMin:   19 19:14:54       -4.914168*       0.0585
GPMin:   20 19:14:59       -4.921445*       0.0508
GPMin:   21 19:15:04       -4.926682*       0.0357
GPMin:   22 19:15:09       -4.929762*       0.0384
GPMin:   23 19:15:13       -4.932679*       0.0180
       Step     Time          Energy         fmax
*Force-consistent energies used in optimization.
GPMin:    0 19:15:22       -4.210066*       0.3105
GPMin:    1 19:15:29       -4.375352*       0.2170
GPMin:    2 19:15:35       -4.454779*       0.1754
GPMin:    3 19:15:41       -4.523879*       0.1428
GPMin:    4 19:15:46       -4.587450*       0.1247
GPMin:    5 19:15:52       -4.643994*       0.1139
GPMin:    6 19:15:57       -4.689454*       0.1071
GPMin:    7 19:16:03       -4.726127*       0.0942
GPMin:    8 19:16:09       -4.763053*       0.0902
GPMin:    9 19:16:14       -4.796195*       0.0788
GPMin:   10 19:16:20       -4.823233*       0.0804
GPMin:   11 19:16:25       -4.851225*       0.0779
GPMin:   12 19:16:30       -4.874886*       0.0683
GPMin:   13 19:16:35       -4.894642*       0.0751
GPMin:   14 19:16:40       -4.909415*       0.0641
GPMin:   15 19:16:45       -4.918266*       0.0604
GPMin:   16 19:16:50       -4.926218*       0.0397
GPMin:   17 19:16:55       -4.929922*       0.0325
GPMin:   18 19:16:59       -4.931489*       0.0292
GPMin:   19 19:17:03       -4.933148*       0.0153
       Step     Time          Energy         fmax
*Force-consistent energies used in optimization.
GPMin:    0 19:17:14       -3.973958*       0.3490
GPMin:    1 19:17:21       -4.191790*       0.2613
GPMin:    2 19:17:28       -4.284436*       0.0968
GPMin:    3 19:17:34       -4.306584*       0.0850
GPMin:    4 19:17:40       -4.328026*       0.0933
GPMin:    5 19:17:46       -4.360656*       0.1365
GPMin:    6 19:17:53       -4.416705*       0.1841
GPMin:    7 19:18:00       -4.488193*       0.1542
GPMin:    8 19:18:06       -4.547230*       0.1388
GPMin:    9 19:18:12       -4.601986*       0.1714
GPMin:   10 19:18:17       -4.652732*       0.1403
GPMin:   11 19:18:23       -4.693725*       0.1150
GPMin:   12 19:18:29       -4.736699*       0.1316
GPMin:   13 19:18:34       -4.777474*       0.1110
GPMin:   14 19:18:40       -4.810418*       0.0956
GPMin:   15 19:18:46       -4.836831*       0.0875
GPMin:   16 19:18:51       -4.857192*       0.0787
GPMin:   17 19:18:56       -4.873392*       0.0813
GPMin:   18 19:19:00       -4.891533*       0.0694
GPMin:   19 19:19:06       -4.905079*       0.0655
GPMin:   20 19:19:11       -4.913542*       0.0660
GPMin:   21 19:19:15       -4.921263*       0.0442
GPMin:   22 19:19:20       -4.926610*       0.0438
GPMin:   23 19:19:25       -4.929381*       0.0391
GPMin:   24 19:19:30       -4.931730*       0.0211
GPMin:   25 19:19:34       -4.932542*       0.0208
GPMin:   26 19:19:38       -4.933394*       0.0169
       Step     Time          Energy         fmax
*Force-consistent energies used in optimization.
GPMin:    0 19:19:48       -4.264018*       0.4896
GPMin:    1 19:19:54       -4.462559*       0.1964
GPMin:    2 19:20:01       -4.525680*       0.1641
GPMin:    3 19:20:07       -4.569147*       0.1368
GPMin:    4 19:20:13       -4.613951*       0.1281
GPMin:    5 19:20:18       -4.681266*       0.1430
GPMin:    6 19:20:23       -4.749291*       0.1498
GPMin:    7 19:20:29       -4.806054*       0.1270
GPMin:    8 19:20:35       -4.844949*       0.0931
GPMin:    9 19:20:41       -4.875108*       0.1035
GPMin:   10 19:20:47       -4.897481*       0.0675
GPMin:   11 19:20:51       -4.912409*       0.0489
GPMin:   12 19:20:56       -4.919841*       0.0359
GPMin:   13 19:21:01       -4.923418*       0.0400
GPMin:   14 19:21:05       -4.927837*       0.0387
GPMin:   15 19:21:10       -4.931073*       0.0246
GPMin:   16 19:21:15       -4.932747*       0.0165
       Step     Time          Energy         fmax
*Force-consistent energies used in optimization.
GPMin:    0 19:21:25       -4.142363*       0.4108
GPMin:    1 19:21:31       -4.274912*       0.2006
GPMin:    2 19:21:37       -4.361417*       0.1266
GPMin:    3 19:21:43       -4.406498*       0.0724
GPMin:    4 19:21:48       -4.425830*       0.0555
GPMin:    5 19:21:53       -4.440347*       0.0390
GPMin:    6 19:21:58       -4.451514*       0.0210
GPMin:    7 19:22:03       -4.457330*       0.0216
GPMin:    8 19:22:09       -4.461176*       0.0151
       Step     Time          Energy         fmax
*Force-consistent energies used in optimization.
GPMin:    0 19:22:19       -4.122153*       0.3411
GPMin:    1 19:22:26       -4.312482*       0.3271
GPMin:    2 19:22:33       -4.435760*       0.2259
GPMin:    3 19:22:40       -4.509976*       0.1374
GPMin:    4 19:22:46       -4.564590*       0.1146
GPMin:    5 19:22:53       -4.609969*       0.1150
GPMin:    6 19:23:00       -4.652495*       0.0927
GPMin:    7 19:23:06       -4.691848*       0.1093
GPMin:    8 19:23:12       -4.732861*       0.1065
GPMin:    9 19:23:18       -4.774579*       0.0878
GPMin:   10 19:23:24       -4.809499*       0.0964
GPMin:   11 19:23:31       -4.845970*       0.0849
GPMin:   12 19:23:36       -4.877586*       0.0716
GPMin:   13 19:23:41       -4.900046*       0.0760
GPMin:   14 19:23:47       -4.917414*       0.0475
GPMin:   15 19:23:52       -4.923772*       0.0474
GPMin:   16 19:23:57       -4.925682*       0.0488
GPMin:   17 19:24:02       -4.928483*       0.0262
GPMin:   18 19:24:07       -4.929929*       0.0284
GPMin:   19 19:24:12       -4.931978*       0.0194
       Step     Time          Energy         fmax
*Force-consistent energies used in optimization.
GPMin:    0 19:24:25       -3.584846*       0.3733
GPMin:    1 19:24:34       -3.758322*       0.3937
GPMin:    2 19:24:42       -3.907552*       0.3967
GPMin:    3 19:24:48       -4.056262*       0.3762
GPMin:    4 19:24:55       -4.202268*       0.3209
GPMin:    5 19:25:02       -4.335308*       0.2718
GPMin:    6 19:25:08       -4.439411*       0.2195
GPMin:    7 19:25:15       -4.502874*       0.1553
GPMin:    8 19:25:21       -4.534981*       0.1575
GPMin:    9 19:25:27       -4.566277*       0.1556
GPMin:   10 19:25:33       -4.595070*       0.1197
GPMin:   11 19:25:38       -4.617310*       0.0982
GPMin:   12 19:25:44       -4.641621*       0.1123
GPMin:   13 19:25:50       -4.676821*       0.1093
GPMin:   14 19:25:56       -4.714097*       0.0928
GPMin:   15 19:26:02       -4.749524*       0.1118
GPMin:   16 19:26:08       -4.785634*       0.1148
GPMin:   17 19:26:14       -4.819535*       0.0967
GPMin:   18 19:26:19       -4.848072*       0.1147
GPMin:   19 19:26:23       -4.875294*       0.0853
GPMin:   20 19:26:29       -4.895506*       0.0572
GPMin:   21 19:26:34       -4.904908*       0.0571
GPMin:   22 19:26:39       -4.910845*       0.0637
GPMin:   23 19:26:44       -4.918438*       0.0463
GPMin:   24 19:26:49       -4.922411*       0.0317
GPMin:   25 19:26:54       -4.925784*       0.0419
GPMin:   26 19:26:59       -4.929597*       0.0347
GPMin:   27 19:27:03       -4.931265*       0.0252
GPMin:   28 19:27:08       -4.932710*       0.0213
GPMin:   29 19:27:12       -4.932916*       0.0126
       Step     Time          Energy         fmax
*Force-consistent energies used in optimization.
GPMin:    0 19:27:21       -4.117101*       0.3498
GPMin:    1 19:27:28       -4.307159*       0.2061
GPMin:    2 19:27:35       -4.399283*       0.1701
GPMin:    3 19:27:41       -4.459999*       0.1378
GPMin:    4 19:27:48       -4.507879*       0.0969
GPMin:    5 19:27:54       -4.530805*       0.0720
GPMin:    6 19:28:00       -4.541573*       0.0803
GPMin:    7 19:28:06       -4.562523*       0.0897
GPMin:    8 19:28:12       -4.582839*       0.0900
GPMin:    9 19:28:18       -4.610211*       0.0890
GPMin:   10 19:28:24       -4.646984*       0.0896
GPMin:   11 19:28:30       -4.684358*       0.0958
GPMin:   12 19:28:35       -4.716673*       0.0968
GPMin:   13 19:28:41       -4.750537*       0.0906
GPMin:   14 19:28:48       -4.785641*       0.0903
GPMin:   15 19:28:53       -4.817136*       0.0761
GPMin:   16 19:28:59       -4.845997*       0.0697
GPMin:   17 19:29:04       -4.871709*       0.0729
GPMin:   18 19:29:09       -4.889562*       0.0681
GPMin:   19 19:29:14       -4.904619*       0.0612
GPMin:   20 19:29:19       -4.916025*       0.0558
GPMin:   21 19:29:24       -4.923015*       0.0490
GPMin:   22 19:29:29       -4.927564*       0.0431
GPMin:   23 19:29:34       -4.931117*       0.0300
GPMin:   24 19:29:40       -4.932495*       0.0219
GPMin:   25 19:29:45       -4.933390*       0.0147
       Step     Time          Energy         fmax
*Force-consistent energies used in optimization.
GPMin:    0 19:29:55       -4.301337*       0.3668
GPMin:    1 19:30:02       -4.428774*       0.0941
GPMin:    2 19:30:09       -4.451462*       0.0755
GPMin:    3 19:30:15       -4.464433*       0.0416
GPMin:    4 19:30:22       -4.468728*       0.0336
GPMin:    5 19:30:28       -4.472518*       0.0285
GPMin:    6 19:30:33       -4.474190*       0.0100
       Step     Time          Energy         fmax
*Force-consistent energies used in optimization.
GPMin:    0 19:30:43       -4.015685*       0.6693
GPMin:    1 19:30:51       -4.229350*       0.1118
GPMin:    2 19:30:58       -4.262067*       0.1141
GPMin:    3 19:31:04       -4.304623*       0.1201
GPMin:    4 19:31:11       -4.358384*       0.0892
GPMin:    5 19:31:16       -4.389047*       0.0606
GPMin:    6 19:31:22       -4.407358*       0.0546
GPMin:    7 19:31:27       -4.424224*       0.0450
GPMin:    8 19:31:31       -4.435147*       0.0327
GPMin:    9 19:31:36       -4.443440*       0.0281
GPMin:   10 19:31:41       -4.449402*       0.0250
GPMin:   11 19:31:45       -4.453960*       0.0198
       Step     Time          Energy         fmax
*Force-consistent energies used in optimization.
GPMin:    0 19:31:53       -4.366088*       0.3128
GPMin:    1 19:31:59       -4.454134*       0.0745
GPMin:    2 19:32:05       -4.460772*       0.0344
GPMin:    3 19:32:10       -4.463562*       0.0111
       Step     Time          Energy         fmax
*Force-consistent energies used in optimization.
GPMin:    0 19:32:18       -4.388836*       0.1950
GPMin:    1 19:32:24       -4.461172*       0.0667
GPMin:    2 19:32:35       -4.468671*       0.0245
GPMin:    3 19:32:40       -4.469689*       0.0134
       Step     Time          Energy         fmax
*Force-consistent energies used in optimization.
GPMin:    0 19:32:49       -4.210066*       0.3104
GPMin:    1 19:32:56       -4.375349*       0.2170
GPMin:    2 19:33:03       -4.454772*       0.1754
GPMin:    3 19:33:09       -4.523873*       0.1428
GPMin:    4 19:33:15       -4.587452*       0.1246
GPMin:    5 19:33:21       -4.643998*       0.1139
GPMin:    6 19:33:26       -4.689458*       0.1071
GPMin:    7 19:33:32       -4.726138*       0.0941
GPMin:    8 19:33:38       -4.763066*       0.0902
GPMin:    9 19:33:44       -4.796209*       0.0787
GPMin:   10 19:33:50       -4.823244*       0.0803
GPMin:   11 19:33:55       -4.851233*       0.0779
GPMin:   12 19:34:01       -4.874895*       0.0683
GPMin:   13 19:34:05       -4.894649*       0.0751
GPMin:   14 19:34:11       -4.909419*       0.0641
GPMin:   15 19:34:16       -4.918267*       0.0604
GPMin:   16 19:34:21       -4.926219*       0.0397
GPMin:   17 19:34:26       -4.929922*       0.0325
GPMin:   18 19:34:30       -4.931489*       0.0292
GPMin:   19 19:34:35       -4.933148*       0.0153
       Step     Time          Energy         fmax
*Force-consistent energies used in optimization.
GPMin:    0 19:34:45       -3.981456*       0.3371
GPMin:    1 19:34:52       -4.135605*       0.2059
GPMin:    2 19:34:58       -4.206257*       0.2213
GPMin:    3 19:35:04       -4.298785*       0.2567
GPMin:    4 19:35:10       -4.405937*       0.2702
GPMin:    5 19:35:16       -4.506509*       0.2177
GPMin:    6 19:35:23       -4.568436*       0.1436
GPMin:    7 19:35:28       -4.614665*       0.2055
GPMin:    8 19:35:33       -4.687958*       0.1828
GPMin:    9 19:35:39       -4.737474*       0.1522
GPMin:   10 19:35:44       -4.771306*       0.1333
GPMin:   11 19:35:50       -4.789893*       0.0744
GPMin:   12 19:35:55       -4.798696*       0.0706
GPMin:   13 19:36:01       -4.808318*       0.0817
GPMin:   14 19:36:06       -4.821663*       0.0663
GPMin:   15 19:36:11       -4.835952*       0.0644
GPMin:   16 19:36:17       -4.857808*       0.0872
GPMin:   17 19:36:22       -4.886156*       0.0753
GPMin:   18 19:36:28       -4.907273*       0.0605
GPMin:   19 19:36:33       -4.921051*       0.0593
GPMin:   20 19:36:38       -4.928674*       0.0443
GPMin:   21 19:36:43       -4.931481*       0.0265
GPMin:   22 19:36:47       -4.932490*       0.0184
       Step     Time          Energy         fmax
*Force-consistent energies used in optimization.
GPMin:    0 19:36:57       -3.532893*       0.7450
GPMin:    1 19:37:04       -3.832691*       0.3433
GPMin:    2 19:37:10       -3.998627*       0.2344
GPMin:    3 19:37:16       -4.104747*       0.1755
GPMin:    4 19:37:22       -4.158752*       0.1847
GPMin:    5 19:37:28       -4.204525*       0.1700
GPMin:    6 19:37:34       -4.264356*       0.1748
GPMin:    7 19:37:40       -4.339643*       0.2086
GPMin:    8 19:37:46       -4.430435*       0.2624
GPMin:    9 19:37:52       -4.525492*       0.2834
GPMin:   10 19:37:58       -4.611042*       0.2488
GPMin:   11 19:38:04       -4.670983*       0.1498
GPMin:   12 19:38:09       -4.702957*       0.1037
GPMin:   13 19:38:14       -4.718022*       0.0971
GPMin:   14 19:38:19       -4.730305*       0.0711
GPMin:   15 19:38:24       -4.738850*       0.0700
GPMin:   16 19:38:29       -4.747632*       0.0668
GPMin:   17 19:38:34       -4.760478*       0.0627
GPMin:   18 19:38:40       -4.775276*       0.0606
GPMin:   19 19:38:45       -4.790286*       0.0554
GPMin:   20 19:38:50       -4.805773*       0.0573
GPMin:   21 19:38:55       -4.820793*       0.0610
GPMin:   22 19:38:59       -4.836259*       0.0687
GPMin:   23 19:39:05       -4.851646*       0.0706
GPMin:   24 19:39:10       -4.866267*       0.0666
GPMin:   25 19:39:16       -4.877420*       0.0416
GPMin:   26 19:39:22       -4.883041*       0.0434
GPMin:   27 19:39:27       -4.885377*       0.0379
GPMin:   28 19:39:31       -4.886487*       0.0327
GPMin:   29 19:39:36       -4.887887*       0.0339
GPMin:   30 19:39:41       -4.889017*       0.0231
GPMin:   31 19:39:46       -4.889658*       0.0174
       Step     Time          Energy         fmax
*Force-consistent energies used in optimization.
GPMin:    0 19:39:55       -4.519407*       0.3119
GPMin:    1 19:40:01       -4.667560*       0.2912
GPMin:    2 19:40:07       -4.775155*       0.2428
GPMin:    3 19:40:13       -4.845852*       0.1916
GPMin:    4 19:40:19       -4.892384*       0.1349
GPMin:    5 19:40:25       -4.916177*       0.0671
GPMin:    6 19:40:30       -4.926677*       0.0677
GPMin:    7 19:40:35       -4.931890*       0.0298
GPMin:    8 19:40:39       -4.932988*       0.0161
       Step     Time          Energy         fmax
*Force-consistent energies used in optimization.
GPMin:    0 19:40:49       -4.084777*       0.2040
GPMin:    1 19:40:55       -4.161894*       0.2280
GPMin:    2 19:41:01       -4.253487*       0.1627
GPMin:    3 19:41:07       -4.353647*       0.1704
GPMin:    4 19:41:13       -4.464036*       0.1880
GPMin:    5 19:41:19       -4.579896*       0.1985
GPMin:    6 19:41:25       -4.690170*       0.1988
GPMin:    7 19:41:31       -4.780455*       0.1737
GPMin:    8 19:41:36       -4.845885*       0.1416
GPMin:    9 19:41:42       -4.882177*       0.0988
GPMin:   10 19:41:47       -4.900756*       0.0758
GPMin:   11 19:41:53       -4.911824*       0.0502
GPMin:   12 19:41:57       -4.918868*       0.0432
GPMin:   13 19:42:02       -4.924818*       0.0359
GPMin:   14 19:42:07       -4.927812*       0.0316
GPMin:   15 19:42:12       -4.930186*       0.0288
GPMin:   16 19:42:17       -4.931528*       0.0242
GPMin:   17 19:42:21       -4.932744*       0.0185
       Step     Time          Energy         fmax
*Force-consistent energies used in optimization.
GPMin:    0 19:42:31       -4.274848*       0.2416
GPMin:    1 19:42:37       -4.382960*       0.2730
GPMin:    2 19:42:43       -4.503408*       0.3175
GPMin:    3 19:42:49       -4.628117*       0.3300
GPMin:    4 19:42:55       -4.747339*       0.2901
GPMin:    5 19:43:01       -4.828665*       0.2090
GPMin:    6 19:43:07       -4.868251*       0.1499
GPMin:    7 19:43:12       -4.895608*       0.0901
GPMin:    8 19:43:17       -4.910817*       0.0835
GPMin:    9 19:43:22       -4.922414*       0.0602
GPMin:   10 19:43:27       -4.926379*       0.0359
GPMin:   11 19:43:32       -4.929408*       0.0261
GPMin:   12 19:43:36       -4.930825*       0.0185
       Step     Time          Energy         fmax
*Force-consistent energies used in optimization.
GPMin:    0 19:43:45       -4.278286*       0.3661
GPMin:    1 19:43:52       -4.424131*       0.2130
GPMin:    2 19:43:58       -4.478610*       0.0937
GPMin:    3 19:44:04       -4.495098*       0.0502
GPMin:    4 19:44:09       -4.504464*       0.0471
GPMin:    5 19:44:15       -4.518158*       0.0474
GPMin:    6 19:44:20       -4.530560*       0.0484
GPMin:    7 19:44:25       -4.542819*       0.0502
GPMin:    8 19:44:31       -4.560338*       0.0569
GPMin:    9 19:44:36       -4.582281*       0.0678
GPMin:   10 19:44:42       -4.613854*       0.0734
GPMin:   11 19:44:48       -4.655109*       0.0757
GPMin:   12 19:44:54       -4.691323*       0.0846
GPMin:   13 19:44:59       -4.719291*       0.0799
GPMin:   14 19:45:05       -4.749394*       0.0764
GPMin:   15 19:45:10       -4.787645*       0.0728
GPMin:   16 19:45:15       -4.822314*       0.0709
GPMin:   17 19:45:19       -4.854820*       0.0604
GPMin:   18 19:45:24       -4.880933*       0.0600
GPMin:   19 19:45:29       -4.901576*       0.0585
GPMin:   20 19:45:35       -4.914656*       0.0456
GPMin:   21 19:45:40       -4.920673*       0.0587
GPMin:   22 19:45:45       -4.929016*       0.0354
GPMin:   23 19:45:50       -4.930554*       0.0231
GPMin:   24 19:45:55       -4.931826*       0.0136
       Step     Time          Energy         fmax
*Force-consistent energies used in optimization.
GPMin:    0 19:46:04       -4.262773*       0.2721
GPMin:    1 19:46:11       -4.386550*       0.2222
GPMin:    2 19:46:17       -4.455820*       0.1105
GPMin:    3 19:46:23       -4.477983*       0.0836
GPMin:    4 19:46:29       -4.507938*       0.1034
GPMin:    5 19:46:34       -4.558731*       0.1203
GPMin:    6 19:46:40       -4.623542*       0.1480
GPMin:    7 19:46:46       -4.695862*       0.1675
GPMin:    8 19:46:52       -4.763088*       0.1516
GPMin:    9 19:46:58       -4.807479*       0.0877
GPMin:   10 19:47:03       -4.822233*       0.1192
GPMin:   11 19:47:09       -4.843132*       0.1289
GPMin:   12 19:47:15       -4.868118*       0.1084
GPMin:   13 19:47:21       -4.888068*       0.1192
GPMin:   14 19:47:26       -4.910950*       0.0710
GPMin:   15 19:47:31       -4.920037*       0.0560
GPMin:   16 19:47:36       -4.922276*       0.0367
GPMin:   17 19:47:41       -4.923493*       0.0204
GPMin:   18 19:47:45       -4.924059*       0.0185
       Step     Time          Energy         fmax
*Force-consistent energies used in optimization.
GPMin:    0 19:47:55       -4.586216*       0.2276
GPMin:    1 19:48:02       -4.655865*       0.3139
GPMin:    2 19:48:08       -4.723242*       0.1238
GPMin:    3 19:48:14       -4.751947*       0.0571
GPMin:    4 19:48:20       -4.765083*       0.0537
GPMin:    5 19:48:25       -4.776466*       0.0452
GPMin:    6 19:48:30       -4.785574*       0.0277
GPMin:    7 19:48:35       -4.789841*       0.0160
       Step     Time          Energy         fmax
*Force-consistent energies used in optimization.
GPMin:    0 19:48:48       -3.432611*       0.3323
GPMin:    1 19:48:56       -3.617577*       0.3026
GPMin:    2 19:49:04       -3.775096*       0.2880
GPMin:    3 19:49:12       -3.930588*       0.2831
GPMin:    4 19:49:19       -4.083170*       0.2717
GPMin:    5 19:49:25       -4.222224*       0.2580
GPMin:    6 19:49:31       -4.329626*       0.2210
GPMin:    7 19:49:38       -4.400203*       0.1542
GPMin:    8 19:49:44       -4.435884*       0.0832
GPMin:    9 19:49:49       -4.447586*       0.0808
GPMin:   10 19:49:55       -4.458555*       0.0963
GPMin:   11 19:50:00       -4.482216*       0.0773
GPMin:   12 19:50:06       -4.514895*       0.1009
GPMin:   13 19:50:11       -4.554411*       0.1234
GPMin:   14 19:50:17       -4.607879*       0.1410
GPMin:   15 19:50:22       -4.664960*       0.1503
GPMin:   16 19:50:28       -4.721147*       0.1376
GPMin:   17 19:50:33       -4.768447*       0.1093
GPMin:   18 19:50:39       -4.796059*       0.0785
GPMin:   19 19:50:44       -4.809444*       0.0937
GPMin:   20 19:50:48       -4.822959*       0.1124
GPMin:   21 19:50:53       -4.841325*       0.1065
GPMin:   22 19:50:58       -4.859098*       0.0864
GPMin:   23 19:51:03       -4.873469*       0.0731
GPMin:   24 19:51:08       -4.886460*       0.0701
GPMin:   25 19:51:13       -4.899985*       0.0640
GPMin:   26 19:51:18       -4.912227*       0.0560
GPMin:   27 19:51:23       -4.921696*       0.0436
GPMin:   28 19:51:27       -4.925707*       0.0340
GPMin:   29 19:51:32       -4.928067*       0.0350
GPMin:   30 19:51:37       -4.931060*       0.0352
GPMin:   31 19:51:40       -4.931757*       0.0323
GPMin:   32 19:51:45       -4.932777*       0.0220
GPMin:   33 19:51:49       -4.932983*       0.0192
       Step     Time          Energy         fmax
*Force-consistent energies used in optimization.
GPMin:    0 19:51:59       -4.091217*       0.3779
GPMin:    1 19:52:07       -4.284001*       0.2932
GPMin:    2 19:52:13       -4.370596*       0.2387
GPMin:    3 19:52:18       -4.454997*       0.2656
GPMin:    4 19:52:24       -4.561237*       0.2745
GPMin:    5 19:52:30       -4.666781*       0.2435
GPMin:    6 19:52:36       -4.746964*       0.1595
GPMin:    7 19:52:42       -4.781892*       0.0760
GPMin:    8 19:52:48       -4.788129*       0.0415
GPMin:    9 19:52:52       -4.790762*       0.0291
GPMin:   10 19:52:57       -4.792279*       0.0198
       Step     Time          Energy         fmax
*Force-consistent energies used in optimization.
GPMin:    0 19:53:07       -4.699196*       0.3742
GPMin:    1 19:53:15       -4.754109*       0.3106
GPMin:    2 19:53:22       -4.771110*       0.1986
GPMin:    3 19:53:28       -4.790717*       0.0465
GPMin:    4 19:53:39       -4.793724*       0.0260
GPMin:    5 19:53:44       -4.795423*       0.0174
       Step     Time          Energy         fmax
*Force-consistent energies used in optimization.
GPMin:    0 19:53:54       -4.150892*       0.1645
GPMin:    1 19:54:00       -4.163176*       0.1937
GPMin:    2 19:54:06       -4.214449*       0.1101
GPMin:    3 19:54:12       -4.266709*       0.1052
GPMin:    4 19:54:19       -4.321383*       0.1322
GPMin:    5 19:54:25       -4.385528*       0.1205
GPMin:    6 19:54:30       -4.422195*       0.0596
GPMin:    7 19:54:35       -4.429576*       0.0522
GPMin:    8 19:54:41       -4.441233*       0.0353
GPMin:    9 19:54:46       -4.448828*       0.0264
GPMin:   10 19:54:52       -4.454899*       0.0227
GPMin:   11 19:54:57       -4.458533*       0.0174
       Step     Time          Energy         fmax
*Force-consistent energies used in optimization.
GPMin:    0 19:55:06       -4.569790*       0.7447
GPMin:    1 19:55:13       -4.757821*       0.1293
GPMin:    2 19:55:26       -4.784538*       0.0654
GPMin:    3 19:55:31       -4.790398*       0.0515
GPMin:    4 19:55:36       -4.792494*       0.0265
GPMin:    5 19:55:40       -4.793268*       0.0157
       Step     Time          Energy         fmax
*Force-consistent energies used in optimization.
GPMin:    0 19:55:49       -4.519500*       0.3460
GPMin:    1 19:55:55       -4.655037*       0.2241
GPMin:    2 19:56:02       -4.749183*       0.1256
GPMin:    3 19:56:08       -4.783830*       0.0730
GPMin:    4 19:56:12       -4.789453*       0.0339
GPMin:    5 19:56:17       -4.790980*       0.0213
GPMin:    6 19:56:22       -4.792789*       0.0271
GPMin:    7 19:56:26       -4.798024*       0.0287
GPMin:    8 19:56:32       -4.809958*       0.0471
GPMin:    9 19:56:38       -4.832767*       0.0676
GPMin:   10 19:56:44       -4.864576*       0.0669
GPMin:   11 19:56:50       -4.901286*       0.0712
GPMin:   12 19:56:56       -4.926093*       0.0551
GPMin:   13 19:57:01       -4.931522*       0.0318
GPMin:   14 19:57:05       -4.932838*       0.0175
       Step     Time          Energy         fmax
*Force-consistent energies used in optimization.
GPMin:    0 19:57:15       -4.292325*       0.5427
GPMin:    1 19:57:21       -4.461601*       0.0875
GPMin:    2 19:57:26       -4.470458*       0.0169
       Step     Time          Energy         fmax
*Force-consistent energies used in optimization.
GPMin:    0 19:57:36       -4.708511*       0.2875
GPMin:    1 19:57:43       -4.860392*       0.1541
GPMin:    2 19:57:49       -4.918840*       0.0786
GPMin:    3 19:57:54       -4.928636*       0.0296
GPMin:    4 19:57:59       -4.931010*       0.0182
       Step     Time          Energy         fmax
*Force-consistent energies used in optimization.
GPMin:    0 19:58:08       -4.586486*       0.3519
GPMin:    1 19:58:14       -4.723097*       0.2229
GPMin:    2 19:58:20       -4.770219*       0.0776
GPMin:    3 19:58:26       -4.783334*       0.0450
GPMin:    4 19:58:30       -4.789247*       0.0284
GPMin:    5 19:58:35       -4.793346*       0.0411
GPMin:    6 19:58:40       -4.796239*       0.0252
GPMin:    7 19:58:45       -4.798155*       0.0171
       Step     Time          Energy         fmax
*Force-consistent energies used in optimization.
GPMin:    0 19:58:58       -3.405343*       0.3397
GPMin:    1 19:59:06       -3.689291*       0.3455
GPMin:    2 19:59:13       -3.919698*       0.3032
GPMin:    3 19:59:19       -4.089400*       0.1958
GPMin:    4 19:59:26       -4.156246*       0.0830
GPMin:    5 19:59:30       -4.166087*       0.0807
GPMin:    6 19:59:36       -4.179833*       0.0816
GPMin:    7 19:59:41       -4.197175*       0.0939
GPMin:    8 19:59:47       -4.229050*       0.1123
GPMin:    9 19:59:52       -4.268307*       0.1307
GPMin:   10 19:59:58       -4.314343*       0.1465
GPMin:   11 20:00:03       -4.363422*       0.1345
GPMin:   12 20:00:09       -4.398476*       0.0671
GPMin:   13 20:00:14       -4.408648*       0.0657
GPMin:   14 20:00:19       -4.411954*       0.0628
GPMin:   15 20:00:25       -4.423490*       0.0484
GPMin:   16 20:00:29       -4.432530*       0.0381
GPMin:   17 20:00:35       -4.439425*       0.0327
GPMin:   18 20:00:40       -4.445120*       0.0294
GPMin:   19 20:00:46       -4.450149*       0.0254
GPMin:   20 20:00:50       -4.453799*       0.0231
GPMin:   21 20:00:55       -4.457073*       0.0204
GPMin:   22 20:01:00       -4.459010*       0.0195
       Step     Time          Energy         fmax
*Force-consistent energies used in optimization.
GPMin:    0 20:01:11       -3.927801*       0.4210
GPMin:    1 20:01:18       -4.102267*       0.2281
GPMin:    2 20:01:25       -4.158772*       0.1436
GPMin:    3 20:01:31       -4.215911*       0.1414
GPMin:    4 20:01:37       -4.278426*       0.1514
GPMin:    5 20:01:43       -4.330828*       0.1275
GPMin:    6 20:01:49       -4.361430*       0.1256
GPMin:    7 20:01:56       -4.399342*       0.1302
GPMin:    8 20:02:01       -4.443208*       0.1036
GPMin:    9 20:02:07       -4.492501*       0.1328
GPMin:   10 20:02:13       -4.548049*       0.1441
GPMin:   11 20:02:19       -4.607974*       0.1366
GPMin:   12 20:02:26       -4.662268*       0.1092
GPMin:   13 20:02:31       -4.695768*       0.0857
GPMin:   14 20:02:36       -4.710140*       0.1054
GPMin:   15 20:02:41       -4.723265*       0.1045
GPMin:   16 20:02:46       -4.737668*       0.0773
GPMin:   17 20:02:51       -4.750517*       0.0611
GPMin:   18 20:02:55       -4.766374*       0.0730
GPMin:   19 20:03:00       -4.783410*       0.0651
GPMin:   20 20:03:05       -4.799387*       0.0627
GPMin:   21 20:03:10       -4.814169*       0.0646
GPMin:   22 20:03:15       -4.830015*       0.0696
GPMin:   23 20:03:21       -4.843668*       0.0707
GPMin:   24 20:03:26       -4.856447*       0.0624
GPMin:   25 20:03:32       -4.870310*       0.0549
GPMin:   26 20:03:37       -4.879568*       0.0385
GPMin:   27 20:03:42       -4.882871*       0.0434
GPMin:   28 20:03:47       -4.884818*       0.0360
GPMin:   29 20:03:52       -4.886523*       0.0244
GPMin:   30 20:03:57       -4.888267*       0.0260
GPMin:   31 20:04:02       -4.889114*       0.0141
       Step     Time          Energy         fmax
*Force-consistent energies used in optimization.
GPMin:    0 20:04:11       -4.186508*       0.9244
GPMin:    1 20:04:18       -4.466887*       0.2774
GPMin:    2 20:04:25       -4.534376*       0.1753
GPMin:    3 20:04:31       -4.592887*       0.1557
GPMin:    4 20:04:37       -4.646301*       0.1119
GPMin:    5 20:04:43       -4.681478*       0.0813
GPMin:    6 20:04:48       -4.707618*       0.0836
GPMin:    7 20:04:53       -4.732177*       0.0704
GPMin:    8 20:04:59       -4.752846*       0.0588
GPMin:    9 20:05:04       -4.768576*       0.0600
GPMin:   10 20:05:09       -4.781707*       0.0591
GPMin:   11 20:05:15       -4.797102*       0.0839
GPMin:   12 20:05:20       -4.811606*       0.0574
GPMin:   13 20:05:25       -4.819819*       0.0825
GPMin:   14 20:05:31       -4.842603*       0.0649
GPMin:   15 20:05:37       -4.860420*       0.0798
GPMin:   16 20:05:41       -4.886884*       0.0809
GPMin:   17 20:05:47       -4.910464*       0.0783
GPMin:   18 20:05:52       -4.926207*       0.0711
GPMin:   19 20:05:58       -4.930550*       0.0437
GPMin:   20 20:06:02       -4.931683*       0.0281
GPMin:   21 20:06:07       -4.932608*       0.0137
       Step     Time          Energy         fmax
*Force-consistent energies used in optimization.
GPMin:    0 20:06:16       -4.800278*       0.3601
GPMin:    1 20:06:23       -4.841975*       0.3078
GPMin:    2 20:06:29       -4.881145*       0.1203
GPMin:    3 20:06:35       -4.912868*       0.0622
GPMin:    4 20:06:41       -4.922496*       0.0681
GPMin:    5 20:06:47       -4.925930*       0.0773
GPMin:    6 20:06:52       -4.930844*       0.0339
GPMin:    7 20:06:57       -4.932862*       0.0300
GPMin:    8 20:07:07       -4.933781*       0.0024
       Step     Time          Energy         fmax
*Force-consistent energies used in optimization.
GPMin:    0 20:07:17       -4.479127*       0.3969
GPMin:    1 20:07:23       -4.596004*       0.1345
GPMin:    2 20:07:29       -4.643752*       0.1174
GPMin:    3 20:07:35       -4.690138*       0.0897
GPMin:    4 20:07:40       -4.727397*       0.0727
GPMin:    5 20:07:45       -4.755818*       0.0549
GPMin:    6 20:07:51       -4.775681*       0.0451
GPMin:    7 20:07:55       -4.788365*       0.0350
GPMin:    8 20:08:00       -4.794853*       0.0276
GPMin:    9 20:08:05       -4.798188*       0.0163
       Step     Time          Energy         fmax
*Force-consistent energies used in optimization.
GPMin:    0 20:08:14       -4.140785*       0.5062
GPMin:    1 20:08:20       -4.357448*       0.1832
GPMin:    2 20:08:26       -4.413884*       0.0793
GPMin:    3 20:08:31       -4.427430*       0.0739
GPMin:    4 20:08:37       -4.443536*       0.0435
GPMin:    5 20:08:41       -4.453670*       0.0311
GPMin:    6 20:08:47       -4.458953*       0.0233
GPMin:    7 20:08:52       -4.462964*       0.0192
       Step     Time          Energy         fmax
*Force-consistent energies used in optimization.
GPMin:    0 20:09:01       -4.634464*       0.3519
GPMin:    1 20:09:07       -4.739012*       0.1289
GPMin:    2 20:09:13       -4.779747*       0.0474
GPMin:    3 20:09:17       -4.786821*       0.0360
GPMin:    4 20:09:23       -4.792542*       0.0832
GPMin:    5 20:09:28       -4.797842*       0.0743
GPMin:    6 20:09:34       -4.801330*       0.0321
GPMin:    7 20:09:38       -4.802020*       0.0130
       Step     Time          Energy         fmax
*Force-consistent energies used in optimization.
GPMin:    0 20:09:48       -4.122649*       0.3515
GPMin:    1 20:09:54       -4.351881*       0.2611
GPMin:    2 20:10:00       -4.483765*       0.2011
GPMin:    3 20:10:06       -4.561153*       0.1498
GPMin:    4 20:10:12       -4.603751*       0.1087
GPMin:    5 20:10:17       -4.642358*       0.1175
GPMin:    6 20:10:23       -4.706179*       0.1208
GPMin:    7 20:10:28       -4.766887*       0.1198
GPMin:    8 20:10:33       -4.810085*       0.0956
GPMin:    9 20:10:38       -4.833693*       0.0707
GPMin:   10 20:10:44       -4.848066*       0.0780
GPMin:   11 20:10:48       -4.869092*       0.0809
GPMin:   12 20:10:53       -4.890608*       0.0478
GPMin:   13 20:10:58       -4.903273*       0.0511
GPMin:   14 20:11:03       -4.911941*       0.0629
GPMin:   15 20:11:08       -4.921522*       0.0432
GPMin:   16 20:11:12       -4.927671*       0.0371
GPMin:   17 20:11:17       -4.930113*       0.0259
GPMin:   18 20:11:22       -4.931357*       0.0218
GPMin:   19 20:11:26       -4.932214*       0.0169
       Step     Time          Energy         fmax
*Force-consistent energies used in optimization.
GPMin:    0 20:11:37       -3.928474*       0.5705
GPMin:    1 20:11:45       -4.162853*       0.2564
GPMin:    2 20:11:53       -4.279084*       0.2162
GPMin:    3 20:11:59       -4.385775*       0.2006
GPMin:    4 20:12:05       -4.476342*       0.1913
GPMin:    5 20:12:11       -4.561308*       0.1490
GPMin:    6 20:12:17       -4.625470*       0.1187
GPMin:    7 20:12:23       -4.661164*       0.1123
GPMin:    8 20:12:29       -4.690235*       0.1000
GPMin:    9 20:12:33       -4.716676*       0.0812
GPMin:   10 20:12:39       -4.738158*       0.0652
GPMin:   11 20:12:44       -4.754059*       0.0539
GPMin:   12 20:12:49       -4.765948*       0.0474
GPMin:   13 20:12:54       -4.774972*       0.0401
GPMin:   14 20:12:59       -4.780564*       0.0374
GPMin:   15 20:13:03       -4.785089*       0.0288
GPMin:   16 20:13:08       -4.788474*       0.0287
GPMin:   17 20:13:13       -4.790367*       0.0334
GPMin:   18 20:13:17       -4.792790*       0.0351
GPMin:   19 20:13:21       -4.793916*       0.0320
GPMin:   20 20:13:26       -4.796299*       0.0217
GPMin:   21 20:13:30       -4.796811*       0.0224
GPMin:   22 20:13:35       -4.799074*       0.0188
       Step     Time          Energy         fmax
*Force-consistent energies used in optimization.
GPMin:    0 20:13:46       -4.130504*       0.6072
GPMin:    1 20:13:53       -4.304605*       0.1427
GPMin:    2 20:14:00       -4.326015*       0.1531
GPMin:    3 20:14:07       -4.401638*       0.1512
GPMin:    4 20:14:13       -4.445167*       0.1016
GPMin:    5 20:14:18       -4.462951*       0.0402
GPMin:    6 20:14:23       -4.465303*       0.0338
GPMin:    7 20:14:28       -4.468386*       0.0234
GPMin:    8 20:14:34       -4.471962*       0.0153
       Step     Time          Energy         fmax
*Force-consistent energies used in optimization.
GPMin:    0 20:14:46       -4.229108*       0.5567
GPMin:    1 20:14:54       -4.421771*       0.2543
GPMin:    2 20:15:01       -4.508539*       0.1605
GPMin:    3 20:15:07       -4.549032*       0.1096
GPMin:    4 20:15:13       -4.584831*       0.1226
GPMin:    5 20:15:19       -4.625135*       0.1096
GPMin:    6 20:15:25       -4.659055*       0.0933
GPMin:    7 20:15:30       -4.684713*       0.0754
GPMin:    8 20:15:35       -4.711496*       0.0653
GPMin:    9 20:15:41       -4.736877*       0.0564
GPMin:   10 20:15:46       -4.758397*       0.0515
GPMin:   11 20:15:52       -4.779499*       0.0591
GPMin:   12 20:15:56       -4.796377*       0.0589
GPMin:   13 20:16:02       -4.807788*       0.0706
GPMin:   14 20:16:08       -4.823586*       0.0961
GPMin:   15 20:16:14       -4.841580*       0.0816
GPMin:   16 20:16:20       -4.864251*       0.0890
GPMin:   17 20:16:25       -4.893732*       0.0922
GPMin:   18 20:16:31       -4.912884*       0.0971
GPMin:   19 20:16:37       -4.927904*       0.0749
GPMin:   20 20:16:42       -4.931023*       0.0374
GPMin:   21 20:16:47       -4.932250*       0.0246
GPMin:   22 20:16:50       -4.932775*       0.0177
       Step     Time          Energy         fmax
*Force-consistent energies used in optimization.
GPMin:    0 20:16:59       -4.638314*       0.2767
GPMin:    1 20:17:05       -4.729342*       0.1288
GPMin:    2 20:17:11       -4.750018*       0.1374
GPMin:    3 20:17:17       -4.765224*       0.1398
GPMin:    4 20:17:23       -4.777106*       0.0512
GPMin:    5 20:17:29       -4.783604*       0.0238
GPMin:    6 20:17:33       -4.786175*       0.0152
       Step     Time          Energy         fmax
*Force-consistent energies used in optimization.
GPMin:    0 20:17:44       -4.132944*       0.5912
GPMin:    1 20:17:50       -4.281584*       0.2000
GPMin:    2 20:17:56       -4.365474*       0.1571
GPMin:    3 20:18:02       -4.429820*       0.1689
GPMin:    4 20:18:08       -4.506477*       0.1789
GPMin:    5 20:18:14       -4.584008*       0.1677
GPMin:    6 20:18:20       -4.652085*       0.1195
GPMin:    7 20:18:26       -4.695416*       0.1024
GPMin:    8 20:18:31       -4.728773*       0.0860
GPMin:    9 20:18:36       -4.757343*       0.0675
GPMin:   10 20:18:41       -4.778573*       0.0528
GPMin:   11 20:18:47       -4.792445*       0.0579
GPMin:   12 20:18:51       -4.804679*       0.0596
GPMin:   13 20:18:56       -4.816478*       0.0453
GPMin:   14 20:19:01       -4.823744*       0.0476
GPMin:   15 20:19:06       -4.831664*       0.0468
GPMin:   16 20:19:12       -4.842488*       0.0504
GPMin:   17 20:19:18       -4.856337*       0.0559
GPMin:   18 20:19:24       -4.870481*       0.0458
GPMin:   19 20:19:29       -4.878252*       0.0408
GPMin:   20 20:19:34       -4.881234*       0.0398
GPMin:   21 20:19:39       -4.885221*       0.0322
GPMin:   22 20:19:43       -4.888045*       0.0226
GPMin:   23 20:19:48       -4.889219*       0.0185
       Step     Time          Energy         fmax
*Force-consistent energies used in optimization.
GPMin:    0 20:19:58       -4.752631*       0.1730
GPMin:    1 20:20:04       -4.764833*       0.1639
GPMin:    2 20:20:11       -4.775870*       0.1266
GPMin:    3 20:20:17       -4.788625*       0.0571
GPMin:    4 20:20:42       -4.791994*       0.0185
       Step     Time          Energy         fmax
*Force-consistent energies used in optimization.
GPMin:    0 20:20:51       -4.201931*       0.4859
GPMin:    1 20:20:58       -4.347099*       0.2599
GPMin:    2 20:21:04       -4.441718*       0.2811
GPMin:    3 20:21:10       -4.549693*       0.2714
GPMin:    4 20:21:16       -4.638405*       0.2097
GPMin:    5 20:21:22       -4.691371*       0.1733
GPMin:    6 20:21:28       -4.749388*       0.1525
GPMin:    7 20:21:34       -4.802563*       0.1164
GPMin:    8 20:21:39       -4.843367*       0.0933
GPMin:    9 20:21:44       -4.873478*       0.0874
GPMin:   10 20:21:50       -4.896411*       0.0843
GPMin:   11 20:21:55       -4.913683*       0.0580
GPMin:   12 20:22:00       -4.920923*       0.0456
GPMin:   13 20:22:04       -4.924574*       0.0357
GPMin:   14 20:22:09       -4.927802*       0.0356
GPMin:   15 20:22:13       -4.930839*       0.0280
GPMin:   16 20:22:17       -4.932578*       0.0191
       Step     Time          Energy         fmax
*Force-consistent energies used in optimization.
GPMin:    0 20:22:26       -4.444265*       0.1528
GPMin:    1 20:22:44       -4.470380*       0.0979
GPMin:    2 20:22:50       -4.492393*       0.0834
GPMin:    3 20:22:56       -4.520358*       0.1028
GPMin:    4 20:23:01       -4.569250*       0.1058
GPMin:    5 20:23:07       -4.633230*       0.1219
GPMin:    6 20:23:12       -4.703777*       0.1251
GPMin:    7 20:23:18       -4.763309*       0.0963
GPMin:    8 20:23:23       -4.800287*       0.0824
GPMin:    9 20:23:28       -4.829322*       0.1147
GPMin:   10 20:23:34       -4.862816*       0.0872
GPMin:   11 20:23:38       -4.891522*       0.0575
GPMin:   12 20:23:43       -4.910762*       0.0487
GPMin:   13 20:23:48       -4.919166*       0.0505
GPMin:   14 20:23:53       -4.923206*       0.0410
GPMin:   15 20:23:57       -4.928101*       0.0266
GPMin:   16 20:24:01       -4.932154*       0.0194
       Step     Time          Energy         fmax
*Force-consistent energies used in optimization.
GPMin:    0 20:24:10       -4.424443*       0.1623
GPMin:    1 20:24:16       -4.469906*       0.1139
GPMin:    2 20:24:22       -4.494526*       0.1072
GPMin:    3 20:24:27       -4.555022*       0.1097
GPMin:    4 20:24:33       -4.635197*       0.1427
GPMin:    5 20:24:38       -4.724566*       0.1795
GPMin:    6 20:24:43       -4.812770*       0.1879
GPMin:    7 20:24:49       -4.880902*       0.1542
GPMin:    8 20:24:54       -4.913205*       0.0843
GPMin:    9 20:24:59       -4.921718*       0.0799
GPMin:   10 20:25:04       -4.929855*       0.0464
GPMin:   11 20:25:09       -4.932425*       0.0196
       Step     Time          Energy         fmax
*Force-consistent energies used in optimization.
GPMin:    0 20:25:18       -4.694966*       0.2527
GPMin:    1 20:25:24       -4.769900*       0.1779
GPMin:    2 20:25:36       -4.787108*       0.0572
GPMin:    3 20:25:42       -4.789884*       0.0316
GPMin:    4 20:25:47       -4.790141*       0.0489
GPMin:    5 20:25:52       -4.792276*       0.0087
       Step     Time          Energy         fmax
*Force-consistent energies used in optimization.
GPMin:    0 20:26:01       -3.991157*       0.4591
GPMin:    1 20:26:08       -4.093498*       0.2044
GPMin:    2 20:26:14       -4.176722*       0.2170
GPMin:    3 20:26:20       -4.271727*       0.2492
GPMin:    4 20:26:26       -4.384335*       0.2546
GPMin:    5 20:26:31       -4.478771*       0.1877
GPMin:    6 20:26:37       -4.524021*       0.1095
GPMin:    7 20:26:43       -4.551982*       0.1508
GPMin:    8 20:26:48       -4.613417*       0.1487
GPMin:    9 20:26:53       -4.685371*       0.1293
GPMin:   10 20:26:57       -4.752933*       0.1384
GPMin:   11 20:27:03       -4.803582*       0.1165
GPMin:   12 20:27:08       -4.831170*       0.0782
GPMin:   13 20:27:14       -4.847901*       0.1288
GPMin:   14 20:27:19       -4.868626*       0.1298
GPMin:   15 20:27:24       -4.891023*       0.0824
GPMin:   16 20:27:29       -4.906912*       0.0516
GPMin:   17 20:27:33       -4.914904*       0.0505
GPMin:   18 20:27:38       -4.920831*       0.0422
GPMin:   19 20:27:43       -4.925205*       0.0386
GPMin:   20 20:27:47       -4.928247*       0.0293
GPMin:   21 20:27:52       -4.930803*       0.0280
GPMin:   22 20:27:56       -4.932803*       0.0176
       Step     Time          Energy         fmax
*Force-consistent energies used in optimization.
GPMin:    0 20:28:05       -4.413291*       0.5639
GPMin:    1 20:28:11       -4.611875*       0.1627
GPMin:    2 20:28:17       -4.653491*       0.1667
GPMin:    3 20:28:23       -4.697019*       0.0919
GPMin:    4 20:28:29       -4.718191*       0.0697
GPMin:    5 20:28:34       -4.738659*       0.0529
GPMin:    6 20:28:39       -4.753279*       0.0446
GPMin:    7 20:28:43       -4.762847*       0.0374
GPMin:    8 20:28:48       -4.771296*       0.0307
GPMin:    9 20:28:53       -4.779780*       0.0337
GPMin:   10 20:28:58       -4.789996*       0.0439
GPMin:   11 20:29:04       -4.804003*       0.0572
GPMin:   12 20:29:10       -4.821945*       0.0617
GPMin:   13 20:29:15       -4.847207*       0.0718
GPMin:   14 20:29:20       -4.877150*       0.0801
GPMin:   15 20:29:25       -4.907459*       0.0708
GPMin:   16 20:29:31       -4.926222*       0.0503
GPMin:   17 20:29:36       -4.929998*       0.0308
GPMin:   18 20:29:41       -4.931802*       0.0204
GPMin:   19 20:29:45       -4.932488*       0.0163
       Step     Time          Energy         fmax
*Force-consistent energies used in optimization.
GPMin:    0 20:29:54       -4.155755*       0.4122
GPMin:    1 20:30:01       -4.384942*       0.2957
GPMin:    2 20:30:07       -4.492539*       0.1935
GPMin:    3 20:30:13       -4.543148*       0.1608
GPMin:    4 20:30:18       -4.578640*       0.1102
GPMin:    5 20:30:24       -4.609629*       0.1016
GPMin:    6 20:30:30       -4.641659*       0.0893
GPMin:    7 20:30:36       -4.673578*       0.0875
GPMin:    8 20:30:41       -4.702659*       0.0935
GPMin:    9 20:30:46       -4.730345*       0.0933
GPMin:   10 20:30:51       -4.765342*       0.0847
GPMin:   11 20:30:57       -4.799592*       0.0785
GPMin:   12 20:31:02       -4.831853*       0.0689
GPMin:   13 20:31:08       -4.858835*       0.0685
GPMin:   14 20:31:12       -4.880417*       0.0803
GPMin:   15 20:31:17       -4.899015*       0.0682
GPMin:   16 20:31:22       -4.909018*       0.0655
GPMin:   17 20:31:26       -4.920795*       0.0614
GPMin:   18 20:31:31       -4.927436*       0.0372
GPMin:   19 20:31:36       -4.929940*       0.0284
GPMin:   20 20:31:41       -4.932142*       0.0209
GPMin:   21 20:31:45       -4.933217*       0.0139
       Step     Time          Energy         fmax
*Force-consistent energies used in optimization.
GPMin:    0 20:31:55       -4.345709*       0.3095
GPMin:    1 20:32:02       -4.473831*       0.1265
GPMin:    2 20:32:08       -4.491771*       0.0933
GPMin:    3 20:32:13       -4.501406*       0.0537
GPMin:    4 20:32:18       -4.527537*       0.0696
GPMin:    5 20:32:24       -4.560324*       0.0900
GPMin:    6 20:32:29       -4.606713*       0.1132
GPMin:    7 20:32:35       -4.661856*       0.1163
GPMin:    8 20:32:41       -4.715978*       0.0958
GPMin:    9 20:32:47       -4.757367*       0.1003
GPMin:   10 20:32:52       -4.786874*       0.0919
GPMin:   11 20:32:58       -4.820405*       0.0824
GPMin:   12 20:33:02       -4.850857*       0.0728
GPMin:   13 20:33:07       -4.875346*       0.0737
GPMin:   14 20:33:12       -4.897667*       0.0639
GPMin:   15 20:33:17       -4.911845*       0.0545
GPMin:   16 20:33:21       -4.921885*       0.0420
GPMin:   17 20:33:26       -4.926706*       0.0421
GPMin:   18 20:33:31       -4.931136*       0.0227
GPMin:   19 20:33:35       -4.932598*       0.0162
       Step     Time          Energy         fmax
*Force-consistent energies used in optimization.
GPMin:    0 20:33:44       -4.503868*       0.5691
GPMin:    1 20:33:50       -4.658892*       0.1798
GPMin:    2 20:33:55       -4.726520*       0.0987
GPMin:    3 20:34:01       -4.753271*       0.0746
GPMin:    4 20:34:05       -4.769591*       0.0591
GPMin:    5 20:34:10       -4.785521*       0.0410
GPMin:    6 20:34:14       -4.794880*       0.0275
GPMin:    7 20:34:19       -4.799526*       0.0123
       Step     Time          Energy         fmax
*Force-consistent energies used in optimization.
GPMin:    0 20:34:28       -4.642905*       0.2443
GPMin:    1 20:34:34       -4.709439*       0.2145
GPMin:    2 20:34:40       -4.786000*       0.1172
GPMin:    3 20:34:45       -4.829209*       0.0970
GPMin:    4 20:34:51       -4.859913*       0.0768
GPMin:    5 20:34:56       -4.880464*       0.0453
GPMin:    6 20:35:01       -4.887623*       0.0221
GPMin:    7 20:35:06       -4.889460*       0.0136
       Step     Time          Energy         fmax
*Force-consistent energies used in optimization.
GPMin:    0 20:35:15       -4.286004*       0.2820
GPMin:    1 20:35:21       -4.446028*       0.2322
GPMin:    2 20:35:27       -4.528571*       0.1412
GPMin:    3 20:35:33       -4.575261*       0.1026
GPMin:    4 20:35:38       -4.625976*       0.1211
GPMin:    5 20:35:44       -4.686193*       0.1280
GPMin:    6 20:35:50       -4.744964*       0.1270
GPMin:    7 20:35:56       -4.799043*       0.1099
GPMin:    8 20:36:02       -4.843405*       0.0832
GPMin:    9 20:36:08       -4.870827*       0.0739
GPMin:   10 20:36:12       -4.888358*       0.0724
GPMin:   11 20:36:17       -4.900813*       0.0608
GPMin:   12 20:36:22       -4.911340*       0.0516
GPMin:   13 20:36:27       -4.922107*       0.0537
GPMin:   14 20:36:31       -4.928446*       0.0351
GPMin:   15 20:36:36       -4.931501*       0.0229
GPMin:   16 20:36:41       -4.932257*       0.0186
       Step     Time          Energy         fmax
*Force-consistent energies used in optimization.
GPMin:    0 20:36:50       -4.405733*       0.1975
GPMin:    1 20:36:55       -4.429536*       0.1083
GPMin:    2 20:37:00       -4.441701*       0.0755
GPMin:    3 20:37:06       -4.457560*       0.0164
       Step     Time          Energy         fmax
*Force-consistent energies used in optimization.
GPMin:    0 20:37:14       -4.169364*       0.3150
GPMin:    1 20:37:21       -4.289334*       0.2591
GPMin:    2 20:37:27       -4.398319*       0.2590
GPMin:    3 20:37:33       -4.486965*       0.1880
GPMin:    4 20:37:39       -4.526356*       0.0925
GPMin:    5 20:37:44       -4.550562*       0.1290
GPMin:    6 20:37:50       -4.602331*       0.1259
GPMin:    7 20:37:55       -4.663552*       0.1554
GPMin:    8 20:38:00       -4.726657*       0.1624
GPMin:    9 20:38:06       -4.776790*       0.1308
GPMin:   10 20:38:12       -4.808782*       0.0814
GPMin:   11 20:38:18       -4.834408*       0.1207
GPMin:   12 20:38:23       -4.862544*       0.1050
GPMin:   13 20:38:28       -4.887043*       0.0679
GPMin:   14 20:38:34       -4.906607*       0.0553
GPMin:   15 20:38:38       -4.917120*       0.0500
GPMin:   16 20:38:43       -4.923435*       0.0314
GPMin:   17 20:38:48       -4.926171*       0.0299
GPMin:   18 20:38:53       -4.928529*       0.0342
GPMin:   19 20:38:57       -4.931636*       0.0176
       Step     Time          Energy         fmax
*Force-consistent energies used in optimization.
GPMin:    0 20:39:09       -3.846308*       0.3856
GPMin:    1 20:39:16       -4.050307*       0.4412
GPMin:    2 20:39:24       -4.228829*       0.4364
GPMin:    3 20:39:31       -4.387224*       0.3648
GPMin:    4 20:39:37       -4.497725*       0.2502
GPMin:    5 20:39:43       -4.566558*       0.1775
GPMin:    6 20:39:49       -4.623792*       0.1498
GPMin:    7 20:39:56       -4.661690*       0.0981
GPMin:    8 20:40:01       -4.685920*       0.0931
GPMin:    9 20:40:06       -4.708233*       0.0899
GPMin:   10 20:40:10       -4.729789*       0.0743
GPMin:   11 20:40:15       -4.749215*       0.0579
GPMin:   12 20:40:20       -4.766372*       0.0553
GPMin:   13 20:40:24       -4.780641*       0.0547
GPMin:   14 20:40:29       -4.790167*       0.0358
GPMin:   15 20:40:34       -4.795264*       0.0407
GPMin:   16 20:40:39       -4.798882*       0.0258
GPMin:   17 20:40:43       -4.800639*       0.0219
GPMin:   18 20:40:48       -4.802035*       0.0247
GPMin:   19 20:40:53       -4.802931*       0.0190
       Step     Time          Energy         fmax
*Force-consistent energies used in optimization.
GPMin:    0 20:41:02       -4.224871*       0.9418
GPMin:    1 20:41:09       -4.516157*       0.2702
GPMin:    2 20:41:15       -4.597915*       0.2102
GPMin:    3 20:41:21       -4.682998*       0.1467
GPMin:    4 20:41:27       -4.730576*       0.1016
GPMin:    5 20:41:33       -4.748527*       0.0855
GPMin:    6 20:41:38       -4.765092*       0.0644
GPMin:    7 20:41:43       -4.776223*       0.0385
GPMin:    8 20:41:47       -4.783443*       0.0331
GPMin:    9 20:41:52       -4.786525*       0.0366
GPMin:   10 20:41:56       -4.789232*       0.0254
GPMin:   11 20:42:00       -4.791073*       0.0160
       Step     Time          Energy         fmax
*Force-consistent energies used in optimization.
GPMin:    0 20:42:10       -4.333124*       0.4354
GPMin:    1 20:42:16       -4.543818*       0.2983
GPMin:    2 20:42:22       -4.649611*       0.2735
GPMin:    3 20:42:28       -4.740789*       0.1912
GPMin:    4 20:42:34       -4.778130*       0.0676
GPMin:    5 20:42:39       -4.782823*       0.0346
GPMin:    6 20:42:43       -4.785431*       0.0355
GPMin:    7 20:42:48       -4.790810*       0.0483
GPMin:    8 20:42:53       -4.801651*       0.0553
GPMin:    9 20:42:58       -4.819468*       0.0569
GPMin:   10 20:43:04       -4.844893*       0.0748
GPMin:   11 20:43:09       -4.876481*       0.0732
GPMin:   12 20:43:15       -4.904408*       0.0743
GPMin:   13 20:43:20       -4.924220*       0.0589
GPMin:   14 20:43:26       -4.930164*       0.0414
GPMin:   15 20:43:29       -4.932115*       0.0221
GPMin:   16 20:43:33       -4.932748*       0.0144
       Step     Time          Energy         fmax
*Force-consistent energies used in optimization.
GPMin:    0 20:43:42       -4.237978*       0.7630
GPMin:    1 20:43:49       -4.514412*       0.1866
GPMin:    2 20:43:55       -4.564033*       0.1490
GPMin:    3 20:44:00       -4.602718*       0.1304
GPMin:    4 20:44:06       -4.656757*       0.1196
GPMin:    5 20:44:11       -4.696264*       0.1118
GPMin:    6 20:44:16       -4.732564*       0.0845
GPMin:    7 20:44:22       -4.758522*       0.0657
GPMin:    8 20:44:26       -4.777876*       0.0595
GPMin:    9 20:44:32       -4.795519*       0.0467
GPMin:   10 20:44:37       -4.805753*       0.0505
GPMin:   11 20:44:41       -4.813511*       0.0367
GPMin:   12 20:44:46       -4.817548*       0.0408
GPMin:   13 20:44:51       -4.823730*       0.0418
GPMin:   14 20:44:56       -4.831817*       0.0546
GPMin:   15 20:45:01       -4.844385*       0.0559
GPMin:   16 20:45:08       -4.860896*       0.0502
GPMin:   17 20:45:13       -4.872860*       0.0538
GPMin:   18 20:45:18       -4.879636*       0.0462
GPMin:   19 20:45:23       -4.882376*       0.0346
GPMin:   20 20:45:28       -4.886674*       0.0222
GPMin:   21 20:45:33       -4.889187*       0.0155
       Step     Time          Energy         fmax
*Force-consistent energies used in optimization.
GPMin:    0 20:45:42       -4.238066*       0.4920
GPMin:    1 20:45:48       -4.439505*       0.0604
GPMin:    2 20:45:59       -4.448362*       0.0330
GPMin:    3 20:46:03       -4.454269*       0.0302
GPMin:    4 20:46:08       -4.462217*       0.0161
       Step     Time          Energy         fmax
*Force-consistent energies used in optimization.
GPMin:    0 20:46:18       -4.219010*       0.6559
GPMin:    1 20:46:24       -4.404959*       0.2391
GPMin:    2 20:46:30       -4.461134*       0.1327
GPMin:    3 20:46:36       -4.485630*       0.0768
GPMin:    4 20:46:40       -4.500920*       0.0928
GPMin:    5 20:46:46       -4.548291*       0.1050
GPMin:    6 20:46:51       -4.615562*       0.1324
GPMin:    7 20:46:56       -4.695163*       0.1535
GPMin:    8 20:47:02       -4.771646*       0.1437
GPMin:    9 20:47:07       -4.827331*       0.0996
GPMin:   10 20:47:12       -4.849393*       0.0721
GPMin:   11 20:47:17       -4.860137*       0.0868
GPMin:   12 20:47:22       -4.881699*       0.0700
GPMin:   13 20:47:26       -4.898374*       0.0572
GPMin:   14 20:47:31       -4.910971*       0.0551
GPMin:   15 20:47:36       -4.919684*       0.0515
GPMin:   16 20:47:40       -4.927362*       0.0325
GPMin:   17 20:47:45       -4.931384*       0.0185
       Step     Time          Energy         fmax
*Force-consistent energies used in optimization.
GPMin:    0 20:47:55       -4.453746*       0.1732
GPMin:    1 20:48:02       -4.482163*       0.3240
GPMin:    2 20:48:08       -4.542327*       0.1856
GPMin:    3 20:48:14       -4.610290*       0.1635
GPMin:    4 20:48:20       -4.680990*       0.1764
GPMin:    5 20:48:26       -4.760427*       0.1957
GPMin:    6 20:48:32       -4.837011*       0.1880
GPMin:    7 20:48:38       -4.892962*       0.1389
GPMin:    8 20:48:43       -4.920066*       0.0633
GPMin:    9 20:48:48       -4.930100*       0.0566
GPMin:   10 20:48:53       -4.932364*       0.0321
GPMin:   11 20:48:58       -4.933266*       0.0152
       Step     Time          Energy         fmax
*Force-consistent energies used in optimization.
GPMin:    0 20:49:06       -4.633599*       0.4376
GPMin:    1 20:49:12       -4.762018*       0.1442
GPMin:    2 20:49:18       -4.802071*       0.0881
GPMin:    3 20:49:24       -4.825762*       0.0869
GPMin:    4 20:49:30       -4.854517*       0.0710
GPMin:    5 20:49:35       -4.876303*       0.0528
GPMin:    6 20:49:40       -4.886412*       0.0270
GPMin:    7 20:49:45       -4.888620*       0.0160
